[0.077s] DEBUG:colcon:Command line arguments: ['/usr/bin/colcon', 'build', '--symlink-install']
[0.077s] DEBUG:colcon:Parsed command line arguments: Namespace(log_base=None, log_level=None, verb_name='build', build_base='build', install_base='install', merge_install=False, symlink_install=True, test_result_base=None, continue_on_error=False, executor='parallel', parallel_workers=12, event_handlers=None, ignore_user_meta=False, metas=['./colcon.meta'], base_paths=['.'], packages_ignore=None, packages_ignore_regex=None, paths=None, packages_up_to=None, packages_up_to_regex=None, packages_above=None, packages_above_and_dependencies=None, packages_above_depth=None, packages_select_by_dep=None, packages_skip_by_dep=None, packages_skip_up_to=None, packages_select_build_failed=False, packages_skip_build_finished=False, packages_select_test_failures=False, packages_skip_test_passed=False, packages_select=None, packages_skip=None, packages_select_regex=None, packages_skip_regex=None, packages_start=None, packages_end=None, allow_overriding=[], cmake_args=None, cmake_target=None, cmake_target_skip_unavailable=False, cmake_clean_cache=False, cmake_clean_first=False, cmake_force_configure=False, ament_cmake_args=None, catkin_cmake_args=None, catkin_skip_building_tests=False, mixin_files=None, mixin=None, verb_parser=<colcon_mixin.mixin.mixin_argument.MixinArgumentDecorator object at 0x72b916f50df0>, verb_extension=<colcon_core.verb.build.BuildVerb object at 0x72b916f50850>, main=<bound method BuildVerb.main of <colcon_core.verb.build.BuildVerb object at 0x72b916f50850>>, mixin_verb=('build',))
[0.208s] Level 1:colcon.colcon_core.package_discovery:discover_packages(colcon_meta) check parameters
[0.208s] Level 1:colcon.colcon_core.package_discovery:discover_packages(recursive) check parameters
[0.208s] Level 1:colcon.colcon_core.package_discovery:discover_packages(ignore) check parameters
[0.208s] Level 1:colcon.colcon_core.package_discovery:discover_packages(path) check parameters
[0.208s] Level 1:colcon.colcon_core.package_discovery:discover_packages(colcon_meta) discover
[0.208s] Level 1:colcon.colcon_core.package_discovery:discover_packages(recursive) discover
[0.208s] INFO:colcon.colcon_core.package_discovery:Crawling recursively for packages in '/home/jmw/ROS2/AVATAR/Dynamixel'
[0.208s] Level 1:colcon.colcon_core.package_identification:_identify(.) by extensions ['ignore', 'ignore_ament_install']
[0.208s] Level 1:colcon.colcon_core.package_identification:_identify(.) by extension 'ignore'
[0.208s] Level 1:colcon.colcon_core.package_identification:_identify(.) by extension 'ignore_ament_install'
[0.208s] Level 1:colcon.colcon_core.package_identification:_identify(.) by extensions ['colcon_pkg']
[0.208s] Level 1:colcon.colcon_core.package_identification:_identify(.) by extension 'colcon_pkg'
[0.208s] Level 1:colcon.colcon_core.package_identification:_identify(.) by extensions ['colcon_meta']
[0.209s] Level 1:colcon.colcon_core.package_identification:_identify(.) by extension 'colcon_meta'
[0.209s] Level 1:colcon.colcon_core.package_identification:_identify(.) by extensions ['ros']
[0.209s] Level 1:colcon.colcon_core.package_identification:_identify(.) by extension 'ros'
[0.216s] Level 1:colcon.colcon_core.package_identification:_identify(.) by extensions ['cmake', 'python']
[0.216s] Level 1:colcon.colcon_core.package_identification:_identify(.) by extension 'cmake'
[0.216s] Level 1:colcon.colcon_core.package_identification:_identify(.) by extension 'python'
[0.216s] Level 1:colcon.colcon_core.package_identification:_identify(.) by extensions ['python_setup_py']
[0.216s] Level 1:colcon.colcon_core.package_identification:_identify(.) by extension 'python_setup_py'
[0.217s] Level 1:colcon.colcon_core.package_identification:_identify(build) by extensions ['ignore', 'ignore_ament_install']
[0.217s] Level 1:colcon.colcon_core.package_identification:_identify(build) by extension 'ignore'
[0.217s] Level 1:colcon.colcon_core.package_identification:_identify(build) ignored
[0.217s] Level 1:colcon.colcon_core.package_identification:_identify(dynamixel_control) by extensions ['ignore', 'ignore_ament_install']
[0.217s] Level 1:colcon.colcon_core.package_identification:_identify(dynamixel_control) by extension 'ignore'
[0.217s] Level 1:colcon.colcon_core.package_identification:_identify(dynamixel_control) by extension 'ignore_ament_install'
[0.217s] Level 1:colcon.colcon_core.package_identification:_identify(dynamixel_control) by extensions ['colcon_pkg']
[0.217s] Level 1:colcon.colcon_core.package_identification:_identify(dynamixel_control) by extension 'colcon_pkg'
[0.217s] Level 1:colcon.colcon_core.package_identification:_identify(dynamixel_control) by extensions ['colcon_meta']
[0.217s] Level 1:colcon.colcon_core.package_identification:_identify(dynamixel_control) by extension 'colcon_meta'
[0.217s] Level 1:colcon.colcon_core.package_identification:_identify(dynamixel_control) by extensions ['ros']
[0.217s] Level 1:colcon.colcon_core.package_identification:_identify(dynamixel_control) by extension 'ros'
[0.219s] DEBUG:colcon.colcon_core.package_identification:Package 'dynamixel_control' with type 'ros.ament_cmake' and name 'dynamixel_control'
[0.219s] Level 1:colcon.colcon_core.package_identification:_identify(dynamixel_sdk) by extensions ['ignore', 'ignore_ament_install']
[0.219s] Level 1:colcon.colcon_core.package_identification:_identify(dynamixel_sdk) by extension 'ignore'
[0.219s] Level 1:colcon.colcon_core.package_identification:_identify(dynamixel_sdk) by extension 'ignore_ament_install'
[0.219s] Level 1:colcon.colcon_core.package_identification:_identify(dynamixel_sdk) by extensions ['colcon_pkg']
[0.219s] Level 1:colcon.colcon_core.package_identification:_identify(dynamixel_sdk) by extension 'colcon_pkg'
[0.219s] Level 1:colcon.colcon_core.package_identification:_identify(dynamixel_sdk) by extensions ['colcon_meta']
[0.219s] Level 1:colcon.colcon_core.package_identification:_identify(dynamixel_sdk) by extension 'colcon_meta'
[0.219s] Level 1:colcon.colcon_core.package_identification:_identify(dynamixel_sdk) by extensions ['ros']
[0.219s] Level 1:colcon.colcon_core.package_identification:_identify(dynamixel_sdk) by extension 'ros'
[0.220s] DEBUG:colcon.colcon_core.package_identification:Package 'dynamixel_sdk' with type 'ros.ament_cmake' and name 'dynamixel_sdk'
[0.220s] Level 1:colcon.colcon_core.package_identification:_identify(install) by extensions ['ignore', 'ignore_ament_install']
[0.220s] Level 1:colcon.colcon_core.package_identification:_identify(install) by extension 'ignore'
[0.220s] Level 1:colcon.colcon_core.package_identification:_identify(install) ignored
[0.220s] Level 1:colcon.colcon_core.package_identification:_identify(log) by extensions ['ignore', 'ignore_ament_install']
[0.220s] Level 1:colcon.colcon_core.package_identification:_identify(log) by extension 'ignore'
[0.220s] Level 1:colcon.colcon_core.package_identification:_identify(log) ignored
[0.220s] Level 1:colcon.colcon_core.package_discovery:discover_packages(recursive) using defaults
[0.220s] Level 1:colcon.colcon_core.package_discovery:discover_packages(ignore) discover
[0.220s] Level 1:colcon.colcon_core.package_discovery:discover_packages(ignore) using defaults
[0.220s] Level 1:colcon.colcon_core.package_discovery:discover_packages(path) discover
[0.220s] Level 1:colcon.colcon_core.package_discovery:discover_packages(path) using defaults
[0.240s] Level 1:colcon.colcon_core.package_discovery:discover_packages(prefix_path) check parameters
[0.240s] Level 1:colcon.colcon_core.package_discovery:discover_packages(prefix_path) discover
[0.241s] WARNING:colcon.colcon_ros.prefix_path.catkin:The path '/home/jmw/ROS2/AVATAR/Dynamixel/install/dynamixel_control' in the environment variable CMAKE_PREFIX_PATH doesn't exist
[0.241s] WARNING:colcon.colcon_ros.prefix_path.catkin:The path '/home/jmw/ROS2/AVATAR/Dynamixel/install/dynamixel_sdk' in the environment variable CMAKE_PREFIX_PATH doesn't exist
[0.241s] DEBUG:colcon.colcon_installed_package_information.package_discovery:Found 0 installed packages in /home/jmw/ROS2/AVATAR/Dynamixel/install
[0.242s] DEBUG:colcon.colcon_installed_package_information.package_discovery:Found 295 installed packages in /opt/ros/humble
[0.243s] Level 1:colcon.colcon_core.package_discovery:discover_packages(prefix_path) using defaults
[0.272s] Level 5:colcon.colcon_core.verb:set package 'dynamixel_sdk' build argument 'cmake_args' from command line to 'None'
[0.272s] Level 5:colcon.colcon_core.verb:set package 'dynamixel_sdk' build argument 'cmake_target' from command line to 'None'
[0.272s] Level 5:colcon.colcon_core.verb:set package 'dynamixel_sdk' build argument 'cmake_target_skip_unavailable' from command line to 'False'
[0.272s] Level 5:colcon.colcon_core.verb:set package 'dynamixel_sdk' build argument 'cmake_clean_cache' from command line to 'False'
[0.273s] Level 5:colcon.colcon_core.verb:set package 'dynamixel_sdk' build argument 'cmake_clean_first' from command line to 'False'
[0.273s] Level 5:colcon.colcon_core.verb:set package 'dynamixel_sdk' build argument 'cmake_force_configure' from command line to 'False'
[0.273s] Level 5:colcon.colcon_core.verb:set package 'dynamixel_sdk' build argument 'ament_cmake_args' from command line to 'None'
[0.273s] Level 5:colcon.colcon_core.verb:set package 'dynamixel_sdk' build argument 'catkin_cmake_args' from command line to 'None'
[0.273s] Level 5:colcon.colcon_core.verb:set package 'dynamixel_sdk' build argument 'catkin_skip_building_tests' from command line to 'False'
[0.273s] DEBUG:colcon.colcon_core.verb:Building package 'dynamixel_sdk' with the following arguments: {'ament_cmake_args': None, 'build_base': '/home/jmw/ROS2/AVATAR/Dynamixel/build/dynamixel_sdk', 'catkin_cmake_args': None, 'catkin_skip_building_tests': False, 'cmake_args': None, 'cmake_clean_cache': False, 'cmake_clean_first': False, 'cmake_force_configure': False, 'cmake_target': None, 'cmake_target_skip_unavailable': False, 'install_base': '/home/jmw/ROS2/AVATAR/Dynamixel/install/dynamixel_sdk', 'merge_install': False, 'path': '/home/jmw/ROS2/AVATAR/Dynamixel/dynamixel_sdk', 'symlink_install': True, 'test_result_base': None}
[0.273s] Level 5:colcon.colcon_core.verb:set package 'dynamixel_control' build argument 'cmake_args' from command line to 'None'
[0.273s] Level 5:colcon.colcon_core.verb:set package 'dynamixel_control' build argument 'cmake_target' from command line to 'None'
[0.273s] Level 5:colcon.colcon_core.verb:set package 'dynamixel_control' build argument 'cmake_target_skip_unavailable' from command line to 'False'
[0.273s] Level 5:colcon.colcon_core.verb:set package 'dynamixel_control' build argument 'cmake_clean_cache' from command line to 'False'
[0.273s] Level 5:colcon.colcon_core.verb:set package 'dynamixel_control' build argument 'cmake_clean_first' from command line to 'False'
[0.273s] Level 5:colcon.colcon_core.verb:set package 'dynamixel_control' build argument 'cmake_force_configure' from command line to 'False'
[0.273s] Level 5:colcon.colcon_core.verb:set package 'dynamixel_control' build argument 'ament_cmake_args' from command line to 'None'
[0.273s] Level 5:colcon.colcon_core.verb:set package 'dynamixel_control' build argument 'catkin_cmake_args' from command line to 'None'
[0.273s] Level 5:colcon.colcon_core.verb:set package 'dynamixel_control' build argument 'catkin_skip_building_tests' from command line to 'False'
[0.273s] DEBUG:colcon.colcon_core.verb:Building package 'dynamixel_control' with the following arguments: {'ament_cmake_args': None, 'build_base': '/home/jmw/ROS2/AVATAR/Dynamixel/build/dynamixel_control', 'catkin_cmake_args': None, 'catkin_skip_building_tests': False, 'cmake_args': None, 'cmake_clean_cache': False, 'cmake_clean_first': False, 'cmake_force_configure': False, 'cmake_target': None, 'cmake_target_skip_unavailable': False, 'install_base': '/home/jmw/ROS2/AVATAR/Dynamixel/install/dynamixel_control', 'merge_install': False, 'path': '/home/jmw/ROS2/AVATAR/Dynamixel/dynamixel_control', 'symlink_install': True, 'test_result_base': None}
[0.273s] INFO:colcon.colcon_core.executor:Executing jobs using 'parallel' executor
[0.274s] DEBUG:colcon.colcon_parallel_executor.executor.parallel:run_until_complete
[0.274s] INFO:colcon.colcon_ros.task.ament_cmake.build:Building ROS package in '/home/jmw/ROS2/AVATAR/Dynamixel/dynamixel_sdk' with build type 'ament_cmake'
[0.274s] INFO:colcon.colcon_cmake.task.cmake.build:Building CMake package in '/home/jmw/ROS2/AVATAR/Dynamixel/dynamixel_sdk'
[0.275s] INFO:colcon.colcon_core.plugin_system:Skipping extension 'colcon_core.shell.bat': Not used on non-Windows systems
[0.276s] INFO:colcon.colcon_core.shell:Skip shell extension 'powershell' for command environment: Not usable outside of PowerShell
[0.276s] DEBUG:colcon.colcon_core.shell:Skip shell extension 'dsv' for command environment
[0.281s] DEBUG:colcon.colcon_core.event_handler.log_command:Invoking command in '/home/jmw/ROS2/AVATAR/Dynamixel/build/dynamixel_sdk': CMAKE_PREFIX_PATH=${CMAKE_PREFIX_PATH}:/opt/ros/humble /usr/bin/cmake /home/jmw/ROS2/AVATAR/Dynamixel/dynamixel_sdk -DAMENT_CMAKE_SYMLINK_INSTALL=1 -DCMAKE_INSTALL_PREFIX=/home/jmw/ROS2/AVATAR/Dynamixel/install/dynamixel_sdk
[2.105s] DEBUG:colcon.colcon_core.event_handler.log_command:Invoked command in '/home/jmw/ROS2/AVATAR/Dynamixel/build/dynamixel_sdk' returned '0': CMAKE_PREFIX_PATH=${CMAKE_PREFIX_PATH}:/opt/ros/humble /usr/bin/cmake /home/jmw/ROS2/AVATAR/Dynamixel/dynamixel_sdk -DAMENT_CMAKE_SYMLINK_INSTALL=1 -DCMAKE_INSTALL_PREFIX=/home/jmw/ROS2/AVATAR/Dynamixel/install/dynamixel_sdk
[2.110s] DEBUG:colcon.colcon_core.event_handler.log_command:Invoking command in '/home/jmw/ROS2/AVATAR/Dynamixel/build/dynamixel_sdk': CMAKE_PREFIX_PATH=${CMAKE_PREFIX_PATH}:/opt/ros/humble /usr/bin/cmake --build /home/jmw/ROS2/AVATAR/Dynamixel/build/dynamixel_sdk -- -j12 -l12
[3.015s] DEBUG:colcon.colcon_core.event_handler.log_command:Invoked command in '/home/jmw/ROS2/AVATAR/Dynamixel/build/dynamixel_sdk' returned '0': CMAKE_PREFIX_PATH=${CMAKE_PREFIX_PATH}:/opt/ros/humble /usr/bin/cmake --build /home/jmw/ROS2/AVATAR/Dynamixel/build/dynamixel_sdk -- -j12 -l12
[3.021s] DEBUG:colcon.colcon_core.event_handler.log_command:Invoking command in '/home/jmw/ROS2/AVATAR/Dynamixel/build/dynamixel_sdk': CMAKE_PREFIX_PATH=${CMAKE_PREFIX_PATH}:/opt/ros/humble /usr/bin/cmake --install /home/jmw/ROS2/AVATAR/Dynamixel/build/dynamixel_sdk
[3.192s] Level 1:colcon.colcon_core.environment:create_environment_scripts_only(dynamixel_sdk)
[3.192s] DEBUG:colcon.colcon_core.event_handler.log_command:Invoked command in '/home/jmw/ROS2/AVATAR/Dynamixel/build/dynamixel_sdk' returned '0': CMAKE_PREFIX_PATH=${CMAKE_PREFIX_PATH}:/opt/ros/humble /usr/bin/cmake --install /home/jmw/ROS2/AVATAR/Dynamixel/build/dynamixel_sdk
[3.194s] Level 1:colcon.colcon_core.environment:checking '/home/jmw/ROS2/AVATAR/Dynamixel/install/dynamixel_sdk' for CMake module files
[3.194s] Level 1:colcon.colcon_core.environment:checking '/home/jmw/ROS2/AVATAR/Dynamixel/install/dynamixel_sdk' for CMake config files
[3.194s] Level 1:colcon.colcon_core.shell:create_environment_hook('dynamixel_sdk', 'cmake_prefix_path')
[3.194s] INFO:colcon.colcon_core.shell:Creating environment hook '/home/jmw/ROS2/AVATAR/Dynamixel/install/dynamixel_sdk/share/dynamixel_sdk/hook/cmake_prefix_path.ps1'
[3.195s] INFO:colcon.colcon_core.shell:Creating environment descriptor '/home/jmw/ROS2/AVATAR/Dynamixel/install/dynamixel_sdk/share/dynamixel_sdk/hook/cmake_prefix_path.dsv'
[3.195s] INFO:colcon.colcon_core.shell:Creating environment hook '/home/jmw/ROS2/AVATAR/Dynamixel/install/dynamixel_sdk/share/dynamixel_sdk/hook/cmake_prefix_path.sh'
[3.196s] Level 1:colcon.colcon_core.environment:checking '/home/jmw/ROS2/AVATAR/Dynamixel/install/dynamixel_sdk/lib'
[3.196s] Level 1:colcon.colcon_core.shell:create_environment_hook('dynamixel_sdk', 'ld_library_path_lib')
[3.196s] INFO:colcon.colcon_core.shell:Creating environment hook '/home/jmw/ROS2/AVATAR/Dynamixel/install/dynamixel_sdk/share/dynamixel_sdk/hook/ld_library_path_lib.ps1'
[3.196s] INFO:colcon.colcon_core.shell:Creating environment descriptor '/home/jmw/ROS2/AVATAR/Dynamixel/install/dynamixel_sdk/share/dynamixel_sdk/hook/ld_library_path_lib.dsv'
[3.197s] INFO:colcon.colcon_core.shell:Creating environment hook '/home/jmw/ROS2/AVATAR/Dynamixel/install/dynamixel_sdk/share/dynamixel_sdk/hook/ld_library_path_lib.sh'
[3.197s] Level 1:colcon.colcon_core.environment:checking '/home/jmw/ROS2/AVATAR/Dynamixel/install/dynamixel_sdk/bin'
[3.197s] Level 1:colcon.colcon_core.environment:checking '/home/jmw/ROS2/AVATAR/Dynamixel/install/dynamixel_sdk/lib/pkgconfig/dynamixel_sdk.pc'
[3.197s] Level 1:colcon.colcon_core.environment:checking '/home/jmw/ROS2/AVATAR/Dynamixel/install/dynamixel_sdk/lib/python3.10/site-packages'
[3.197s] Level 1:colcon.colcon_core.environment:checking '/home/jmw/ROS2/AVATAR/Dynamixel/install/dynamixel_sdk/bin'
[3.198s] INFO:colcon.colcon_core.shell:Creating package script '/home/jmw/ROS2/AVATAR/Dynamixel/install/dynamixel_sdk/share/dynamixel_sdk/package.ps1'
[3.198s] INFO:colcon.colcon_core.shell:Creating package descriptor '/home/jmw/ROS2/AVATAR/Dynamixel/install/dynamixel_sdk/share/dynamixel_sdk/package.dsv'
[3.199s] INFO:colcon.colcon_core.shell:Creating package script '/home/jmw/ROS2/AVATAR/Dynamixel/install/dynamixel_sdk/share/dynamixel_sdk/package.sh'
[3.199s] INFO:colcon.colcon_core.shell:Creating package script '/home/jmw/ROS2/AVATAR/Dynamixel/install/dynamixel_sdk/share/dynamixel_sdk/package.bash'
[3.200s] INFO:colcon.colcon_core.shell:Creating package script '/home/jmw/ROS2/AVATAR/Dynamixel/install/dynamixel_sdk/share/dynamixel_sdk/package.zsh'
[3.200s] Level 1:colcon.colcon_core.environment:create_file_with_runtime_dependencies(/home/jmw/ROS2/AVATAR/Dynamixel/install/dynamixel_sdk/share/colcon-core/packages/dynamixel_sdk)
[3.200s] Level 1:colcon.colcon_core.environment:create_environment_scripts_only(dynamixel_sdk)
[3.201s] Level 1:colcon.colcon_core.environment:checking '/home/jmw/ROS2/AVATAR/Dynamixel/install/dynamixel_sdk' for CMake module files
[3.201s] Level 1:colcon.colcon_core.environment:checking '/home/jmw/ROS2/AVATAR/Dynamixel/install/dynamixel_sdk' for CMake config files
[3.201s] Level 1:colcon.colcon_core.shell:create_environment_hook('dynamixel_sdk', 'cmake_prefix_path')
[3.201s] INFO:colcon.colcon_core.shell:Creating environment hook '/home/jmw/ROS2/AVATAR/Dynamixel/install/dynamixel_sdk/share/dynamixel_sdk/hook/cmake_prefix_path.ps1'
[3.202s] INFO:colcon.colcon_core.shell:Creating environment descriptor '/home/jmw/ROS2/AVATAR/Dynamixel/install/dynamixel_sdk/share/dynamixel_sdk/hook/cmake_prefix_path.dsv'
[3.202s] INFO:colcon.colcon_core.shell:Creating environment hook '/home/jmw/ROS2/AVATAR/Dynamixel/install/dynamixel_sdk/share/dynamixel_sdk/hook/cmake_prefix_path.sh'
[3.202s] Level 1:colcon.colcon_core.environment:checking '/home/jmw/ROS2/AVATAR/Dynamixel/install/dynamixel_sdk/lib'
[3.202s] Level 1:colcon.colcon_core.shell:create_environment_hook('dynamixel_sdk', 'ld_library_path_lib')
[3.202s] INFO:colcon.colcon_core.shell:Creating environment hook '/home/jmw/ROS2/AVATAR/Dynamixel/install/dynamixel_sdk/share/dynamixel_sdk/hook/ld_library_path_lib.ps1'
[3.203s] INFO:colcon.colcon_core.shell:Creating environment descriptor '/home/jmw/ROS2/AVATAR/Dynamixel/install/dynamixel_sdk/share/dynamixel_sdk/hook/ld_library_path_lib.dsv'
[3.203s] INFO:colcon.colcon_core.shell:Creating environment hook '/home/jmw/ROS2/AVATAR/Dynamixel/install/dynamixel_sdk/share/dynamixel_sdk/hook/ld_library_path_lib.sh'
[3.203s] Level 1:colcon.colcon_core.environment:checking '/home/jmw/ROS2/AVATAR/Dynamixel/install/dynamixel_sdk/bin'
[3.203s] Level 1:colcon.colcon_core.environment:checking '/home/jmw/ROS2/AVATAR/Dynamixel/install/dynamixel_sdk/lib/pkgconfig/dynamixel_sdk.pc'
[3.203s] Level 1:colcon.colcon_core.environment:checking '/home/jmw/ROS2/AVATAR/Dynamixel/install/dynamixel_sdk/lib/python3.10/site-packages'
[3.204s] Level 1:colcon.colcon_core.environment:checking '/home/jmw/ROS2/AVATAR/Dynamixel/install/dynamixel_sdk/bin'
[3.204s] INFO:colcon.colcon_core.shell:Creating package script '/home/jmw/ROS2/AVATAR/Dynamixel/install/dynamixel_sdk/share/dynamixel_sdk/package.ps1'
[3.204s] INFO:colcon.colcon_core.shell:Creating package descriptor '/home/jmw/ROS2/AVATAR/Dynamixel/install/dynamixel_sdk/share/dynamixel_sdk/package.dsv'
[3.205s] INFO:colcon.colcon_core.shell:Creating package script '/home/jmw/ROS2/AVATAR/Dynamixel/install/dynamixel_sdk/share/dynamixel_sdk/package.sh'
[3.205s] INFO:colcon.colcon_core.shell:Creating package script '/home/jmw/ROS2/AVATAR/Dynamixel/install/dynamixel_sdk/share/dynamixel_sdk/package.bash'
[3.205s] INFO:colcon.colcon_core.shell:Creating package script '/home/jmw/ROS2/AVATAR/Dynamixel/install/dynamixel_sdk/share/dynamixel_sdk/package.zsh'
[3.206s] Level 1:colcon.colcon_core.environment:create_file_with_runtime_dependencies(/home/jmw/ROS2/AVATAR/Dynamixel/install/dynamixel_sdk/share/colcon-core/packages/dynamixel_sdk)
[3.206s] INFO:colcon.colcon_ros.task.ament_cmake.build:Building ROS package in '/home/jmw/ROS2/AVATAR/Dynamixel/dynamixel_control' with build type 'ament_cmake'
[3.206s] INFO:colcon.colcon_cmake.task.cmake.build:Building CMake package in '/home/jmw/ROS2/AVATAR/Dynamixel/dynamixel_control'
[3.206s] INFO:colcon.colcon_core.shell:Skip shell extension 'powershell' for command environment: Not usable outside of PowerShell
[3.206s] DEBUG:colcon.colcon_core.shell:Skip shell extension 'dsv' for command environment
[3.212s] DEBUG:colcon.colcon_core.event_handler.log_command:Invoking command in '/home/jmw/ROS2/AVATAR/Dynamixel/build/dynamixel_control': AMENT_PREFIX_PATH=/home/jmw/ROS2/AVATAR/Dynamixel/install/dynamixel_sdk:${AMENT_PREFIX_PATH} CMAKE_PREFIX_PATH=/home/jmw/ROS2/AVATAR/Dynamixel/install/dynamixel_sdk:/home/jmw/ROS2/AVATAR/Dynamixel/install/dynamixel_control:/opt/ros/humble /usr/bin/cmake /home/jmw/ROS2/AVATAR/Dynamixel/dynamixel_control -DAMENT_CMAKE_SYMLINK_INSTALL=1 -DCMAKE_INSTALL_PREFIX=/home/jmw/ROS2/AVATAR/Dynamixel/install/dynamixel_control
[7.880s] DEBUG:colcon.colcon_core.event_handler.log_command:Invoked command in '/home/jmw/ROS2/AVATAR/Dynamixel/build/dynamixel_control' returned '0': AMENT_PREFIX_PATH=/home/jmw/ROS2/AVATAR/Dynamixel/install/dynamixel_sdk:${AMENT_PREFIX_PATH} CMAKE_PREFIX_PATH=/home/jmw/ROS2/AVATAR/Dynamixel/install/dynamixel_sdk:/home/jmw/ROS2/AVATAR/Dynamixel/install/dynamixel_control:/opt/ros/humble /usr/bin/cmake /home/jmw/ROS2/AVATAR/Dynamixel/dynamixel_control -DAMENT_CMAKE_SYMLINK_INSTALL=1 -DCMAKE_INSTALL_PREFIX=/home/jmw/ROS2/AVATAR/Dynamixel/install/dynamixel_control
[7.882s] DEBUG:colcon.colcon_core.event_handler.log_command:Invoking command in '/home/jmw/ROS2/AVATAR/Dynamixel/build/dynamixel_control': AMENT_PREFIX_PATH=/home/jmw/ROS2/AVATAR/Dynamixel/install/dynamixel_sdk:${AMENT_PREFIX_PATH} CMAKE_PREFIX_PATH=/home/jmw/ROS2/AVATAR/Dynamixel/install/dynamixel_sdk:/home/jmw/ROS2/AVATAR/Dynamixel/install/dynamixel_control:/opt/ros/humble /usr/bin/cmake --build /home/jmw/ROS2/AVATAR/Dynamixel/build/dynamixel_control -- -j12 -l12
[21.069s] DEBUG:colcon.colcon_core.event_handler.log_command:Invoked command in '/home/jmw/ROS2/AVATAR/Dynamixel/build/dynamixel_control' returned '0': AMENT_PREFIX_PATH=/home/jmw/ROS2/AVATAR/Dynamixel/install/dynamixel_sdk:${AMENT_PREFIX_PATH} CMAKE_PREFIX_PATH=/home/jmw/ROS2/AVATAR/Dynamixel/install/dynamixel_sdk:/home/jmw/ROS2/AVATAR/Dynamixel/install/dynamixel_control:/opt/ros/humble /usr/bin/cmake --build /home/jmw/ROS2/AVATAR/Dynamixel/build/dynamixel_control -- -j12 -l12
[21.071s] DEBUG:colcon.colcon_core.event_handler.log_command:Invoking command in '/home/jmw/ROS2/AVATAR/Dynamixel/build/dynamixel_control': AMENT_PREFIX_PATH=/home/jmw/ROS2/AVATAR/Dynamixel/install/dynamixel_sdk:${AMENT_PREFIX_PATH} CMAKE_PREFIX_PATH=/home/jmw/ROS2/AVATAR/Dynamixel/install/dynamixel_sdk:/home/jmw/ROS2/AVATAR/Dynamixel/install/dynamixel_control:/opt/ros/humble /usr/bin/cmake --install /home/jmw/ROS2/AVATAR/Dynamixel/build/dynamixel_control
[21.405s] Level 1:colcon.colcon_core.environment:create_environment_scripts_only(dynamixel_control)
[21.405s] Level 1:colcon.colcon_core.environment:checking '/home/jmw/ROS2/AVATAR/Dynamixel/install/dynamixel_control' for CMake module files
[21.406s] DEBUG:colcon.colcon_core.event_handler.log_command:Invoked command in '/home/jmw/ROS2/AVATAR/Dynamixel/build/dynamixel_control' returned '0': AMENT_PREFIX_PATH=/home/jmw/ROS2/AVATAR/Dynamixel/install/dynamixel_sdk:${AMENT_PREFIX_PATH} CMAKE_PREFIX_PATH=/home/jmw/ROS2/AVATAR/Dynamixel/install/dynamixel_sdk:/home/jmw/ROS2/AVATAR/Dynamixel/install/dynamixel_control:/opt/ros/humble /usr/bin/cmake --install /home/jmw/ROS2/AVATAR/Dynamixel/build/dynamixel_control
[21.406s] Level 1:colcon.colcon_core.environment:checking '/home/jmw/ROS2/AVATAR/Dynamixel/install/dynamixel_control' for CMake config files
[21.406s] Level 1:colcon.colcon_core.shell:create_environment_hook('dynamixel_control', 'cmake_prefix_path')
[21.406s] INFO:colcon.colcon_core.shell:Creating environment hook '/home/jmw/ROS2/AVATAR/Dynamixel/install/dynamixel_control/share/dynamixel_control/hook/cmake_prefix_path.ps1'
[21.407s] INFO:colcon.colcon_core.shell:Creating environment descriptor '/home/jmw/ROS2/AVATAR/Dynamixel/install/dynamixel_control/share/dynamixel_control/hook/cmake_prefix_path.dsv'
[21.407s] INFO:colcon.colcon_core.shell:Creating environment hook '/home/jmw/ROS2/AVATAR/Dynamixel/install/dynamixel_control/share/dynamixel_control/hook/cmake_prefix_path.sh'
[21.408s] Level 1:colcon.colcon_core.environment:checking '/home/jmw/ROS2/AVATAR/Dynamixel/install/dynamixel_control/lib'
[21.408s] Level 1:colcon.colcon_core.environment:checking '/home/jmw/ROS2/AVATAR/Dynamixel/install/dynamixel_control/bin'
[21.408s] Level 1:colcon.colcon_core.environment:checking '/home/jmw/ROS2/AVATAR/Dynamixel/install/dynamixel_control/lib/pkgconfig/dynamixel_control.pc'
[21.408s] Level 1:colcon.colcon_core.environment:checking '/home/jmw/ROS2/AVATAR/Dynamixel/install/dynamixel_control/lib/python3.10/site-packages'
[21.408s] Level 1:colcon.colcon_core.environment:checking '/home/jmw/ROS2/AVATAR/Dynamixel/install/dynamixel_control/bin'
[21.408s] INFO:colcon.colcon_core.shell:Creating package script '/home/jmw/ROS2/AVATAR/Dynamixel/install/dynamixel_control/share/dynamixel_control/package.ps1'
[21.409s] INFO:colcon.colcon_core.shell:Creating package descriptor '/home/jmw/ROS2/AVATAR/Dynamixel/install/dynamixel_control/share/dynamixel_control/package.dsv'
[21.409s] INFO:colcon.colcon_core.shell:Creating package script '/home/jmw/ROS2/AVATAR/Dynamixel/install/dynamixel_control/share/dynamixel_control/package.sh'
[21.409s] INFO:colcon.colcon_core.shell:Creating package script '/home/jmw/ROS2/AVATAR/Dynamixel/install/dynamixel_control/share/dynamixel_control/package.bash'
[21.410s] INFO:colcon.colcon_core.shell:Creating package script '/home/jmw/ROS2/AVATAR/Dynamixel/install/dynamixel_control/share/dynamixel_control/package.zsh'
[21.410s] Level 1:colcon.colcon_core.environment:create_file_with_runtime_dependencies(/home/jmw/ROS2/AVATAR/Dynamixel/install/dynamixel_control/share/colcon-core/packages/dynamixel_control)
[21.410s] Level 1:colcon.colcon_core.environment:create_environment_scripts_only(dynamixel_control)
[21.410s] Level 1:colcon.colcon_core.environment:checking '/home/jmw/ROS2/AVATAR/Dynamixel/install/dynamixel_control' for CMake module files
[21.411s] Level 1:colcon.colcon_core.environment:checking '/home/jmw/ROS2/AVATAR/Dynamixel/install/dynamixel_control' for CMake config files
[21.411s] Level 1:colcon.colcon_core.shell:create_environment_hook('dynamixel_control', 'cmake_prefix_path')
[21.411s] INFO:colcon.colcon_core.shell:Creating environment hook '/home/jmw/ROS2/AVATAR/Dynamixel/install/dynamixel_control/share/dynamixel_control/hook/cmake_prefix_path.ps1'
[21.411s] INFO:colcon.colcon_core.shell:Creating environment descriptor '/home/jmw/ROS2/AVATAR/Dynamixel/install/dynamixel_control/share/dynamixel_control/hook/cmake_prefix_path.dsv'
[21.412s] INFO:colcon.colcon_core.shell:Creating environment hook '/home/jmw/ROS2/AVATAR/Dynamixel/install/dynamixel_control/share/dynamixel_control/hook/cmake_prefix_path.sh'
[21.412s] Level 1:colcon.colcon_core.environment:checking '/home/jmw/ROS2/AVATAR/Dynamixel/install/dynamixel_control/lib'
[21.412s] Level 1:colcon.colcon_core.environment:checking '/home/jmw/ROS2/AVATAR/Dynamixel/install/dynamixel_control/bin'
[21.412s] Level 1:colcon.colcon_core.environment:checking '/home/jmw/ROS2/AVATAR/Dynamixel/install/dynamixel_control/lib/pkgconfig/dynamixel_control.pc'
[21.412s] Level 1:colcon.colcon_core.environment:checking '/home/jmw/ROS2/AVATAR/Dynamixel/install/dynamixel_control/lib/python3.10/site-packages'
[21.413s] Level 1:colcon.colcon_core.environment:checking '/home/jmw/ROS2/AVATAR/Dynamixel/install/dynamixel_control/bin'
[21.413s] INFO:colcon.colcon_core.shell:Creating package script '/home/jmw/ROS2/AVATAR/Dynamixel/install/dynamixel_control/share/dynamixel_control/package.ps1'
[21.413s] INFO:colcon.colcon_core.shell:Creating package descriptor '/home/jmw/ROS2/AVATAR/Dynamixel/install/dynamixel_control/share/dynamixel_control/package.dsv'
[21.413s] INFO:colcon.colcon_core.shell:Creating package script '/home/jmw/ROS2/AVATAR/Dynamixel/install/dynamixel_control/share/dynamixel_control/package.sh'
[21.414s] INFO:colcon.colcon_core.shell:Creating package script '/home/jmw/ROS2/AVATAR/Dynamixel/install/dynamixel_control/share/dynamixel_control/package.bash'
[21.414s] INFO:colcon.colcon_core.shell:Creating package script '/home/jmw/ROS2/AVATAR/Dynamixel/install/dynamixel_control/share/dynamixel_control/package.zsh'
[21.414s] Level 1:colcon.colcon_core.environment:create_file_with_runtime_dependencies(/home/jmw/ROS2/AVATAR/Dynamixel/install/dynamixel_control/share/colcon-core/packages/dynamixel_control)
[21.415s] DEBUG:colcon.colcon_parallel_executor.executor.parallel:closing loop
[21.415s] DEBUG:colcon.colcon_parallel_executor.executor.parallel:loop closed
[21.415s] DEBUG:colcon.colcon_parallel_executor.executor.parallel:run_until_complete finished with '0'
[21.415s] DEBUG:colcon.colcon_core.event_reactor:joining thread
[21.419s] INFO:colcon.colcon_core.plugin_system:Skipping extension 'colcon_notification.desktop_notification.terminal_notifier': Not used on non-Darwin systems
[21.419s] INFO:colcon.colcon_core.plugin_system:Skipping extension 'colcon_notification.desktop_notification.win32': Not used on non-Windows systems
[21.419s] INFO:colcon.colcon_notification.desktop_notification:Sending desktop notification using 'notify2'
[21.427s] DEBUG:colcon.colcon_core.event_reactor:joined thread
[21.427s] INFO:colcon.colcon_core.shell:Creating prefix script '/home/jmw/ROS2/AVATAR/Dynamixel/install/local_setup.ps1'
[21.428s] INFO:colcon.colcon_core.shell:Creating prefix util module '/home/jmw/ROS2/AVATAR/Dynamixel/install/_local_setup_util_ps1.py'
[21.429s] INFO:colcon.colcon_core.shell:Creating prefix chain script '/home/jmw/ROS2/AVATAR/Dynamixel/install/setup.ps1'
[21.430s] INFO:colcon.colcon_core.shell:Creating prefix script '/home/jmw/ROS2/AVATAR/Dynamixel/install/local_setup.sh'
[21.431s] INFO:colcon.colcon_core.shell:Creating prefix util module '/home/jmw/ROS2/AVATAR/Dynamixel/install/_local_setup_util_sh.py'
[21.431s] INFO:colcon.colcon_core.shell:Creating prefix chain script '/home/jmw/ROS2/AVATAR/Dynamixel/install/setup.sh'
[21.432s] INFO:colcon.colcon_core.shell:Creating prefix script '/home/jmw/ROS2/AVATAR/Dynamixel/install/local_setup.bash'
[21.432s] INFO:colcon.colcon_core.shell:Creating prefix chain script '/home/jmw/ROS2/AVATAR/Dynamixel/install/setup.bash'
[21.433s] INFO:colcon.colcon_core.shell:Creating prefix script '/home/jmw/ROS2/AVATAR/Dynamixel/install/local_setup.zsh'
[21.433s] INFO:colcon.colcon_core.shell:Creating prefix chain script '/home/jmw/ROS2/AVATAR/Dynamixel/install/setup.zsh'
