[0.006s] Invoking command in '/home/minwoong/OneDrive/JMW/dynamixel_8DOF/Dynamixel/build/dynamixel_control': CMAKE_PREFIX_PATH=/home/minwoong/OneDrive/JMW/dynamixel_8DOF/Dynamixel/install/dynamixel_sdk:/home/minwoong/OneDrive/JMW/dynamixel_8DOF/Dynamixel/install/dynamixel_control:/opt/ros/humble /usr/bin/cmake --build /home/minwoong/OneDrive/JMW/dynamixel_8DOF/Dynamixel/build/dynamixel_control -- -j24 -l24
[0.035s] [35m[1mConsolidate compiler generated dependencies of target torque_read_degree_write[0m
[0.043s] [ 28%] Built target read_write_node
[0.043s] [ 28%] Built target torque_check
[0.043s] [ 57%] Built target joint_state_publisher
[0.043s] [ 57%] Built target csv_joint_state_publisher
[0.044s] [ 85%] Built target torque_compensation_node
[0.044s] [ 85%] Built target rviz_visualization_node
[0.047s] [ 92%] [32mBuilding CXX object CMakeFiles/torque_read_degree_write.dir/src/torque_read_degree_write.cpp.o[0m
[1.246s] In file included from [01m[K/opt/ros/humble/include/rclcpp/rclcpp/logging.hpp:24[m[K,
[1.246s]                  from [01m[K/opt/ros/humble/include/rclcpp/rclcpp/client.hpp:40[m[K,
[1.246s]                  from [01m[K/opt/ros/humble/include/rclcpp/rclcpp/callback_group.hpp:24[m[K,
[1.246s]                  from [01m[K/opt/ros/humble/include/rclcpp/rclcpp/any_executable.hpp:20[m[K,
[1.246s]                  from [01m[K/opt/ros/humble/include/rclcpp/rclcpp/memory_strategy.hpp:25[m[K,
[1.246s]                  from [01m[K/opt/ros/humble/include/rclcpp/rclcpp/memory_strategies.hpp:18[m[K,
[1.246s]                  from [01m[K/opt/ros/humble/include/rclcpp/rclcpp/executor_options.hpp:20[m[K,
[1.246s]                  from [01m[K/opt/ros/humble/include/rclcpp/rclcpp/executor.hpp:37[m[K,
[1.246s]                  from [01m[K/opt/ros/humble/include/rclcpp/rclcpp/executors/multi_threaded_executor.hpp:25[m[K,
[1.246s]                  from [01m[K/opt/ros/humble/include/rclcpp/rclcpp/executors.hpp:21[m[K,
[1.247s]                  from [01m[K/opt/ros/humble/include/rclcpp/rclcpp/rclcpp.hpp:155[m[K,
[1.247s]                  from [01m[K/home/minwoong/OneDrive/JMW/dynamixel_8DOF/Dynamixel/dynamixel_control/src/torque_read_degree_write.cpp:8[m[K:
[1.247s] [01m[K/home/minwoong/OneDrive/JMW/dynamixel_8DOF/Dynamixel/dynamixel_control/src/torque_read_degree_write.cpp:[m[K In member function ‘[01m[Kint TorqueReadDegreeWrite::Clipping(uint8_t, int)[m[K’:
[1.247s] [01m[K/home/minwoong/OneDrive/JMW/dynamixel_8DOF/Dynamixel/dynamixel_control/src/torque_read_degree_write.cpp:297:46:[m[K [01;31m[Kerror: [m[Kno matching function for call to ‘[01m[KTorqueReadDegreeWrite::Pos2Rad(int&)[m[K’
[1.247s]   297 |                       dxl_id, Rad2Deg([01;31m[KPos2Rad(original_position)[m[K), Rad2Deg(Pos2Rad(goal_position)), min_degree, max_degree);
[1.247s]       |                                       [01;31m[K~~~~~~~^~~~~~~~~~~~~~~~~~~[m[K
[1.247s] [01m[K/home/minwoong/OneDrive/JMW/dynamixel_8DOF/Dynamixel/dynamixel_control/src/torque_read_degree_write.cpp:304:9:[m[K [01;36m[Knote: [m[Kcandidate: ‘[01m[Kfloat TorqueReadDegreeWrite::Pos2Rad(uint8_t, int)[m[K’
[1.247s]   304 |   float [01;36m[KPos2Rad[m[K(uint8_t dxl_id, int position) {
[1.247s]       |         [01;36m[K^~~~~~~[m[K
[1.247s] [01m[K/home/minwoong/OneDrive/JMW/dynamixel_8DOF/Dynamixel/dynamixel_control/src/torque_read_degree_write.cpp:304:9:[m[K [01;36m[Knote: [m[K  candidate expects 2 arguments, 1 provided
[1.247s] In file included from [01m[K/opt/ros/humble/include/rclcpp/rclcpp/logging.hpp:24[m[K,
[1.247s]                  from [01m[K/opt/ros/humble/include/rclcpp/rclcpp/client.hpp:40[m[K,
[1.247s]                  from [01m[K/opt/ros/humble/include/rclcpp/rclcpp/callback_group.hpp:24[m[K,
[1.247s]                  from [01m[K/opt/ros/humble/include/rclcpp/rclcpp/any_executable.hpp:20[m[K,
[1.247s]                  from [01m[K/opt/ros/humble/include/rclcpp/rclcpp/memory_strategy.hpp:25[m[K,
[1.247s]                  from [01m[K/opt/ros/humble/include/rclcpp/rclcpp/memory_strategies.hpp:18[m[K,
[1.247s]                  from [01m[K/opt/ros/humble/include/rclcpp/rclcpp/executor_options.hpp:20[m[K,
[1.247s]                  from [01m[K/opt/ros/humble/include/rclcpp/rclcpp/executor.hpp:37[m[K,
[1.247s]                  from [01m[K/opt/ros/humble/include/rclcpp/rclcpp/executors/multi_threaded_executor.hpp:25[m[K,
[1.247s]                  from [01m[K/opt/ros/humble/include/rclcpp/rclcpp/executors.hpp:21[m[K,
[1.247s]                  from [01m[K/opt/ros/humble/include/rclcpp/rclcpp/rclcpp.hpp:155[m[K,
[1.247s]                  from [01m[K/home/minwoong/OneDrive/JMW/dynamixel_8DOF/Dynamixel/dynamixel_control/src/torque_read_degree_write.cpp:8[m[K:
[1.247s] [01m[K/home/minwoong/OneDrive/JMW/dynamixel_8DOF/Dynamixel/dynamixel_control/src/torque_read_degree_write.cpp:297:83:[m[K [01;31m[Kerror: [m[Kno matching function for call to ‘[01m[KTorqueReadDegreeWrite::Pos2Rad(int&)[m[K’
[1.247s]   297 |                       dxl_id, Rad2Deg(Pos2Rad(original_position)), Rad2Deg([01;31m[KPos2Rad(goal_position)[m[K), min_degree, max_degree);
[1.247s]       |                                                                            [01;31m[K~~~~~~~^~~~~~~~~~~~~~~[m[K
[1.247s] [01m[K/home/minwoong/OneDrive/JMW/dynamixel_8DOF/Dynamixel/dynamixel_control/src/torque_read_degree_write.cpp:304:9:[m[K [01;36m[Knote: [m[Kcandidate: ‘[01m[Kfloat TorqueReadDegreeWrite::Pos2Rad(uint8_t, int)[m[K’
[1.247s]   304 |   float [01;36m[KPos2Rad[m[K(uint8_t dxl_id, int position) {
[1.247s]       |         [01;36m[K^~~~~~~[m[K
[1.247s] [01m[K/home/minwoong/OneDrive/JMW/dynamixel_8DOF/Dynamixel/dynamixel_control/src/torque_read_degree_write.cpp:304:9:[m[K [01;36m[Knote: [m[K  candidate expects 2 arguments, 1 provided
[2.502s] gmake[2]: *** [CMakeFiles/torque_read_degree_write.dir/build.make:76: CMakeFiles/torque_read_degree_write.dir/src/torque_read_degree_write.cpp.o] Error 1
[2.502s] gmake[1]: *** [CMakeFiles/Makefile2:305: CMakeFiles/torque_read_degree_write.dir/all] Error 2
[2.503s] gmake: *** [Makefile:146: all] Error 2
[2.504s] Invoked command in '/home/minwoong/OneDrive/JMW/dynamixel_8DOF/Dynamixel/build/dynamixel_control' returned '2': CMAKE_PREFIX_PATH=/home/minwoong/OneDrive/JMW/dynamixel_8DOF/Dynamixel/install/dynamixel_sdk:/home/minwoong/OneDrive/JMW/dynamixel_8DOF/Dynamixel/install/dynamixel_control:/opt/ros/humble /usr/bin/cmake --build /home/minwoong/OneDrive/JMW/dynamixel_8DOF/Dynamixel/build/dynamixel_control -- -j24 -l24
