[0.054s] DEBUG:colcon:Command line arguments: ['/usr/bin/colcon', 'build', '--packages-select', 'dynamixel_control']
[0.054s] DEBUG:colcon:Parsed command line arguments: Namespace(log_base=None, log_level=None, verb_name='build', build_base='build', install_base='install', merge_install=False, symlink_install=False, test_result_base=None, continue_on_error=False, executor='parallel', parallel_workers=24, event_handlers=None, ignore_user_meta=False, metas=['./colcon.meta'], base_paths=['.'], packages_ignore=None, packages_ignore_regex=None, paths=None, packages_up_to=None, packages_up_to_regex=None, packages_above=None, packages_above_and_dependencies=None, packages_above_depth=None, packages_select_by_dep=None, packages_skip_by_dep=None, packages_skip_up_to=None, packages_select_build_failed=False, packages_skip_build_finished=False, packages_select_test_failures=False, packages_skip_test_passed=False, packages_select=['dynamixel_control'], packages_skip=None, packages_select_regex=None, packages_skip_regex=None, packages_start=None, packages_end=None, allow_overriding=[], cmake_args=None, cmake_target=None, cmake_target_skip_unavailable=False, cmake_clean_cache=False, cmake_clean_first=False, cmake_force_configure=False, ament_cmake_args=None, catkin_cmake_args=None, catkin_skip_building_tests=False, mixin_files=None, mixin=None, verb_parser=<colcon_mixin.mixin.mixin_argument.MixinArgumentDecorator object at 0x729722c2abc0>, verb_extension=<colcon_core.verb.build.BuildVerb object at 0x729722c2a1a0>, main=<bound method BuildVerb.main of <colcon_core.verb.build.BuildVerb object at 0x729722c2a1a0>>, mixin_verb=('build',))
[0.135s] Level 1:colcon.colcon_core.package_discovery:discover_packages(colcon_meta) check parameters
[0.135s] Level 1:colcon.colcon_core.package_discovery:discover_packages(recursive) check parameters
[0.135s] Level 1:colcon.colcon_core.package_discovery:discover_packages(ignore) check parameters
[0.135s] Level 1:colcon.colcon_core.package_discovery:discover_packages(path) check parameters
[0.135s] Level 1:colcon.colcon_core.package_discovery:discover_packages(colcon_meta) discover
[0.135s] Level 1:colcon.colcon_core.package_discovery:discover_packages(recursive) discover
[0.135s] INFO:colcon.colcon_core.package_discovery:Crawling recursively for packages in '/home/minwoong/OneDrive/JMW/dynamixel_8DOF'
[0.136s] Level 1:colcon.colcon_core.package_identification:_identify(.) by extensions ['ignore', 'ignore_ament_install']
[0.136s] Level 1:colcon.colcon_core.package_identification:_identify(.) by extension 'ignore'
[0.136s] Level 1:colcon.colcon_core.package_identification:_identify(.) by extension 'ignore_ament_install'
[0.136s] Level 1:colcon.colcon_core.package_identification:_identify(.) by extensions ['colcon_pkg']
[0.136s] Level 1:colcon.colcon_core.package_identification:_identify(.) by extension 'colcon_pkg'
[0.136s] Level 1:colcon.colcon_core.package_identification:_identify(.) by extensions ['colcon_meta']
[0.136s] Level 1:colcon.colcon_core.package_identification:_identify(.) by extension 'colcon_meta'
[0.136s] Level 1:colcon.colcon_core.package_identification:_identify(.) by extensions ['ros']
[0.136s] Level 1:colcon.colcon_core.package_identification:_identify(.) by extension 'ros'
[0.141s] Level 1:colcon.colcon_core.package_identification:_identify(.) by extensions ['cmake', 'python']
[0.141s] Level 1:colcon.colcon_core.package_identification:_identify(.) by extension 'cmake'
[0.141s] Level 1:colcon.colcon_core.package_identification:_identify(.) by extension 'python'
[0.141s] Level 1:colcon.colcon_core.package_identification:_identify(.) by extensions ['python_setup_py']
[0.141s] Level 1:colcon.colcon_core.package_identification:_identify(.) by extension 'python_setup_py'
[0.141s] Level 1:colcon.colcon_core.package_identification:_identify(Dynamixel) by extensions ['ignore', 'ignore_ament_install']
[0.142s] Level 1:colcon.colcon_core.package_identification:_identify(Dynamixel) by extension 'ignore'
[0.142s] Level 1:colcon.colcon_core.package_identification:_identify(Dynamixel) by extension 'ignore_ament_install'
[0.142s] Level 1:colcon.colcon_core.package_identification:_identify(Dynamixel) by extensions ['colcon_pkg']
[0.142s] Level 1:colcon.colcon_core.package_identification:_identify(Dynamixel) by extension 'colcon_pkg'
[0.142s] Level 1:colcon.colcon_core.package_identification:_identify(Dynamixel) by extensions ['colcon_meta']
[0.142s] Level 1:colcon.colcon_core.package_identification:_identify(Dynamixel) by extension 'colcon_meta'
[0.142s] Level 1:colcon.colcon_core.package_identification:_identify(Dynamixel) by extensions ['ros']
[0.142s] Level 1:colcon.colcon_core.package_identification:_identify(Dynamixel) by extension 'ros'
[0.142s] Level 1:colcon.colcon_core.package_identification:_identify(Dynamixel) by extensions ['cmake', 'python']
[0.142s] Level 1:colcon.colcon_core.package_identification:_identify(Dynamixel) by extension 'cmake'
[0.142s] Level 1:colcon.colcon_core.package_identification:_identify(Dynamixel) by extension 'python'
[0.142s] Level 1:colcon.colcon_core.package_identification:_identify(Dynamixel) by extensions ['python_setup_py']
[0.142s] Level 1:colcon.colcon_core.package_identification:_identify(Dynamixel) by extension 'python_setup_py'
[0.142s] Level 1:colcon.colcon_core.package_identification:_identify(Dynamixel/build) by extensions ['ignore', 'ignore_ament_install']
[0.142s] Level 1:colcon.colcon_core.package_identification:_identify(Dynamixel/build) by extension 'ignore'
[0.142s] Level 1:colcon.colcon_core.package_identification:_identify(Dynamixel/build) ignored
[0.142s] Level 1:colcon.colcon_core.package_identification:_identify(Dynamixel/dynamixel_control) by extensions ['ignore', 'ignore_ament_install']
[0.142s] Level 1:colcon.colcon_core.package_identification:_identify(Dynamixel/dynamixel_control) by extension 'ignore'
[0.142s] Level 1:colcon.colcon_core.package_identification:_identify(Dynamixel/dynamixel_control) by extension 'ignore_ament_install'
[0.142s] Level 1:colcon.colcon_core.package_identification:_identify(Dynamixel/dynamixel_control) by extensions ['colcon_pkg']
[0.142s] Level 1:colcon.colcon_core.package_identification:_identify(Dynamixel/dynamixel_control) by extension 'colcon_pkg'
[0.142s] Level 1:colcon.colcon_core.package_identification:_identify(Dynamixel/dynamixel_control) by extensions ['colcon_meta']
[0.142s] Level 1:colcon.colcon_core.package_identification:_identify(Dynamixel/dynamixel_control) by extension 'colcon_meta'
[0.142s] Level 1:colcon.colcon_core.package_identification:_identify(Dynamixel/dynamixel_control) by extensions ['ros']
[0.142s] Level 1:colcon.colcon_core.package_identification:_identify(Dynamixel/dynamixel_control) by extension 'ros'
[0.143s] DEBUG:colcon.colcon_core.package_identification:Package 'Dynamixel/dynamixel_control' with type 'ros.ament_cmake' and name 'dynamixel_control'
[0.143s] Level 1:colcon.colcon_core.package_identification:_identify(Dynamixel/dynamixel_sdk) by extensions ['ignore', 'ignore_ament_install']
[0.143s] Level 1:colcon.colcon_core.package_identification:_identify(Dynamixel/dynamixel_sdk) by extension 'ignore'
[0.143s] Level 1:colcon.colcon_core.package_identification:_identify(Dynamixel/dynamixel_sdk) by extension 'ignore_ament_install'
[0.143s] Level 1:colcon.colcon_core.package_identification:_identify(Dynamixel/dynamixel_sdk) by extensions ['colcon_pkg']
[0.143s] Level 1:colcon.colcon_core.package_identification:_identify(Dynamixel/dynamixel_sdk) by extension 'colcon_pkg'
[0.143s] Level 1:colcon.colcon_core.package_identification:_identify(Dynamixel/dynamixel_sdk) by extensions ['colcon_meta']
[0.143s] Level 1:colcon.colcon_core.package_identification:_identify(Dynamixel/dynamixel_sdk) by extension 'colcon_meta'
[0.143s] Level 1:colcon.colcon_core.package_identification:_identify(Dynamixel/dynamixel_sdk) by extensions ['ros']
[0.144s] Level 1:colcon.colcon_core.package_identification:_identify(Dynamixel/dynamixel_sdk) by extension 'ros'
[0.144s] DEBUG:colcon.colcon_core.package_identification:Package 'Dynamixel/dynamixel_sdk' with type 'ros.ament_cmake' and name 'dynamixel_sdk'
[0.144s] Level 1:colcon.colcon_core.package_identification:_identify(Dynamixel/install) by extensions ['ignore', 'ignore_ament_install']
[0.144s] Level 1:colcon.colcon_core.package_identification:_identify(Dynamixel/install) by extension 'ignore'
[0.144s] Level 1:colcon.colcon_core.package_identification:_identify(Dynamixel/install) ignored
[0.144s] Level 1:colcon.colcon_core.package_identification:_identify(Dynamixel/log) by extensions ['ignore', 'ignore_ament_install']
[0.144s] Level 1:colcon.colcon_core.package_identification:_identify(Dynamixel/log) by extension 'ignore'
[0.144s] Level 1:colcon.colcon_core.package_identification:_identify(Dynamixel/log) ignored
[0.144s] Level 1:colcon.colcon_core.package_identification:_identify(build) by extensions ['ignore', 'ignore_ament_install']
[0.144s] Level 1:colcon.colcon_core.package_identification:_identify(build) by extension 'ignore'
[0.144s] Level 1:colcon.colcon_core.package_identification:_identify(build) ignored
[0.144s] Level 1:colcon.colcon_core.package_identification:_identify(install) by extensions ['ignore', 'ignore_ament_install']
[0.144s] Level 1:colcon.colcon_core.package_identification:_identify(install) by extension 'ignore'
[0.144s] Level 1:colcon.colcon_core.package_identification:_identify(install) ignored
[0.144s] Level 1:colcon.colcon_core.package_identification:_identify(log) by extensions ['ignore', 'ignore_ament_install']
[0.144s] Level 1:colcon.colcon_core.package_identification:_identify(log) by extension 'ignore'
[0.144s] Level 1:colcon.colcon_core.package_identification:_identify(log) ignored
[0.144s] Level 1:colcon.colcon_core.package_identification:_identify(moveit_gripper) by extensions ['ignore', 'ignore_ament_install']
[0.144s] Level 1:colcon.colcon_core.package_identification:_identify(moveit_gripper) by extension 'ignore'
[0.144s] Level 1:colcon.colcon_core.package_identification:_identify(moveit_gripper) by extension 'ignore_ament_install'
[0.144s] Level 1:colcon.colcon_core.package_identification:_identify(moveit_gripper) by extensions ['colcon_pkg']
[0.144s] Level 1:colcon.colcon_core.package_identification:_identify(moveit_gripper) by extension 'colcon_pkg'
[0.144s] Level 1:colcon.colcon_core.package_identification:_identify(moveit_gripper) by extensions ['colcon_meta']
[0.144s] Level 1:colcon.colcon_core.package_identification:_identify(moveit_gripper) by extension 'colcon_meta'
[0.144s] Level 1:colcon.colcon_core.package_identification:_identify(moveit_gripper) by extensions ['ros']
[0.144s] Level 1:colcon.colcon_core.package_identification:_identify(moveit_gripper) by extension 'ros'
[0.145s] DEBUG:colcon.colcon_core.package_identification:Package 'moveit_gripper' with type 'ros.ament_cmake' and name 'moveit_gripper'
[0.145s] Level 1:colcon.colcon_core.package_identification:_identify(robot_client) by extensions ['ignore', 'ignore_ament_install']
[0.145s] Level 1:colcon.colcon_core.package_identification:_identify(robot_client) by extension 'ignore'
[0.145s] Level 1:colcon.colcon_core.package_identification:_identify(robot_client) by extension 'ignore_ament_install'
[0.145s] Level 1:colcon.colcon_core.package_identification:_identify(robot_client) by extensions ['colcon_pkg']
[0.145s] Level 1:colcon.colcon_core.package_identification:_identify(robot_client) by extension 'colcon_pkg'
[0.145s] Level 1:colcon.colcon_core.package_identification:_identify(robot_client) by extensions ['colcon_meta']
[0.145s] Level 1:colcon.colcon_core.package_identification:_identify(robot_client) by extension 'colcon_meta'
[0.145s] Level 1:colcon.colcon_core.package_identification:_identify(robot_client) by extensions ['ros']
[0.145s] Level 1:colcon.colcon_core.package_identification:_identify(robot_client) by extension 'ros'
[0.146s] DEBUG:colcon.colcon_core.package_identification:Package 'robot_client' with type 'ros.ament_cmake' and name 'robot_client'
[0.146s] Level 1:colcon.colcon_core.package_discovery:discover_packages(recursive) using defaults
[0.146s] Level 1:colcon.colcon_core.package_discovery:discover_packages(ignore) discover
[0.146s] Level 1:colcon.colcon_core.package_discovery:discover_packages(ignore) using defaults
[0.146s] Level 1:colcon.colcon_core.package_discovery:discover_packages(path) discover
[0.146s] Level 1:colcon.colcon_core.package_discovery:discover_packages(path) using defaults
[0.161s] INFO:colcon.colcon_core.package_selection:Skipping not selected package 'dynamixel_sdk' in 'Dynamixel/dynamixel_sdk'
[0.161s] INFO:colcon.colcon_core.package_selection:Skipping not selected package 'moveit_gripper' in 'moveit_gripper'
[0.161s] INFO:colcon.colcon_core.package_selection:Skipping not selected package 'robot_client' in 'robot_client'
[0.162s] Level 1:colcon.colcon_core.package_discovery:discover_packages(prefix_path) check parameters
[0.162s] Level 1:colcon.colcon_core.package_discovery:discover_packages(prefix_path) discover
[0.163s] DEBUG:colcon.colcon_installed_package_information.package_discovery:Found 299 installed packages in /opt/ros/humble
[0.164s] Level 1:colcon.colcon_core.package_discovery:discover_packages(prefix_path) using defaults
[0.183s] Level 5:colcon.colcon_core.verb:set package 'dynamixel_control' build argument 'cmake_args' from command line to 'None'
[0.183s] Level 5:colcon.colcon_core.verb:set package 'dynamixel_control' build argument 'cmake_target' from command line to 'None'
[0.183s] Level 5:colcon.colcon_core.verb:set package 'dynamixel_control' build argument 'cmake_target_skip_unavailable' from command line to 'False'
[0.183s] Level 5:colcon.colcon_core.verb:set package 'dynamixel_control' build argument 'cmake_clean_cache' from command line to 'False'
[0.183s] Level 5:colcon.colcon_core.verb:set package 'dynamixel_control' build argument 'cmake_clean_first' from command line to 'False'
[0.183s] Level 5:colcon.colcon_core.verb:set package 'dynamixel_control' build argument 'cmake_force_configure' from command line to 'False'
[0.183s] Level 5:colcon.colcon_core.verb:set package 'dynamixel_control' build argument 'ament_cmake_args' from command line to 'None'
[0.183s] Level 5:colcon.colcon_core.verb:set package 'dynamixel_control' build argument 'catkin_cmake_args' from command line to 'None'
[0.183s] Level 5:colcon.colcon_core.verb:set package 'dynamixel_control' build argument 'catkin_skip_building_tests' from command line to 'False'
[0.183s] DEBUG:colcon.colcon_core.verb:Building package 'dynamixel_control' with the following arguments: {'ament_cmake_args': None, 'build_base': '/home/minwoong/OneDrive/JMW/dynamixel_8DOF/build/dynamixel_control', 'catkin_cmake_args': None, 'catkin_skip_building_tests': False, 'cmake_args': None, 'cmake_clean_cache': False, 'cmake_clean_first': False, 'cmake_force_configure': False, 'cmake_target': None, 'cmake_target_skip_unavailable': False, 'install_base': '/home/minwoong/OneDrive/JMW/dynamixel_8DOF/install/dynamixel_control', 'merge_install': False, 'path': '/home/minwoong/OneDrive/JMW/dynamixel_8DOF/Dynamixel/dynamixel_control', 'symlink_install': False, 'test_result_base': None}
[0.183s] INFO:colcon.colcon_core.executor:Executing jobs using 'parallel' executor
[0.184s] DEBUG:colcon.colcon_parallel_executor.executor.parallel:run_until_complete
[0.184s] INFO:colcon.colcon_ros.task.ament_cmake.build:Building ROS package in '/home/minwoong/OneDrive/JMW/dynamixel_8DOF/Dynamixel/dynamixel_control' with build type 'ament_cmake'
[0.184s] INFO:colcon.colcon_cmake.task.cmake.build:Building CMake package in '/home/minwoong/OneDrive/JMW/dynamixel_8DOF/Dynamixel/dynamixel_control'
[0.185s] INFO:colcon.colcon_core.plugin_system:Skipping extension 'colcon_core.shell.bat': Not used on non-Windows systems
[0.185s] INFO:colcon.colcon_core.shell:Skip shell extension 'powershell' for command environment: Not usable outside of PowerShell
[0.185s] DEBUG:colcon.colcon_core.shell:Skip shell extension 'dsv' for command environment
[0.186s] WARNING:colcon.colcon_core.shell:The following packages are in the workspace but haven't been built:
- dynamixel_sdk
They are being used from the following locations instead:
- /opt/ros/humble
To suppress this warning ignore these packages in the workspace:
--packages-ignore dynamixel_sdk
[0.190s] DEBUG:colcon.colcon_core.event_handler.log_command:Invoking command in '/home/minwoong/OneDrive/JMW/dynamixel_8DOF/build/dynamixel_control': CMAKE_PREFIX_PATH=/opt/ros/humble /usr/bin/cmake --build /home/minwoong/OneDrive/JMW/dynamixel_8DOF/build/dynamixel_control -- -j24 -l24
[4.693s] DEBUG:colcon.colcon_core.event_handler.log_command:Invoked command in '/home/minwoong/OneDrive/JMW/dynamixel_8DOF/build/dynamixel_control' returned '0': CMAKE_PREFIX_PATH=/opt/ros/humble /usr/bin/cmake --build /home/minwoong/OneDrive/JMW/dynamixel_8DOF/build/dynamixel_control -- -j24 -l24
[4.700s] DEBUG:colcon.colcon_core.event_handler.log_command:Invoking command in '/home/minwoong/OneDrive/JMW/dynamixel_8DOF/build/dynamixel_control': CMAKE_PREFIX_PATH=/opt/ros/humble /usr/bin/cmake --install /home/minwoong/OneDrive/JMW/dynamixel_8DOF/build/dynamixel_control
[4.716s] Level 1:colcon.colcon_core.environment:create_environment_scripts_only(dynamixel_control)
[4.722s] DEBUG:colcon.colcon_core.event_handler.log_command:Invoked command in '/home/minwoong/OneDrive/JMW/dynamixel_8DOF/build/dynamixel_control' returned '0': CMAKE_PREFIX_PATH=/opt/ros/humble /usr/bin/cmake --install /home/minwoong/OneDrive/JMW/dynamixel_8DOF/build/dynamixel_control
[4.723s] Level 1:colcon.colcon_core.environment:checking '/home/minwoong/OneDrive/JMW/dynamixel_8DOF/install/dynamixel_control' for CMake module files
[4.723s] Level 1:colcon.colcon_core.environment:checking '/home/minwoong/OneDrive/JMW/dynamixel_8DOF/install/dynamixel_control' for CMake config files
[4.723s] Level 1:colcon.colcon_core.shell:create_environment_hook('dynamixel_control', 'cmake_prefix_path')
[4.723s] INFO:colcon.colcon_core.shell:Creating environment hook '/home/minwoong/OneDrive/JMW/dynamixel_8DOF/install/dynamixel_control/share/dynamixel_control/hook/cmake_prefix_path.ps1'
[4.724s] INFO:colcon.colcon_core.shell:Creating environment descriptor '/home/minwoong/OneDrive/JMW/dynamixel_8DOF/install/dynamixel_control/share/dynamixel_control/hook/cmake_prefix_path.dsv'
[4.724s] INFO:colcon.colcon_core.shell:Creating environment hook '/home/minwoong/OneDrive/JMW/dynamixel_8DOF/install/dynamixel_control/share/dynamixel_control/hook/cmake_prefix_path.sh'
[4.724s] Level 1:colcon.colcon_core.environment:checking '/home/minwoong/OneDrive/JMW/dynamixel_8DOF/install/dynamixel_control/lib'
[4.724s] Level 1:colcon.colcon_core.environment:checking '/home/minwoong/OneDrive/JMW/dynamixel_8DOF/install/dynamixel_control/bin'
[4.724s] Level 1:colcon.colcon_core.environment:checking '/home/minwoong/OneDrive/JMW/dynamixel_8DOF/install/dynamixel_control/lib/pkgconfig/dynamixel_control.pc'
[4.724s] Level 1:colcon.colcon_core.environment:checking '/home/minwoong/OneDrive/JMW/dynamixel_8DOF/install/dynamixel_control/lib/python3.10/site-packages'
[4.724s] Level 1:colcon.colcon_core.environment:checking '/home/minwoong/OneDrive/JMW/dynamixel_8DOF/install/dynamixel_control/bin'
[4.725s] INFO:colcon.colcon_core.shell:Creating package script '/home/minwoong/OneDrive/JMW/dynamixel_8DOF/install/dynamixel_control/share/dynamixel_control/package.ps1'
[4.725s] INFO:colcon.colcon_core.shell:Creating package descriptor '/home/minwoong/OneDrive/JMW/dynamixel_8DOF/install/dynamixel_control/share/dynamixel_control/package.dsv'
[4.725s] INFO:colcon.colcon_core.shell:Creating package script '/home/minwoong/OneDrive/JMW/dynamixel_8DOF/install/dynamixel_control/share/dynamixel_control/package.sh'
[4.725s] INFO:colcon.colcon_core.shell:Creating package script '/home/minwoong/OneDrive/JMW/dynamixel_8DOF/install/dynamixel_control/share/dynamixel_control/package.bash'
[4.726s] INFO:colcon.colcon_core.shell:Creating package script '/home/minwoong/OneDrive/JMW/dynamixel_8DOF/install/dynamixel_control/share/dynamixel_control/package.zsh'
[4.726s] Level 1:colcon.colcon_core.environment:create_file_with_runtime_dependencies(/home/minwoong/OneDrive/JMW/dynamixel_8DOF/install/dynamixel_control/share/colcon-core/packages/dynamixel_control)
[4.726s] Level 1:colcon.colcon_core.environment:create_environment_scripts_only(dynamixel_control)
[4.726s] Level 1:colcon.colcon_core.environment:checking '/home/minwoong/OneDrive/JMW/dynamixel_8DOF/install/dynamixel_control' for CMake module files
[4.727s] Level 1:colcon.colcon_core.environment:checking '/home/minwoong/OneDrive/JMW/dynamixel_8DOF/install/dynamixel_control' for CMake config files
[4.727s] Level 1:colcon.colcon_core.shell:create_environment_hook('dynamixel_control', 'cmake_prefix_path')
[4.727s] INFO:colcon.colcon_core.shell:Creating environment hook '/home/minwoong/OneDrive/JMW/dynamixel_8DOF/install/dynamixel_control/share/dynamixel_control/hook/cmake_prefix_path.ps1'
[4.727s] INFO:colcon.colcon_core.shell:Creating environment descriptor '/home/minwoong/OneDrive/JMW/dynamixel_8DOF/install/dynamixel_control/share/dynamixel_control/hook/cmake_prefix_path.dsv'
[4.727s] INFO:colcon.colcon_core.shell:Creating environment hook '/home/minwoong/OneDrive/JMW/dynamixel_8DOF/install/dynamixel_control/share/dynamixel_control/hook/cmake_prefix_path.sh'
[4.727s] Level 1:colcon.colcon_core.environment:checking '/home/minwoong/OneDrive/JMW/dynamixel_8DOF/install/dynamixel_control/lib'
[4.727s] Level 1:colcon.colcon_core.environment:checking '/home/minwoong/OneDrive/JMW/dynamixel_8DOF/install/dynamixel_control/bin'
[4.727s] Level 1:colcon.colcon_core.environment:checking '/home/minwoong/OneDrive/JMW/dynamixel_8DOF/install/dynamixel_control/lib/pkgconfig/dynamixel_control.pc'
[4.728s] Level 1:colcon.colcon_core.environment:checking '/home/minwoong/OneDrive/JMW/dynamixel_8DOF/install/dynamixel_control/lib/python3.10/site-packages'
[4.728s] Level 1:colcon.colcon_core.environment:checking '/home/minwoong/OneDrive/JMW/dynamixel_8DOF/install/dynamixel_control/bin'
[4.728s] INFO:colcon.colcon_core.shell:Creating package script '/home/minwoong/OneDrive/JMW/dynamixel_8DOF/install/dynamixel_control/share/dynamixel_control/package.ps1'
[4.728s] INFO:colcon.colcon_core.shell:Creating package descriptor '/home/minwoong/OneDrive/JMW/dynamixel_8DOF/install/dynamixel_control/share/dynamixel_control/package.dsv'
[4.728s] INFO:colcon.colcon_core.shell:Creating package script '/home/minwoong/OneDrive/JMW/dynamixel_8DOF/install/dynamixel_control/share/dynamixel_control/package.sh'
[4.728s] INFO:colcon.colcon_core.shell:Creating package script '/home/minwoong/OneDrive/JMW/dynamixel_8DOF/install/dynamixel_control/share/dynamixel_control/package.bash'
[4.729s] INFO:colcon.colcon_core.shell:Creating package script '/home/minwoong/OneDrive/JMW/dynamixel_8DOF/install/dynamixel_control/share/dynamixel_control/package.zsh'
[4.729s] Level 1:colcon.colcon_core.environment:create_file_with_runtime_dependencies(/home/minwoong/OneDrive/JMW/dynamixel_8DOF/install/dynamixel_control/share/colcon-core/packages/dynamixel_control)
[4.729s] DEBUG:colcon.colcon_parallel_executor.executor.parallel:closing loop
[4.729s] DEBUG:colcon.colcon_parallel_executor.executor.parallel:loop closed
[4.729s] DEBUG:colcon.colcon_parallel_executor.executor.parallel:run_until_complete finished with '0'
[4.729s] DEBUG:colcon.colcon_core.event_reactor:joining thread
[4.732s] INFO:colcon.colcon_core.plugin_system:Skipping extension 'colcon_notification.desktop_notification.terminal_notifier': Not used on non-Darwin systems
[4.732s] INFO:colcon.colcon_core.plugin_system:Skipping extension 'colcon_notification.desktop_notification.win32': Not used on non-Windows systems
[4.732s] INFO:colcon.colcon_notification.desktop_notification:Sending desktop notification using 'notify2'
[4.739s] DEBUG:colcon.colcon_core.event_reactor:joined thread
[4.739s] INFO:colcon.colcon_core.shell:Creating prefix script '/home/minwoong/OneDrive/JMW/dynamixel_8DOF/install/local_setup.ps1'
[4.740s] INFO:colcon.colcon_core.shell:Creating prefix util module '/home/minwoong/OneDrive/JMW/dynamixel_8DOF/install/_local_setup_util_ps1.py'
[4.740s] INFO:colcon.colcon_core.shell:Creating prefix chain script '/home/minwoong/OneDrive/JMW/dynamixel_8DOF/install/setup.ps1'
[4.741s] INFO:colcon.colcon_core.shell:Creating prefix script '/home/minwoong/OneDrive/JMW/dynamixel_8DOF/install/local_setup.sh'
[4.741s] INFO:colcon.colcon_core.shell:Creating prefix util module '/home/minwoong/OneDrive/JMW/dynamixel_8DOF/install/_local_setup_util_sh.py'
[4.741s] INFO:colcon.colcon_core.shell:Creating prefix chain script '/home/minwoong/OneDrive/JMW/dynamixel_8DOF/install/setup.sh'
[4.742s] INFO:colcon.colcon_core.shell:Creating prefix script '/home/minwoong/OneDrive/JMW/dynamixel_8DOF/install/local_setup.bash'
[4.742s] INFO:colcon.colcon_core.shell:Creating prefix chain script '/home/minwoong/OneDrive/JMW/dynamixel_8DOF/install/setup.bash'
[4.742s] INFO:colcon.colcon_core.shell:Creating prefix script '/home/minwoong/OneDrive/JMW/dynamixel_8DOF/install/local_setup.zsh'
[4.743s] INFO:colcon.colcon_core.shell:Creating prefix chain script '/home/minwoong/OneDrive/JMW/dynamixel_8DOF/install/setup.zsh'
