[0.007s] Invoking command in '/home/jmw/ROS2/AVATAR/Dynamixel/build/dynamixel_sdk': CMAKE_PREFIX_PATH=${CMAKE_PREFIX_PATH}:/opt/ros/humble /usr/bin/cmake /home/jmw/ROS2/AVATAR/Dynamixel/dynamixel_sdk -DAMENT_CMAKE_SYMLINK_INSTALL=1 -DCMAKE_INSTALL_PREFIX=/home/jmw/ROS2/AVATAR/Dynamixel/install/dynamixel_sdk
[0.737s] -- The C compiler identification is GNU 11.4.0
[0.986s] -- The CXX compiler identification is GNU 11.4.0
[1.052s] -- Detecting C compiler ABI info
[1.236s] -- Detecting C compiler ABI info - done
[1.242s] -- Check for working C compiler: /usr/bin/cc - skipped
[1.242s] -- Detecting C compile features
[1.250s] -- Detecting C compile features - done
[1.253s] -- Detecting CXX compiler ABI info
[1.329s] -- Detecting CXX compiler ABI info - done
[1.335s] -- Check for working CXX compiler: /usr/bin/c++ - skipped
[1.335s] -- Detecting CXX compile features
[1.336s] -- Detecting CXX compile features - done
[1.370s] -- Found ament_cmake: 1.3.11 (/opt/ros/humble/share/ament_cmake/cmake)
[1.553s] -- Found Python3: /usr/bin/python3 (found version "3.10.12") found components: Interpreter 
[1.641s] -- Override CMake install command with custom implementation using symlinks instead of copying resources
[1.801s] -- Configuring done
[1.813s] -- Generating done
[1.819s] -- Build files have been written to: /home/jmw/ROS2/AVATAR/Dynamixel/build/dynamixel_sdk
[1.830s] Invoked command in '/home/jmw/ROS2/AVATAR/Dynamixel/build/dynamixel_sdk' returned '0': CMAKE_PREFIX_PATH=${CMAKE_PREFIX_PATH}:/opt/ros/humble /usr/bin/cmake /home/jmw/ROS2/AVATAR/Dynamixel/dynamixel_sdk -DAMENT_CMAKE_SYMLINK_INSTALL=1 -DCMAKE_INSTALL_PREFIX=/home/jmw/ROS2/AVATAR/Dynamixel/install/dynamixel_sdk
[1.835s] Invoking command in '/home/jmw/ROS2/AVATAR/Dynamixel/build/dynamixel_sdk': CMAKE_PREFIX_PATH=${CMAKE_PREFIX_PATH}:/opt/ros/humble /usr/bin/cmake --build /home/jmw/ROS2/AVATAR/Dynamixel/build/dynamixel_sdk -- -j12 -l12
[1.873s] [ 20%] [32mBuilding CXX object CMakeFiles/dynamixel_sdk.dir/src/dynamixel_sdk/protocol2_packet_handler.cpp.o[0m
[1.873s] [ 20%] [32mBuilding CXX object CMakeFiles/dynamixel_sdk.dir/src/dynamixel_sdk/protocol1_packet_handler.cpp.o[0m
[1.873s] [ 30%] [32mBuilding CXX object CMakeFiles/dynamixel_sdk.dir/src/dynamixel_sdk/port_handler_linux.cpp.o[0m
[1.874s] [ 40%] [32mBuilding CXX object CMakeFiles/dynamixel_sdk.dir/src/dynamixel_sdk/packet_handler.cpp.o[0m
[1.875s] [ 50%] [32mBuilding CXX object CMakeFiles/dynamixel_sdk.dir/src/dynamixel_sdk/group_sync_read.cpp.o[0m
[1.875s] [ 60%] [32mBuilding CXX object CMakeFiles/dynamixel_sdk.dir/src/dynamixel_sdk/group_sync_write.cpp.o[0m
[1.875s] [ 70%] [32mBuilding CXX object CMakeFiles/dynamixel_sdk.dir/src/dynamixel_sdk/group_bulk_write.cpp.o[0m
[1.876s] [ 80%] [32mBuilding CXX object CMakeFiles/dynamixel_sdk.dir/src/dynamixel_sdk/group_bulk_read.cpp.o[0m
[1.876s] [ 90%] [32mBuilding CXX object CMakeFiles/dynamixel_sdk.dir/src/dynamixel_sdk/port_handler.cpp.o[0m
[2.678s] [100%] [32m[1mLinking CXX shared library libdynamixel_sdk.so[0m
[2.733s] [100%] Built target dynamixel_sdk
[2.740s] Invoked command in '/home/jmw/ROS2/AVATAR/Dynamixel/build/dynamixel_sdk' returned '0': CMAKE_PREFIX_PATH=${CMAKE_PREFIX_PATH}:/opt/ros/humble /usr/bin/cmake --build /home/jmw/ROS2/AVATAR/Dynamixel/build/dynamixel_sdk -- -j12 -l12
[2.747s] Invoking command in '/home/jmw/ROS2/AVATAR/Dynamixel/build/dynamixel_sdk': CMAKE_PREFIX_PATH=${CMAKE_PREFIX_PATH}:/opt/ros/humble /usr/bin/cmake --install /home/jmw/ROS2/AVATAR/Dynamixel/build/dynamixel_sdk
[2.751s] -- Install configuration: ""
[2.751s] -- Execute custom install script
[2.752s] -- Symlinking: /home/jmw/ROS2/AVATAR/Dynamixel/install/dynamixel_sdk/include//dynamixel_sdk/dynamixel_sdk.h
[2.757s] -- Symlinking: /home/jmw/ROS2/AVATAR/Dynamixel/install/dynamixel_sdk/include//dynamixel_sdk/group_bulk_read.h
[2.762s] -- Symlinking: /home/jmw/ROS2/AVATAR/Dynamixel/install/dynamixel_sdk/include//dynamixel_sdk/group_bulk_write.h
[2.767s] -- Symlinking: /home/jmw/ROS2/AVATAR/Dynamixel/install/dynamixel_sdk/include//dynamixel_sdk/group_sync_read.h
[2.772s] -- Symlinking: /home/jmw/ROS2/AVATAR/Dynamixel/install/dynamixel_sdk/include//dynamixel_sdk/group_sync_write.h
[2.777s] -- Symlinking: /home/jmw/ROS2/AVATAR/Dynamixel/install/dynamixel_sdk/include//dynamixel_sdk/packet_handler.h
[2.782s] -- Symlinking: /home/jmw/ROS2/AVATAR/Dynamixel/install/dynamixel_sdk/include//dynamixel_sdk/port_handler.h
[2.787s] -- Symlinking: /home/jmw/ROS2/AVATAR/Dynamixel/install/dynamixel_sdk/include//dynamixel_sdk/port_handler_arduino.h
[2.791s] -- Symlinking: /home/jmw/ROS2/AVATAR/Dynamixel/install/dynamixel_sdk/include//dynamixel_sdk/port_handler_linux.h
[2.796s] -- Symlinking: /home/jmw/ROS2/AVATAR/Dynamixel/install/dynamixel_sdk/include//dynamixel_sdk/port_handler_mac.h
[2.801s] -- Symlinking: /home/jmw/ROS2/AVATAR/Dynamixel/install/dynamixel_sdk/include//dynamixel_sdk/port_handler_windows.h
[2.806s] -- Symlinking: /home/jmw/ROS2/AVATAR/Dynamixel/install/dynamixel_sdk/include//dynamixel_sdk/protocol1_packet_handler.h
[2.811s] -- Symlinking: /home/jmw/ROS2/AVATAR/Dynamixel/install/dynamixel_sdk/include//dynamixel_sdk/protocol2_packet_handler.h
[2.815s] -- Symlinking: /home/jmw/ROS2/AVATAR/Dynamixel/install/dynamixel_sdk/lib/libdynamixel_sdk.so
[2.821s] -- Symlinking: /home/jmw/ROS2/AVATAR/Dynamixel/install/dynamixel_sdk/share/dynamixel_sdk/environment/library_path.sh
[2.826s] -- Symlinking: /home/jmw/ROS2/AVATAR/Dynamixel/install/dynamixel_sdk/share/dynamixel_sdk/environment/library_path.dsv
[2.831s] -- Symlinking: /home/jmw/ROS2/AVATAR/Dynamixel/install/dynamixel_sdk/share/ament_index/resource_index/package_run_dependencies/dynamixel_sdk
[2.836s] -- Symlinking: /home/jmw/ROS2/AVATAR/Dynamixel/install/dynamixel_sdk/share/ament_index/resource_index/parent_prefix_path/dynamixel_sdk
[2.841s] -- Symlinking: /home/jmw/ROS2/AVATAR/Dynamixel/install/dynamixel_sdk/share/dynamixel_sdk/environment/ament_prefix_path.sh
[2.846s] -- Symlinking: /home/jmw/ROS2/AVATAR/Dynamixel/install/dynamixel_sdk/share/dynamixel_sdk/environment/ament_prefix_path.dsv
[2.851s] -- Symlinking: /home/jmw/ROS2/AVATAR/Dynamixel/install/dynamixel_sdk/share/dynamixel_sdk/environment/path.sh
[2.856s] -- Symlinking: /home/jmw/ROS2/AVATAR/Dynamixel/install/dynamixel_sdk/share/dynamixel_sdk/environment/path.dsv
[2.861s] -- Symlinking: /home/jmw/ROS2/AVATAR/Dynamixel/install/dynamixel_sdk/share/dynamixel_sdk/local_setup.bash
[2.866s] -- Symlinking: /home/jmw/ROS2/AVATAR/Dynamixel/install/dynamixel_sdk/share/dynamixel_sdk/local_setup.sh
[2.871s] -- Symlinking: /home/jmw/ROS2/AVATAR/Dynamixel/install/dynamixel_sdk/share/dynamixel_sdk/local_setup.zsh
[2.876s] -- Symlinking: /home/jmw/ROS2/AVATAR/Dynamixel/install/dynamixel_sdk/share/dynamixel_sdk/local_setup.dsv
[2.881s] -- Symlinking: /home/jmw/ROS2/AVATAR/Dynamixel/install/dynamixel_sdk/share/dynamixel_sdk/package.dsv
[2.887s] -- Symlinking: /home/jmw/ROS2/AVATAR/Dynamixel/install/dynamixel_sdk/share/ament_index/resource_index/packages/dynamixel_sdk
[2.891s] -- Symlinking: /home/jmw/ROS2/AVATAR/Dynamixel/install/dynamixel_sdk/share/dynamixel_sdk/cmake/ament_cmake_export_include_directories-extras.cmake
[2.897s] -- Symlinking: /home/jmw/ROS2/AVATAR/Dynamixel/install/dynamixel_sdk/share/dynamixel_sdk/cmake/ament_cmake_export_libraries-extras.cmake
[2.902s] -- Symlinking: /home/jmw/ROS2/AVATAR/Dynamixel/install/dynamixel_sdk/share/dynamixel_sdk/cmake/dynamixel_sdkConfig.cmake
[2.906s] -- Symlinking: /home/jmw/ROS2/AVATAR/Dynamixel/install/dynamixel_sdk/share/dynamixel_sdk/cmake/dynamixel_sdkConfig-version.cmake
[2.911s] -- Symlinking: /home/jmw/ROS2/AVATAR/Dynamixel/install/dynamixel_sdk/share/dynamixel_sdk/package.xml
[2.918s] Invoked command in '/home/jmw/ROS2/AVATAR/Dynamixel/build/dynamixel_sdk' returned '0': CMAKE_PREFIX_PATH=${CMAKE_PREFIX_PATH}:/opt/ros/humble /usr/bin/cmake --install /home/jmw/ROS2/AVATAR/Dynamixel/build/dynamixel_sdk
