[0.008s] Invoking command in '/home/jmw/ROS2/AVATAR/Dynamixel/build/dynamixel_control': CMAKE_PREFIX_PATH=/home/jmw/ROS2/AVATAR/Dynamixel/install/dynamixel_sdk:/home/jmw/ROS2/AVATAR/Dynamixel/install/dynamixel_control:/opt/ros/humble /usr/bin/cmake --build /home/jmw/ROS2/AVATAR/Dynamixel/build/dynamixel_control -- -j12 -l12
[0.047s] [35m[1mConsolidate compiler generated dependencies of target torque_check[0m
[0.058s] [ 14%] Built target csv_joint_state_publisher
[0.062s] [ 28%] Built target joint_state_publisher
[0.062s] [ 42%] [32mBuilding CXX object CMakeFiles/torque_read_degree_write.dir/src/torque_read_degree_write.cpp.o[0m
[0.062s] [ 50%] Built target torque_compensation_node
[0.062s] [ 64%] Built target rviz_visualization_node
[0.063s] [ 78%] Built target read_write_node
[0.068s] [ 85%] [32mBuilding CXX object CMakeFiles/torque_check.dir/src/torque_check.cpp.o[0m
[4.920s] [ 92%] [32m[1mLinking CXX executable torque_check[0m
[5.134s] [ 92%] Built target torque_check
[9.256s] [100%] [32m[1mLinking CXX executable torque_read_degree_write[0m
[9.636s] [100%] Built target torque_read_degree_write
[9.647s] Invoked command in '/home/jmw/ROS2/AVATAR/Dynamixel/build/dynamixel_control' returned '0': CMAKE_PREFIX_PATH=/home/jmw/ROS2/AVATAR/Dynamixel/install/dynamixel_sdk:/home/jmw/ROS2/AVATAR/Dynamixel/install/dynamixel_control:/opt/ros/humble /usr/bin/cmake --build /home/jmw/ROS2/AVATAR/Dynamixel/build/dynamixel_control -- -j12 -l12
[9.649s] Invoking command in '/home/jmw/ROS2/AVATAR/Dynamixel/build/dynamixel_control': CMAKE_PREFIX_PATH=/home/jmw/ROS2/AVATAR/Dynamixel/install/dynamixel_sdk:/home/jmw/ROS2/AVATAR/Dynamixel/install/dynamixel_control:/opt/ros/humble /usr/bin/cmake --install /home/jmw/ROS2/AVATAR/Dynamixel/build/dynamixel_control
[9.656s] -- Install configuration: ""
[9.656s] -- Execute custom install script
[9.656s] -- Up-to-date symlink: /home/jmw/ROS2/AVATAR/Dynamixel/install/dynamixel_control/lib/dynamixel_control/read_write_node
[9.657s] -- Up-to-date symlink: /home/jmw/ROS2/AVATAR/Dynamixel/install/dynamixel_control/lib/dynamixel_control/joint_state_publisher
[9.657s] -- Up-to-date symlink: /home/jmw/ROS2/AVATAR/Dynamixel/install/dynamixel_control/lib/dynamixel_control/csv_joint_state_publisher
[9.657s] -- Up-to-date symlink: /home/jmw/ROS2/AVATAR/Dynamixel/install/dynamixel_control/lib/dynamixel_control/torque_check
[9.657s] -- Up-to-date symlink: /home/jmw/ROS2/AVATAR/Dynamixel/install/dynamixel_control/lib/dynamixel_control/rviz_visualization_node
[9.657s] -- Up-to-date symlink: /home/jmw/ROS2/AVATAR/Dynamixel/install/dynamixel_control/lib/dynamixel_control/torque_compensation_node
[9.657s] -- Up-to-date symlink: /home/jmw/ROS2/AVATAR/Dynamixel/install/dynamixel_control/lib/dynamixel_control/torque_read_degree_write
[9.658s] -- Symlinking: /home/jmw/ROS2/AVATAR/Dynamixel/install/dynamixel_control/share/dynamixel_control//launch/__pycache__/robot_visualization.launch.cpython-310.pyc
[9.666s] -- Up-to-date symlink: /home/jmw/ROS2/AVATAR/Dynamixel/install/dynamixel_control/share/dynamixel_control//launch/robot_visualization.launch.py
[9.666s] -- Up-to-date symlink: /home/jmw/ROS2/AVATAR/Dynamixel/install/dynamixel_control/share/dynamixel_control//launch/robot_visualization.launch.xml
[9.666s] -- Up-to-date symlink: /home/jmw/ROS2/AVATAR/Dynamixel/install/dynamixel_control/share/dynamixel_control//data/csv/01_Default_두리번.csv
[9.667s] -- Up-to-date symlink: /home/jmw/ROS2/AVATAR/Dynamixel/install/dynamixel_control/share/dynamixel_control//data/csv/02_Default_두리번2.csv
[9.667s] -- Up-to-date symlink: /home/jmw/ROS2/AVATAR/Dynamixel/install/dynamixel_control/share/dynamixel_control//data/csv/03_Default_두리번3.csv
[9.667s] -- Up-to-date symlink: /home/jmw/ROS2/AVATAR/Dynamixel/install/dynamixel_control/share/dynamixel_control//data/csv/04_호객행위.csv
[9.667s] -- Up-to-date symlink: /home/jmw/ROS2/AVATAR/Dynamixel/install/dynamixel_control/share/dynamixel_control//data/csv/05_인사.csv
[9.667s] -- Up-to-date symlink: /home/jmw/ROS2/AVATAR/Dynamixel/install/dynamixel_control/share/dynamixel_control//data/csv/06_춤.csv
[9.667s] -- Up-to-date symlink: /home/jmw/ROS2/AVATAR/Dynamixel/install/dynamixel_control/share/dynamixel_control//data/csv/sincostra.csv
[9.668s] -- Up-to-date symlink: /home/jmw/ROS2/AVATAR/Dynamixel/install/dynamixel_control/share/dynamixel_control//data/csv/torquecheck.csv
[9.668s] -- Up-to-date symlink: /home/jmw/ROS2/AVATAR/Dynamixel/install/dynamixel_control/share/dynamixel_control//data/csv/torquecheck.xlsx
[9.668s] -- Up-to-date symlink: /home/jmw/ROS2/AVATAR/Dynamixel/install/dynamixel_control/share/dynamixel_control//data/csv/torquecheck2.csv
[9.669s] -- Up-to-date symlink: /home/jmw/ROS2/AVATAR/Dynamixel/install/dynamixel_control/share/dynamixel_control//urdf/AVATAR_URDF_Test3.urdf
[9.669s] -- Up-to-date symlink: /home/jmw/ROS2/AVATAR/Dynamixel/install/dynamixel_control/share/dynamixel_control//urdf/meshes/Base.stl
[9.669s] -- Up-to-date symlink: /home/jmw/ROS2/AVATAR/Dynamixel/install/dynamixel_control/share/dynamixel_control//urdf/meshes/Head.stl
[9.669s] -- Up-to-date symlink: /home/jmw/ROS2/AVATAR/Dynamixel/install/dynamixel_control/share/dynamixel_control//urdf/meshes/L_Forearm.stl
[9.669s] -- Up-to-date symlink: /home/jmw/ROS2/AVATAR/Dynamixel/install/dynamixel_control/share/dynamixel_control//urdf/meshes/L_Shoulder1.stl
[9.670s] -- Up-to-date symlink: /home/jmw/ROS2/AVATAR/Dynamixel/install/dynamixel_control/share/dynamixel_control//urdf/meshes/L_Shoulder2.stl
[9.670s] -- Up-to-date symlink: /home/jmw/ROS2/AVATAR/Dynamixel/install/dynamixel_control/share/dynamixel_control//urdf/meshes/L_Shoulder3.stl
[9.670s] -- Up-to-date symlink: /home/jmw/ROS2/AVATAR/Dynamixel/install/dynamixel_control/share/dynamixel_control//urdf/meshes/L_Upperarm.stl
[9.670s] -- Up-to-date symlink: /home/jmw/ROS2/AVATAR/Dynamixel/install/dynamixel_control/share/dynamixel_control//urdf/meshes/L_Wrist1.stl
[9.670s] -- Up-to-date symlink: /home/jmw/ROS2/AVATAR/Dynamixel/install/dynamixel_control/share/dynamixel_control//urdf/meshes/L_Wrist2.stl
[9.671s] -- Up-to-date symlink: /home/jmw/ROS2/AVATAR/Dynamixel/install/dynamixel_control/share/dynamixel_control//urdf/meshes/L_Wrist3.stl
[9.671s] -- Up-to-date symlink: /home/jmw/ROS2/AVATAR/Dynamixel/install/dynamixel_control/share/dynamixel_control//urdf/meshes/Neck1.stl
[9.671s] -- Up-to-date symlink: /home/jmw/ROS2/AVATAR/Dynamixel/install/dynamixel_control/share/dynamixel_control//urdf/meshes/Neck2.stl
[9.671s] -- Up-to-date symlink: /home/jmw/ROS2/AVATAR/Dynamixel/install/dynamixel_control/share/dynamixel_control//urdf/meshes/R_Forearm.stl
[9.671s] -- Up-to-date symlink: /home/jmw/ROS2/AVATAR/Dynamixel/install/dynamixel_control/share/dynamixel_control//urdf/meshes/R_Shoulder1.stl
[9.671s] -- Up-to-date symlink: /home/jmw/ROS2/AVATAR/Dynamixel/install/dynamixel_control/share/dynamixel_control//urdf/meshes/R_Shoulder2.stl
[9.672s] -- Up-to-date symlink: /home/jmw/ROS2/AVATAR/Dynamixel/install/dynamixel_control/share/dynamixel_control//urdf/meshes/R_Shoulder3.stl
[9.672s] -- Up-to-date symlink: /home/jmw/ROS2/AVATAR/Dynamixel/install/dynamixel_control/share/dynamixel_control//urdf/meshes/R_Upperarm.stl
[9.672s] -- Up-to-date symlink: /home/jmw/ROS2/AVATAR/Dynamixel/install/dynamixel_control/share/dynamixel_control//urdf/meshes/R_Wrist1.stl
[9.672s] -- Up-to-date symlink: /home/jmw/ROS2/AVATAR/Dynamixel/install/dynamixel_control/share/dynamixel_control//urdf/meshes/R_Wrist2.stl
[9.672s] -- Up-to-date symlink: /home/jmw/ROS2/AVATAR/Dynamixel/install/dynamixel_control/share/dynamixel_control//urdf/meshes/R_Wrist3.stl
[9.673s] -- Up-to-date symlink: /home/jmw/ROS2/AVATAR/Dynamixel/install/dynamixel_control/share/dynamixel_control//urdf/meshes/Waist_Bottom.stl
[9.673s] -- Up-to-date symlink: /home/jmw/ROS2/AVATAR/Dynamixel/install/dynamixel_control/share/dynamixel_control//urdf/meshes/Waist_Top.stl
[9.673s] -- Up-to-date symlink: /home/jmw/ROS2/AVATAR/Dynamixel/install/dynamixel_control/share/ament_index/resource_index/package_run_dependencies/dynamixel_control
[9.673s] -- Up-to-date symlink: /home/jmw/ROS2/AVATAR/Dynamixel/install/dynamixel_control/share/ament_index/resource_index/parent_prefix_path/dynamixel_control
[9.673s] -- Up-to-date symlink: /home/jmw/ROS2/AVATAR/Dynamixel/install/dynamixel_control/share/dynamixel_control/environment/ament_prefix_path.sh
[9.674s] -- Up-to-date symlink: /home/jmw/ROS2/AVATAR/Dynamixel/install/dynamixel_control/share/dynamixel_control/environment/ament_prefix_path.dsv
[9.674s] -- Up-to-date symlink: /home/jmw/ROS2/AVATAR/Dynamixel/install/dynamixel_control/share/dynamixel_control/environment/path.sh
[9.674s] -- Up-to-date symlink: /home/jmw/ROS2/AVATAR/Dynamixel/install/dynamixel_control/share/dynamixel_control/environment/path.dsv
[9.674s] -- Up-to-date symlink: /home/jmw/ROS2/AVATAR/Dynamixel/install/dynamixel_control/share/dynamixel_control/local_setup.bash
[9.675s] -- Up-to-date symlink: /home/jmw/ROS2/AVATAR/Dynamixel/install/dynamixel_control/share/dynamixel_control/local_setup.sh
[9.675s] -- Up-to-date symlink: /home/jmw/ROS2/AVATAR/Dynamixel/install/dynamixel_control/share/dynamixel_control/local_setup.zsh
[9.675s] -- Up-to-date symlink: /home/jmw/ROS2/AVATAR/Dynamixel/install/dynamixel_control/share/dynamixel_control/local_setup.dsv
[9.675s] -- Symlinking: /home/jmw/ROS2/AVATAR/Dynamixel/install/dynamixel_control/share/dynamixel_control/package.dsv
[9.684s] -- Up-to-date symlink: /home/jmw/ROS2/AVATAR/Dynamixel/install/dynamixel_control/share/ament_index/resource_index/packages/dynamixel_control
[9.684s] -- Up-to-date symlink: /home/jmw/ROS2/AVATAR/Dynamixel/install/dynamixel_control/share/dynamixel_control/cmake/dynamixel_controlConfig.cmake
[9.684s] -- Up-to-date symlink: /home/jmw/ROS2/AVATAR/Dynamixel/install/dynamixel_control/share/dynamixel_control/cmake/dynamixel_controlConfig-version.cmake
[9.684s] -- Up-to-date symlink: /home/jmw/ROS2/AVATAR/Dynamixel/install/dynamixel_control/share/dynamixel_control/package.xml
[9.686s] Invoked command in '/home/jmw/ROS2/AVATAR/Dynamixel/build/dynamixel_control' returned '0': CMAKE_PREFIX_PATH=/home/jmw/ROS2/AVATAR/Dynamixel/install/dynamixel_sdk:/home/jmw/ROS2/AVATAR/Dynamixel/install/dynamixel_control:/opt/ros/humble /usr/bin/cmake --install /home/jmw/ROS2/AVATAR/Dynamixel/build/dynamixel_control
