[0.007s] Invoking command in '/home/minwoong/OneDrive/JMW/dynamixel_8DOF/Dynamixel/build/dynamixel_control': CMAKE_PREFIX_PATH=/home/minwoong/OneDrive/JMW/dynamixel_8DOF/Dynamixel/install/dynamixel_sdk:/home/minwoong/OneDrive/JMW/dynamixel_8DOF/Dynamixel/install/dynamixel_control:/opt/ros/humble /usr/bin/cmake --build /home/minwoong/OneDrive/JMW/dynamixel_8DOF/Dynamixel/build/dynamixel_control -- -j24 -l24
[0.050s] -- Found ament_cmake: 1.3.11 (/opt/ros/humble/share/ament_cmake/cmake)
[0.121s] -- Override CMake install command with custom implementation using symlinks instead of copying resources
[0.137s] -- Found dynamixel_sdk: 3.7.60 (/home/minwoong/OneDrive/JMW/dynamixel_8DOF/Dynamixel/install/dynamixel_sdk/share/dynamixel_sdk/cmake)
[0.138s] -- Found rclcpp: 16.0.12 (/opt/ros/humble/share/rclcpp/cmake)
[0.162s] -- Found rosidl_generator_c: 3.1.6 (/opt/ros/humble/share/rosidl_generator_c/cmake)
[0.164s] -- Found rosidl_adapter: 3.1.6 (/opt/ros/humble/share/rosidl_adapter/cmake)
[0.169s] -- Found rosidl_generator_cpp: 3.1.6 (/opt/ros/humble/share/rosidl_generator_cpp/cmake)
[0.176s] -- Using all available rosidl_typesupport_c: rosidl_typesupport_fastrtps_c;rosidl_typesupport_introspection_c
[0.184s] -- Using all available rosidl_typesupport_cpp: rosidl_typesupport_fastrtps_cpp;rosidl_typesupport_introspection_cpp
[0.205s] -- Found rmw_implementation_cmake: 6.1.2 (/opt/ros/humble/share/rmw_implementation_cmake/cmake)
[0.206s] -- Found rmw_fastrtps_cpp: 6.2.7 (/opt/ros/humble/share/rmw_fastrtps_cpp/cmake)
[0.273s] -- Using RMW implementation 'rmw_fastrtps_cpp' as default
[0.305s] -- Found sensor_msgs: 4.8.0 (/opt/ros/humble/share/sensor_msgs/cmake)
[0.323s] -- Found std_srvs: 4.8.0 (/opt/ros/humble/share/std_srvs/cmake)
[0.329s] -- Found urdf: 2.6.1 (/opt/ros/humble/share/urdf/cmake)
[0.344s] -- Found rviz_visual_tools: 4.1.4 (/opt/ros/humble/share/rviz_visual_tools/cmake)
[0.395s] -- Setting assimp_DIR to: '/opt/ros/humble/share/rviz_assimp_vendor/cmake/../../../opt/rviz_assimp_vendor/lib/cmake/assimp-4.1'
[0.398s] -- Setting OGRE_DIR to: '/opt/ros/humble/share/rviz_ogre_vendor/cmake/../../../opt/rviz_ogre_vendor/lib/OGRE/cmake'
[0.400s] -- Found OGRE
[0.400s] --   static     : OFF
[0.400s] --   components : HLMS;MeshLodGenerator;Overlay;Paging;Property;RTShaderSystem;Terrain;Volume
[0.400s] --   plugins    : Plugin_BSPSceneManager;Plugin_OctreeSceneManager;Plugin_PCZSceneManager;Plugin_ParticleFX;RenderSystem_GL;RenderSystem_GL3Plus;Codec_STBI
[0.400s] --   media      : /opt/ros/humble/opt/rviz_ogre_vendor/share/OGRE/Media
[0.400s] -- OGRE_LIBRARIES: OgreHLMS;OgreMeshLodGenerator;OgreOverlay;OgrePaging;OgreProperty;OgreRTShaderSystem;OgreTerrain;OgreVolume;OgreMain
[0.400s] -- OGRE_LIBRARY_DIRS: /opt/ros/humble/opt/rviz_ogre_vendor/lib
[0.400s] -- OGRE_PLUGINS: Plugin_BSPSceneManager;Plugin_OctreeSceneManager;Plugin_PCZSceneManager;Plugin_ParticleFX;RenderSystem_GL;RenderSystem_GL3Plus;Codec_STBI
[0.400s] -- OGRE_PLUGIN_DIR: /opt/ros/humble/opt/rviz_ogre_vendor/lib/OGRE
[0.400s] -- rviz_ogre_vendor::OgreOverlay for IMPORTED_LOCATION_RELEASE: /opt/ros/humble/opt/rviz_ogre_vendor/lib/libOgreOverlay.so
[0.400s] -- rviz_ogre_vendor::OgreOverlay for IMPORTED_LOCATION_DEBUG: /opt/ros/humble/opt/rviz_ogre_vendor/lib/libOgreOverlay.so
[0.400s] -- rviz_ogre_vendor::OgreMain for IMPORTED_LOCATION_RELEASE: /opt/ros/humble/opt/rviz_ogre_vendor/lib/libOgreMain.so
[0.400s] -- rviz_ogre_vendor::OgreMain for IMPORTED_LOCATION_DEBUG: /opt/ros/humble/opt/rviz_ogre_vendor/lib/libOgreMain.so
[0.401s] -- Could not find freeimage library
[0.443s] -- library: /usr/lib/x86_64-linux-gnu/libcurl.so
[0.451s] -- Ensuring Eigen3 include directory is part of orocos-kdl CMake target
[0.544s] -- Found tf2_eigen: 0.25.12 (/opt/ros/humble/share/tf2_eigen/cmake)
[0.550s] -- Found ament_lint_auto: 0.12.12 (/opt/ros/humble/share/ament_lint_auto/cmake)
[0.590s] -- Added test 'copyright' to check source files copyright and LICENSE
[0.597s] -- Added test 'cppcheck' to perform static code analysis on C / C++ code
[0.598s] -- Configured cppcheck include dirs: /home/minwoong/OneDrive/JMW/dynamixel_8DOF/Dynamixel/dynamixel_control/include
[0.598s] -- Configured cppcheck exclude dirs and/or files: 
[0.605s] -- Added test 'cpplint' to check C / C++ code against the Google style
[0.605s] -- Configured cpplint exclude dirs and/or files: 
[0.606s] -- Added test 'flake8' to check Python code syntax and style conventions
[0.607s] -- Added test 'lint_cmake' to check CMake code style
[0.608s] -- Added test 'pep257' to check Python code against some of the docstring style conventions in PEP 257
[0.615s] -- Added test 'uncrustify' to check C / C++ code style
[0.615s] -- Configured uncrustify additional arguments: 
[0.616s] -- Added test 'xmllint' to check XML markup files
[0.617s] -- Configuring done
[0.650s] -- Generating done
[0.657s] -- Build files have been written to: /home/minwoong/OneDrive/JMW/dynamixel_8DOF/Dynamixel/build/dynamixel_control
[0.677s] [35m[1mConsolidate compiler generated dependencies of target read_write_node[0m
[0.677s] [35m[1mConsolidate compiler generated dependencies of target joint_state_publisher[0m
[0.678s] [35m[1mConsolidate compiler generated dependencies of target csv_joint_state_publisher[0m
[0.678s] [35m[1mConsolidate compiler generated dependencies of target rviz_visualization_node[0m
[0.678s] [35m[1mConsolidate compiler generated dependencies of target torque_read_degree_write[0m
[0.678s] [35m[1mConsolidate compiler generated dependencies of target torque_compensation_node[0m
[0.678s] [35m[1mConsolidate compiler generated dependencies of target h1_csv_joint_state_publisher[0m
[0.702s] [ 21%] [32mBuilding CXX object CMakeFiles/rviz_visualization_node.dir/src/rviz_visualization_node.cpp.o[0m
[0.702s] [ 21%] [32mBuilding CXX object CMakeFiles/joint_state_publisher.dir/src/joint_state_publisher.cpp.o[0m
[0.702s] [ 21%] [32mBuilding CXX object CMakeFiles/torque_compensation_node.dir/src/torque_compensation_node.cpp.o[0m
[0.702s] [ 50%] [32mBuilding CXX object CMakeFiles/read_write_node.dir/src/read_write_node.cpp.o[0m
[0.702s] [ 50%] [32mBuilding CXX object CMakeFiles/csv_joint_state_publisher.dir/src/csv_joint_state_publisher.cpp.o[0m
[0.702s] [ 50%] [32mBuilding CXX object CMakeFiles/torque_read_degree_write.dir/src/torque_read_degree_write.cpp.o[0m
[0.702s] [ 50%] [32mBuilding CXX object CMakeFiles/h1_csv_joint_state_publisher.dir/src/h1_csv_joint_state_publisher.cpp.o[0m
[2.997s] [ 57%] [32m[1mLinking CXX executable joint_state_publisher[0m
[3.105s] [ 57%] Built target joint_state_publisher
[3.241s] [ 64%] [32m[1mLinking CXX executable csv_joint_state_publisher[0m
[3.243s] [ 71%] [32m[1mLinking CXX executable h1_csv_joint_state_publisher[0m
[3.343s] [ 71%] Built target csv_joint_state_publisher
[3.350s] [ 71%] Built target h1_csv_joint_state_publisher
[5.263s] [ 78%] [32m[1mLinking CXX executable rviz_visualization_node[0m
[5.445s] [ 85%] [32m[1mLinking CXX executable torque_read_degree_write[0m
[5.571s] [ 85%] Built target rviz_visualization_node
[5.650s] [ 85%] Built target torque_read_degree_write
[6.535s] [ 92%] [32m[1mLinking CXX executable read_write_node[0m
[6.787s] [ 92%] Built target read_write_node
[7.056s] [100%] [32m[1mLinking CXX executable torque_compensation_node[0m
[7.313s] [100%] Built target torque_compensation_node
[7.321s] Invoked command in '/home/minwoong/OneDrive/JMW/dynamixel_8DOF/Dynamixel/build/dynamixel_control' returned '0': CMAKE_PREFIX_PATH=/home/minwoong/OneDrive/JMW/dynamixel_8DOF/Dynamixel/install/dynamixel_sdk:/home/minwoong/OneDrive/JMW/dynamixel_8DOF/Dynamixel/install/dynamixel_control:/opt/ros/humble /usr/bin/cmake --build /home/minwoong/OneDrive/JMW/dynamixel_8DOF/Dynamixel/build/dynamixel_control -- -j24 -l24
[7.322s] Invoking command in '/home/minwoong/OneDrive/JMW/dynamixel_8DOF/Dynamixel/build/dynamixel_control': CMAKE_PREFIX_PATH=/home/minwoong/OneDrive/JMW/dynamixel_8DOF/Dynamixel/install/dynamixel_sdk:/home/minwoong/OneDrive/JMW/dynamixel_8DOF/Dynamixel/install/dynamixel_control:/opt/ros/humble /usr/bin/cmake --install /home/minwoong/OneDrive/JMW/dynamixel_8DOF/Dynamixel/build/dynamixel_control
[7.326s] -- Install configuration: ""
[7.327s] -- Execute custom install script
[7.327s] -- Up-to-date symlink: /home/minwoong/OneDrive/JMW/dynamixel_8DOF/Dynamixel/install/dynamixel_control/lib/dynamixel_control/read_write_node
[7.327s] -- Up-to-date symlink: /home/minwoong/OneDrive/JMW/dynamixel_8DOF/Dynamixel/install/dynamixel_control/lib/dynamixel_control/joint_state_publisher
[7.327s] -- Up-to-date symlink: /home/minwoong/OneDrive/JMW/dynamixel_8DOF/Dynamixel/install/dynamixel_control/lib/dynamixel_control/csv_joint_state_publisher
[7.327s] -- Up-to-date symlink: /home/minwoong/OneDrive/JMW/dynamixel_8DOF/Dynamixel/install/dynamixel_control/lib/dynamixel_control/h1_csv_joint_state_publisher
[7.327s] -- Up-to-date symlink: /home/minwoong/OneDrive/JMW/dynamixel_8DOF/Dynamixel/install/dynamixel_control/lib/dynamixel_control/rviz_visualization_node
[7.327s] -- Up-to-date symlink: /home/minwoong/OneDrive/JMW/dynamixel_8DOF/Dynamixel/install/dynamixel_control/lib/dynamixel_control/torque_compensation_node
[7.327s] -- Up-to-date symlink: /home/minwoong/OneDrive/JMW/dynamixel_8DOF/Dynamixel/install/dynamixel_control/lib/dynamixel_control/torque_read_degree_write
[7.327s] -- Symlinking: /home/minwoong/OneDrive/JMW/dynamixel_8DOF/Dynamixel/install/dynamixel_control/share/dynamixel_control//launch/__pycache__/robot_visualization.launch.cpython-310.pyc
[7.332s] -- Up-to-date symlink: /home/minwoong/OneDrive/JMW/dynamixel_8DOF/Dynamixel/install/dynamixel_control/share/dynamixel_control//launch/h1_robot_visualization.launch.py
[7.332s] -- Up-to-date symlink: /home/minwoong/OneDrive/JMW/dynamixel_8DOF/Dynamixel/install/dynamixel_control/share/dynamixel_control//launch/robot_visualization.launch.py
[7.332s] -- Up-to-date symlink: /home/minwoong/OneDrive/JMW/dynamixel_8DOF/Dynamixel/install/dynamixel_control/share/dynamixel_control//launch/robot_visualization.launch.xml
[7.333s] -- Up-to-date symlink: /home/minwoong/OneDrive/JMW/dynamixel_8DOF/Dynamixel/install/dynamixel_control/share/dynamixel_control//data/csv/.data/01_Default_두리번.csv
[7.333s] -- Up-to-date symlink: /home/minwoong/OneDrive/JMW/dynamixel_8DOF/Dynamixel/install/dynamixel_control/share/dynamixel_control//data/csv/.data/02_Default_두리번2.csv
[7.333s] -- Up-to-date symlink: /home/minwoong/OneDrive/JMW/dynamixel_8DOF/Dynamixel/install/dynamixel_control/share/dynamixel_control//data/csv/.data/02_Default_두리번두번.csv
[7.333s] -- Up-to-date symlink: /home/minwoong/OneDrive/JMW/dynamixel_8DOF/Dynamixel/install/dynamixel_control/share/dynamixel_control//data/csv/.data/02_Default_두리번두번.xlsx
[7.333s] -- Up-to-date symlink: /home/minwoong/OneDrive/JMW/dynamixel_8DOF/Dynamixel/install/dynamixel_control/share/dynamixel_control//data/csv/.data/03_Default_두리번3.csv
[7.333s] -- Up-to-date symlink: /home/minwoong/OneDrive/JMW/dynamixel_8DOF/Dynamixel/install/dynamixel_control/share/dynamixel_control//data/csv/.data/04_호객행위.csv
[7.333s] -- Up-to-date symlink: /home/minwoong/OneDrive/JMW/dynamixel_8DOF/Dynamixel/install/dynamixel_control/share/dynamixel_control//data/csv/.data/0501_1908_shoulder1_animation_semina_21degree.mp4_motor_degree.csv
[7.333s] -- Up-to-date symlink: /home/minwoong/OneDrive/JMW/dynamixel_8DOF/Dynamixel/install/dynamixel_control/share/dynamixel_control//data/csv/.data/0501_1911_Anysong_1_animation_semina_21degree.mp4_motor_degree.csv
[7.334s] -- Up-to-date symlink: /home/minwoong/OneDrive/JMW/dynamixel_8DOF/Dynamixel/install/dynamixel_control/share/dynamixel_control//data/csv/.data/0501_1912_Anysong_2_animation_semina_21degree.mp4_motor_degree.csv
[7.334s] -- Up-to-date symlink: /home/minwoong/OneDrive/JMW/dynamixel_8DOF/Dynamixel/install/dynamixel_control/share/dynamixel_control//data/csv/.data/0501_1940_WMCA_Dance_animation_semina_21degree_Neck.mp4_motor_degree.csv
[7.334s] -- Up-to-date symlink: /home/minwoong/OneDrive/JMW/dynamixel_8DOF/Dynamixel/install/dynamixel_control/share/dynamixel_control//data/csv/.data/0501_1956_elbow_animation_semina_21degree_Complete.mp4_motor_degree.csv
[7.334s] -- Up-to-date symlink: /home/minwoong/OneDrive/JMW/dynamixel_8DOF/Dynamixel/install/dynamixel_control/share/dynamixel_control//data/csv/.data/0501_1957_shoulder1_animation_semina_21degree_Complete.mp4_motor_degree.csv
[7.334s] -- Up-to-date symlink: /home/minwoong/OneDrive/JMW/dynamixel_8DOF/Dynamixel/install/dynamixel_control/share/dynamixel_control//data/csv/.data/0501_1957_submotions_animation_semina_21degree_Complete.mp4_motor_degree.csv
[7.334s] -- Up-to-date symlink: /home/minwoong/OneDrive/JMW/dynamixel_8DOF/Dynamixel/install/dynamixel_control/share/dynamixel_control//data/csv/.data/0501_2001_WMCA_Dance_animation_semina_21degree_Complete.mp4_motor_degree.csv
[7.334s] -- Up-to-date symlink: /home/minwoong/OneDrive/JMW/dynamixel_8DOF/Dynamixel/install/dynamixel_control/share/dynamixel_control//data/csv/.data/0501_2006_Anysong_1_animation_semina_21degree_Complete.mp4_motor_degree.csv
[7.334s] -- Up-to-date symlink: /home/minwoong/OneDrive/JMW/dynamixel_8DOF/Dynamixel/install/dynamixel_control/share/dynamixel_control//data/csv/.data/0501_2011_Anysong_2_animation_semina_21degree_Complete.mp4_motor_degree.csv
[7.334s] -- Up-to-date symlink: /home/minwoong/OneDrive/JMW/dynamixel_8DOF/Dynamixel/install/dynamixel_control/share/dynamixel_control//data/csv/.data/0502_1401_Semina_collar_animation_semina_21degree_Complete.mp4_motor_degree.csv
[7.334s] -- Up-to-date symlink: /home/minwoong/OneDrive/JMW/dynamixel_8DOF/Dynamixel/install/dynamixel_control/share/dynamixel_control//data/csv/.data/0502_1403_Semina_shoulder_animation_semina_21degree_Complete.mp4_motor_degree.csv
[7.334s] -- Up-to-date symlink: /home/minwoong/OneDrive/JMW/dynamixel_8DOF/Dynamixel/install/dynamixel_control/share/dynamixel_control//data/csv/.data/0502_1409_Semina_elbow_animation_semina_21degree_Complete.mp4_motor_degree.csv
[7.334s] -- Up-to-date symlink: /home/minwoong/OneDrive/JMW/dynamixel_8DOF/Dynamixel/install/dynamixel_control/share/dynamixel_control//data/csv/.data/0502_1411_Semina_wrist_animation_semina_21degree_Complete.mp4_motor_degree.csv
[7.334s] -- Up-to-date symlink: /home/minwoong/OneDrive/JMW/dynamixel_8DOF/Dynamixel/install/dynamixel_control/share/dynamixel_control//data/csv/.data/0502_1413_Semina_neck_animation_semina_21degree_Complete.mp4_motor_degree.csv
[7.335s] -- Up-to-date symlink: /home/minwoong/OneDrive/JMW/dynamixel_8DOF/Dynamixel/install/dynamixel_control/share/dynamixel_control//data/csv/.data/0502_1415_Semina_Robot_joint_animation_semina_21degree_Complete.mp4_motor_degree.csv
[7.335s] -- Up-to-date symlink: /home/minwoong/OneDrive/JMW/dynamixel_8DOF/Dynamixel/install/dynamixel_control/share/dynamixel_control//data/csv/.data/0502_1419_gymnast_2_animation_semina_21degree_Complete.mp4_motor_degree.csv
[7.335s] -- Up-to-date symlink: /home/minwoong/OneDrive/JMW/dynamixel_8DOF/Dynamixel/install/dynamixel_control/share/dynamixel_control//data/csv/.data/0502_1423_final_closing_animation_semina_21degree_Complete.mp4_motor_degree.csv
[7.335s] -- Up-to-date symlink: /home/minwoong/OneDrive/JMW/dynamixel_8DOF/Dynamixel/install/dynamixel_control/share/dynamixel_control//data/csv/.data/05_인사.csv
[7.335s] -- Up-to-date symlink: /home/minwoong/OneDrive/JMW/dynamixel_8DOF/Dynamixel/install/dynamixel_control/share/dynamixel_control//data/csv/.data/06_WMCA_Test.csv
[7.335s] -- Up-to-date symlink: /home/minwoong/OneDrive/JMW/dynamixel_8DOF/Dynamixel/install/dynamixel_control/share/dynamixel_control//data/csv/.data/06_shoulder1_Test.csv
[7.335s] -- Up-to-date symlink: /home/minwoong/OneDrive/JMW/dynamixel_8DOF/Dynamixel/install/dynamixel_control/share/dynamixel_control//data/csv/.data/06_춤.csv
[7.335s] -- Symlinking: /home/minwoong/OneDrive/JMW/dynamixel_8DOF/Dynamixel/install/dynamixel_control/share/dynamixel_control//data/csv/.data/0708_1123_WMCA_Dance_SPE_select_vector_Visualization_Scale=Arm.mp4_motor_degree.csv
[7.341s] -- Symlinking: /home/minwoong/OneDrive/JMW/dynamixel_8DOF/Dynamixel/install/dynamixel_control/share/dynamixel_control//data/csv/.data/0708_1131_WMCA_Dance_SPE_select_vector_Visualization_Scale=Arm.mp4_motor_degree.csv
[7.346s] -- Symlinking: /home/minwoong/OneDrive/JMW/dynamixel_8DOF/Dynamixel/install/dynamixel_control/share/dynamixel_control//data/csv/.data/0708_1131_WMCA_Dance_SPE_select_vector_Visualization_Scale=Collar.mp4_motor_degree.csv
[7.352s] -- Symlinking: /home/minwoong/OneDrive/JMW/dynamixel_8DOF/Dynamixel/install/dynamixel_control/share/dynamixel_control//data/csv/.data/0708_1238_WMCA_Dance_SPE_select_vector_motor_Scale=Arm.mp4_motor_degree.csv
[7.357s] -- Symlinking: /home/minwoong/OneDrive/JMW/dynamixel_8DOF/Dynamixel/install/dynamixel_control/share/dynamixel_control//data/csv/.data/0708_1251_WMCA_Dance_SPE_select_vector_motor_Scale=Arm.mp4_motor_degree.csv
[7.361s] -- Symlinking: /home/minwoong/OneDrive/JMW/dynamixel_8DOF/Dynamixel/install/dynamixel_control/share/dynamixel_control//data/csv/.data/0708_1327_WMCA_Dance_SPE_wrist_Scale=Arm.mp4_motor_degree.csv
[7.366s] -- Up-to-date symlink: /home/minwoong/OneDrive/JMW/dynamixel_8DOF/Dynamixel/install/dynamixel_control/share/dynamixel_control//data/csv/.data/07_WMCA_Test2.csv
[7.367s] -- Up-to-date symlink: /home/minwoong/OneDrive/JMW/dynamixel_8DOF/Dynamixel/install/dynamixel_control/share/dynamixel_control//data/csv/.data/07_anysong_2_Test.csv
[7.367s] -- Up-to-date symlink: /home/minwoong/OneDrive/JMW/dynamixel_8DOF/Dynamixel/install/dynamixel_control/share/dynamixel_control//data/csv/.data/08_WMCA_Test3.csv
[7.367s] -- Up-to-date symlink: /home/minwoong/OneDrive/JMW/dynamixel_8DOF/Dynamixel/install/dynamixel_control/share/dynamixel_control//data/csv/.data/09_WMCA_BothArm.csv
[7.367s] -- Up-to-date symlink: /home/minwoong/OneDrive/JMW/dynamixel_8DOF/Dynamixel/install/dynamixel_control/share/dynamixel_control//data/csv/.data/Desync.csv
[7.367s] -- Symlinking: /home/minwoong/OneDrive/JMW/dynamixel_8DOF/Dynamixel/install/dynamixel_control/share/dynamixel_control//data/csv/.data/H1_0511_2223_Anysong_1_animation_semina_preprocessing.mp4_euler_angle_H1.csv
[7.373s] -- Symlinking: /home/minwoong/OneDrive/JMW/dynamixel_8DOF/Dynamixel/install/dynamixel_control/share/dynamixel_control//data/csv/.data/H1_0511_2223_Anysong_1_animation_semina_preprocessing.mp4_motor_degree_H1.csv
[7.378s] -- Symlinking: /home/minwoong/OneDrive/JMW/dynamixel_8DOF/Dynamixel/install/dynamixel_control/share/dynamixel_control//data/csv/.data/H1_0511_2228_Anysong_2_animation_semina_preprocessing.mp4_euler_angle_H1.csv
[7.383s] -- Symlinking: /home/minwoong/OneDrive/JMW/dynamixel_8DOF/Dynamixel/install/dynamixel_control/share/dynamixel_control//data/csv/.data/H1_0511_2228_Anysong_2_animation_semina_preprocessing.mp4_motor_degree_H1.csv
[7.389s] -- Symlinking: /home/minwoong/OneDrive/JMW/dynamixel_8DOF/Dynamixel/install/dynamixel_control/share/dynamixel_control//data/csv/.data/H1_0511_2233_gymnast_2_animation_semina_preprocessing.mp4_euler_angle_H1.csv
[7.394s] -- Symlinking: /home/minwoong/OneDrive/JMW/dynamixel_8DOF/Dynamixel/install/dynamixel_control/share/dynamixel_control//data/csv/.data/H1_0511_2233_gymnast_2_animation_semina_preprocessing.mp4_motor_degree_H1.csv
[7.400s] -- Symlinking: /home/minwoong/OneDrive/JMW/dynamixel_8DOF/Dynamixel/install/dynamixel_control/share/dynamixel_control//data/csv/.data/H1_0511_2237_Semina_Robot_joint_animation_semina_preprocessing.mp4_euler_angle_H1.csv
[7.405s] -- Symlinking: /home/minwoong/OneDrive/JMW/dynamixel_8DOF/Dynamixel/install/dynamixel_control/share/dynamixel_control//data/csv/.data/H1_0511_2237_Semina_Robot_joint_animation_semina_preprocessing.mp4_motor_degree_H1.csv
[7.409s] -- Symlinking: /home/minwoong/OneDrive/JMW/dynamixel_8DOF/Dynamixel/install/dynamixel_control/share/dynamixel_control//data/csv/.data/H1_0512_1507_Anysong_1_animation_semina_preprocessing.mp4_euler_Collar+Shoulder_XYX_angle_H1.csv
[7.415s] -- Symlinking: /home/minwoong/OneDrive/JMW/dynamixel_8DOF/Dynamixel/install/dynamixel_control/share/dynamixel_control//data/csv/.data/H1_0512_1507_Anysong_2_animation_semina_preprocessing.mp4_euler_Collar+Shoulder_XYX_angle_H1.csv
[7.420s] -- Symlinking: /home/minwoong/OneDrive/JMW/dynamixel_8DOF/Dynamixel/install/dynamixel_control/share/dynamixel_control//data/csv/.data/H1_0512_1507_Semina_Robot_joint_animation_semina_preprocessing.mp4_euler_Collar+Shoulder_XYX_angle_H1.csv
[7.425s] -- Symlinking: /home/minwoong/OneDrive/JMW/dynamixel_8DOF/Dynamixel/install/dynamixel_control/share/dynamixel_control//data/csv/.data/H1_0512_1507_gymnast_2_animation_semina_preprocessing.mp4_euler_Collar+Shoulder_XYX_angle_H1.csv
[7.431s] -- Symlinking: /home/minwoong/OneDrive/JMW/dynamixel_8DOF/Dynamixel/install/dynamixel_control/share/dynamixel_control//data/csv/.data/H1_0512_1554_Semina_Robot_joint_animation_semina_preprocessing.mp4_euler_Collar+Shoulder_XZY_angle_SMPL_Morphing.csv
[7.436s] -- Symlinking: /home/minwoong/OneDrive/JMW/dynamixel_8DOF/Dynamixel/install/dynamixel_control/share/dynamixel_control//data/csv/.data/H1_0512_1554_gymnast_2_animation_semina_preprocessing.mp4_euler_Collar+Shoulder_XZY_angle_SMPL_Morphing.csv
[7.441s] -- Symlinking: /home/minwoong/OneDrive/JMW/dynamixel_8DOF/Dynamixel/install/dynamixel_control/share/dynamixel_control//data/csv/.data/H1_0512_1620_Semina_Robot_joint_animation_semina_preprocessing.mp4_euler_Collar+Shoulder_angle_H1_XZY.csv
[7.446s] -- Symlinking: /home/minwoong/OneDrive/JMW/dynamixel_8DOF/Dynamixel/install/dynamixel_control/share/dynamixel_control//data/csv/.data/H1_Anysong_1_euler_Rejusted_angle_H1.csv
[7.450s] -- Symlinking: /home/minwoong/OneDrive/JMW/dynamixel_8DOF/Dynamixel/install/dynamixel_control/share/dynamixel_control//data/csv/.data/H1_Anysong_2_euler_Rejusted_angle_H1.csv
[7.455s] -- Symlinking: /home/minwoong/OneDrive/JMW/dynamixel_8DOF/Dynamixel/install/dynamixel_control/share/dynamixel_control//data/csv/.data/H1_Semina_Robot_joint_euler_Rejusted_angle_H1.csv
[7.461s] -- Symlinking: /home/minwoong/OneDrive/JMW/dynamixel_8DOF/Dynamixel/install/dynamixel_control/share/dynamixel_control//data/csv/.data/H1_gymnast_2_euler_Rejusted_angle_H1.csv
[7.466s] -- Up-to-date symlink: /home/minwoong/OneDrive/JMW/dynamixel_8DOF/Dynamixel/install/dynamixel_control/share/dynamixel_control//data/csv/.data/sincostra.csv
[7.466s] -- Up-to-date symlink: /home/minwoong/OneDrive/JMW/dynamixel_8DOF/Dynamixel/install/dynamixel_control/share/dynamixel_control//data/csv/.data/torquecheck.csv
[7.466s] -- Up-to-date symlink: /home/minwoong/OneDrive/JMW/dynamixel_8DOF/Dynamixel/install/dynamixel_control/share/dynamixel_control//data/csv/.data/torquecheck2.csv
[7.466s] -- Up-to-date symlink: /home/minwoong/OneDrive/JMW/dynamixel_8DOF/Dynamixel/install/dynamixel_control/share/dynamixel_control//data/csv/00_Sync.csv
[7.466s] -- Symlinking: /home/minwoong/OneDrive/JMW/dynamixel_8DOF/Dynamixel/install/dynamixel_control/share/dynamixel_control//data/csv/0715_1537_Semina_shoulder_HalfMethod_shoulder_estimation_version_Fixed_wrist_shpere_radius.mp4_motor_degree.csv
[7.471s] -- Symlinking: /home/minwoong/OneDrive/JMW/dynamixel_8DOF/Dynamixel/install/dynamixel_control/share/dynamixel_control//data/csv/0715_1630_gymnast_2_HalfMethod_shoulder_estimation_version_Fixed_wrist_shpere_radius_Arm.mp4_motor_degree.csv
[7.477s] -- Symlinking: /home/minwoong/OneDrive/JMW/dynamixel_8DOF/Dynamixel/install/dynamixel_control/share/dynamixel_control//data/csv/0715_1641_WMCA_Dance_HalfMethod_shoulder_estimation_version_Fixed_wrist_shpere_radius_Arm.mp4_motor_degree.csv
[7.482s] -- Up-to-date symlink: /home/minwoong/OneDrive/JMW/dynamixel_8DOF/Dynamixel/install/dynamixel_control/share/dynamixel_control//urdf/AVATAR_URDF_Test3.urdf
[7.482s] -- Up-to-date symlink: /home/minwoong/OneDrive/JMW/dynamixel_8DOF/Dynamixel/install/dynamixel_control/share/dynamixel_control//urdf/meshes/Base.stl
[7.482s] -- Up-to-date symlink: /home/minwoong/OneDrive/JMW/dynamixel_8DOF/Dynamixel/install/dynamixel_control/share/dynamixel_control//urdf/meshes/Head.stl
[7.483s] -- Up-to-date symlink: /home/minwoong/OneDrive/JMW/dynamixel_8DOF/Dynamixel/install/dynamixel_control/share/dynamixel_control//urdf/meshes/L_Forearm.stl
[7.483s] -- Up-to-date symlink: /home/minwoong/OneDrive/JMW/dynamixel_8DOF/Dynamixel/install/dynamixel_control/share/dynamixel_control//urdf/meshes/L_Shoulder1.stl
[7.483s] -- Up-to-date symlink: /home/minwoong/OneDrive/JMW/dynamixel_8DOF/Dynamixel/install/dynamixel_control/share/dynamixel_control//urdf/meshes/L_Shoulder2.stl
[7.483s] -- Up-to-date symlink: /home/minwoong/OneDrive/JMW/dynamixel_8DOF/Dynamixel/install/dynamixel_control/share/dynamixel_control//urdf/meshes/L_Shoulder3.stl
[7.483s] -- Up-to-date symlink: /home/minwoong/OneDrive/JMW/dynamixel_8DOF/Dynamixel/install/dynamixel_control/share/dynamixel_control//urdf/meshes/L_Upperarm.stl
[7.483s] -- Up-to-date symlink: /home/minwoong/OneDrive/JMW/dynamixel_8DOF/Dynamixel/install/dynamixel_control/share/dynamixel_control//urdf/meshes/L_Wrist1.stl
[7.483s] -- Up-to-date symlink: /home/minwoong/OneDrive/JMW/dynamixel_8DOF/Dynamixel/install/dynamixel_control/share/dynamixel_control//urdf/meshes/L_Wrist2.stl
[7.483s] -- Up-to-date symlink: /home/minwoong/OneDrive/JMW/dynamixel_8DOF/Dynamixel/install/dynamixel_control/share/dynamixel_control//urdf/meshes/L_Wrist3.stl
[7.483s] -- Up-to-date symlink: /home/minwoong/OneDrive/JMW/dynamixel_8DOF/Dynamixel/install/dynamixel_control/share/dynamixel_control//urdf/meshes/Neck1.stl
[7.483s] -- Up-to-date symlink: /home/minwoong/OneDrive/JMW/dynamixel_8DOF/Dynamixel/install/dynamixel_control/share/dynamixel_control//urdf/meshes/Neck2.stl
[7.483s] -- Up-to-date symlink: /home/minwoong/OneDrive/JMW/dynamixel_8DOF/Dynamixel/install/dynamixel_control/share/dynamixel_control//urdf/meshes/R_Forearm.stl
[7.483s] -- Up-to-date symlink: /home/minwoong/OneDrive/JMW/dynamixel_8DOF/Dynamixel/install/dynamixel_control/share/dynamixel_control//urdf/meshes/R_Shoulder1.stl
[7.483s] -- Up-to-date symlink: /home/minwoong/OneDrive/JMW/dynamixel_8DOF/Dynamixel/install/dynamixel_control/share/dynamixel_control//urdf/meshes/R_Shoulder2.stl
[7.483s] -- Up-to-date symlink: /home/minwoong/OneDrive/JMW/dynamixel_8DOF/Dynamixel/install/dynamixel_control/share/dynamixel_control//urdf/meshes/R_Shoulder3.stl
[7.483s] -- Up-to-date symlink: /home/minwoong/OneDrive/JMW/dynamixel_8DOF/Dynamixel/install/dynamixel_control/share/dynamixel_control//urdf/meshes/R_Upperarm.stl
[7.483s] -- Up-to-date symlink: /home/minwoong/OneDrive/JMW/dynamixel_8DOF/Dynamixel/install/dynamixel_control/share/dynamixel_control//urdf/meshes/R_Wrist1.stl
[7.483s] -- Up-to-date symlink: /home/minwoong/OneDrive/JMW/dynamixel_8DOF/Dynamixel/install/dynamixel_control/share/dynamixel_control//urdf/meshes/R_Wrist2.stl
[7.484s] -- Up-to-date symlink: /home/minwoong/OneDrive/JMW/dynamixel_8DOF/Dynamixel/install/dynamixel_control/share/dynamixel_control//urdf/meshes/R_Wrist3.stl
[7.484s] -- Up-to-date symlink: /home/minwoong/OneDrive/JMW/dynamixel_8DOF/Dynamixel/install/dynamixel_control/share/dynamixel_control//urdf/meshes/Waist_Bottom.stl
[7.484s] -- Up-to-date symlink: /home/minwoong/OneDrive/JMW/dynamixel_8DOF/Dynamixel/install/dynamixel_control/share/dynamixel_control//urdf/meshes/Waist_Top.stl
[7.484s] -- Up-to-date symlink: /home/minwoong/OneDrive/JMW/dynamixel_8DOF/Dynamixel/install/dynamixel_control/share/dynamixel_control//h1_2_description/README.md
[7.484s] -- Up-to-date symlink: /home/minwoong/OneDrive/JMW/dynamixel_8DOF/Dynamixel/install/dynamixel_control/share/dynamixel_control//h1_2_description/h1_2.png
[7.484s] -- Up-to-date symlink: /home/minwoong/OneDrive/JMW/dynamixel_8DOF/Dynamixel/install/dynamixel_control/share/dynamixel_control//h1_2_description/h1_2.urdf
[7.484s] -- Up-to-date symlink: /home/minwoong/OneDrive/JMW/dynamixel_8DOF/Dynamixel/install/dynamixel_control/share/dynamixel_control//h1_2_description/h1_2.xml
[7.484s] -- Up-to-date symlink: /home/minwoong/OneDrive/JMW/dynamixel_8DOF/Dynamixel/install/dynamixel_control/share/dynamixel_control//h1_2_description/h1_2_handless.urdf
[7.485s] -- Up-to-date symlink: /home/minwoong/OneDrive/JMW/dynamixel_8DOF/Dynamixel/install/dynamixel_control/share/dynamixel_control//h1_2_description/h1_2_handless.xml
[7.485s] -- Up-to-date symlink: /home/minwoong/OneDrive/JMW/dynamixel_8DOF/Dynamixel/install/dynamixel_control/share/dynamixel_control//h1_2_description/meshes/L_hand_base_link.STL
[7.485s] -- Up-to-date symlink: /home/minwoong/OneDrive/JMW/dynamixel_8DOF/Dynamixel/install/dynamixel_control/share/dynamixel_control//h1_2_description/meshes/L_index_intermediate.STL
[7.485s] -- Up-to-date symlink: /home/minwoong/OneDrive/JMW/dynamixel_8DOF/Dynamixel/install/dynamixel_control/share/dynamixel_control//h1_2_description/meshes/L_index_proximal.STL
[7.485s] -- Up-to-date symlink: /home/minwoong/OneDrive/JMW/dynamixel_8DOF/Dynamixel/install/dynamixel_control/share/dynamixel_control//h1_2_description/meshes/L_middle_intermediate.STL
[7.485s] -- Up-to-date symlink: /home/minwoong/OneDrive/JMW/dynamixel_8DOF/Dynamixel/install/dynamixel_control/share/dynamixel_control//h1_2_description/meshes/L_middle_proximal.STL
[7.485s] -- Up-to-date symlink: /home/minwoong/OneDrive/JMW/dynamixel_8DOF/Dynamixel/install/dynamixel_control/share/dynamixel_control//h1_2_description/meshes/L_pinky_intermediate.STL
[7.485s] -- Up-to-date symlink: /home/minwoong/OneDrive/JMW/dynamixel_8DOF/Dynamixel/install/dynamixel_control/share/dynamixel_control//h1_2_description/meshes/L_pinky_proximal.STL
[7.485s] -- Up-to-date symlink: /home/minwoong/OneDrive/JMW/dynamixel_8DOF/Dynamixel/install/dynamixel_control/share/dynamixel_control//h1_2_description/meshes/L_ring_intermediate.STL
[7.485s] -- Up-to-date symlink: /home/minwoong/OneDrive/JMW/dynamixel_8DOF/Dynamixel/install/dynamixel_control/share/dynamixel_control//h1_2_description/meshes/L_ring_proximal.STL
[7.485s] -- Up-to-date symlink: /home/minwoong/OneDrive/JMW/dynamixel_8DOF/Dynamixel/install/dynamixel_control/share/dynamixel_control//h1_2_description/meshes/L_thumb_distal.STL
[7.485s] -- Up-to-date symlink: /home/minwoong/OneDrive/JMW/dynamixel_8DOF/Dynamixel/install/dynamixel_control/share/dynamixel_control//h1_2_description/meshes/L_thumb_intermediate.STL
[7.485s] -- Up-to-date symlink: /home/minwoong/OneDrive/JMW/dynamixel_8DOF/Dynamixel/install/dynamixel_control/share/dynamixel_control//h1_2_description/meshes/L_thumb_proximal.STL
[7.485s] -- Up-to-date symlink: /home/minwoong/OneDrive/JMW/dynamixel_8DOF/Dynamixel/install/dynamixel_control/share/dynamixel_control//h1_2_description/meshes/L_thumb_proximal_base.STL
[7.485s] -- Up-to-date symlink: /home/minwoong/OneDrive/JMW/dynamixel_8DOF/Dynamixel/install/dynamixel_control/share/dynamixel_control//h1_2_description/meshes/R_hand_base_link.STL
[7.485s] -- Up-to-date symlink: /home/minwoong/OneDrive/JMW/dynamixel_8DOF/Dynamixel/install/dynamixel_control/share/dynamixel_control//h1_2_description/meshes/R_index_intermediate.STL
[7.486s] -- Up-to-date symlink: /home/minwoong/OneDrive/JMW/dynamixel_8DOF/Dynamixel/install/dynamixel_control/share/dynamixel_control//h1_2_description/meshes/R_index_proximal.STL
[7.486s] -- Up-to-date symlink: /home/minwoong/OneDrive/JMW/dynamixel_8DOF/Dynamixel/install/dynamixel_control/share/dynamixel_control//h1_2_description/meshes/R_middle_intermediate.STL
[7.486s] -- Up-to-date symlink: /home/minwoong/OneDrive/JMW/dynamixel_8DOF/Dynamixel/install/dynamixel_control/share/dynamixel_control//h1_2_description/meshes/R_middle_proximal.STL
[7.486s] -- Up-to-date symlink: /home/minwoong/OneDrive/JMW/dynamixel_8DOF/Dynamixel/install/dynamixel_control/share/dynamixel_control//h1_2_description/meshes/R_pinky_intermediate.STL
[7.486s] -- Up-to-date symlink: /home/minwoong/OneDrive/JMW/dynamixel_8DOF/Dynamixel/install/dynamixel_control/share/dynamixel_control//h1_2_description/meshes/R_pinky_proximal.STL
[7.486s] -- Up-to-date symlink: /home/minwoong/OneDrive/JMW/dynamixel_8DOF/Dynamixel/install/dynamixel_control/share/dynamixel_control//h1_2_description/meshes/R_ring_intermediate.STL
[7.486s] -- Up-to-date symlink: /home/minwoong/OneDrive/JMW/dynamixel_8DOF/Dynamixel/install/dynamixel_control/share/dynamixel_control//h1_2_description/meshes/R_ring_proximal.STL
[7.486s] -- Up-to-date symlink: /home/minwoong/OneDrive/JMW/dynamixel_8DOF/Dynamixel/install/dynamixel_control/share/dynamixel_control//h1_2_description/meshes/R_thumb_distal.STL
[7.486s] -- Up-to-date symlink: /home/minwoong/OneDrive/JMW/dynamixel_8DOF/Dynamixel/install/dynamixel_control/share/dynamixel_control//h1_2_description/meshes/R_thumb_intermediate.STL
[7.486s] -- Up-to-date symlink: /home/minwoong/OneDrive/JMW/dynamixel_8DOF/Dynamixel/install/dynamixel_control/share/dynamixel_control//h1_2_description/meshes/R_thumb_proximal.STL
[7.486s] -- Up-to-date symlink: /home/minwoong/OneDrive/JMW/dynamixel_8DOF/Dynamixel/install/dynamixel_control/share/dynamixel_control//h1_2_description/meshes/R_thumb_proximal_base.STL
[7.486s] -- Up-to-date symlink: /home/minwoong/OneDrive/JMW/dynamixel_8DOF/Dynamixel/install/dynamixel_control/share/dynamixel_control//h1_2_description/meshes/left_ankle_A_link.STL
[7.486s] -- Up-to-date symlink: /home/minwoong/OneDrive/JMW/dynamixel_8DOF/Dynamixel/install/dynamixel_control/share/dynamixel_control//h1_2_description/meshes/left_ankle_A_rod_link.STL
[7.486s] -- Up-to-date symlink: /home/minwoong/OneDrive/JMW/dynamixel_8DOF/Dynamixel/install/dynamixel_control/share/dynamixel_control//h1_2_description/meshes/left_ankle_B_link.STL
[7.486s] -- Up-to-date symlink: /home/minwoong/OneDrive/JMW/dynamixel_8DOF/Dynamixel/install/dynamixel_control/share/dynamixel_control//h1_2_description/meshes/left_ankle_B_rod_link.STL
[7.486s] -- Up-to-date symlink: /home/minwoong/OneDrive/JMW/dynamixel_8DOF/Dynamixel/install/dynamixel_control/share/dynamixel_control//h1_2_description/meshes/left_ankle_pitch_link.STL
[7.487s] -- Up-to-date symlink: /home/minwoong/OneDrive/JMW/dynamixel_8DOF/Dynamixel/install/dynamixel_control/share/dynamixel_control//h1_2_description/meshes/left_ankle_roll_link.STL
[7.487s] -- Up-to-date symlink: /home/minwoong/OneDrive/JMW/dynamixel_8DOF/Dynamixel/install/dynamixel_control/share/dynamixel_control//h1_2_description/meshes/left_elbow_link.STL
[7.487s] -- Up-to-date symlink: /home/minwoong/OneDrive/JMW/dynamixel_8DOF/Dynamixel/install/dynamixel_control/share/dynamixel_control//h1_2_description/meshes/left_hand_link.STL
[7.487s] -- Up-to-date symlink: /home/minwoong/OneDrive/JMW/dynamixel_8DOF/Dynamixel/install/dynamixel_control/share/dynamixel_control//h1_2_description/meshes/left_hip_pitch_link.STL
[7.487s] -- Up-to-date symlink: /home/minwoong/OneDrive/JMW/dynamixel_8DOF/Dynamixel/install/dynamixel_control/share/dynamixel_control//h1_2_description/meshes/left_hip_roll_link.STL
[7.487s] -- Up-to-date symlink: /home/minwoong/OneDrive/JMW/dynamixel_8DOF/Dynamixel/install/dynamixel_control/share/dynamixel_control//h1_2_description/meshes/left_hip_yaw_link.STL
[7.487s] -- Up-to-date symlink: /home/minwoong/OneDrive/JMW/dynamixel_8DOF/Dynamixel/install/dynamixel_control/share/dynamixel_control//h1_2_description/meshes/left_knee_link.STL
[7.487s] -- Up-to-date symlink: /home/minwoong/OneDrive/JMW/dynamixel_8DOF/Dynamixel/install/dynamixel_control/share/dynamixel_control//h1_2_description/meshes/left_shoulder_pitch_link.STL
[7.487s] -- Up-to-date symlink: /home/minwoong/OneDrive/JMW/dynamixel_8DOF/Dynamixel/install/dynamixel_control/share/dynamixel_control//h1_2_description/meshes/left_shoulder_roll_link.STL
[7.487s] -- Up-to-date symlink: /home/minwoong/OneDrive/JMW/dynamixel_8DOF/Dynamixel/install/dynamixel_control/share/dynamixel_control//h1_2_description/meshes/left_shoulder_yaw_link.STL
[7.487s] -- Up-to-date symlink: /home/minwoong/OneDrive/JMW/dynamixel_8DOF/Dynamixel/install/dynamixel_control/share/dynamixel_control//h1_2_description/meshes/left_wrist_pitch_link.STL
[7.487s] -- Up-to-date symlink: /home/minwoong/OneDrive/JMW/dynamixel_8DOF/Dynamixel/install/dynamixel_control/share/dynamixel_control//h1_2_description/meshes/left_wrist_roll_link.STL
[7.487s] -- Up-to-date symlink: /home/minwoong/OneDrive/JMW/dynamixel_8DOF/Dynamixel/install/dynamixel_control/share/dynamixel_control//h1_2_description/meshes/link11_L.STL
[7.487s] -- Up-to-date symlink: /home/minwoong/OneDrive/JMW/dynamixel_8DOF/Dynamixel/install/dynamixel_control/share/dynamixel_control//h1_2_description/meshes/link11_R.STL
[7.487s] -- Up-to-date symlink: /home/minwoong/OneDrive/JMW/dynamixel_8DOF/Dynamixel/install/dynamixel_control/share/dynamixel_control//h1_2_description/meshes/link12_L.STL
[7.487s] -- Up-to-date symlink: /home/minwoong/OneDrive/JMW/dynamixel_8DOF/Dynamixel/install/dynamixel_control/share/dynamixel_control//h1_2_description/meshes/link12_R.STL
[7.488s] -- Up-to-date symlink: /home/minwoong/OneDrive/JMW/dynamixel_8DOF/Dynamixel/install/dynamixel_control/share/dynamixel_control//h1_2_description/meshes/link13_L.STL
[7.488s] -- Up-to-date symlink: /home/minwoong/OneDrive/JMW/dynamixel_8DOF/Dynamixel/install/dynamixel_control/share/dynamixel_control//h1_2_description/meshes/link13_R.STL
[7.488s] -- Up-to-date symlink: /home/minwoong/OneDrive/JMW/dynamixel_8DOF/Dynamixel/install/dynamixel_control/share/dynamixel_control//h1_2_description/meshes/link14_L.STL
[7.488s] -- Up-to-date symlink: /home/minwoong/OneDrive/JMW/dynamixel_8DOF/Dynamixel/install/dynamixel_control/share/dynamixel_control//h1_2_description/meshes/link14_R.STL
[7.488s] -- Up-to-date symlink: /home/minwoong/OneDrive/JMW/dynamixel_8DOF/Dynamixel/install/dynamixel_control/share/dynamixel_control//h1_2_description/meshes/link15_L.STL
[7.488s] -- Up-to-date symlink: /home/minwoong/OneDrive/JMW/dynamixel_8DOF/Dynamixel/install/dynamixel_control/share/dynamixel_control//h1_2_description/meshes/link15_R.STL
[7.488s] -- Up-to-date symlink: /home/minwoong/OneDrive/JMW/dynamixel_8DOF/Dynamixel/install/dynamixel_control/share/dynamixel_control//h1_2_description/meshes/link16_L.STL
[7.488s] -- Up-to-date symlink: /home/minwoong/OneDrive/JMW/dynamixel_8DOF/Dynamixel/install/dynamixel_control/share/dynamixel_control//h1_2_description/meshes/link16_R.STL
[7.488s] -- Up-to-date symlink: /home/minwoong/OneDrive/JMW/dynamixel_8DOF/Dynamixel/install/dynamixel_control/share/dynamixel_control//h1_2_description/meshes/link17_L.STL
[7.488s] -- Up-to-date symlink: /home/minwoong/OneDrive/JMW/dynamixel_8DOF/Dynamixel/install/dynamixel_control/share/dynamixel_control//h1_2_description/meshes/link17_R.STL
[7.488s] -- Up-to-date symlink: /home/minwoong/OneDrive/JMW/dynamixel_8DOF/Dynamixel/install/dynamixel_control/share/dynamixel_control//h1_2_description/meshes/link18_L.STL
[7.488s] -- Up-to-date symlink: /home/minwoong/OneDrive/JMW/dynamixel_8DOF/Dynamixel/install/dynamixel_control/share/dynamixel_control//h1_2_description/meshes/link18_R.STL
[7.488s] -- Up-to-date symlink: /home/minwoong/OneDrive/JMW/dynamixel_8DOF/Dynamixel/install/dynamixel_control/share/dynamixel_control//h1_2_description/meshes/link19_L.STL
[7.488s] -- Up-to-date symlink: /home/minwoong/OneDrive/JMW/dynamixel_8DOF/Dynamixel/install/dynamixel_control/share/dynamixel_control//h1_2_description/meshes/link19_R.STL
[7.488s] -- Up-to-date symlink: /home/minwoong/OneDrive/JMW/dynamixel_8DOF/Dynamixel/install/dynamixel_control/share/dynamixel_control//h1_2_description/meshes/link20_L.STL
[7.488s] -- Up-to-date symlink: /home/minwoong/OneDrive/JMW/dynamixel_8DOF/Dynamixel/install/dynamixel_control/share/dynamixel_control//h1_2_description/meshes/link20_R.STL
[7.489s] -- Up-to-date symlink: /home/minwoong/OneDrive/JMW/dynamixel_8DOF/Dynamixel/install/dynamixel_control/share/dynamixel_control//h1_2_description/meshes/link21_L.STL
[7.489s] -- Up-to-date symlink: /home/minwoong/OneDrive/JMW/dynamixel_8DOF/Dynamixel/install/dynamixel_control/share/dynamixel_control//h1_2_description/meshes/link21_R.STL
[7.489s] -- Up-to-date symlink: /home/minwoong/OneDrive/JMW/dynamixel_8DOF/Dynamixel/install/dynamixel_control/share/dynamixel_control//h1_2_description/meshes/link22_L.STL
[7.489s] -- Up-to-date symlink: /home/minwoong/OneDrive/JMW/dynamixel_8DOF/Dynamixel/install/dynamixel_control/share/dynamixel_control//h1_2_description/meshes/link22_R.STL
[7.489s] -- Up-to-date symlink: /home/minwoong/OneDrive/JMW/dynamixel_8DOF/Dynamixel/install/dynamixel_control/share/dynamixel_control//h1_2_description/meshes/logo_link.STL
[7.489s] -- Up-to-date symlink: /home/minwoong/OneDrive/JMW/dynamixel_8DOF/Dynamixel/install/dynamixel_control/share/dynamixel_control//h1_2_description/meshes/pelvis.STL
[7.489s] -- Up-to-date symlink: /home/minwoong/OneDrive/JMW/dynamixel_8DOF/Dynamixel/install/dynamixel_control/share/dynamixel_control//h1_2_description/meshes/right_ankle_A_link.STL
[7.489s] -- Up-to-date symlink: /home/minwoong/OneDrive/JMW/dynamixel_8DOF/Dynamixel/install/dynamixel_control/share/dynamixel_control//h1_2_description/meshes/right_ankle_A_rod_link.STL
[7.489s] -- Up-to-date symlink: /home/minwoong/OneDrive/JMW/dynamixel_8DOF/Dynamixel/install/dynamixel_control/share/dynamixel_control//h1_2_description/meshes/right_ankle_B_link.STL
[7.489s] -- Up-to-date symlink: /home/minwoong/OneDrive/JMW/dynamixel_8DOF/Dynamixel/install/dynamixel_control/share/dynamixel_control//h1_2_description/meshes/right_ankle_B_rod_link.STL
[7.489s] -- Up-to-date symlink: /home/minwoong/OneDrive/JMW/dynamixel_8DOF/Dynamixel/install/dynamixel_control/share/dynamixel_control//h1_2_description/meshes/right_ankle_link.STL
[7.489s] -- Up-to-date symlink: /home/minwoong/OneDrive/JMW/dynamixel_8DOF/Dynamixel/install/dynamixel_control/share/dynamixel_control//h1_2_description/meshes/right_ankle_pitch_link.STL
[7.489s] -- Up-to-date symlink: /home/minwoong/OneDrive/JMW/dynamixel_8DOF/Dynamixel/install/dynamixel_control/share/dynamixel_control//h1_2_description/meshes/right_ankle_roll_link.STL
[7.489s] -- Up-to-date symlink: /home/minwoong/OneDrive/JMW/dynamixel_8DOF/Dynamixel/install/dynamixel_control/share/dynamixel_control//h1_2_description/meshes/right_elbow_link.STL
[7.489s] -- Up-to-date symlink: /home/minwoong/OneDrive/JMW/dynamixel_8DOF/Dynamixel/install/dynamixel_control/share/dynamixel_control//h1_2_description/meshes/right_hand_link.STL
[7.490s] -- Up-to-date symlink: /home/minwoong/OneDrive/JMW/dynamixel_8DOF/Dynamixel/install/dynamixel_control/share/dynamixel_control//h1_2_description/meshes/right_hip_pitch_link.STL
[7.490s] -- Up-to-date symlink: /home/minwoong/OneDrive/JMW/dynamixel_8DOF/Dynamixel/install/dynamixel_control/share/dynamixel_control//h1_2_description/meshes/right_hip_roll_link.STL
[7.490s] -- Up-to-date symlink: /home/minwoong/OneDrive/JMW/dynamixel_8DOF/Dynamixel/install/dynamixel_control/share/dynamixel_control//h1_2_description/meshes/right_hip_yaw_link.STL
[7.490s] -- Up-to-date symlink: /home/minwoong/OneDrive/JMW/dynamixel_8DOF/Dynamixel/install/dynamixel_control/share/dynamixel_control//h1_2_description/meshes/right_knee_link.STL
[7.490s] -- Up-to-date symlink: /home/minwoong/OneDrive/JMW/dynamixel_8DOF/Dynamixel/install/dynamixel_control/share/dynamixel_control//h1_2_description/meshes/right_pitch_link.STL
[7.490s] -- Up-to-date symlink: /home/minwoong/OneDrive/JMW/dynamixel_8DOF/Dynamixel/install/dynamixel_control/share/dynamixel_control//h1_2_description/meshes/right_shoulder_pitch_link.STL
[7.490s] -- Up-to-date symlink: /home/minwoong/OneDrive/JMW/dynamixel_8DOF/Dynamixel/install/dynamixel_control/share/dynamixel_control//h1_2_description/meshes/right_shoulder_roll_link.STL
[7.490s] -- Up-to-date symlink: /home/minwoong/OneDrive/JMW/dynamixel_8DOF/Dynamixel/install/dynamixel_control/share/dynamixel_control//h1_2_description/meshes/right_shoulder_yaw_link.STL
[7.490s] -- Up-to-date symlink: /home/minwoong/OneDrive/JMW/dynamixel_8DOF/Dynamixel/install/dynamixel_control/share/dynamixel_control//h1_2_description/meshes/right_wrist_pitch_link.STL
[7.490s] -- Up-to-date symlink: /home/minwoong/OneDrive/JMW/dynamixel_8DOF/Dynamixel/install/dynamixel_control/share/dynamixel_control//h1_2_description/meshes/right_wrist_roll_link.STL
[7.490s] -- Up-to-date symlink: /home/minwoong/OneDrive/JMW/dynamixel_8DOF/Dynamixel/install/dynamixel_control/share/dynamixel_control//h1_2_description/meshes/torso_link.STL
[7.490s] -- Up-to-date symlink: /home/minwoong/OneDrive/JMW/dynamixel_8DOF/Dynamixel/install/dynamixel_control/share/dynamixel_control//h1_2_description/meshes/wrist_yaw_link.STL
[7.490s] -- Up-to-date symlink: /home/minwoong/OneDrive/JMW/dynamixel_8DOF/Dynamixel/install/dynamixel_control/share/ament_index/resource_index/package_run_dependencies/dynamixel_control
[7.490s] -- Up-to-date symlink: /home/minwoong/OneDrive/JMW/dynamixel_8DOF/Dynamixel/install/dynamixel_control/share/ament_index/resource_index/parent_prefix_path/dynamixel_control
[7.491s] -- Up-to-date symlink: /home/minwoong/OneDrive/JMW/dynamixel_8DOF/Dynamixel/install/dynamixel_control/share/dynamixel_control/environment/ament_prefix_path.sh
[7.491s] -- Up-to-date symlink: /home/minwoong/OneDrive/JMW/dynamixel_8DOF/Dynamixel/install/dynamixel_control/share/dynamixel_control/environment/ament_prefix_path.dsv
[7.491s] -- Up-to-date symlink: /home/minwoong/OneDrive/JMW/dynamixel_8DOF/Dynamixel/install/dynamixel_control/share/dynamixel_control/environment/path.sh
[7.491s] -- Up-to-date symlink: /home/minwoong/OneDrive/JMW/dynamixel_8DOF/Dynamixel/install/dynamixel_control/share/dynamixel_control/environment/path.dsv
[7.491s] -- Up-to-date symlink: /home/minwoong/OneDrive/JMW/dynamixel_8DOF/Dynamixel/install/dynamixel_control/share/dynamixel_control/local_setup.bash
[7.491s] -- Up-to-date symlink: /home/minwoong/OneDrive/JMW/dynamixel_8DOF/Dynamixel/install/dynamixel_control/share/dynamixel_control/local_setup.sh
[7.491s] -- Up-to-date symlink: /home/minwoong/OneDrive/JMW/dynamixel_8DOF/Dynamixel/install/dynamixel_control/share/dynamixel_control/local_setup.zsh
[7.491s] -- Up-to-date symlink: /home/minwoong/OneDrive/JMW/dynamixel_8DOF/Dynamixel/install/dynamixel_control/share/dynamixel_control/local_setup.dsv
[7.491s] -- Symlinking: /home/minwoong/OneDrive/JMW/dynamixel_8DOF/Dynamixel/install/dynamixel_control/share/dynamixel_control/package.dsv
[7.497s] -- Up-to-date symlink: /home/minwoong/OneDrive/JMW/dynamixel_8DOF/Dynamixel/install/dynamixel_control/share/ament_index/resource_index/packages/dynamixel_control
[7.497s] -- Up-to-date symlink: /home/minwoong/OneDrive/JMW/dynamixel_8DOF/Dynamixel/install/dynamixel_control/share/dynamixel_control/cmake/dynamixel_controlConfig.cmake
[7.497s] -- Up-to-date symlink: /home/minwoong/OneDrive/JMW/dynamixel_8DOF/Dynamixel/install/dynamixel_control/share/dynamixel_control/cmake/dynamixel_controlConfig-version.cmake
[7.497s] -- Up-to-date symlink: /home/minwoong/OneDrive/JMW/dynamixel_8DOF/Dynamixel/install/dynamixel_control/share/dynamixel_control/package.xml
[7.499s] Invoked command in '/home/minwoong/OneDrive/JMW/dynamixel_8DOF/Dynamixel/build/dynamixel_control' returned '0': CMAKE_PREFIX_PATH=/home/minwoong/OneDrive/JMW/dynamixel_8DOF/Dynamixel/install/dynamixel_sdk:/home/minwoong/OneDrive/JMW/dynamixel_8DOF/Dynamixel/install/dynamixel_control:/opt/ros/humble /usr/bin/cmake --install /home/minwoong/OneDrive/JMW/dynamixel_8DOF/Dynamixel/build/dynamixel_control
