[0.007s] Invoking command in '/home/minwoong/OneDrive/JMW/dynamixel_8DOF/Dynamixel/build/dynamixel_control': CMAKE_PREFIX_PATH=/home/minwoong/OneDrive/JMW/dynamixel_8DOF/Dynamixel/install/dynamixel_sdk:/home/minwoong/OneDrive/JMW/dynamixel_8DOF/Dynamixel/install/dynamixel_control:/opt/ros/humble /usr/bin/cmake --build /home/minwoong/OneDrive/JMW/dynamixel_8DOF/Dynamixel/build/dynamixel_control -- -j24 -l24
[0.054s] [35m[1mConsolidate compiler generated dependencies of target poppy_csv_joint_state_publisher[0m
[0.074s] [ 44%] Built target poppy_read_write_node
[0.074s] [ 44%] Built target torque_compensation_node
[0.074s] [ 44%] Built target read_write_node
[0.074s] [ 44%] Built target csv_joint_state_publisher
[0.075s] [ 66%] [32mBuilding CXX object CMakeFiles/poppy_csv_joint_state_publisher.dir/src/poppy_csv_joint_state_publisher.cpp.o[0m
[0.075s] [ 72%] Built target h1_csv_joint_state_publisher
[0.075s] [ 72%] Built target joint_state_publisher
[0.075s] [ 83%] Built target rviz_visualization_node
[0.075s] [ 94%] Built target torque_read_degree_write
[2.520s] [100%] [32m[1mLinking CXX executable poppy_csv_joint_state_publisher[0m
[2.636s] [100%] Built target poppy_csv_joint_state_publisher
[2.644s] Invoked command in '/home/minwoong/OneDrive/JMW/dynamixel_8DOF/Dynamixel/build/dynamixel_control' returned '0': CMAKE_PREFIX_PATH=/home/minwoong/OneDrive/JMW/dynamixel_8DOF/Dynamixel/install/dynamixel_sdk:/home/minwoong/OneDrive/JMW/dynamixel_8DOF/Dynamixel/install/dynamixel_control:/opt/ros/humble /usr/bin/cmake --build /home/minwoong/OneDrive/JMW/dynamixel_8DOF/Dynamixel/build/dynamixel_control -- -j24 -l24
[2.645s] Invoking command in '/home/minwoong/OneDrive/JMW/dynamixel_8DOF/Dynamixel/build/dynamixel_control': CMAKE_PREFIX_PATH=/home/minwoong/OneDrive/JMW/dynamixel_8DOF/Dynamixel/install/dynamixel_sdk:/home/minwoong/OneDrive/JMW/dynamixel_8DOF/Dynamixel/install/dynamixel_control:/opt/ros/humble /usr/bin/cmake --install /home/minwoong/OneDrive/JMW/dynamixel_8DOF/Dynamixel/build/dynamixel_control
[2.649s] -- Install configuration: ""
[2.649s] -- Execute custom install script
[2.650s] -- Up-to-date symlink: /home/minwoong/OneDrive/JMW/dynamixel_8DOF/Dynamixel/install/dynamixel_control/lib/dynamixel_control/read_write_node
[2.650s] -- Up-to-date symlink: /home/minwoong/OneDrive/JMW/dynamixel_8DOF/Dynamixel/install/dynamixel_control/lib/dynamixel_control/poppy_read_write_node
[2.650s] -- Up-to-date symlink: /home/minwoong/OneDrive/JMW/dynamixel_8DOF/Dynamixel/install/dynamixel_control/lib/dynamixel_control/joint_state_publisher
[2.650s] -- Up-to-date symlink: /home/minwoong/OneDrive/JMW/dynamixel_8DOF/Dynamixel/install/dynamixel_control/lib/dynamixel_control/csv_joint_state_publisher
[2.650s] -- Up-to-date symlink: /home/minwoong/OneDrive/JMW/dynamixel_8DOF/Dynamixel/install/dynamixel_control/lib/dynamixel_control/h1_csv_joint_state_publisher
[2.650s] -- Up-to-date symlink: /home/minwoong/OneDrive/JMW/dynamixel_8DOF/Dynamixel/install/dynamixel_control/lib/dynamixel_control/poppy_csv_joint_state_publisher
[2.650s] -- Up-to-date symlink: /home/minwoong/OneDrive/JMW/dynamixel_8DOF/Dynamixel/install/dynamixel_control/lib/dynamixel_control/rviz_visualization_node
[2.650s] -- Up-to-date symlink: /home/minwoong/OneDrive/JMW/dynamixel_8DOF/Dynamixel/install/dynamixel_control/lib/dynamixel_control/torque_compensation_node
[2.650s] -- Up-to-date symlink: /home/minwoong/OneDrive/JMW/dynamixel_8DOF/Dynamixel/install/dynamixel_control/lib/dynamixel_control/torque_read_degree_write
[2.650s] -- Up-to-date symlink: /home/minwoong/OneDrive/JMW/dynamixel_8DOF/Dynamixel/install/dynamixel_control/lib/dynamixel_control/poppy_slider_gui.py
[2.650s] -- Up-to-date symlink: /home/minwoong/OneDrive/JMW/dynamixel_8DOF/Dynamixel/install/dynamixel_control/share/dynamixel_control//launch/__pycache__/robot_visualization.launch.cpython-310.pyc
[2.650s] -- Up-to-date symlink: /home/minwoong/OneDrive/JMW/dynamixel_8DOF/Dynamixel/install/dynamixel_control/share/dynamixel_control//launch/h1_robot_visualization.launch.py
[2.651s] -- Up-to-date symlink: /home/minwoong/OneDrive/JMW/dynamixel_8DOF/Dynamixel/install/dynamixel_control/share/dynamixel_control//launch/poppy_robot_visualization.launch.py
[2.651s] -- Up-to-date symlink: /home/minwoong/OneDrive/JMW/dynamixel_8DOF/Dynamixel/install/dynamixel_control/share/dynamixel_control//launch/robot_visualization.launch.py
[2.651s] -- Up-to-date symlink: /home/minwoong/OneDrive/JMW/dynamixel_8DOF/Dynamixel/install/dynamixel_control/share/dynamixel_control//launch/robot_visualization.launch.xml
[2.652s] -- Up-to-date symlink: /home/minwoong/OneDrive/JMW/dynamixel_8DOF/Dynamixel/install/dynamixel_control/share/dynamixel_control//data/csv/.data/01_Default_두리번.csv
[2.652s] -- Up-to-date symlink: /home/minwoong/OneDrive/JMW/dynamixel_8DOF/Dynamixel/install/dynamixel_control/share/dynamixel_control//data/csv/.data/02_Default_두리번2.csv
[2.652s] -- Up-to-date symlink: /home/minwoong/OneDrive/JMW/dynamixel_8DOF/Dynamixel/install/dynamixel_control/share/dynamixel_control//data/csv/.data/02_Default_두리번두번.csv
[2.652s] -- Up-to-date symlink: /home/minwoong/OneDrive/JMW/dynamixel_8DOF/Dynamixel/install/dynamixel_control/share/dynamixel_control//data/csv/.data/02_Default_두리번두번.xlsx
[2.653s] -- Up-to-date symlink: /home/minwoong/OneDrive/JMW/dynamixel_8DOF/Dynamixel/install/dynamixel_control/share/dynamixel_control//data/csv/.data/03_Default_두리번3.csv
[2.653s] -- Up-to-date symlink: /home/minwoong/OneDrive/JMW/dynamixel_8DOF/Dynamixel/install/dynamixel_control/share/dynamixel_control//data/csv/.data/04_호객행위.csv
[2.653s] -- Up-to-date symlink: /home/minwoong/OneDrive/JMW/dynamixel_8DOF/Dynamixel/install/dynamixel_control/share/dynamixel_control//data/csv/.data/0501_1908_shoulder1_animation_semina_21degree.mp4_motor_degree.csv
[2.653s] -- Up-to-date symlink: /home/minwoong/OneDrive/JMW/dynamixel_8DOF/Dynamixel/install/dynamixel_control/share/dynamixel_control//data/csv/.data/0501_1911_Anysong_1_animation_semina_21degree.mp4_motor_degree.csv
[2.653s] -- Up-to-date symlink: /home/minwoong/OneDrive/JMW/dynamixel_8DOF/Dynamixel/install/dynamixel_control/share/dynamixel_control//data/csv/.data/0501_1912_Anysong_2_animation_semina_21degree.mp4_motor_degree.csv
[2.653s] -- Up-to-date symlink: /home/minwoong/OneDrive/JMW/dynamixel_8DOF/Dynamixel/install/dynamixel_control/share/dynamixel_control//data/csv/.data/0501_1940_WMCA_Dance_animation_semina_21degree_Neck.mp4_motor_degree.csv
[2.653s] -- Up-to-date symlink: /home/minwoong/OneDrive/JMW/dynamixel_8DOF/Dynamixel/install/dynamixel_control/share/dynamixel_control//data/csv/.data/0501_1956_elbow_animation_semina_21degree_Complete.mp4_motor_degree.csv
[2.653s] -- Up-to-date symlink: /home/minwoong/OneDrive/JMW/dynamixel_8DOF/Dynamixel/install/dynamixel_control/share/dynamixel_control//data/csv/.data/0501_1957_shoulder1_animation_semina_21degree_Complete.mp4_motor_degree.csv
[2.653s] -- Up-to-date symlink: /home/minwoong/OneDrive/JMW/dynamixel_8DOF/Dynamixel/install/dynamixel_control/share/dynamixel_control//data/csv/.data/0501_1957_submotions_animation_semina_21degree_Complete.mp4_motor_degree.csv
[2.653s] -- Up-to-date symlink: /home/minwoong/OneDrive/JMW/dynamixel_8DOF/Dynamixel/install/dynamixel_control/share/dynamixel_control//data/csv/.data/0501_2001_WMCA_Dance_animation_semina_21degree_Complete.mp4_motor_degree.csv
[2.653s] -- Up-to-date symlink: /home/minwoong/OneDrive/JMW/dynamixel_8DOF/Dynamixel/install/dynamixel_control/share/dynamixel_control//data/csv/.data/0501_2006_Anysong_1_animation_semina_21degree_Complete.mp4_motor_degree.csv
[2.653s] -- Up-to-date symlink: /home/minwoong/OneDrive/JMW/dynamixel_8DOF/Dynamixel/install/dynamixel_control/share/dynamixel_control//data/csv/.data/0501_2011_Anysong_2_animation_semina_21degree_Complete.mp4_motor_degree.csv
[2.653s] -- Up-to-date symlink: /home/minwoong/OneDrive/JMW/dynamixel_8DOF/Dynamixel/install/dynamixel_control/share/dynamixel_control//data/csv/.data/0502_1401_Semina_collar_animation_semina_21degree_Complete.mp4_motor_degree.csv
[2.653s] -- Up-to-date symlink: /home/minwoong/OneDrive/JMW/dynamixel_8DOF/Dynamixel/install/dynamixel_control/share/dynamixel_control//data/csv/.data/0502_1403_Semina_shoulder_animation_semina_21degree_Complete.mp4_motor_degree.csv
[2.654s] -- Up-to-date symlink: /home/minwoong/OneDrive/JMW/dynamixel_8DOF/Dynamixel/install/dynamixel_control/share/dynamixel_control//data/csv/.data/0502_1409_Semina_elbow_animation_semina_21degree_Complete.mp4_motor_degree.csv
[2.654s] -- Up-to-date symlink: /home/minwoong/OneDrive/JMW/dynamixel_8DOF/Dynamixel/install/dynamixel_control/share/dynamixel_control//data/csv/.data/0502_1411_Semina_wrist_animation_semina_21degree_Complete.mp4_motor_degree.csv
[2.654s] -- Up-to-date symlink: /home/minwoong/OneDrive/JMW/dynamixel_8DOF/Dynamixel/install/dynamixel_control/share/dynamixel_control//data/csv/.data/0502_1413_Semina_neck_animation_semina_21degree_Complete.mp4_motor_degree.csv
[2.654s] -- Up-to-date symlink: /home/minwoong/OneDrive/JMW/dynamixel_8DOF/Dynamixel/install/dynamixel_control/share/dynamixel_control//data/csv/.data/0502_1415_Semina_Robot_joint_animation_semina_21degree_Complete.mp4_motor_degree.csv
[2.654s] -- Up-to-date symlink: /home/minwoong/OneDrive/JMW/dynamixel_8DOF/Dynamixel/install/dynamixel_control/share/dynamixel_control//data/csv/.data/0502_1419_gymnast_2_animation_semina_21degree_Complete.mp4_motor_degree.csv
[2.654s] -- Up-to-date symlink: /home/minwoong/OneDrive/JMW/dynamixel_8DOF/Dynamixel/install/dynamixel_control/share/dynamixel_control//data/csv/.data/0502_1423_final_closing_animation_semina_21degree_Complete.mp4_motor_degree.csv
[2.654s] -- Up-to-date symlink: /home/minwoong/OneDrive/JMW/dynamixel_8DOF/Dynamixel/install/dynamixel_control/share/dynamixel_control//data/csv/.data/05_인사.csv
[2.654s] -- Up-to-date symlink: /home/minwoong/OneDrive/JMW/dynamixel_8DOF/Dynamixel/install/dynamixel_control/share/dynamixel_control//data/csv/.data/06_WMCA_Test.csv
[2.654s] -- Up-to-date symlink: /home/minwoong/OneDrive/JMW/dynamixel_8DOF/Dynamixel/install/dynamixel_control/share/dynamixel_control//data/csv/.data/06_shoulder1_Test.csv
[2.654s] -- Up-to-date symlink: /home/minwoong/OneDrive/JMW/dynamixel_8DOF/Dynamixel/install/dynamixel_control/share/dynamixel_control//data/csv/.data/06_춤.csv
[2.654s] -- Up-to-date symlink: /home/minwoong/OneDrive/JMW/dynamixel_8DOF/Dynamixel/install/dynamixel_control/share/dynamixel_control//data/csv/.data/0708_1123_WMCA_Dance_SPE_select_vector_Visualization_Scale=Arm.mp4_motor_degree.csv
[2.654s] -- Up-to-date symlink: /home/minwoong/OneDrive/JMW/dynamixel_8DOF/Dynamixel/install/dynamixel_control/share/dynamixel_control//data/csv/.data/0708_1131_WMCA_Dance_SPE_select_vector_Visualization_Scale=Arm.mp4_motor_degree.csv
[2.654s] -- Up-to-date symlink: /home/minwoong/OneDrive/JMW/dynamixel_8DOF/Dynamixel/install/dynamixel_control/share/dynamixel_control//data/csv/.data/0708_1131_WMCA_Dance_SPE_select_vector_Visualization_Scale=Collar.mp4_motor_degree.csv
[2.654s] -- Up-to-date symlink: /home/minwoong/OneDrive/JMW/dynamixel_8DOF/Dynamixel/install/dynamixel_control/share/dynamixel_control//data/csv/.data/0708_1238_WMCA_Dance_SPE_select_vector_motor_Scale=Arm.mp4_motor_degree.csv
[2.655s] -- Up-to-date symlink: /home/minwoong/OneDrive/JMW/dynamixel_8DOF/Dynamixel/install/dynamixel_control/share/dynamixel_control//data/csv/.data/0708_1251_WMCA_Dance_SPE_select_vector_motor_Scale=Arm.mp4_motor_degree.csv
[2.655s] -- Up-to-date symlink: /home/minwoong/OneDrive/JMW/dynamixel_8DOF/Dynamixel/install/dynamixel_control/share/dynamixel_control//data/csv/.data/0708_1327_WMCA_Dance_SPE_wrist_Scale=Arm.mp4_motor_degree.csv
[2.655s] -- Up-to-date symlink: /home/minwoong/OneDrive/JMW/dynamixel_8DOF/Dynamixel/install/dynamixel_control/share/dynamixel_control//data/csv/.data/0715_1537_Semina_shoulder_HalfMethod_shoulder_estimation_version_Fixed_wrist_shpere_radius.mp4_motor_degree.csv
[2.655s] -- Up-to-date symlink: /home/minwoong/OneDrive/JMW/dynamixel_8DOF/Dynamixel/install/dynamixel_control/share/dynamixel_control//data/csv/.data/0715_1630_gymnast_2_HalfMethod_shoulder_estimation_version_Fixed_wrist_shpere_radius_Arm.mp4_motor_degree.csv
[2.655s] -- Up-to-date symlink: /home/minwoong/OneDrive/JMW/dynamixel_8DOF/Dynamixel/install/dynamixel_control/share/dynamixel_control//data/csv/.data/0715_1641_WMCA_Dance_HalfMethod_shoulder_estimation_version_Fixed_wrist_shpere_radius_Arm.mp4_motor_degree.csv
[2.655s] -- Up-to-date symlink: /home/minwoong/OneDrive/JMW/dynamixel_8DOF/Dynamixel/install/dynamixel_control/share/dynamixel_control//data/csv/.data/07_WMCA_Test2.csv
[2.655s] -- Up-to-date symlink: /home/minwoong/OneDrive/JMW/dynamixel_8DOF/Dynamixel/install/dynamixel_control/share/dynamixel_control//data/csv/.data/07_anysong_2_Test.csv
[2.655s] -- Up-to-date symlink: /home/minwoong/OneDrive/JMW/dynamixel_8DOF/Dynamixel/install/dynamixel_control/share/dynamixel_control//data/csv/.data/08_WMCA_Test3.csv
[2.655s] -- Up-to-date symlink: /home/minwoong/OneDrive/JMW/dynamixel_8DOF/Dynamixel/install/dynamixel_control/share/dynamixel_control//data/csv/.data/09_WMCA_BothArm.csv
[2.655s] -- Up-to-date symlink: /home/minwoong/OneDrive/JMW/dynamixel_8DOF/Dynamixel/install/dynamixel_control/share/dynamixel_control//data/csv/.data/Desync.csv
[2.655s] -- Up-to-date symlink: /home/minwoong/OneDrive/JMW/dynamixel_8DOF/Dynamixel/install/dynamixel_control/share/dynamixel_control//data/csv/.data/H1_0511_2223_Anysong_1_animation_semina_preprocessing.mp4_euler_angle_H1.csv
[2.655s] -- Up-to-date symlink: /home/minwoong/OneDrive/JMW/dynamixel_8DOF/Dynamixel/install/dynamixel_control/share/dynamixel_control//data/csv/.data/H1_0511_2223_Anysong_1_animation_semina_preprocessing.mp4_motor_degree_H1.csv
[2.655s] -- Up-to-date symlink: /home/minwoong/OneDrive/JMW/dynamixel_8DOF/Dynamixel/install/dynamixel_control/share/dynamixel_control//data/csv/.data/H1_0511_2228_Anysong_2_animation_semina_preprocessing.mp4_euler_angle_H1.csv
[2.655s] -- Up-to-date symlink: /home/minwoong/OneDrive/JMW/dynamixel_8DOF/Dynamixel/install/dynamixel_control/share/dynamixel_control//data/csv/.data/H1_0511_2228_Anysong_2_animation_semina_preprocessing.mp4_motor_degree_H1.csv
[2.655s] -- Up-to-date symlink: /home/minwoong/OneDrive/JMW/dynamixel_8DOF/Dynamixel/install/dynamixel_control/share/dynamixel_control//data/csv/.data/H1_0511_2233_gymnast_2_animation_semina_preprocessing.mp4_euler_angle_H1.csv
[2.656s] -- Up-to-date symlink: /home/minwoong/OneDrive/JMW/dynamixel_8DOF/Dynamixel/install/dynamixel_control/share/dynamixel_control//data/csv/.data/H1_0511_2233_gymnast_2_animation_semina_preprocessing.mp4_motor_degree_H1.csv
[2.656s] -- Up-to-date symlink: /home/minwoong/OneDrive/JMW/dynamixel_8DOF/Dynamixel/install/dynamixel_control/share/dynamixel_control//data/csv/.data/H1_0511_2237_Semina_Robot_joint_animation_semina_preprocessing.mp4_euler_angle_H1.csv
[2.656s] -- Up-to-date symlink: /home/minwoong/OneDrive/JMW/dynamixel_8DOF/Dynamixel/install/dynamixel_control/share/dynamixel_control//data/csv/.data/H1_0511_2237_Semina_Robot_joint_animation_semina_preprocessing.mp4_motor_degree_H1.csv
[2.656s] -- Up-to-date symlink: /home/minwoong/OneDrive/JMW/dynamixel_8DOF/Dynamixel/install/dynamixel_control/share/dynamixel_control//data/csv/.data/H1_0512_1507_Anysong_1_animation_semina_preprocessing.mp4_euler_Collar+Shoulder_XYX_angle_H1.csv
[2.656s] -- Up-to-date symlink: /home/minwoong/OneDrive/JMW/dynamixel_8DOF/Dynamixel/install/dynamixel_control/share/dynamixel_control//data/csv/.data/H1_0512_1507_Anysong_2_animation_semina_preprocessing.mp4_euler_Collar+Shoulder_XYX_angle_H1.csv
[2.656s] -- Up-to-date symlink: /home/minwoong/OneDrive/JMW/dynamixel_8DOF/Dynamixel/install/dynamixel_control/share/dynamixel_control//data/csv/.data/H1_0512_1507_Semina_Robot_joint_animation_semina_preprocessing.mp4_euler_Collar+Shoulder_XYX_angle_H1.csv
[2.656s] -- Up-to-date symlink: /home/minwoong/OneDrive/JMW/dynamixel_8DOF/Dynamixel/install/dynamixel_control/share/dynamixel_control//data/csv/.data/H1_0512_1507_gymnast_2_animation_semina_preprocessing.mp4_euler_Collar+Shoulder_XYX_angle_H1.csv
[2.656s] -- Up-to-date symlink: /home/minwoong/OneDrive/JMW/dynamixel_8DOF/Dynamixel/install/dynamixel_control/share/dynamixel_control//data/csv/.data/H1_0512_1554_Semina_Robot_joint_animation_semina_preprocessing.mp4_euler_Collar+Shoulder_XZY_angle_SMPL_Morphing.csv
[2.656s] -- Up-to-date symlink: /home/minwoong/OneDrive/JMW/dynamixel_8DOF/Dynamixel/install/dynamixel_control/share/dynamixel_control//data/csv/.data/H1_0512_1554_gymnast_2_animation_semina_preprocessing.mp4_euler_Collar+Shoulder_XZY_angle_SMPL_Morphing.csv
[2.656s] -- Up-to-date symlink: /home/minwoong/OneDrive/JMW/dynamixel_8DOF/Dynamixel/install/dynamixel_control/share/dynamixel_control//data/csv/.data/H1_0512_1620_Semina_Robot_joint_animation_semina_preprocessing.mp4_euler_Collar+Shoulder_angle_H1_XZY.csv
[2.656s] -- Up-to-date symlink: /home/minwoong/OneDrive/JMW/dynamixel_8DOF/Dynamixel/install/dynamixel_control/share/dynamixel_control//data/csv/.data/H1_Anysong_1_euler_Rejusted_angle_H1.csv
[2.656s] -- Up-to-date symlink: /home/minwoong/OneDrive/JMW/dynamixel_8DOF/Dynamixel/install/dynamixel_control/share/dynamixel_control//data/csv/.data/H1_Anysong_2_euler_Rejusted_angle_H1.csv
[2.656s] -- Up-to-date symlink: /home/minwoong/OneDrive/JMW/dynamixel_8DOF/Dynamixel/install/dynamixel_control/share/dynamixel_control//data/csv/.data/H1_Semina_Robot_joint_euler_Rejusted_angle_H1.csv
[2.656s] -- Up-to-date symlink: /home/minwoong/OneDrive/JMW/dynamixel_8DOF/Dynamixel/install/dynamixel_control/share/dynamixel_control//data/csv/.data/H1_gymnast_2_euler_Rejusted_angle_H1.csv
[2.657s] -- Up-to-date symlink: /home/minwoong/OneDrive/JMW/dynamixel_8DOF/Dynamixel/install/dynamixel_control/share/dynamixel_control//data/csv/.data/sincostra.csv
[2.657s] -- Up-to-date symlink: /home/minwoong/OneDrive/JMW/dynamixel_8DOF/Dynamixel/install/dynamixel_control/share/dynamixel_control//data/csv/.data/torquecheck.csv
[2.657s] -- Up-to-date symlink: /home/minwoong/OneDrive/JMW/dynamixel_8DOF/Dynamixel/install/dynamixel_control/share/dynamixel_control//data/csv/.data/torquecheck2.csv
[2.657s] -- Up-to-date symlink: /home/minwoong/OneDrive/JMW/dynamixel_8DOF/Dynamixel/install/dynamixel_control/share/dynamixel_control//data/csv/00_Sync.csv
[2.657s] -- Up-to-date symlink: /home/minwoong/OneDrive/JMW/dynamixel_8DOF/Dynamixel/install/dynamixel_control/share/dynamixel_control//data/csv/poppy/.data/0407_1546_gymnast_2_waist_and_second_Waist_poppy_motor_degree.csv
[2.657s] -- Up-to-date symlink: /home/minwoong/OneDrive/JMW/dynamixel_8DOF/Dynamixel/install/dynamixel_control/share/dynamixel_control//data/csv/poppy/.data/1104_2222_gymnast_2_poppy_humanoid_motor_degree.csv
[2.657s] -- Up-to-date symlink: /home/minwoong/OneDrive/JMW/dynamixel_8DOF/Dynamixel/install/dynamixel_control/share/dynamixel_control//data/csv/poppy/.data/1104_2230_Semina_collar_poppy_humanoid_motor_degree.csv
[2.657s] -- Up-to-date symlink: /home/minwoong/OneDrive/JMW/dynamixel_8DOF/Dynamixel/install/dynamixel_control/share/dynamixel_control//data/csv/poppy/.data/1104_2230_Semina_shoulder_poppy_humanoid_motor_degree.csv
[2.657s] -- Up-to-date symlink: /home/minwoong/OneDrive/JMW/dynamixel_8DOF/Dynamixel/install/dynamixel_control/share/dynamixel_control//data/csv/poppy/.data/1104_2230_WMCA_Dance_poppy_humanoid_motor_degree.csv
[2.657s] -- Up-to-date symlink: /home/minwoong/OneDrive/JMW/dynamixel_8DOF/Dynamixel/install/dynamixel_control/share/dynamixel_control//data/csv/poppy/.data/1_1104_2230_Semina_elbow_poppy_humanoid_motor_degree.csv
[2.657s] -- Up-to-date symlink: /home/minwoong/OneDrive/JMW/dynamixel_8DOF/Dynamixel/install/dynamixel_control/share/dynamixel_control//data/csv/poppy/.data/251118_1513_Semina_elbow_poppy_humanoid_Human_point_GN_LM_rviz.csv
[2.657s] -- Up-to-date symlink: /home/minwoong/OneDrive/JMW/dynamixel_8DOF/Dynamixel/install/dynamixel_control/share/dynamixel_control//data/csv/poppy/.data/251118_1513_gymnast_2_poppy_humanoid_Robot_point_GN_LM_rviz.csv
[2.657s] -- Up-to-date symlink: /home/minwoong/OneDrive/JMW/dynamixel_8DOF/Dynamixel/install/dynamixel_control/share/dynamixel_control//data/csv/poppy/.data/251119_2030_GEO/1119_2030_Semina_Robot_joint_poppy_humanoid_arm_margin_0.95_motor_degree.csv
[2.657s] -- Up-to-date symlink: /home/minwoong/OneDrive/JMW/dynamixel_8DOF/Dynamixel/install/dynamixel_control/share/dynamixel_control//data/csv/poppy/.data/251119_2030_GEO/1119_2030_Semina_collar_poppy_humanoid_arm_margin_0.95_motor_degree.csv
[2.658s] -- Up-to-date symlink: /home/minwoong/OneDrive/JMW/dynamixel_8DOF/Dynamixel/install/dynamixel_control/share/dynamixel_control//data/csv/poppy/.data/251119_2030_GEO/1119_2030_Semina_elbow_poppy_humanoid_arm_margin_0.95_motor_degree.csv
[2.658s] -- Up-to-date symlink: /home/minwoong/OneDrive/JMW/dynamixel_8DOF/Dynamixel/install/dynamixel_control/share/dynamixel_control//data/csv/poppy/.data/251119_2030_GEO/1119_2030_WMCA_Dance_poppy_humanoid_arm_margin_0.95_motor_degree.csv
[2.658s] -- Up-to-date symlink: /home/minwoong/OneDrive/JMW/dynamixel_8DOF/Dynamixel/install/dynamixel_control/share/dynamixel_control//data/csv/poppy/.data/251119_2030_GEO/1119_2030_gymnast_2_poppy_humanoid_arm_margin_0.95_motor_degree.csv
[2.658s] -- Up-to-date symlink: /home/minwoong/OneDrive/JMW/dynamixel_8DOF/Dynamixel/install/dynamixel_control/share/dynamixel_control//data/csv/poppy/.data/2DoF_Semina_elbow_poppy_humanoid.csv
[2.658s] -- Up-to-date symlink: /home/minwoong/OneDrive/JMW/dynamixel_8DOF/Dynamixel/install/dynamixel_control/share/dynamixel_control//data/csv/poppy/.data/2_smoothed_angles.csv
[2.658s] -- Up-to-date symlink: /home/minwoong/OneDrive/JMW/dynamixel_8DOF/Dynamixel/install/dynamixel_control/share/dynamixel_control//data/csv/poppy/.data/3_smoothed_angles_interpolated.csv
[2.658s] -- Up-to-date symlink: /home/minwoong/OneDrive/JMW/dynamixel_8DOF/Dynamixel/install/dynamixel_control/share/dynamixel_control//data/csv/poppy/.data/Elbow_Test_NoInitial_LM_visualizaton.csv
[2.658s] -- Up-to-date symlink: /home/minwoong/OneDrive/JMW/dynamixel_8DOF/Dynamixel/install/dynamixel_control/share/dynamixel_control//data/csv/poppy/.data/GN_LM_HumanPoint_flip_Problem/1119_2030_Semina_Robot_joint_Human_Point_GN_LM.csv
[2.658s] -- Up-to-date symlink: /home/minwoong/OneDrive/JMW/dynamixel_8DOF/Dynamixel/install/dynamixel_control/share/dynamixel_control//data/csv/poppy/.data/GN_LM_HumanPoint_flip_Problem/1119_2030_Semina_collar_Human_Point_GN_LM.csv
[2.658s] -- Up-to-date symlink: /home/minwoong/OneDrive/JMW/dynamixel_8DOF/Dynamixel/install/dynamixel_control/share/dynamixel_control//data/csv/poppy/.data/GN_LM_HumanPoint_flip_Problem/1119_2030_Semina_elbow_Human_Point_GN_LM.csv
[2.658s] -- Up-to-date symlink: /home/minwoong/OneDrive/JMW/dynamixel_8DOF/Dynamixel/install/dynamixel_control/share/dynamixel_control//data/csv/poppy/.data/GN_LM_HumanPoint_flip_Problem/1119_2030_WMCA_Dance_Human_Point_GN_LM.csv
[2.659s] -- Up-to-date symlink: /home/minwoong/OneDrive/JMW/dynamixel_8DOF/Dynamixel/install/dynamixel_control/share/dynamixel_control//data/csv/poppy/.data/GN_LM_HumanPoint_flip_Problem/1119_2030_gymnast_2_Human_Point_GN_LM.csv
[2.659s] -- Up-to-date symlink: /home/minwoong/OneDrive/JMW/dynamixel_8DOF/Dynamixel/install/dynamixel_control/share/dynamixel_control//data/csv/poppy/.data/Joint_Test_NoInitial_LM_visualizaton.csv
[2.659s] -- Up-to-date symlink: /home/minwoong/OneDrive/JMW/dynamixel_8DOF/Dynamixel/install/dynamixel_control/share/dynamixel_control//data/csv/poppy/.data/Zero.csv
[2.659s] -- Up-to-date symlink: /home/minwoong/OneDrive/JMW/dynamixel_8DOF/Dynamixel/install/dynamixel_control/share/dynamixel_control//data/csv/poppy/.data/Zero.ods
[2.659s] -- Up-to-date symlink: /home/minwoong/OneDrive/JMW/dynamixel_8DOF/Dynamixel/install/dynamixel_control/share/dynamixel_control//data/csv/poppy/.data/elbow_test_branch_problem_visualization.csv
[2.659s] -- Up-to-date symlink: /home/minwoong/OneDrive/JMW/dynamixel_8DOF/Dynamixel/install/dynamixel_control/share/dynamixel_control//data/csv/poppy/.data/waist_test/2DoF (2P)/0409_2031_13_16_one_waist__poppy_motor_degree.csv
[2.659s] -- Up-to-date symlink: /home/minwoong/OneDrive/JMW/dynamixel_8DOF/Dynamixel/install/dynamixel_control/share/dynamixel_control//data/csv/poppy/.data/waist_test/2DoF (2P)/0409_2042_13_18_one_waist__poppy_motor_degree.csv
[2.659s] -- Up-to-date symlink: /home/minwoong/OneDrive/JMW/dynamixel_8DOF/Dynamixel/install/dynamixel_control/share/dynamixel_control//data/csv/poppy/.data/waist_test/2DoF (2P)/0409_2110_13_29_one_waist__poppy_motor_degree.csv
[2.659s] -- Up-to-date symlink: /home/minwoong/OneDrive/JMW/dynamixel_8DOF/Dynamixel/install/dynamixel_control/share/dynamixel_control//data/csv/poppy/.data/waist_test/2DoF (2P)/0422_1747_Anysong_2_one_waist_poppy_smpl_motor_degree.csv
[2.659s] -- Up-to-date symlink: /home/minwoong/OneDrive/JMW/dynamixel_8DOF/Dynamixel/install/dynamixel_control/share/dynamixel_control//data/csv/poppy/.data/waist_test/2DoF (2P)/0422_1752_gymnast_2_one_waist_poppy_smpl_motor_degree.csv
[2.659s] -- Up-to-date symlink: /home/minwoong/OneDrive/JMW/dynamixel_8DOF/Dynamixel/install/dynamixel_control/share/dynamixel_control//data/csv/poppy/.data/waist_test/2DoF (2P)/0422_1756_WMCA_Dance_one_waist_poppy_smpl_motor_degree.csv
[2.660s] -- Symlinking: /home/minwoong/OneDrive/JMW/dynamixel_8DOF/Dynamixel/install/dynamixel_control/share/dynamixel_control//data/csv/poppy/.data/waist_test/2DoF (2P+Ori)/0429_2054_13_16_2DoF_Ori_bvh_motor_degree.csv
[2.665s] -- Symlinking: /home/minwoong/OneDrive/JMW/dynamixel_8DOF/Dynamixel/install/dynamixel_control/share/dynamixel_control//data/csv/poppy/.data/waist_test/2DoF (2P+Ori)/0429_2054_13_18_2DoF_Ori_bvh_motor_degree.csv
[2.671s] -- Symlinking: /home/minwoong/OneDrive/JMW/dynamixel_8DOF/Dynamixel/install/dynamixel_control/share/dynamixel_control//data/csv/poppy/.data/waist_test/2DoF (2P+Ori)/0429_2054_13_29_2DoF_Ori_bvh_motor_degree.csv
[2.677s] -- Symlinking: /home/minwoong/OneDrive/JMW/dynamixel_8DOF/Dynamixel/install/dynamixel_control/share/dynamixel_control//data/csv/poppy/.data/waist_test/2DoF (2P+Ori)/0429_2054_Anysong_2_2DoF_Ori_smpl_motor_degree.csv
[2.682s] -- Symlinking: /home/minwoong/OneDrive/JMW/dynamixel_8DOF/Dynamixel/install/dynamixel_control/share/dynamixel_control//data/csv/poppy/.data/waist_test/2DoF (2P+Ori)/0429_2054_WMCA_Dance_2DoF_Ori_smpl_motor_degree.csv
[2.688s] -- Symlinking: /home/minwoong/OneDrive/JMW/dynamixel_8DOF/Dynamixel/install/dynamixel_control/share/dynamixel_control//data/csv/poppy/.data/waist_test/2DoF (2P+Ori)/0429_2054_gymnast_2_2DoF_Ori_smpl_motor_degree.csv
[2.694s] -- Symlinking: /home/minwoong/OneDrive/JMW/dynamixel_8DOF/Dynamixel/install/dynamixel_control/share/dynamixel_control//data/csv/poppy/.data/waist_test/2DoF (2P+Ori)/old/0422_2041_Anysong_2_2_dof_waist_with_adj_poppy_smpl_motor_degree.csv
[2.699s] -- Symlinking: /home/minwoong/OneDrive/JMW/dynamixel_8DOF/Dynamixel/install/dynamixel_control/share/dynamixel_control//data/csv/poppy/.data/waist_test/2DoF (2P+Ori)/old/0422_2047_gymnast_2_2_dof_waist_with_adj_poppy_smpl_motor_degree.csv
[2.704s] -- Symlinking: /home/minwoong/OneDrive/JMW/dynamixel_8DOF/Dynamixel/install/dynamixel_control/share/dynamixel_control//data/csv/poppy/.data/waist_test/2DoF (2P+Ori)/old/0422_2051_WMCA_Dance_2_dof_waist_with_adj_poppy_smpl_motor_degree.csv
[2.710s] -- Symlinking: /home/minwoong/OneDrive/JMW/dynamixel_8DOF/Dynamixel/install/dynamixel_control/share/dynamixel_control//data/csv/poppy/.data/waist_test/2DoF (2P+Ori)/old/0422_2057_13_16_2_dof_waist_with_adj_poppy_bvh_motor_degree.csv
[2.715s] -- Symlinking: /home/minwoong/OneDrive/JMW/dynamixel_8DOF/Dynamixel/install/dynamixel_control/share/dynamixel_control//data/csv/poppy/.data/waist_test/2DoF (2P+Ori)/old/0422_2108_13_18_2_dof_waist_with_adj_poppy_bvh_motor_degree.csv
[2.720s] -- Symlinking: /home/minwoong/OneDrive/JMW/dynamixel_8DOF/Dynamixel/install/dynamixel_control/share/dynamixel_control//data/csv/poppy/.data/waist_test/2DoF (2P+Ori)/old/0422_2123_13_29_2_dof_waist_with_adj_poppy_bvh_motor_degree.csv
[2.725s] -- Up-to-date symlink: /home/minwoong/OneDrive/JMW/dynamixel_8DOF/Dynamixel/install/dynamixel_control/share/dynamixel_control//data/csv/poppy/.data/waist_test/3DoF (3O)/0410_1206_13_16_three_DOF_waist__poppy_bvh_motor_degree.csv
[2.725s] -- Up-to-date symlink: /home/minwoong/OneDrive/JMW/dynamixel_8DOF/Dynamixel/install/dynamixel_control/share/dynamixel_control//data/csv/poppy/.data/waist_test/3DoF (3O)/0410_1217_13_18_three_DOF_waist__poppy_bvh_motor_degree.csv
[2.725s] -- Up-to-date symlink: /home/minwoong/OneDrive/JMW/dynamixel_8DOF/Dynamixel/install/dynamixel_control/share/dynamixel_control//data/csv/poppy/.data/waist_test/3DoF (3O)/0410_1246_13_29_three_DOF_waist__poppy_bvh_motor_degree.csv
[2.725s] -- Up-to-date symlink: /home/minwoong/OneDrive/JMW/dynamixel_8DOF/Dynamixel/install/dynamixel_control/share/dynamixel_control//data/csv/poppy/.data/waist_test/3DoF (3O)/0410_1401_Anysong_2_three_DOF_waist__poppy_smpl_motor_degree.csv
[2.725s] -- Up-to-date symlink: /home/minwoong/OneDrive/JMW/dynamixel_8DOF/Dynamixel/install/dynamixel_control/share/dynamixel_control//data/csv/poppy/.data/waist_test/3DoF (3O)/0410_1406_gymnast_2_three_DOF_waist__poppy_smpl_motor_degree.csv
[2.725s] -- Up-to-date symlink: /home/minwoong/OneDrive/JMW/dynamixel_8DOF/Dynamixel/install/dynamixel_control/share/dynamixel_control//data/csv/poppy/.data/waist_test/3DoF (3O)/0410_1411_WMCA_Dance_three_DOF_waist__poppy_smpl_motor_degree.csv
[2.725s] -- Symlinking: /home/minwoong/OneDrive/JMW/dynamixel_8DOF/Dynamixel/install/dynamixel_control/share/dynamixel_control//data/csv/poppy/.data/waist_test/3DoF (3O+Pos)/0429_2055_13_16_3DoF_Pos_bvh_motor_degree.csv
[2.731s] -- Symlinking: /home/minwoong/OneDrive/JMW/dynamixel_8DOF/Dynamixel/install/dynamixel_control/share/dynamixel_control//data/csv/poppy/.data/waist_test/3DoF (3O+Pos)/0429_2055_13_18_3DoF_Pos_bvh_motor_degree.csv
[2.737s] -- Symlinking: /home/minwoong/OneDrive/JMW/dynamixel_8DOF/Dynamixel/install/dynamixel_control/share/dynamixel_control//data/csv/poppy/.data/waist_test/3DoF (3O+Pos)/0429_2055_13_29_3DoF_Pos_bvh_motor_degree.csv
[2.742s] -- Symlinking: /home/minwoong/OneDrive/JMW/dynamixel_8DOF/Dynamixel/install/dynamixel_control/share/dynamixel_control//data/csv/poppy/.data/waist_test/3DoF (3O+Pos)/0429_2055_Anysong_2_3DoF_Pos_smpl_motor_degree.csv
[2.747s] -- Symlinking: /home/minwoong/OneDrive/JMW/dynamixel_8DOF/Dynamixel/install/dynamixel_control/share/dynamixel_control//data/csv/poppy/.data/waist_test/3DoF (3O+Pos)/0429_2055_WMCA_Dance_3DoF_Pos_smpl_motor_degree.csv
[2.753s] -- Symlinking: /home/minwoong/OneDrive/JMW/dynamixel_8DOF/Dynamixel/install/dynamixel_control/share/dynamixel_control//data/csv/poppy/.data/waist_test/3DoF (3O+Pos)/0429_2055_gymnast_2_3DoF_Pos_smpl_motor_degree.csv
[2.758s] -- Symlinking: /home/minwoong/OneDrive/JMW/dynamixel_8DOF/Dynamixel/install/dynamixel_control/share/dynamixel_control//data/csv/poppy/.data/waist_test/3DoF (3O+Pos)/Old/0423_1004_Anysong_2_3_dof_waist_with_position_adj_poppy_smpl_motor_degree.csv
[2.763s] -- Symlinking: /home/minwoong/OneDrive/JMW/dynamixel_8DOF/Dynamixel/install/dynamixel_control/share/dynamixel_control//data/csv/poppy/.data/waist_test/3DoF (3O+Pos)/Old/0423_1009_gymnast_2_3_dof_waist_with_position_adj_poppy_smpl_motor_degree.csv
[2.769s] -- Symlinking: /home/minwoong/OneDrive/JMW/dynamixel_8DOF/Dynamixel/install/dynamixel_control/share/dynamixel_control//data/csv/poppy/.data/waist_test/3DoF (3O+Pos)/Old/0423_1013_WMCA_Dance_3_dof_waist_with_position_adj_poppy_smpl_motor_degree.csv
[2.774s] -- Symlinking: /home/minwoong/OneDrive/JMW/dynamixel_8DOF/Dynamixel/install/dynamixel_control/share/dynamixel_control//data/csv/poppy/.data/waist_test/3DoF (3O+Pos)/Old/0423_1017_13_16_3_dof_waist_with_position_adj_poppy_bvh_motor_degree.csv
[2.780s] -- Symlinking: /home/minwoong/OneDrive/JMW/dynamixel_8DOF/Dynamixel/install/dynamixel_control/share/dynamixel_control//data/csv/poppy/.data/waist_test/3DoF (3O+Pos)/Old/0423_1028_13_18_3_dof_waist_with_position_adj_poppy_bvh_motor_degree.csv
[2.786s] -- Symlinking: /home/minwoong/OneDrive/JMW/dynamixel_8DOF/Dynamixel/install/dynamixel_control/share/dynamixel_control//data/csv/poppy/.data/waist_test/3DoF (3O+Pos)/Old/0423_1043_13_29_3_dof_waist_with_position_adj_poppy_bvh_motor_degree.csv
[2.791s] -- Symlinking: /home/minwoong/OneDrive/JMW/dynamixel_8DOF/Dynamixel/install/dynamixel_control/share/dynamixel_control//data/csv/poppy/.data/waist_test/5DoF (2P+3O)/0429_2056_13_16_5DoF_bvh_motor_degree.csv
[2.797s] -- Symlinking: /home/minwoong/OneDrive/JMW/dynamixel_8DOF/Dynamixel/install/dynamixel_control/share/dynamixel_control//data/csv/poppy/.data/waist_test/5DoF (2P+3O)/0429_2056_13_18_5DoF_bvh_motor_degree.csv
[2.802s] -- Symlinking: /home/minwoong/OneDrive/JMW/dynamixel_8DOF/Dynamixel/install/dynamixel_control/share/dynamixel_control//data/csv/poppy/.data/waist_test/5DoF (2P+3O)/0429_2056_13_29_5DoF_bvh_motor_degree.csv
[2.808s] -- Symlinking: /home/minwoong/OneDrive/JMW/dynamixel_8DOF/Dynamixel/install/dynamixel_control/share/dynamixel_control//data/csv/poppy/.data/waist_test/5DoF (2P+3O)/0429_2056_Anysong_2_5DoF_smpl_motor_degree.csv
[2.812s] -- Symlinking: /home/minwoong/OneDrive/JMW/dynamixel_8DOF/Dynamixel/install/dynamixel_control/share/dynamixel_control//data/csv/poppy/.data/waist_test/5DoF (2P+3O)/0429_2056_WMCA_Dance_5DoF_smpl_motor_degree.csv
[2.818s] -- Symlinking: /home/minwoong/OneDrive/JMW/dynamixel_8DOF/Dynamixel/install/dynamixel_control/share/dynamixel_control//data/csv/poppy/.data/waist_test/5DoF (2P+3O)/0429_2056_gymnast_2_5DoF_smpl_motor_degree.csv
[2.823s] -- Symlinking: /home/minwoong/OneDrive/JMW/dynamixel_8DOF/Dynamixel/install/dynamixel_control/share/dynamixel_control//data/csv/poppy/.data/waist_test/5DoF (2P+3O)/old/0407_1541_Anysong_2_waist_and_second_Waist_poppy_motor_degree.csv
[2.829s] -- Symlinking: /home/minwoong/OneDrive/JMW/dynamixel_8DOF/Dynamixel/install/dynamixel_control/share/dynamixel_control//data/csv/poppy/.data/waist_test/5DoF (2P+3O)/old/0407_1546_gymnast_2_waist_and_second_Waist_poppy_motor_degree.csv
[2.834s] -- Symlinking: /home/minwoong/OneDrive/JMW/dynamixel_8DOF/Dynamixel/install/dynamixel_control/share/dynamixel_control//data/csv/poppy/.data/waist_test/5DoF (2P+3O)/old/0407_1551_WMCA_Dance_waist_and_second_Waist_poppy_motor_degree.csv
[2.839s] -- Symlinking: /home/minwoong/OneDrive/JMW/dynamixel_8DOF/Dynamixel/install/dynamixel_control/share/dynamixel_control//data/csv/poppy/.data/waist_test/5DoF (2P+3O)/old/0407_1933_13_16_waist_and_second_Waist_poppy_motor_degree.csv
[2.844s] -- Symlinking: /home/minwoong/OneDrive/JMW/dynamixel_8DOF/Dynamixel/install/dynamixel_control/share/dynamixel_control//data/csv/poppy/.data/waist_test/5DoF (2P+3O)/old/0407_1944_13_18_waist_and_second_Waist_poppy_motor_degree.csv
[2.849s] -- Symlinking: /home/minwoong/OneDrive/JMW/dynamixel_8DOF/Dynamixel/install/dynamixel_control/share/dynamixel_control//data/csv/poppy/.data/waist_test/5DoF (2P+3O)/old/0407_2014_13_29_waist_and_second_Waist_poppy_motor_degree.csv
[2.854s] -- Symlinking: /home/minwoong/OneDrive/JMW/dynamixel_8DOF/Dynamixel/install/dynamixel_control/share/dynamixel_control//data/csv/poppy/0429_2054_13_16_2DoF_Ori_bvh_motor_degree.csv
[2.859s] -- Symlinking: /home/minwoong/OneDrive/JMW/dynamixel_8DOF/Dynamixel/install/dynamixel_control/share/dynamixel_control//data/csv/poppy/0429_2054_13_18_2DoF_Ori_bvh_motor_degree.csv
[2.864s] -- Symlinking: /home/minwoong/OneDrive/JMW/dynamixel_8DOF/Dynamixel/install/dynamixel_control/share/dynamixel_control//data/csv/poppy/0429_2054_13_29_2DoF_Ori_bvh_motor_degree.csv
[2.869s] -- Symlinking: /home/minwoong/OneDrive/JMW/dynamixel_8DOF/Dynamixel/install/dynamixel_control/share/dynamixel_control//data/csv/poppy/0429_2054_Anysong_2_2DoF_Ori_smpl_motor_degree.csv
[2.875s] -- Symlinking: /home/minwoong/OneDrive/JMW/dynamixel_8DOF/Dynamixel/install/dynamixel_control/share/dynamixel_control//data/csv/poppy/0429_2054_WMCA_Dance_2DoF_Ori_smpl_motor_degree.csv
[2.880s] -- Symlinking: /home/minwoong/OneDrive/JMW/dynamixel_8DOF/Dynamixel/install/dynamixel_control/share/dynamixel_control//data/csv/poppy/0429_2054_gymnast_2_2DoF_Ori_smpl_motor_degree.csv
[2.886s] -- Up-to-date symlink: /home/minwoong/OneDrive/JMW/dynamixel_8DOF/Dynamixel/install/dynamixel_control/share/dynamixel_control//data/csv/poppy/1119/0119_2135_gymnast_2_poppy_neck_test_main_motor_degree.csv
[2.886s] -- Up-to-date symlink: /home/minwoong/OneDrive/JMW/dynamixel_8DOF/Dynamixel/install/dynamixel_control/share/dynamixel_control//data/csv/poppy/1119/0120_1021_gymnast_2_poppy_neck_test_edge_degree_0_motor_degree.csv
[2.886s] -- Up-to-date symlink: /home/minwoong/OneDrive/JMW/dynamixel_8DOF/Dynamixel/install/dynamixel_control/share/dynamixel_control//data/csv/poppy/1119/0120_1125_gymnast_2_poppy_neck_test_edge_degree_0_motor_degree.csv
[2.886s] -- Up-to-date symlink: /home/minwoong/OneDrive/JMW/dynamixel_8DOF/Dynamixel/install/dynamixel_control/share/dynamixel_control//data/csv/poppy/1119/1119_2030_Semina_Robot_joint_poppy__robot_point.csv
[2.886s] -- Up-to-date symlink: /home/minwoong/OneDrive/JMW/dynamixel_8DOF/Dynamixel/install/dynamixel_control/share/dynamixel_control//data/csv/poppy/1119/1119_2030_Semina_Robot_joint_poppy_humanoid_arm_margin_0.95_motor_degree.csv
[2.886s] -- Up-to-date symlink: /home/minwoong/OneDrive/JMW/dynamixel_8DOF/Dynamixel/install/dynamixel_control/share/dynamixel_control//data/csv/poppy/1119/1119_2030_Semina_collar_poppy__robot_point.csv
[2.886s] -- Up-to-date symlink: /home/minwoong/OneDrive/JMW/dynamixel_8DOF/Dynamixel/install/dynamixel_control/share/dynamixel_control//data/csv/poppy/1119/1119_2030_Semina_elbow_poppy__robot_point.csv
[2.886s] -- Up-to-date symlink: /home/minwoong/OneDrive/JMW/dynamixel_8DOF/Dynamixel/install/dynamixel_control/share/dynamixel_control//data/csv/poppy/1119/1119_2030_gymnast_2_poppy_robot_point.csv
[2.886s] -- Up-to-date symlink: /home/minwoong/OneDrive/JMW/dynamixel_8DOF/Dynamixel/install/dynamixel_control/share/dynamixel_control//urdf/AVATAR_URDF_Test3.urdf
[2.886s] -- Up-to-date symlink: /home/minwoong/OneDrive/JMW/dynamixel_8DOF/Dynamixel/install/dynamixel_control/share/dynamixel_control//urdf/meshes/Base.stl
[2.887s] -- Up-to-date symlink: /home/minwoong/OneDrive/JMW/dynamixel_8DOF/Dynamixel/install/dynamixel_control/share/dynamixel_control//urdf/meshes/Head.stl
[2.887s] -- Up-to-date symlink: /home/minwoong/OneDrive/JMW/dynamixel_8DOF/Dynamixel/install/dynamixel_control/share/dynamixel_control//urdf/meshes/L_Forearm.stl
[2.887s] -- Up-to-date symlink: /home/minwoong/OneDrive/JMW/dynamixel_8DOF/Dynamixel/install/dynamixel_control/share/dynamixel_control//urdf/meshes/L_Shoulder1.stl
[2.887s] -- Up-to-date symlink: /home/minwoong/OneDrive/JMW/dynamixel_8DOF/Dynamixel/install/dynamixel_control/share/dynamixel_control//urdf/meshes/L_Shoulder2.stl
[2.887s] -- Up-to-date symlink: /home/minwoong/OneDrive/JMW/dynamixel_8DOF/Dynamixel/install/dynamixel_control/share/dynamixel_control//urdf/meshes/L_Shoulder3.stl
[2.887s] -- Up-to-date symlink: /home/minwoong/OneDrive/JMW/dynamixel_8DOF/Dynamixel/install/dynamixel_control/share/dynamixel_control//urdf/meshes/L_Upperarm.stl
[2.887s] -- Up-to-date symlink: /home/minwoong/OneDrive/JMW/dynamixel_8DOF/Dynamixel/install/dynamixel_control/share/dynamixel_control//urdf/meshes/L_Wrist1.stl
[2.887s] -- Up-to-date symlink: /home/minwoong/OneDrive/JMW/dynamixel_8DOF/Dynamixel/install/dynamixel_control/share/dynamixel_control//urdf/meshes/L_Wrist2.stl
[2.887s] -- Up-to-date symlink: /home/minwoong/OneDrive/JMW/dynamixel_8DOF/Dynamixel/install/dynamixel_control/share/dynamixel_control//urdf/meshes/L_Wrist3.stl
[2.887s] -- Up-to-date symlink: /home/minwoong/OneDrive/JMW/dynamixel_8DOF/Dynamixel/install/dynamixel_control/share/dynamixel_control//urdf/meshes/Neck1.stl
[2.887s] -- Up-to-date symlink: /home/minwoong/OneDrive/JMW/dynamixel_8DOF/Dynamixel/install/dynamixel_control/share/dynamixel_control//urdf/meshes/Neck2.stl
[2.887s] -- Up-to-date symlink: /home/minwoong/OneDrive/JMW/dynamixel_8DOF/Dynamixel/install/dynamixel_control/share/dynamixel_control//urdf/meshes/R_Forearm.stl
[2.887s] -- Up-to-date symlink: /home/minwoong/OneDrive/JMW/dynamixel_8DOF/Dynamixel/install/dynamixel_control/share/dynamixel_control//urdf/meshes/R_Shoulder1.stl
[2.887s] -- Up-to-date symlink: /home/minwoong/OneDrive/JMW/dynamixel_8DOF/Dynamixel/install/dynamixel_control/share/dynamixel_control//urdf/meshes/R_Shoulder2.stl
[2.887s] -- Up-to-date symlink: /home/minwoong/OneDrive/JMW/dynamixel_8DOF/Dynamixel/install/dynamixel_control/share/dynamixel_control//urdf/meshes/R_Shoulder3.stl
[2.888s] -- Up-to-date symlink: /home/minwoong/OneDrive/JMW/dynamixel_8DOF/Dynamixel/install/dynamixel_control/share/dynamixel_control//urdf/meshes/R_Upperarm.stl
[2.888s] -- Up-to-date symlink: /home/minwoong/OneDrive/JMW/dynamixel_8DOF/Dynamixel/install/dynamixel_control/share/dynamixel_control//urdf/meshes/R_Wrist1.stl
[2.888s] -- Up-to-date symlink: /home/minwoong/OneDrive/JMW/dynamixel_8DOF/Dynamixel/install/dynamixel_control/share/dynamixel_control//urdf/meshes/R_Wrist2.stl
[2.888s] -- Up-to-date symlink: /home/minwoong/OneDrive/JMW/dynamixel_8DOF/Dynamixel/install/dynamixel_control/share/dynamixel_control//urdf/meshes/R_Wrist3.stl
[2.888s] -- Up-to-date symlink: /home/minwoong/OneDrive/JMW/dynamixel_8DOF/Dynamixel/install/dynamixel_control/share/dynamixel_control//urdf/meshes/Waist_Bottom.stl
[2.888s] -- Up-to-date symlink: /home/minwoong/OneDrive/JMW/dynamixel_8DOF/Dynamixel/install/dynamixel_control/share/dynamixel_control//urdf/meshes/Waist_Top.stl
[2.888s] -- Up-to-date symlink: /home/minwoong/OneDrive/JMW/dynamixel_8DOF/Dynamixel/install/dynamixel_control/share/dynamixel_control//urdf/poppy_rviz_config.rviz
[2.889s] -- Up-to-date symlink: /home/minwoong/OneDrive/JMW/dynamixel_8DOF/Dynamixel/install/dynamixel_control/share/dynamixel_control//h1_2_description/README.md
[2.889s] -- Up-to-date symlink: /home/minwoong/OneDrive/JMW/dynamixel_8DOF/Dynamixel/install/dynamixel_control/share/dynamixel_control//h1_2_description/h1_2.png
[2.889s] -- Up-to-date symlink: /home/minwoong/OneDrive/JMW/dynamixel_8DOF/Dynamixel/install/dynamixel_control/share/dynamixel_control//h1_2_description/h1_2.urdf
[2.889s] -- Up-to-date symlink: /home/minwoong/OneDrive/JMW/dynamixel_8DOF/Dynamixel/install/dynamixel_control/share/dynamixel_control//h1_2_description/h1_2.xml
[2.889s] -- Up-to-date symlink: /home/minwoong/OneDrive/JMW/dynamixel_8DOF/Dynamixel/install/dynamixel_control/share/dynamixel_control//h1_2_description/h1_2_handless.urdf
[2.889s] -- Up-to-date symlink: /home/minwoong/OneDrive/JMW/dynamixel_8DOF/Dynamixel/install/dynamixel_control/share/dynamixel_control//h1_2_description/h1_2_handless.xml
[2.889s] -- Up-to-date symlink: /home/minwoong/OneDrive/JMW/dynamixel_8DOF/Dynamixel/install/dynamixel_control/share/dynamixel_control//h1_2_description/meshes/L_hand_base_link.STL
[2.889s] -- Up-to-date symlink: /home/minwoong/OneDrive/JMW/dynamixel_8DOF/Dynamixel/install/dynamixel_control/share/dynamixel_control//h1_2_description/meshes/L_index_intermediate.STL
[2.889s] -- Up-to-date symlink: /home/minwoong/OneDrive/JMW/dynamixel_8DOF/Dynamixel/install/dynamixel_control/share/dynamixel_control//h1_2_description/meshes/L_index_proximal.STL
[2.889s] -- Up-to-date symlink: /home/minwoong/OneDrive/JMW/dynamixel_8DOF/Dynamixel/install/dynamixel_control/share/dynamixel_control//h1_2_description/meshes/L_middle_intermediate.STL
[2.889s] -- Up-to-date symlink: /home/minwoong/OneDrive/JMW/dynamixel_8DOF/Dynamixel/install/dynamixel_control/share/dynamixel_control//h1_2_description/meshes/L_middle_proximal.STL
[2.889s] -- Up-to-date symlink: /home/minwoong/OneDrive/JMW/dynamixel_8DOF/Dynamixel/install/dynamixel_control/share/dynamixel_control//h1_2_description/meshes/L_pinky_intermediate.STL
[2.889s] -- Up-to-date symlink: /home/minwoong/OneDrive/JMW/dynamixel_8DOF/Dynamixel/install/dynamixel_control/share/dynamixel_control//h1_2_description/meshes/L_pinky_proximal.STL
[2.889s] -- Up-to-date symlink: /home/minwoong/OneDrive/JMW/dynamixel_8DOF/Dynamixel/install/dynamixel_control/share/dynamixel_control//h1_2_description/meshes/L_ring_intermediate.STL
[2.889s] -- Up-to-date symlink: /home/minwoong/OneDrive/JMW/dynamixel_8DOF/Dynamixel/install/dynamixel_control/share/dynamixel_control//h1_2_description/meshes/L_ring_proximal.STL
[2.889s] -- Up-to-date symlink: /home/minwoong/OneDrive/JMW/dynamixel_8DOF/Dynamixel/install/dynamixel_control/share/dynamixel_control//h1_2_description/meshes/L_thumb_distal.STL
[2.890s] -- Up-to-date symlink: /home/minwoong/OneDrive/JMW/dynamixel_8DOF/Dynamixel/install/dynamixel_control/share/dynamixel_control//h1_2_description/meshes/L_thumb_intermediate.STL
[2.890s] -- Up-to-date symlink: /home/minwoong/OneDrive/JMW/dynamixel_8DOF/Dynamixel/install/dynamixel_control/share/dynamixel_control//h1_2_description/meshes/L_thumb_proximal.STL
[2.890s] -- Up-to-date symlink: /home/minwoong/OneDrive/JMW/dynamixel_8DOF/Dynamixel/install/dynamixel_control/share/dynamixel_control//h1_2_description/meshes/L_thumb_proximal_base.STL
[2.890s] -- Up-to-date symlink: /home/minwoong/OneDrive/JMW/dynamixel_8DOF/Dynamixel/install/dynamixel_control/share/dynamixel_control//h1_2_description/meshes/R_hand_base_link.STL
[2.890s] -- Up-to-date symlink: /home/minwoong/OneDrive/JMW/dynamixel_8DOF/Dynamixel/install/dynamixel_control/share/dynamixel_control//h1_2_description/meshes/R_index_intermediate.STL
[2.890s] -- Up-to-date symlink: /home/minwoong/OneDrive/JMW/dynamixel_8DOF/Dynamixel/install/dynamixel_control/share/dynamixel_control//h1_2_description/meshes/R_index_proximal.STL
[2.890s] -- Up-to-date symlink: /home/minwoong/OneDrive/JMW/dynamixel_8DOF/Dynamixel/install/dynamixel_control/share/dynamixel_control//h1_2_description/meshes/R_middle_intermediate.STL
[2.890s] -- Up-to-date symlink: /home/minwoong/OneDrive/JMW/dynamixel_8DOF/Dynamixel/install/dynamixel_control/share/dynamixel_control//h1_2_description/meshes/R_middle_proximal.STL
[2.890s] -- Up-to-date symlink: /home/minwoong/OneDrive/JMW/dynamixel_8DOF/Dynamixel/install/dynamixel_control/share/dynamixel_control//h1_2_description/meshes/R_pinky_intermediate.STL
[2.890s] -- Up-to-date symlink: /home/minwoong/OneDrive/JMW/dynamixel_8DOF/Dynamixel/install/dynamixel_control/share/dynamixel_control//h1_2_description/meshes/R_pinky_proximal.STL
[2.890s] -- Up-to-date symlink: /home/minwoong/OneDrive/JMW/dynamixel_8DOF/Dynamixel/install/dynamixel_control/share/dynamixel_control//h1_2_description/meshes/R_ring_intermediate.STL
[2.890s] -- Up-to-date symlink: /home/minwoong/OneDrive/JMW/dynamixel_8DOF/Dynamixel/install/dynamixel_control/share/dynamixel_control//h1_2_description/meshes/R_ring_proximal.STL
[2.890s] -- Up-to-date symlink: /home/minwoong/OneDrive/JMW/dynamixel_8DOF/Dynamixel/install/dynamixel_control/share/dynamixel_control//h1_2_description/meshes/R_thumb_distal.STL
[2.890s] -- Up-to-date symlink: /home/minwoong/OneDrive/JMW/dynamixel_8DOF/Dynamixel/install/dynamixel_control/share/dynamixel_control//h1_2_description/meshes/R_thumb_intermediate.STL
[2.890s] -- Up-to-date symlink: /home/minwoong/OneDrive/JMW/dynamixel_8DOF/Dynamixel/install/dynamixel_control/share/dynamixel_control//h1_2_description/meshes/R_thumb_proximal.STL
[2.890s] -- Up-to-date symlink: /home/minwoong/OneDrive/JMW/dynamixel_8DOF/Dynamixel/install/dynamixel_control/share/dynamixel_control//h1_2_description/meshes/R_thumb_proximal_base.STL
[2.891s] -- Up-to-date symlink: /home/minwoong/OneDrive/JMW/dynamixel_8DOF/Dynamixel/install/dynamixel_control/share/dynamixel_control//h1_2_description/meshes/left_ankle_A_link.STL
[2.891s] -- Up-to-date symlink: /home/minwoong/OneDrive/JMW/dynamixel_8DOF/Dynamixel/install/dynamixel_control/share/dynamixel_control//h1_2_description/meshes/left_ankle_A_rod_link.STL
[2.891s] -- Up-to-date symlink: /home/minwoong/OneDrive/JMW/dynamixel_8DOF/Dynamixel/install/dynamixel_control/share/dynamixel_control//h1_2_description/meshes/left_ankle_B_link.STL
[2.891s] -- Up-to-date symlink: /home/minwoong/OneDrive/JMW/dynamixel_8DOF/Dynamixel/install/dynamixel_control/share/dynamixel_control//h1_2_description/meshes/left_ankle_B_rod_link.STL
[2.891s] -- Up-to-date symlink: /home/minwoong/OneDrive/JMW/dynamixel_8DOF/Dynamixel/install/dynamixel_control/share/dynamixel_control//h1_2_description/meshes/left_ankle_pitch_link.STL
[2.891s] -- Up-to-date symlink: /home/minwoong/OneDrive/JMW/dynamixel_8DOF/Dynamixel/install/dynamixel_control/share/dynamixel_control//h1_2_description/meshes/left_ankle_roll_link.STL
[2.891s] -- Up-to-date symlink: /home/minwoong/OneDrive/JMW/dynamixel_8DOF/Dynamixel/install/dynamixel_control/share/dynamixel_control//h1_2_description/meshes/left_elbow_link.STL
[2.891s] -- Up-to-date symlink: /home/minwoong/OneDrive/JMW/dynamixel_8DOF/Dynamixel/install/dynamixel_control/share/dynamixel_control//h1_2_description/meshes/left_hand_link.STL
[2.891s] -- Up-to-date symlink: /home/minwoong/OneDrive/JMW/dynamixel_8DOF/Dynamixel/install/dynamixel_control/share/dynamixel_control//h1_2_description/meshes/left_hip_pitch_link.STL
[2.891s] -- Up-to-date symlink: /home/minwoong/OneDrive/JMW/dynamixel_8DOF/Dynamixel/install/dynamixel_control/share/dynamixel_control//h1_2_description/meshes/left_hip_roll_link.STL
[2.891s] -- Up-to-date symlink: /home/minwoong/OneDrive/JMW/dynamixel_8DOF/Dynamixel/install/dynamixel_control/share/dynamixel_control//h1_2_description/meshes/left_hip_yaw_link.STL
[2.891s] -- Up-to-date symlink: /home/minwoong/OneDrive/JMW/dynamixel_8DOF/Dynamixel/install/dynamixel_control/share/dynamixel_control//h1_2_description/meshes/left_knee_link.STL
[2.891s] -- Up-to-date symlink: /home/minwoong/OneDrive/JMW/dynamixel_8DOF/Dynamixel/install/dynamixel_control/share/dynamixel_control//h1_2_description/meshes/left_shoulder_pitch_link.STL
[2.891s] -- Up-to-date symlink: /home/minwoong/OneDrive/JMW/dynamixel_8DOF/Dynamixel/install/dynamixel_control/share/dynamixel_control//h1_2_description/meshes/left_shoulder_roll_link.STL
[2.891s] -- Up-to-date symlink: /home/minwoong/OneDrive/JMW/dynamixel_8DOF/Dynamixel/install/dynamixel_control/share/dynamixel_control//h1_2_description/meshes/left_shoulder_yaw_link.STL
[2.892s] -- Up-to-date symlink: /home/minwoong/OneDrive/JMW/dynamixel_8DOF/Dynamixel/install/dynamixel_control/share/dynamixel_control//h1_2_description/meshes/left_wrist_pitch_link.STL
[2.892s] -- Up-to-date symlink: /home/minwoong/OneDrive/JMW/dynamixel_8DOF/Dynamixel/install/dynamixel_control/share/dynamixel_control//h1_2_description/meshes/left_wrist_roll_link.STL
[2.892s] -- Up-to-date symlink: /home/minwoong/OneDrive/JMW/dynamixel_8DOF/Dynamixel/install/dynamixel_control/share/dynamixel_control//h1_2_description/meshes/link11_L.STL
[2.892s] -- Up-to-date symlink: /home/minwoong/OneDrive/JMW/dynamixel_8DOF/Dynamixel/install/dynamixel_control/share/dynamixel_control//h1_2_description/meshes/link11_R.STL
[2.892s] -- Up-to-date symlink: /home/minwoong/OneDrive/JMW/dynamixel_8DOF/Dynamixel/install/dynamixel_control/share/dynamixel_control//h1_2_description/meshes/link12_L.STL
[2.892s] -- Up-to-date symlink: /home/minwoong/OneDrive/JMW/dynamixel_8DOF/Dynamixel/install/dynamixel_control/share/dynamixel_control//h1_2_description/meshes/link12_R.STL
[2.892s] -- Up-to-date symlink: /home/minwoong/OneDrive/JMW/dynamixel_8DOF/Dynamixel/install/dynamixel_control/share/dynamixel_control//h1_2_description/meshes/link13_L.STL
[2.892s] -- Up-to-date symlink: /home/minwoong/OneDrive/JMW/dynamixel_8DOF/Dynamixel/install/dynamixel_control/share/dynamixel_control//h1_2_description/meshes/link13_R.STL
[2.892s] -- Up-to-date symlink: /home/minwoong/OneDrive/JMW/dynamixel_8DOF/Dynamixel/install/dynamixel_control/share/dynamixel_control//h1_2_description/meshes/link14_L.STL
[2.892s] -- Up-to-date symlink: /home/minwoong/OneDrive/JMW/dynamixel_8DOF/Dynamixel/install/dynamixel_control/share/dynamixel_control//h1_2_description/meshes/link14_R.STL
[2.892s] -- Up-to-date symlink: /home/minwoong/OneDrive/JMW/dynamixel_8DOF/Dynamixel/install/dynamixel_control/share/dynamixel_control//h1_2_description/meshes/link15_L.STL
[2.892s] -- Up-to-date symlink: /home/minwoong/OneDrive/JMW/dynamixel_8DOF/Dynamixel/install/dynamixel_control/share/dynamixel_control//h1_2_description/meshes/link15_R.STL
[2.892s] -- Up-to-date symlink: /home/minwoong/OneDrive/JMW/dynamixel_8DOF/Dynamixel/install/dynamixel_control/share/dynamixel_control//h1_2_description/meshes/link16_L.STL
[2.892s] -- Up-to-date symlink: /home/minwoong/OneDrive/JMW/dynamixel_8DOF/Dynamixel/install/dynamixel_control/share/dynamixel_control//h1_2_description/meshes/link16_R.STL
[2.892s] -- Up-to-date symlink: /home/minwoong/OneDrive/JMW/dynamixel_8DOF/Dynamixel/install/dynamixel_control/share/dynamixel_control//h1_2_description/meshes/link17_L.STL
[2.892s] -- Up-to-date symlink: /home/minwoong/OneDrive/JMW/dynamixel_8DOF/Dynamixel/install/dynamixel_control/share/dynamixel_control//h1_2_description/meshes/link17_R.STL
[2.893s] -- Up-to-date symlink: /home/minwoong/OneDrive/JMW/dynamixel_8DOF/Dynamixel/install/dynamixel_control/share/dynamixel_control//h1_2_description/meshes/link18_L.STL
[2.893s] -- Up-to-date symlink: /home/minwoong/OneDrive/JMW/dynamixel_8DOF/Dynamixel/install/dynamixel_control/share/dynamixel_control//h1_2_description/meshes/link18_R.STL
[2.893s] -- Up-to-date symlink: /home/minwoong/OneDrive/JMW/dynamixel_8DOF/Dynamixel/install/dynamixel_control/share/dynamixel_control//h1_2_description/meshes/link19_L.STL
[2.893s] -- Up-to-date symlink: /home/minwoong/OneDrive/JMW/dynamixel_8DOF/Dynamixel/install/dynamixel_control/share/dynamixel_control//h1_2_description/meshes/link19_R.STL
[2.893s] -- Up-to-date symlink: /home/minwoong/OneDrive/JMW/dynamixel_8DOF/Dynamixel/install/dynamixel_control/share/dynamixel_control//h1_2_description/meshes/link20_L.STL
[2.893s] -- Up-to-date symlink: /home/minwoong/OneDrive/JMW/dynamixel_8DOF/Dynamixel/install/dynamixel_control/share/dynamixel_control//h1_2_description/meshes/link20_R.STL
[2.893s] -- Up-to-date symlink: /home/minwoong/OneDrive/JMW/dynamixel_8DOF/Dynamixel/install/dynamixel_control/share/dynamixel_control//h1_2_description/meshes/link21_L.STL
[2.893s] -- Up-to-date symlink: /home/minwoong/OneDrive/JMW/dynamixel_8DOF/Dynamixel/install/dynamixel_control/share/dynamixel_control//h1_2_description/meshes/link21_R.STL
[2.893s] -- Up-to-date symlink: /home/minwoong/OneDrive/JMW/dynamixel_8DOF/Dynamixel/install/dynamixel_control/share/dynamixel_control//h1_2_description/meshes/link22_L.STL
[2.893s] -- Up-to-date symlink: /home/minwoong/OneDrive/JMW/dynamixel_8DOF/Dynamixel/install/dynamixel_control/share/dynamixel_control//h1_2_description/meshes/link22_R.STL
[2.893s] -- Up-to-date symlink: /home/minwoong/OneDrive/JMW/dynamixel_8DOF/Dynamixel/install/dynamixel_control/share/dynamixel_control//h1_2_description/meshes/logo_link.STL
[2.893s] -- Up-to-date symlink: /home/minwoong/OneDrive/JMW/dynamixel_8DOF/Dynamixel/install/dynamixel_control/share/dynamixel_control//h1_2_description/meshes/pelvis.STL
[2.893s] -- Up-to-date symlink: /home/minwoong/OneDrive/JMW/dynamixel_8DOF/Dynamixel/install/dynamixel_control/share/dynamixel_control//h1_2_description/meshes/right_ankle_A_link.STL
[2.893s] -- Up-to-date symlink: /home/minwoong/OneDrive/JMW/dynamixel_8DOF/Dynamixel/install/dynamixel_control/share/dynamixel_control//h1_2_description/meshes/right_ankle_A_rod_link.STL
[2.893s] -- Up-to-date symlink: /home/minwoong/OneDrive/JMW/dynamixel_8DOF/Dynamixel/install/dynamixel_control/share/dynamixel_control//h1_2_description/meshes/right_ankle_B_link.STL
[2.893s] -- Up-to-date symlink: /home/minwoong/OneDrive/JMW/dynamixel_8DOF/Dynamixel/install/dynamixel_control/share/dynamixel_control//h1_2_description/meshes/right_ankle_B_rod_link.STL
[2.894s] -- Up-to-date symlink: /home/minwoong/OneDrive/JMW/dynamixel_8DOF/Dynamixel/install/dynamixel_control/share/dynamixel_control//h1_2_description/meshes/right_ankle_link.STL
[2.894s] -- Up-to-date symlink: /home/minwoong/OneDrive/JMW/dynamixel_8DOF/Dynamixel/install/dynamixel_control/share/dynamixel_control//h1_2_description/meshes/right_ankle_pitch_link.STL
[2.894s] -- Up-to-date symlink: /home/minwoong/OneDrive/JMW/dynamixel_8DOF/Dynamixel/install/dynamixel_control/share/dynamixel_control//h1_2_description/meshes/right_ankle_roll_link.STL
[2.894s] -- Up-to-date symlink: /home/minwoong/OneDrive/JMW/dynamixel_8DOF/Dynamixel/install/dynamixel_control/share/dynamixel_control//h1_2_description/meshes/right_elbow_link.STL
[2.894s] -- Up-to-date symlink: /home/minwoong/OneDrive/JMW/dynamixel_8DOF/Dynamixel/install/dynamixel_control/share/dynamixel_control//h1_2_description/meshes/right_hand_link.STL
[2.894s] -- Up-to-date symlink: /home/minwoong/OneDrive/JMW/dynamixel_8DOF/Dynamixel/install/dynamixel_control/share/dynamixel_control//h1_2_description/meshes/right_hip_pitch_link.STL
[2.894s] -- Up-to-date symlink: /home/minwoong/OneDrive/JMW/dynamixel_8DOF/Dynamixel/install/dynamixel_control/share/dynamixel_control//h1_2_description/meshes/right_hip_roll_link.STL
[2.894s] -- Up-to-date symlink: /home/minwoong/OneDrive/JMW/dynamixel_8DOF/Dynamixel/install/dynamixel_control/share/dynamixel_control//h1_2_description/meshes/right_hip_yaw_link.STL
[2.894s] -- Up-to-date symlink: /home/minwoong/OneDrive/JMW/dynamixel_8DOF/Dynamixel/install/dynamixel_control/share/dynamixel_control//h1_2_description/meshes/right_knee_link.STL
[2.894s] -- Up-to-date symlink: /home/minwoong/OneDrive/JMW/dynamixel_8DOF/Dynamixel/install/dynamixel_control/share/dynamixel_control//h1_2_description/meshes/right_pitch_link.STL
[2.894s] -- Up-to-date symlink: /home/minwoong/OneDrive/JMW/dynamixel_8DOF/Dynamixel/install/dynamixel_control/share/dynamixel_control//h1_2_description/meshes/right_shoulder_pitch_link.STL
[2.894s] -- Up-to-date symlink: /home/minwoong/OneDrive/JMW/dynamixel_8DOF/Dynamixel/install/dynamixel_control/share/dynamixel_control//h1_2_description/meshes/right_shoulder_roll_link.STL
[2.894s] -- Up-to-date symlink: /home/minwoong/OneDrive/JMW/dynamixel_8DOF/Dynamixel/install/dynamixel_control/share/dynamixel_control//h1_2_description/meshes/right_shoulder_yaw_link.STL
[2.894s] -- Up-to-date symlink: /home/minwoong/OneDrive/JMW/dynamixel_8DOF/Dynamixel/install/dynamixel_control/share/dynamixel_control//h1_2_description/meshes/right_wrist_pitch_link.STL
[2.894s] -- Up-to-date symlink: /home/minwoong/OneDrive/JMW/dynamixel_8DOF/Dynamixel/install/dynamixel_control/share/dynamixel_control//h1_2_description/meshes/right_wrist_roll_link.STL
[2.894s] -- Up-to-date symlink: /home/minwoong/OneDrive/JMW/dynamixel_8DOF/Dynamixel/install/dynamixel_control/share/dynamixel_control//h1_2_description/meshes/torso_link.STL
[2.895s] -- Up-to-date symlink: /home/minwoong/OneDrive/JMW/dynamixel_8DOF/Dynamixel/install/dynamixel_control/share/dynamixel_control//h1_2_description/meshes/wrist_yaw_link.STL
[2.895s] -- Up-to-date symlink: /home/minwoong/OneDrive/JMW/dynamixel_8DOF/Dynamixel/install/dynamixel_control/share/dynamixel_control//poppy_description/launch/display.launch
[2.895s] -- Up-to-date symlink: /home/minwoong/OneDrive/JMW/dynamixel_8DOF/Dynamixel/install/dynamixel_control/share/dynamixel_control//poppy_description/launch/gazebo.launch
[2.895s] -- Up-to-date symlink: /home/minwoong/OneDrive/JMW/dynamixel_8DOF/Dynamixel/install/dynamixel_control/share/dynamixel_control//poppy_description/manifest.xml
[2.896s] -- Up-to-date symlink: /home/minwoong/OneDrive/JMW/dynamixel_8DOF/Dynamixel/install/dynamixel_control/share/dynamixel_control//poppy_description/meshes/.nostl/abdomen_respondable.STL
[2.896s] -- Up-to-date symlink: /home/minwoong/OneDrive/JMW/dynamixel_8DOF/Dynamixel/install/dynamixel_control/share/dynamixel_control//poppy_description/meshes/.nostl/abs_motors_respondable.STL
[2.896s] -- Up-to-date symlink: /home/minwoong/OneDrive/JMW/dynamixel_8DOF/Dynamixel/install/dynamixel_control/share/dynamixel_control//poppy_description/meshes/.nostl/abs_motors_visual.STL
[2.896s] -- Up-to-date symlink: /home/minwoong/OneDrive/JMW/dynamixel_8DOF/Dynamixel/install/dynamixel_control/share/dynamixel_control//poppy_description/meshes/.nostl/bust_motors_respondable.STL
[2.896s] -- Up-to-date symlink: /home/minwoong/OneDrive/JMW/dynamixel_8DOF/Dynamixel/install/dynamixel_control/share/dynamixel_control//poppy_description/meshes/.nostl/chest_respondable.STL
[2.896s] -- Up-to-date symlink: /home/minwoong/OneDrive/JMW/dynamixel_8DOF/Dynamixel/install/dynamixel_control/share/dynamixel_control//poppy_description/meshes/.nostl/head_respondable.STL
[2.896s] -- Up-to-date symlink: /home/minwoong/OneDrive/JMW/dynamixel_8DOF/Dynamixel/install/dynamixel_control/share/dynamixel_control//poppy_description/meshes/.nostl/l_foot_respondable.STL
[2.896s] -- Up-to-date symlink: /home/minwoong/OneDrive/JMW/dynamixel_8DOF/Dynamixel/install/dynamixel_control/share/dynamixel_control//poppy_description/meshes/.nostl/l_foot_visual.STL
[2.896s] -- Up-to-date symlink: /home/minwoong/OneDrive/JMW/dynamixel_8DOF/Dynamixel/install/dynamixel_control/share/dynamixel_control//poppy_description/meshes/.nostl/l_forearm_respondable.STL
[2.896s] -- Up-to-date symlink: /home/minwoong/OneDrive/JMW/dynamixel_8DOF/Dynamixel/install/dynamixel_control/share/dynamixel_control//poppy_description/meshes/.nostl/l_hip_motor_respondable.STL
[2.896s] -- Up-to-date symlink: /home/minwoong/OneDrive/JMW/dynamixel_8DOF/Dynamixel/install/dynamixel_control/share/dynamixel_control//poppy_description/meshes/.nostl/l_hip_motor_visual.STL
[2.896s] -- Up-to-date symlink: /home/minwoong/OneDrive/JMW/dynamixel_8DOF/Dynamixel/install/dynamixel_control/share/dynamixel_control//poppy_description/meshes/.nostl/l_hip_respondable.STL
[2.896s] -- Up-to-date symlink: /home/minwoong/OneDrive/JMW/dynamixel_8DOF/Dynamixel/install/dynamixel_control/share/dynamixel_control//poppy_description/meshes/.nostl/l_hip_visual.STL
[2.896s] -- Up-to-date symlink: /home/minwoong/OneDrive/JMW/dynamixel_8DOF/Dynamixel/install/dynamixel_control/share/dynamixel_control//poppy_description/meshes/.nostl/l_shin_respondable.STL
[2.896s] -- Up-to-date symlink: /home/minwoong/OneDrive/JMW/dynamixel_8DOF/Dynamixel/install/dynamixel_control/share/dynamixel_control//poppy_description/meshes/.nostl/l_shin_visual.STL
[2.897s] -- Up-to-date symlink: /home/minwoong/OneDrive/JMW/dynamixel_8DOF/Dynamixel/install/dynamixel_control/share/dynamixel_control//poppy_description/meshes/.nostl/l_shoulder_motor_respondable.STL
[2.897s] -- Up-to-date symlink: /home/minwoong/OneDrive/JMW/dynamixel_8DOF/Dynamixel/install/dynamixel_control/share/dynamixel_control//poppy_description/meshes/.nostl/l_shoulder_respondable.STL
[2.897s] -- Up-to-date symlink: /home/minwoong/OneDrive/JMW/dynamixel_8DOF/Dynamixel/install/dynamixel_control/share/dynamixel_control//poppy_description/meshes/.nostl/l_thigh_respondable.STL
[2.897s] -- Up-to-date symlink: /home/minwoong/OneDrive/JMW/dynamixel_8DOF/Dynamixel/install/dynamixel_control/share/dynamixel_control//poppy_description/meshes/.nostl/l_thigh_visual.STL
[2.897s] -- Up-to-date symlink: /home/minwoong/OneDrive/JMW/dynamixel_8DOF/Dynamixel/install/dynamixel_control/share/dynamixel_control//poppy_description/meshes/.nostl/l_upper_arm_respondable.STL
[2.897s] -- Up-to-date symlink: /home/minwoong/OneDrive/JMW/dynamixel_8DOF/Dynamixel/install/dynamixel_control/share/dynamixel_control//poppy_description/meshes/.nostl/neck_respondable.STL
[2.897s] -- Up-to-date symlink: /home/minwoong/OneDrive/JMW/dynamixel_8DOF/Dynamixel/install/dynamixel_control/share/dynamixel_control//poppy_description/meshes/.nostl/pelvis_respondable.STL
[2.897s] -- Up-to-date symlink: /home/minwoong/OneDrive/JMW/dynamixel_8DOF/Dynamixel/install/dynamixel_control/share/dynamixel_control//poppy_description/meshes/.nostl/pelvis_visual.STL
[2.897s] -- Up-to-date symlink: /home/minwoong/OneDrive/JMW/dynamixel_8DOF/Dynamixel/install/dynamixel_control/share/dynamixel_control//poppy_description/meshes/.nostl/r_foot_respondable.STL
[2.897s] -- Up-to-date symlink: /home/minwoong/OneDrive/JMW/dynamixel_8DOF/Dynamixel/install/dynamixel_control/share/dynamixel_control//poppy_description/meshes/.nostl/r_foot_visual.STL
[2.897s] -- Up-to-date symlink: /home/minwoong/OneDrive/JMW/dynamixel_8DOF/Dynamixel/install/dynamixel_control/share/dynamixel_control//poppy_description/meshes/.nostl/r_forearm_respondable.STL
[2.897s] -- Up-to-date symlink: /home/minwoong/OneDrive/JMW/dynamixel_8DOF/Dynamixel/install/dynamixel_control/share/dynamixel_control//poppy_description/meshes/.nostl/r_hip_motor_respondable.STL
[2.897s] -- Up-to-date symlink: /home/minwoong/OneDrive/JMW/dynamixel_8DOF/Dynamixel/install/dynamixel_control/share/dynamixel_control//poppy_description/meshes/.nostl/r_hip_motor_visual.STL
[2.897s] -- Up-to-date symlink: /home/minwoong/OneDrive/JMW/dynamixel_8DOF/Dynamixel/install/dynamixel_control/share/dynamixel_control//poppy_description/meshes/.nostl/r_hip_respondable.STL
[2.897s] -- Up-to-date symlink: /home/minwoong/OneDrive/JMW/dynamixel_8DOF/Dynamixel/install/dynamixel_control/share/dynamixel_control//poppy_description/meshes/.nostl/r_hip_visual.STL
[2.898s] -- Up-to-date symlink: /home/minwoong/OneDrive/JMW/dynamixel_8DOF/Dynamixel/install/dynamixel_control/share/dynamixel_control//poppy_description/meshes/.nostl/r_shin_respondable.STL
[2.898s] -- Up-to-date symlink: /home/minwoong/OneDrive/JMW/dynamixel_8DOF/Dynamixel/install/dynamixel_control/share/dynamixel_control//poppy_description/meshes/.nostl/r_shin_visual.STL
[2.898s] -- Up-to-date symlink: /home/minwoong/OneDrive/JMW/dynamixel_8DOF/Dynamixel/install/dynamixel_control/share/dynamixel_control//poppy_description/meshes/.nostl/r_shoulder_motor_respondable.STL
[2.898s] -- Up-to-date symlink: /home/minwoong/OneDrive/JMW/dynamixel_8DOF/Dynamixel/install/dynamixel_control/share/dynamixel_control//poppy_description/meshes/.nostl/r_shoulder_respondable.STL
[2.898s] -- Up-to-date symlink: /home/minwoong/OneDrive/JMW/dynamixel_8DOF/Dynamixel/install/dynamixel_control/share/dynamixel_control//poppy_description/meshes/.nostl/r_thigh_respondable.STL
[2.898s] -- Up-to-date symlink: /home/minwoong/OneDrive/JMW/dynamixel_8DOF/Dynamixel/install/dynamixel_control/share/dynamixel_control//poppy_description/meshes/.nostl/r_thigh_visual.STL
[2.898s] -- Up-to-date symlink: /home/minwoong/OneDrive/JMW/dynamixel_8DOF/Dynamixel/install/dynamixel_control/share/dynamixel_control//poppy_description/meshes/.nostl/r_upper_arm_respondable.STL
[2.898s] -- Up-to-date symlink: /home/minwoong/OneDrive/JMW/dynamixel_8DOF/Dynamixel/install/dynamixel_control/share/dynamixel_control//poppy_description/meshes/.nostl/spine_respondable.STL
[2.898s] -- Up-to-date symlink: /home/minwoong/OneDrive/JMW/dynamixel_8DOF/Dynamixel/install/dynamixel_control/share/dynamixel_control//poppy_description/meshes/abdomen_respondable.STL
[2.898s] -- Up-to-date symlink: /home/minwoong/OneDrive/JMW/dynamixel_8DOF/Dynamixel/install/dynamixel_control/share/dynamixel_control//poppy_description/meshes/abdomen_visual.STL
[2.898s] -- Up-to-date symlink: /home/minwoong/OneDrive/JMW/dynamixel_8DOF/Dynamixel/install/dynamixel_control/share/dynamixel_control//poppy_description/meshes/abs_motors_respondable.STL
[2.898s] -- Up-to-date symlink: /home/minwoong/OneDrive/JMW/dynamixel_8DOF/Dynamixel/install/dynamixel_control/share/dynamixel_control//poppy_description/meshes/abs_motors_respondable.stl
[2.898s] -- Up-to-date symlink: /home/minwoong/OneDrive/JMW/dynamixel_8DOF/Dynamixel/install/dynamixel_control/share/dynamixel_control//poppy_description/meshes/abs_motors_visual.STL
[2.898s] -- Up-to-date symlink: /home/minwoong/OneDrive/JMW/dynamixel_8DOF/Dynamixel/install/dynamixel_control/share/dynamixel_control//poppy_description/meshes/bust_motors_respondable.STL
[2.898s] -- Up-to-date symlink: /home/minwoong/OneDrive/JMW/dynamixel_8DOF/Dynamixel/install/dynamixel_control/share/dynamixel_control//poppy_description/meshes/bust_motors_respondable.stl
[2.899s] -- Up-to-date symlink: /home/minwoong/OneDrive/JMW/dynamixel_8DOF/Dynamixel/install/dynamixel_control/share/dynamixel_control//poppy_description/meshes/bust_motors_visual.STL
[2.899s] -- Up-to-date symlink: /home/minwoong/OneDrive/JMW/dynamixel_8DOF/Dynamixel/install/dynamixel_control/share/dynamixel_control//poppy_description/meshes/chest_respondable.STL
[2.899s] -- Up-to-date symlink: /home/minwoong/OneDrive/JMW/dynamixel_8DOF/Dynamixel/install/dynamixel_control/share/dynamixel_control//poppy_description/meshes/chest_visual.STL
[2.899s] -- Up-to-date symlink: /home/minwoong/OneDrive/JMW/dynamixel_8DOF/Dynamixel/install/dynamixel_control/share/dynamixel_control//poppy_description/meshes/head_respondable.STL
[2.899s] -- Up-to-date symlink: /home/minwoong/OneDrive/JMW/dynamixel_8DOF/Dynamixel/install/dynamixel_control/share/dynamixel_control//poppy_description/meshes/head_respondable.stl
[2.899s] -- Up-to-date symlink: /home/minwoong/OneDrive/JMW/dynamixel_8DOF/Dynamixel/install/dynamixel_control/share/dynamixel_control//poppy_description/meshes/head_visual.STL
[2.899s] -- Up-to-date symlink: /home/minwoong/OneDrive/JMW/dynamixel_8DOF/Dynamixel/install/dynamixel_control/share/dynamixel_control//poppy_description/meshes/l_foot_respondable.STL
[2.899s] -- Up-to-date symlink: /home/minwoong/OneDrive/JMW/dynamixel_8DOF/Dynamixel/install/dynamixel_control/share/dynamixel_control//poppy_description/meshes/l_foot_respondable.stl
[2.899s] -- Up-to-date symlink: /home/minwoong/OneDrive/JMW/dynamixel_8DOF/Dynamixel/install/dynamixel_control/share/dynamixel_control//poppy_description/meshes/l_foot_visual.STL
[2.899s] -- Up-to-date symlink: /home/minwoong/OneDrive/JMW/dynamixel_8DOF/Dynamixel/install/dynamixel_control/share/dynamixel_control//poppy_description/meshes/l_forearm_respondable.STL
[2.899s] -- Up-to-date symlink: /home/minwoong/OneDrive/JMW/dynamixel_8DOF/Dynamixel/install/dynamixel_control/share/dynamixel_control//poppy_description/meshes/l_forearm_respondable.stl
[2.899s] -- Up-to-date symlink: /home/minwoong/OneDrive/JMW/dynamixel_8DOF/Dynamixel/install/dynamixel_control/share/dynamixel_control//poppy_description/meshes/l_forearm_visual.STL
[2.899s] -- Up-to-date symlink: /home/minwoong/OneDrive/JMW/dynamixel_8DOF/Dynamixel/install/dynamixel_control/share/dynamixel_control//poppy_description/meshes/l_hip_motor_respondable.STL
[2.899s] -- Up-to-date symlink: /home/minwoong/OneDrive/JMW/dynamixel_8DOF/Dynamixel/install/dynamixel_control/share/dynamixel_control//poppy_description/meshes/l_hip_motor_respondable.stl
[2.899s] -- Up-to-date symlink: /home/minwoong/OneDrive/JMW/dynamixel_8DOF/Dynamixel/install/dynamixel_control/share/dynamixel_control//poppy_description/meshes/l_hip_motor_visual.STL
[2.899s] -- Up-to-date symlink: /home/minwoong/OneDrive/JMW/dynamixel_8DOF/Dynamixel/install/dynamixel_control/share/dynamixel_control//poppy_description/meshes/l_hip_respondable.STL
[2.900s] -- Up-to-date symlink: /home/minwoong/OneDrive/JMW/dynamixel_8DOF/Dynamixel/install/dynamixel_control/share/dynamixel_control//poppy_description/meshes/l_hip_respondable.stl
[2.900s] -- Up-to-date symlink: /home/minwoong/OneDrive/JMW/dynamixel_8DOF/Dynamixel/install/dynamixel_control/share/dynamixel_control//poppy_description/meshes/l_hip_visual.STL
[2.900s] -- Up-to-date symlink: /home/minwoong/OneDrive/JMW/dynamixel_8DOF/Dynamixel/install/dynamixel_control/share/dynamixel_control//poppy_description/meshes/l_shin_respondable.STL
[2.900s] -- Up-to-date symlink: /home/minwoong/OneDrive/JMW/dynamixel_8DOF/Dynamixel/install/dynamixel_control/share/dynamixel_control//poppy_description/meshes/l_shin_respondable.stl
[2.900s] -- Up-to-date symlink: /home/minwoong/OneDrive/JMW/dynamixel_8DOF/Dynamixel/install/dynamixel_control/share/dynamixel_control//poppy_description/meshes/l_shin_visual.STL
[2.900s] -- Up-to-date symlink: /home/minwoong/OneDrive/JMW/dynamixel_8DOF/Dynamixel/install/dynamixel_control/share/dynamixel_control//poppy_description/meshes/l_shoulder_motor_respondable.STL
[2.900s] -- Up-to-date symlink: /home/minwoong/OneDrive/JMW/dynamixel_8DOF/Dynamixel/install/dynamixel_control/share/dynamixel_control//poppy_description/meshes/l_shoulder_motor_respondable.stl
[2.900s] -- Up-to-date symlink: /home/minwoong/OneDrive/JMW/dynamixel_8DOF/Dynamixel/install/dynamixel_control/share/dynamixel_control//poppy_description/meshes/l_shoulder_motor_visual.STL
[2.900s] -- Up-to-date symlink: /home/minwoong/OneDrive/JMW/dynamixel_8DOF/Dynamixel/install/dynamixel_control/share/dynamixel_control//poppy_description/meshes/l_shoulder_respondable.STL
[2.900s] -- Up-to-date symlink: /home/minwoong/OneDrive/JMW/dynamixel_8DOF/Dynamixel/install/dynamixel_control/share/dynamixel_control//poppy_description/meshes/l_shoulder_respondable.stl
[2.900s] -- Up-to-date symlink: /home/minwoong/OneDrive/JMW/dynamixel_8DOF/Dynamixel/install/dynamixel_control/share/dynamixel_control//poppy_description/meshes/l_shoulder_visual.STL
[2.900s] -- Up-to-date symlink: /home/minwoong/OneDrive/JMW/dynamixel_8DOF/Dynamixel/install/dynamixel_control/share/dynamixel_control//poppy_description/meshes/l_thigh_respondable.STL
[2.900s] -- Up-to-date symlink: /home/minwoong/OneDrive/JMW/dynamixel_8DOF/Dynamixel/install/dynamixel_control/share/dynamixel_control//poppy_description/meshes/l_thigh_visual.STL
[2.901s] -- Up-to-date symlink: /home/minwoong/OneDrive/JMW/dynamixel_8DOF/Dynamixel/install/dynamixel_control/share/dynamixel_control//poppy_description/meshes/l_upper_arm_respondable.STL
[2.901s] -- Up-to-date symlink: /home/minwoong/OneDrive/JMW/dynamixel_8DOF/Dynamixel/install/dynamixel_control/share/dynamixel_control//poppy_description/meshes/l_upper_arm_visual.STL
[2.901s] -- Up-to-date symlink: /home/minwoong/OneDrive/JMW/dynamixel_8DOF/Dynamixel/install/dynamixel_control/share/dynamixel_control//poppy_description/meshes/neck_respondable.STL
[2.901s] -- Up-to-date symlink: /home/minwoong/OneDrive/JMW/dynamixel_8DOF/Dynamixel/install/dynamixel_control/share/dynamixel_control//poppy_description/meshes/neck_visual.STL
[2.901s] -- Up-to-date symlink: /home/minwoong/OneDrive/JMW/dynamixel_8DOF/Dynamixel/install/dynamixel_control/share/dynamixel_control//poppy_description/meshes/pelvis_respondable.STL
[2.901s] -- Up-to-date symlink: /home/minwoong/OneDrive/JMW/dynamixel_8DOF/Dynamixel/install/dynamixel_control/share/dynamixel_control//poppy_description/meshes/pelvis_visual.STL
[2.901s] -- Up-to-date symlink: /home/minwoong/OneDrive/JMW/dynamixel_8DOF/Dynamixel/install/dynamixel_control/share/dynamixel_control//poppy_description/meshes/r_foot_respondable.STL
[2.901s] -- Up-to-date symlink: /home/minwoong/OneDrive/JMW/dynamixel_8DOF/Dynamixel/install/dynamixel_control/share/dynamixel_control//poppy_description/meshes/r_foot_visual.STL
[2.901s] -- Up-to-date symlink: /home/minwoong/OneDrive/JMW/dynamixel_8DOF/Dynamixel/install/dynamixel_control/share/dynamixel_control//poppy_description/meshes/r_forearm_respondable.STL
[2.901s] -- Up-to-date symlink: /home/minwoong/OneDrive/JMW/dynamixel_8DOF/Dynamixel/install/dynamixel_control/share/dynamixel_control//poppy_description/meshes/r_forearm_visual.STL
[2.901s] -- Up-to-date symlink: /home/minwoong/OneDrive/JMW/dynamixel_8DOF/Dynamixel/install/dynamixel_control/share/dynamixel_control//poppy_description/meshes/r_hip_motor_respondable.STL
[2.901s] -- Up-to-date symlink: /home/minwoong/OneDrive/JMW/dynamixel_8DOF/Dynamixel/install/dynamixel_control/share/dynamixel_control//poppy_description/meshes/r_hip_motor_visual.STL
[2.901s] -- Up-to-date symlink: /home/minwoong/OneDrive/JMW/dynamixel_8DOF/Dynamixel/install/dynamixel_control/share/dynamixel_control//poppy_description/meshes/r_hip_respondable.STL
[2.901s] -- Up-to-date symlink: /home/minwoong/OneDrive/JMW/dynamixel_8DOF/Dynamixel/install/dynamixel_control/share/dynamixel_control//poppy_description/meshes/r_hip_visual.STL
[2.901s] -- Up-to-date symlink: /home/minwoong/OneDrive/JMW/dynamixel_8DOF/Dynamixel/install/dynamixel_control/share/dynamixel_control//poppy_description/meshes/r_shin_respondable.STL
[2.901s] -- Up-to-date symlink: /home/minwoong/OneDrive/JMW/dynamixel_8DOF/Dynamixel/install/dynamixel_control/share/dynamixel_control//poppy_description/meshes/r_shin_visual.STL
[2.901s] -- Up-to-date symlink: /home/minwoong/OneDrive/JMW/dynamixel_8DOF/Dynamixel/install/dynamixel_control/share/dynamixel_control//poppy_description/meshes/r_shoulder_motor_respondable.STL
[2.901s] -- Up-to-date symlink: /home/minwoong/OneDrive/JMW/dynamixel_8DOF/Dynamixel/install/dynamixel_control/share/dynamixel_control//poppy_description/meshes/r_shoulder_motor_visual.STL
[2.901s] -- Up-to-date symlink: /home/minwoong/OneDrive/JMW/dynamixel_8DOF/Dynamixel/install/dynamixel_control/share/dynamixel_control//poppy_description/meshes/r_shoulder_respondable.STL
[2.902s] -- Up-to-date symlink: /home/minwoong/OneDrive/JMW/dynamixel_8DOF/Dynamixel/install/dynamixel_control/share/dynamixel_control//poppy_description/meshes/r_shoulder_visual.STL
[2.902s] -- Up-to-date symlink: /home/minwoong/OneDrive/JMW/dynamixel_8DOF/Dynamixel/install/dynamixel_control/share/dynamixel_control//poppy_description/meshes/r_thigh_respondable.STL
[2.902s] -- Up-to-date symlink: /home/minwoong/OneDrive/JMW/dynamixel_8DOF/Dynamixel/install/dynamixel_control/share/dynamixel_control//poppy_description/meshes/r_thigh_visual.STL
[2.902s] -- Up-to-date symlink: /home/minwoong/OneDrive/JMW/dynamixel_8DOF/Dynamixel/install/dynamixel_control/share/dynamixel_control//poppy_description/meshes/r_upper_arm_respondable.STL
[2.902s] -- Up-to-date symlink: /home/minwoong/OneDrive/JMW/dynamixel_8DOF/Dynamixel/install/dynamixel_control/share/dynamixel_control//poppy_description/meshes/r_upper_arm_visual.STL
[2.902s] -- Up-to-date symlink: /home/minwoong/OneDrive/JMW/dynamixel_8DOF/Dynamixel/install/dynamixel_control/share/dynamixel_control//poppy_description/meshes/spine_respondable.STL
[2.902s] -- Up-to-date symlink: /home/minwoong/OneDrive/JMW/dynamixel_8DOF/Dynamixel/install/dynamixel_control/share/dynamixel_control//poppy_description/meshes/spine_visual.STL
[2.902s] -- Up-to-date symlink: /home/minwoong/OneDrive/JMW/dynamixel_8DOF/Dynamixel/install/dynamixel_control/share/dynamixel_control//poppy_description/robots/Poppy_Humanoid.URDF
[2.902s] -- Up-to-date symlink: /home/minwoong/OneDrive/JMW/dynamixel_8DOF/Dynamixel/install/dynamixel_control/share/dynamixel_control//poppy_description/update_URDF.py
[2.902s] -- Up-to-date symlink: /home/minwoong/OneDrive/JMW/dynamixel_8DOF/Dynamixel/install/dynamixel_control/share/ament_index/resource_index/package_run_dependencies/dynamixel_control
[2.902s] -- Up-to-date symlink: /home/minwoong/OneDrive/JMW/dynamixel_8DOF/Dynamixel/install/dynamixel_control/share/ament_index/resource_index/parent_prefix_path/dynamixel_control
[2.902s] -- Up-to-date symlink: /home/minwoong/OneDrive/JMW/dynamixel_8DOF/Dynamixel/install/dynamixel_control/share/dynamixel_control/environment/ament_prefix_path.sh
[2.902s] -- Up-to-date symlink: /home/minwoong/OneDrive/JMW/dynamixel_8DOF/Dynamixel/install/dynamixel_control/share/dynamixel_control/environment/ament_prefix_path.dsv
[2.902s] -- Up-to-date symlink: /home/minwoong/OneDrive/JMW/dynamixel_8DOF/Dynamixel/install/dynamixel_control/share/dynamixel_control/environment/path.sh
[2.903s] -- Up-to-date symlink: /home/minwoong/OneDrive/JMW/dynamixel_8DOF/Dynamixel/install/dynamixel_control/share/dynamixel_control/environment/path.dsv
[2.903s] -- Up-to-date symlink: /home/minwoong/OneDrive/JMW/dynamixel_8DOF/Dynamixel/install/dynamixel_control/share/dynamixel_control/local_setup.bash
[2.903s] -- Up-to-date symlink: /home/minwoong/OneDrive/JMW/dynamixel_8DOF/Dynamixel/install/dynamixel_control/share/dynamixel_control/local_setup.sh
[2.903s] -- Up-to-date symlink: /home/minwoong/OneDrive/JMW/dynamixel_8DOF/Dynamixel/install/dynamixel_control/share/dynamixel_control/local_setup.zsh
[2.903s] -- Up-to-date symlink: /home/minwoong/OneDrive/JMW/dynamixel_8DOF/Dynamixel/install/dynamixel_control/share/dynamixel_control/local_setup.dsv
[2.903s] -- Symlinking: /home/minwoong/OneDrive/JMW/dynamixel_8DOF/Dynamixel/install/dynamixel_control/share/dynamixel_control/package.dsv
[2.908s] -- Up-to-date symlink: /home/minwoong/OneDrive/JMW/dynamixel_8DOF/Dynamixel/install/dynamixel_control/share/ament_index/resource_index/packages/dynamixel_control
[2.908s] -- Up-to-date symlink: /home/minwoong/OneDrive/JMW/dynamixel_8DOF/Dynamixel/install/dynamixel_control/share/dynamixel_control/cmake/dynamixel_controlConfig.cmake
[2.908s] -- Up-to-date symlink: /home/minwoong/OneDrive/JMW/dynamixel_8DOF/Dynamixel/install/dynamixel_control/share/dynamixel_control/cmake/dynamixel_controlConfig-version.cmake
[2.908s] -- Up-to-date symlink: /home/minwoong/OneDrive/JMW/dynamixel_8DOF/Dynamixel/install/dynamixel_control/share/dynamixel_control/package.xml
[2.910s] Invoked command in '/home/minwoong/OneDrive/JMW/dynamixel_8DOF/Dynamixel/build/dynamixel_control' returned '0': CMAKE_PREFIX_PATH=/home/minwoong/OneDrive/JMW/dynamixel_8DOF/Dynamixel/install/dynamixel_sdk:/home/minwoong/OneDrive/JMW/dynamixel_8DOF/Dynamixel/install/dynamixel_control:/opt/ros/humble /usr/bin/cmake --install /home/minwoong/OneDrive/JMW/dynamixel_8DOF/Dynamixel/build/dynamixel_control
