[0.006s] Invoking command in '/home/jmw/ROS2/AVATAR/Dynamixel/build/dynamixel_control': AMENT_PREFIX_PATH=/home/jmw/ROS2/AVATAR/Dynamixel/install/dynamixel_sdk:${AMENT_PREFIX_PATH} CMAKE_PREFIX_PATH=/home/jmw/ROS2/AVATAR/Dynamixel/install/dynamixel_sdk:/home/jmw/ROS2/AVATAR/Dynamixel/install/dynamixel_control:/opt/ros/humble /usr/bin/cmake /home/jmw/ROS2/AVATAR/Dynamixel/dynamixel_control -DAMENT_CMAKE_SYMLINK_INSTALL=1 -DCMAKE_INSTALL_PREFIX=/home/jmw/ROS2/AVATAR/Dynamixel/install/dynamixel_control
[0.040s] -- The C compiler identification is GNU 11.4.0
[0.076s] -- The CXX compiler identification is GNU 11.4.0
[0.081s] -- Detecting C compiler ABI info
[0.126s] -- Detecting C compiler ABI info - done
[0.132s] -- Check for working C compiler: /usr/bin/cc - skipped
[0.133s] -- Detecting C compile features
[0.133s] -- Detecting C compile features - done
[0.135s] -- Detecting CXX compiler ABI info
[0.185s] -- Detecting CXX compiler ABI info - done
[0.191s] -- Check for working CXX compiler: /usr/bin/c++ - skipped
[0.191s] -- Detecting CXX compile features
[0.191s] -- Detecting CXX compile features - done
[0.193s] -- Found ament_cmake: 1.3.11 (/opt/ros/humble/share/ament_cmake/cmake)
[0.294s] -- Found Python3: /usr/bin/python3 (found version "3.10.12") found components: Interpreter 
[0.344s] -- Override CMake install command with custom implementation using symlinks instead of copying resources
[0.360s] -- Found dynamixel_sdk: 3.7.60 (/home/jmw/ROS2/AVATAR/Dynamixel/install/dynamixel_sdk/share/dynamixel_sdk/cmake)
[0.432s] -- Found rclcpp: 16.0.11 (/opt/ros/humble/share/rclcpp/cmake)
[0.665s] -- Found rosidl_generator_c: 3.1.6 (/opt/ros/humble/share/rosidl_generator_c/cmake)
[0.677s] -- Found rosidl_adapter: 3.1.6 (/opt/ros/humble/share/rosidl_adapter/cmake)
[0.705s] -- Found rosidl_generator_cpp: 3.1.6 (/opt/ros/humble/share/rosidl_generator_cpp/cmake)
[0.784s] -- Using all available rosidl_typesupport_c: rosidl_typesupport_fastrtps_c;rosidl_typesupport_introspection_c
[0.881s] -- Using all available rosidl_typesupport_cpp: rosidl_typesupport_fastrtps_cpp;rosidl_typesupport_introspection_cpp
[1.100s] -- Found rmw_implementation_cmake: 6.1.2 (/opt/ros/humble/share/rmw_implementation_cmake/cmake)
[1.115s] -- Found rmw_fastrtps_cpp: 6.2.7 (/opt/ros/humble/share/rmw_fastrtps_cpp/cmake)
[1.451s] -- Found OpenSSL: /usr/lib/x86_64-linux-gnu/libcrypto.so (found version "3.0.2")  
[1.488s] -- Found FastRTPS: /opt/ros/humble/include  
[1.535s] -- Using RMW implementation 'rmw_fastrtps_cpp' as default
[1.611s] -- Looking for pthread.h
[1.696s] -- Looking for pthread.h - found
[1.696s] -- Performing Test CMAKE_HAVE_LIBC_PTHREAD
[1.765s] -- Performing Test CMAKE_HAVE_LIBC_PTHREAD - Success
[1.766s] -- Found Threads: TRUE  
[1.917s] -- Found sensor_msgs: 4.2.4 (/opt/ros/humble/share/sensor_msgs/cmake)
[1.993s] -- Found std_srvs: 4.2.4 (/opt/ros/humble/share/std_srvs/cmake)
[2.034s] -- Found urdf: 2.6.1 (/opt/ros/humble/share/urdf/cmake)
[2.146s] -- Found rviz_visual_tools: 4.1.4 (/opt/ros/humble/share/rviz_visual_tools/cmake)
[2.576s] -- Setting assimp_DIR to: '/opt/ros/humble/share/rviz_assimp_vendor/cmake/../../../opt/rviz_assimp_vendor/lib/cmake/assimp-4.1'
[2.642s] -- Setting OGRE_DIR to: '/opt/ros/humble/share/rviz_ogre_vendor/cmake/../../../opt/rviz_ogre_vendor/lib/OGRE/cmake'
[2.651s] -- Found OGRE
[2.651s] --   static     : OFF
[2.651s] --   components : HLMS;MeshLodGenerator;Overlay;Paging;Property;RTShaderSystem;Terrain;Volume
[2.651s] --   plugins    : Plugin_BSPSceneManager;Plugin_OctreeSceneManager;Plugin_PCZSceneManager;Plugin_ParticleFX;RenderSystem_GL;RenderSystem_GL3Plus;Codec_STBI
[2.651s] --   media      : /opt/ros/humble/opt/rviz_ogre_vendor/share/OGRE/Media
[2.652s] -- OGRE_LIBRARIES: OgreHLMS;OgreMeshLodGenerator;OgreOverlay;OgrePaging;OgreProperty;OgreRTShaderSystem;OgreTerrain;OgreVolume;OgreMain
[2.652s] -- OGRE_LIBRARY_DIRS: /opt/ros/humble/opt/rviz_ogre_vendor/lib
[2.652s] -- OGRE_PLUGINS: Plugin_BSPSceneManager;Plugin_OctreeSceneManager;Plugin_PCZSceneManager;Plugin_ParticleFX;RenderSystem_GL;RenderSystem_GL3Plus;Codec_STBI
[2.652s] -- OGRE_PLUGIN_DIR: /opt/ros/humble/opt/rviz_ogre_vendor/lib/OGRE
[2.652s] -- rviz_ogre_vendor::OgreOverlay for IMPORTED_LOCATION_RELEASE: /opt/ros/humble/opt/rviz_ogre_vendor/lib/libOgreOverlay.so
[2.652s] -- rviz_ogre_vendor::OgreOverlay for IMPORTED_LOCATION_DEBUG: /opt/ros/humble/opt/rviz_ogre_vendor/lib/libOgreOverlay.so
[2.652s] -- rviz_ogre_vendor::OgreMain for IMPORTED_LOCATION_RELEASE: /opt/ros/humble/opt/rviz_ogre_vendor/lib/libOgreMain.so
[2.652s] -- rviz_ogre_vendor::OgreMain for IMPORTED_LOCATION_DEBUG: /opt/ros/humble/opt/rviz_ogre_vendor/lib/libOgreMain.so
[2.652s] -- Could not find freeimage library
[2.765s] -- Found ZLIB: /usr/lib/x86_64-linux-gnu/libz.so (found version "1.2.11") 
[2.821s] -- Found OpenGL: /usr/lib/x86_64-linux-gnu/libOpenGL.so   
[2.969s] -- Found X11: /usr/include   
[2.977s] -- Looking for XOpenDisplay in /usr/lib/x86_64-linux-gnu/libX11.so;/usr/lib/x86_64-linux-gnu/libXext.so
[3.124s] -- Looking for XOpenDisplay in /usr/lib/x86_64-linux-gnu/libX11.so;/usr/lib/x86_64-linux-gnu/libXext.so - found
[3.125s] -- Looking for gethostbyname
[3.179s] -- Looking for gethostbyname - found
[3.179s] -- Looking for connect
[3.225s] -- Looking for connect - found
[3.225s] -- Looking for remove
[3.270s] -- Looking for remove - found
[3.270s] -- Looking for shmat
[3.314s] -- Looking for shmat - found
[3.314s] -- Looking for IceConnectionNumber in ICE
[3.358s] -- Looking for IceConnectionNumber in ICE - found
[3.429s] -- library: /usr/lib/x86_64-linux-gnu/libcurl.so
[3.490s] -- Found Eigen3: TRUE (found version "3.4.0") 
[3.490s] -- Ensuring Eigen3 include directory is part of orocos-kdl CMake target
[4.163s] -- Found tf2_eigen: 0.25.11 (/opt/ros/humble/share/tf2_eigen/cmake)
[4.211s] -- Found ament_lint_auto: 0.12.11 (/opt/ros/humble/share/ament_lint_auto/cmake)
[4.352s] -- Added test 'copyright' to check source files copyright and LICENSE
[4.354s] -- Added test 'cppcheck' to perform static code analysis on C / C++ code
[4.355s] -- Configured cppcheck include dirs: /home/jmw/ROS2/AVATAR/Dynamixel/dynamixel_control/include
[4.355s] -- Configured cppcheck exclude dirs and/or files: 
[4.357s] -- Added test 'cpplint' to check C / C++ code against the Google style
[4.357s] -- Configured cpplint exclude dirs and/or files: 
[4.357s] -- Added test 'flake8' to check Python code syntax and style conventions
[4.358s] -- Added test 'lint_cmake' to check CMake code style
[4.358s] -- Added test 'pep257' to check Python code against some of the docstring style conventions in PEP 257
[4.360s] -- Added test 'uncrustify' to check C / C++ code style
[4.360s] -- Configured uncrustify additional arguments: 
[4.361s] -- Added test 'xmllint' to check XML markup files
[4.362s] -- Configuring done
[4.655s] -- Generating done
[4.665s] -- Build files have been written to: /home/jmw/ROS2/AVATAR/Dynamixel/build/dynamixel_control
[4.674s] Invoked command in '/home/jmw/ROS2/AVATAR/Dynamixel/build/dynamixel_control' returned '0': AMENT_PREFIX_PATH=/home/jmw/ROS2/AVATAR/Dynamixel/install/dynamixel_sdk:${AMENT_PREFIX_PATH} CMAKE_PREFIX_PATH=/home/jmw/ROS2/AVATAR/Dynamixel/install/dynamixel_sdk:/home/jmw/ROS2/AVATAR/Dynamixel/install/dynamixel_control:/opt/ros/humble /usr/bin/cmake /home/jmw/ROS2/AVATAR/Dynamixel/dynamixel_control -DAMENT_CMAKE_SYMLINK_INSTALL=1 -DCMAKE_INSTALL_PREFIX=/home/jmw/ROS2/AVATAR/Dynamixel/install/dynamixel_control
[4.675s] Invoking command in '/home/jmw/ROS2/AVATAR/Dynamixel/build/dynamixel_control': AMENT_PREFIX_PATH=/home/jmw/ROS2/AVATAR/Dynamixel/install/dynamixel_sdk:${AMENT_PREFIX_PATH} CMAKE_PREFIX_PATH=/home/jmw/ROS2/AVATAR/Dynamixel/install/dynamixel_sdk:/home/jmw/ROS2/AVATAR/Dynamixel/install/dynamixel_control:/opt/ros/humble /usr/bin/cmake --build /home/jmw/ROS2/AVATAR/Dynamixel/build/dynamixel_control -- -j12 -l12
[4.713s] [ 14%] [32mBuilding CXX object CMakeFiles/joint_state_publisher.dir/src/joint_state_publisher.cpp.o[0m
[4.713s] [ 14%] [32mBuilding CXX object CMakeFiles/torque_check.dir/src/torque_check.cpp.o[0m
[4.713s] [ 21%] [32mBuilding CXX object CMakeFiles/csv_joint_state_publisher.dir/src/csv_joint_state_publisher.cpp.o[0m
[4.713s] [ 28%] [32mBuilding CXX object CMakeFiles/rviz_visualization_node.dir/src/rviz_visualization_node.cpp.o[0m
[4.714s] [ 35%] [32mBuilding CXX object CMakeFiles/read_write_node.dir/src/read_write_node.cpp.o[0m
[4.715s] [ 42%] [32mBuilding CXX object CMakeFiles/torque_read_degree_write.dir/src/torque_read_degree_write.cpp.o[0m
[4.719s] [ 50%] [32mBuilding CXX object CMakeFiles/torque_compensation_node.dir/src/torque_compensation_node.cpp.o[0m
[10.302s] [ 57%] [32m[1mLinking CXX executable torque_check[0m
[10.442s] [ 64%] [32m[1mLinking CXX executable csv_joint_state_publisher[0m
[11.399s] [ 64%] Built target torque_check
[11.399s] [ 64%] Built target csv_joint_state_publisher
[11.737s] [ 71%] [32m[1mLinking CXX executable joint_state_publisher[0m
[11.923s] [ 71%] Built target joint_state_publisher
[14.004s] [ 78%] [32m[1mLinking CXX executable rviz_visualization_node[0m
[14.362s] [ 85%] [32m[1mLinking CXX executable torque_read_degree_write[0m
[14.687s] [ 85%] Built target torque_read_degree_write
[15.568s] [ 85%] Built target rviz_visualization_node
[17.088s] [ 92%] [32m[1mLinking CXX executable torque_compensation_node[0m
[17.429s] [100%] [32m[1mLinking CXX executable read_write_node[0m
[17.533s] [100%] Built target torque_compensation_node
[17.852s] [100%] Built target read_write_node
[17.863s] Invoked command in '/home/jmw/ROS2/AVATAR/Dynamixel/build/dynamixel_control' returned '0': AMENT_PREFIX_PATH=/home/jmw/ROS2/AVATAR/Dynamixel/install/dynamixel_sdk:${AMENT_PREFIX_PATH} CMAKE_PREFIX_PATH=/home/jmw/ROS2/AVATAR/Dynamixel/install/dynamixel_sdk:/home/jmw/ROS2/AVATAR/Dynamixel/install/dynamixel_control:/opt/ros/humble /usr/bin/cmake --build /home/jmw/ROS2/AVATAR/Dynamixel/build/dynamixel_control -- -j12 -l12
[17.864s] Invoking command in '/home/jmw/ROS2/AVATAR/Dynamixel/build/dynamixel_control': AMENT_PREFIX_PATH=/home/jmw/ROS2/AVATAR/Dynamixel/install/dynamixel_sdk:${AMENT_PREFIX_PATH} CMAKE_PREFIX_PATH=/home/jmw/ROS2/AVATAR/Dynamixel/install/dynamixel_sdk:/home/jmw/ROS2/AVATAR/Dynamixel/install/dynamixel_control:/opt/ros/humble /usr/bin/cmake --install /home/jmw/ROS2/AVATAR/Dynamixel/build/dynamixel_control
[17.869s] -- Install configuration: ""
[17.869s] -- Execute custom install script
[17.869s] -- Symlinking: /home/jmw/ROS2/AVATAR/Dynamixel/install/dynamixel_control/lib/dynamixel_control/read_write_node
[17.875s] -- Symlinking: /home/jmw/ROS2/AVATAR/Dynamixel/install/dynamixel_control/lib/dynamixel_control/joint_state_publisher
[17.881s] -- Symlinking: /home/jmw/ROS2/AVATAR/Dynamixel/install/dynamixel_control/lib/dynamixel_control/csv_joint_state_publisher
[17.886s] -- Symlinking: /home/jmw/ROS2/AVATAR/Dynamixel/install/dynamixel_control/lib/dynamixel_control/torque_check
[17.892s] -- Symlinking: /home/jmw/ROS2/AVATAR/Dynamixel/install/dynamixel_control/lib/dynamixel_control/rviz_visualization_node
[17.897s] -- Symlinking: /home/jmw/ROS2/AVATAR/Dynamixel/install/dynamixel_control/lib/dynamixel_control/torque_compensation_node
[17.903s] -- Symlinking: /home/jmw/ROS2/AVATAR/Dynamixel/install/dynamixel_control/lib/dynamixel_control/torque_read_degree_write
[17.909s] -- Symlinking: /home/jmw/ROS2/AVATAR/Dynamixel/install/dynamixel_control/share/dynamixel_control//launch/__pycache__/robot_visualization.launch.cpython-310.pyc
[17.915s] -- Symlinking: /home/jmw/ROS2/AVATAR/Dynamixel/install/dynamixel_control/share/dynamixel_control//launch/robot_visualization.launch.py
[17.920s] -- Symlinking: /home/jmw/ROS2/AVATAR/Dynamixel/install/dynamixel_control/share/dynamixel_control//launch/robot_visualization.launch.xml
[17.926s] -- Symlinking: /home/jmw/ROS2/AVATAR/Dynamixel/install/dynamixel_control/share/dynamixel_control//data/csv/01_Default_두리번.csv
[17.932s] -- Symlinking: /home/jmw/ROS2/AVATAR/Dynamixel/install/dynamixel_control/share/dynamixel_control//data/csv/02_Default_두리번2.csv
[17.937s] -- Symlinking: /home/jmw/ROS2/AVATAR/Dynamixel/install/dynamixel_control/share/dynamixel_control//data/csv/03_Default_두리번3.csv
[17.943s] -- Symlinking: /home/jmw/ROS2/AVATAR/Dynamixel/install/dynamixel_control/share/dynamixel_control//data/csv/04_호객행위.csv
[17.950s] -- Symlinking: /home/jmw/ROS2/AVATAR/Dynamixel/install/dynamixel_control/share/dynamixel_control//data/csv/05_인사.csv
[17.956s] -- Symlinking: /home/jmw/ROS2/AVATAR/Dynamixel/install/dynamixel_control/share/dynamixel_control//data/csv/06_춤.csv
[17.962s] -- Symlinking: /home/jmw/ROS2/AVATAR/Dynamixel/install/dynamixel_control/share/dynamixel_control//data/csv/sincostra.csv
[17.967s] -- Symlinking: /home/jmw/ROS2/AVATAR/Dynamixel/install/dynamixel_control/share/dynamixel_control//data/csv/torquecheck.csv
[17.973s] -- Symlinking: /home/jmw/ROS2/AVATAR/Dynamixel/install/dynamixel_control/share/dynamixel_control//data/csv/torquecheck.xlsx
[17.979s] -- Symlinking: /home/jmw/ROS2/AVATAR/Dynamixel/install/dynamixel_control/share/dynamixel_control//data/csv/torquecheck2.csv
[17.985s] -- Symlinking: /home/jmw/ROS2/AVATAR/Dynamixel/install/dynamixel_control/share/dynamixel_control//urdf/AVATAR_URDF_Test3.urdf
[17.990s] -- Symlinking: /home/jmw/ROS2/AVATAR/Dynamixel/install/dynamixel_control/share/dynamixel_control//urdf/meshes/Base.stl
[17.996s] -- Symlinking: /home/jmw/ROS2/AVATAR/Dynamixel/install/dynamixel_control/share/dynamixel_control//urdf/meshes/Head.stl
[18.001s] -- Symlinking: /home/jmw/ROS2/AVATAR/Dynamixel/install/dynamixel_control/share/dynamixel_control//urdf/meshes/L_Forearm.stl
[18.007s] -- Symlinking: /home/jmw/ROS2/AVATAR/Dynamixel/install/dynamixel_control/share/dynamixel_control//urdf/meshes/L_Shoulder1.stl
[18.012s] -- Symlinking: /home/jmw/ROS2/AVATAR/Dynamixel/install/dynamixel_control/share/dynamixel_control//urdf/meshes/L_Shoulder2.stl
[18.017s] -- Symlinking: /home/jmw/ROS2/AVATAR/Dynamixel/install/dynamixel_control/share/dynamixel_control//urdf/meshes/L_Shoulder3.stl
[18.023s] -- Symlinking: /home/jmw/ROS2/AVATAR/Dynamixel/install/dynamixel_control/share/dynamixel_control//urdf/meshes/L_Upperarm.stl
[18.028s] -- Symlinking: /home/jmw/ROS2/AVATAR/Dynamixel/install/dynamixel_control/share/dynamixel_control//urdf/meshes/L_Wrist1.stl
[18.034s] -- Symlinking: /home/jmw/ROS2/AVATAR/Dynamixel/install/dynamixel_control/share/dynamixel_control//urdf/meshes/L_Wrist2.stl
[18.039s] -- Symlinking: /home/jmw/ROS2/AVATAR/Dynamixel/install/dynamixel_control/share/dynamixel_control//urdf/meshes/L_Wrist3.stl
[18.045s] -- Symlinking: /home/jmw/ROS2/AVATAR/Dynamixel/install/dynamixel_control/share/dynamixel_control//urdf/meshes/Neck1.stl
[18.050s] -- Symlinking: /home/jmw/ROS2/AVATAR/Dynamixel/install/dynamixel_control/share/dynamixel_control//urdf/meshes/Neck2.stl
[18.056s] -- Symlinking: /home/jmw/ROS2/AVATAR/Dynamixel/install/dynamixel_control/share/dynamixel_control//urdf/meshes/R_Forearm.stl
[18.062s] -- Symlinking: /home/jmw/ROS2/AVATAR/Dynamixel/install/dynamixel_control/share/dynamixel_control//urdf/meshes/R_Shoulder1.stl
[18.067s] -- Symlinking: /home/jmw/ROS2/AVATAR/Dynamixel/install/dynamixel_control/share/dynamixel_control//urdf/meshes/R_Shoulder2.stl
[18.073s] -- Symlinking: /home/jmw/ROS2/AVATAR/Dynamixel/install/dynamixel_control/share/dynamixel_control//urdf/meshes/R_Shoulder3.stl
[18.078s] -- Symlinking: /home/jmw/ROS2/AVATAR/Dynamixel/install/dynamixel_control/share/dynamixel_control//urdf/meshes/R_Upperarm.stl
[18.084s] -- Symlinking: /home/jmw/ROS2/AVATAR/Dynamixel/install/dynamixel_control/share/dynamixel_control//urdf/meshes/R_Wrist1.stl
[18.089s] -- Symlinking: /home/jmw/ROS2/AVATAR/Dynamixel/install/dynamixel_control/share/dynamixel_control//urdf/meshes/R_Wrist2.stl
[18.095s] -- Symlinking: /home/jmw/ROS2/AVATAR/Dynamixel/install/dynamixel_control/share/dynamixel_control//urdf/meshes/R_Wrist3.stl
[18.100s] -- Symlinking: /home/jmw/ROS2/AVATAR/Dynamixel/install/dynamixel_control/share/dynamixel_control//urdf/meshes/Waist_Bottom.stl
[18.106s] -- Symlinking: /home/jmw/ROS2/AVATAR/Dynamixel/install/dynamixel_control/share/dynamixel_control//urdf/meshes/Waist_Top.stl
[18.111s] -- Symlinking: /home/jmw/ROS2/AVATAR/Dynamixel/install/dynamixel_control/share/ament_index/resource_index/package_run_dependencies/dynamixel_control
[18.117s] -- Symlinking: /home/jmw/ROS2/AVATAR/Dynamixel/install/dynamixel_control/share/ament_index/resource_index/parent_prefix_path/dynamixel_control
[18.122s] -- Symlinking: /home/jmw/ROS2/AVATAR/Dynamixel/install/dynamixel_control/share/dynamixel_control/environment/ament_prefix_path.sh
[18.128s] -- Symlinking: /home/jmw/ROS2/AVATAR/Dynamixel/install/dynamixel_control/share/dynamixel_control/environment/ament_prefix_path.dsv
[18.133s] -- Symlinking: /home/jmw/ROS2/AVATAR/Dynamixel/install/dynamixel_control/share/dynamixel_control/environment/path.sh
[18.139s] -- Symlinking: /home/jmw/ROS2/AVATAR/Dynamixel/install/dynamixel_control/share/dynamixel_control/environment/path.dsv
[18.144s] -- Symlinking: /home/jmw/ROS2/AVATAR/Dynamixel/install/dynamixel_control/share/dynamixel_control/local_setup.bash
[18.151s] -- Symlinking: /home/jmw/ROS2/AVATAR/Dynamixel/install/dynamixel_control/share/dynamixel_control/local_setup.sh
[18.156s] -- Symlinking: /home/jmw/ROS2/AVATAR/Dynamixel/install/dynamixel_control/share/dynamixel_control/local_setup.zsh
[18.163s] -- Symlinking: /home/jmw/ROS2/AVATAR/Dynamixel/install/dynamixel_control/share/dynamixel_control/local_setup.dsv
[18.169s] -- Symlinking: /home/jmw/ROS2/AVATAR/Dynamixel/install/dynamixel_control/share/dynamixel_control/package.dsv
[18.175s] -- Symlinking: /home/jmw/ROS2/AVATAR/Dynamixel/install/dynamixel_control/share/ament_index/resource_index/packages/dynamixel_control
[18.181s] -- Symlinking: /home/jmw/ROS2/AVATAR/Dynamixel/install/dynamixel_control/share/dynamixel_control/cmake/dynamixel_controlConfig.cmake
[18.186s] -- Symlinking: /home/jmw/ROS2/AVATAR/Dynamixel/install/dynamixel_control/share/dynamixel_control/cmake/dynamixel_controlConfig-version.cmake
[18.192s] -- Symlinking: /home/jmw/ROS2/AVATAR/Dynamixel/install/dynamixel_control/share/dynamixel_control/package.xml
[18.199s] Invoked command in '/home/jmw/ROS2/AVATAR/Dynamixel/build/dynamixel_control' returned '0': AMENT_PREFIX_PATH=/home/jmw/ROS2/AVATAR/Dynamixel/install/dynamixel_sdk:${AMENT_PREFIX_PATH} CMAKE_PREFIX_PATH=/home/jmw/ROS2/AVATAR/Dynamixel/install/dynamixel_sdk:/home/jmw/ROS2/AVATAR/Dynamixel/install/dynamixel_control:/opt/ros/humble /usr/bin/cmake --install /home/jmw/ROS2/AVATAR/Dynamixel/build/dynamixel_control
