[0.095s] DEBUG:colcon:Command line arguments: ['/usr/bin/colcon', 'build', '--symlink-install']
[0.095s] DEBUG:colcon:Parsed command line arguments: Namespace(log_base=None, log_level=None, verb_name='build', build_base='build', install_base='install', merge_install=False, symlink_install=True, test_result_base=None, continue_on_error=False, executor='parallel', parallel_workers=12, event_handlers=None, ignore_user_meta=False, metas=['./colcon.meta'], base_paths=['.'], packages_ignore=None, packages_ignore_regex=None, paths=None, packages_up_to=None, packages_up_to_regex=None, packages_above=None, packages_above_and_dependencies=None, packages_above_depth=None, packages_select_by_dep=None, packages_skip_by_dep=None, packages_skip_up_to=None, packages_select_build_failed=False, packages_skip_build_finished=False, packages_select_test_failures=False, packages_skip_test_passed=False, packages_select=None, packages_skip=None, packages_select_regex=None, packages_skip_regex=None, packages_start=None, packages_end=None, allow_overriding=[], cmake_args=None, cmake_target=None, cmake_target_skip_unavailable=False, cmake_clean_cache=False, cmake_clean_first=False, cmake_force_configure=False, ament_cmake_args=None, catkin_cmake_args=None, catkin_skip_building_tests=False, mixin_files=None, mixin=None, verb_parser=<colcon_mixin.mixin.mixin_argument.MixinArgumentDecorator object at 0x779902558dc0>, verb_extension=<colcon_core.verb.build.BuildVerb object at 0x779902558820>, main=<bound method BuildVerb.main of <colcon_core.verb.build.BuildVerb object at 0x779902558820>>, mixin_verb=('build',))
[0.249s] Level 1:colcon.colcon_core.package_discovery:discover_packages(colcon_meta) check parameters
[0.249s] Level 1:colcon.colcon_core.package_discovery:discover_packages(recursive) check parameters
[0.249s] Level 1:colcon.colcon_core.package_discovery:discover_packages(ignore) check parameters
[0.249s] Level 1:colcon.colcon_core.package_discovery:discover_packages(path) check parameters
[0.249s] Level 1:colcon.colcon_core.package_discovery:discover_packages(colcon_meta) discover
[0.249s] Level 1:colcon.colcon_core.package_discovery:discover_packages(recursive) discover
[0.249s] INFO:colcon.colcon_core.package_discovery:Crawling recursively for packages in '/home/jmw/ROS2/AVATAR/Dynamixel'
[0.249s] Level 1:colcon.colcon_core.package_identification:_identify(.) by extensions ['ignore', 'ignore_ament_install']
[0.250s] Level 1:colcon.colcon_core.package_identification:_identify(.) by extension 'ignore'
[0.250s] Level 1:colcon.colcon_core.package_identification:_identify(.) by extension 'ignore_ament_install'
[0.250s] Level 1:colcon.colcon_core.package_identification:_identify(.) by extensions ['colcon_pkg']
[0.250s] Level 1:colcon.colcon_core.package_identification:_identify(.) by extension 'colcon_pkg'
[0.250s] Level 1:colcon.colcon_core.package_identification:_identify(.) by extensions ['colcon_meta']
[0.250s] Level 1:colcon.colcon_core.package_identification:_identify(.) by extension 'colcon_meta'
[0.250s] Level 1:colcon.colcon_core.package_identification:_identify(.) by extensions ['ros']
[0.250s] Level 1:colcon.colcon_core.package_identification:_identify(.) by extension 'ros'
[0.260s] Level 1:colcon.colcon_core.package_identification:_identify(.) by extensions ['cmake', 'python']
[0.260s] Level 1:colcon.colcon_core.package_identification:_identify(.) by extension 'cmake'
[0.260s] Level 1:colcon.colcon_core.package_identification:_identify(.) by extension 'python'
[0.260s] Level 1:colcon.colcon_core.package_identification:_identify(.) by extensions ['python_setup_py']
[0.260s] Level 1:colcon.colcon_core.package_identification:_identify(.) by extension 'python_setup_py'
[0.260s] Level 1:colcon.colcon_core.package_identification:_identify(build) by extensions ['ignore', 'ignore_ament_install']
[0.260s] Level 1:colcon.colcon_core.package_identification:_identify(build) by extension 'ignore'
[0.260s] Level 1:colcon.colcon_core.package_identification:_identify(build) ignored
[0.260s] Level 1:colcon.colcon_core.package_identification:_identify(dynamixel_control) by extensions ['ignore', 'ignore_ament_install']
[0.261s] Level 1:colcon.colcon_core.package_identification:_identify(dynamixel_control) by extension 'ignore'
[0.261s] Level 1:colcon.colcon_core.package_identification:_identify(dynamixel_control) by extension 'ignore_ament_install'
[0.261s] Level 1:colcon.colcon_core.package_identification:_identify(dynamixel_control) by extensions ['colcon_pkg']
[0.261s] Level 1:colcon.colcon_core.package_identification:_identify(dynamixel_control) by extension 'colcon_pkg'
[0.261s] Level 1:colcon.colcon_core.package_identification:_identify(dynamixel_control) by extensions ['colcon_meta']
[0.261s] Level 1:colcon.colcon_core.package_identification:_identify(dynamixel_control) by extension 'colcon_meta'
[0.261s] Level 1:colcon.colcon_core.package_identification:_identify(dynamixel_control) by extensions ['ros']
[0.261s] Level 1:colcon.colcon_core.package_identification:_identify(dynamixel_control) by extension 'ros'
[0.263s] DEBUG:colcon.colcon_core.package_identification:Package 'dynamixel_control' with type 'ros.ament_cmake' and name 'dynamixel_control'
[0.263s] Level 1:colcon.colcon_core.package_identification:_identify(dynamixel_sdk) by extensions ['ignore', 'ignore_ament_install']
[0.264s] Level 1:colcon.colcon_core.package_identification:_identify(dynamixel_sdk) by extension 'ignore'
[0.264s] Level 1:colcon.colcon_core.package_identification:_identify(dynamixel_sdk) by extension 'ignore_ament_install'
[0.264s] Level 1:colcon.colcon_core.package_identification:_identify(dynamixel_sdk) by extensions ['colcon_pkg']
[0.264s] Level 1:colcon.colcon_core.package_identification:_identify(dynamixel_sdk) by extension 'colcon_pkg'
[0.264s] Level 1:colcon.colcon_core.package_identification:_identify(dynamixel_sdk) by extensions ['colcon_meta']
[0.264s] Level 1:colcon.colcon_core.package_identification:_identify(dynamixel_sdk) by extension 'colcon_meta'
[0.264s] Level 1:colcon.colcon_core.package_identification:_identify(dynamixel_sdk) by extensions ['ros']
[0.264s] Level 1:colcon.colcon_core.package_identification:_identify(dynamixel_sdk) by extension 'ros'
[0.265s] DEBUG:colcon.colcon_core.package_identification:Package 'dynamixel_sdk' with type 'ros.ament_cmake' and name 'dynamixel_sdk'
[0.265s] Level 1:colcon.colcon_core.package_identification:_identify(install) by extensions ['ignore', 'ignore_ament_install']
[0.265s] Level 1:colcon.colcon_core.package_identification:_identify(install) by extension 'ignore'
[0.265s] Level 1:colcon.colcon_core.package_identification:_identify(install) ignored
[0.265s] Level 1:colcon.colcon_core.package_identification:_identify(log) by extensions ['ignore', 'ignore_ament_install']
[0.265s] Level 1:colcon.colcon_core.package_identification:_identify(log) by extension 'ignore'
[0.265s] Level 1:colcon.colcon_core.package_identification:_identify(log) ignored
[0.265s] Level 1:colcon.colcon_core.package_discovery:discover_packages(recursive) using defaults
[0.265s] Level 1:colcon.colcon_core.package_discovery:discover_packages(ignore) discover
[0.265s] Level 1:colcon.colcon_core.package_discovery:discover_packages(ignore) using defaults
[0.265s] Level 1:colcon.colcon_core.package_discovery:discover_packages(path) discover
[0.265s] Level 1:colcon.colcon_core.package_discovery:discover_packages(path) using defaults
[0.291s] Level 1:colcon.colcon_core.package_discovery:discover_packages(prefix_path) check parameters
[0.292s] Level 1:colcon.colcon_core.package_discovery:discover_packages(prefix_path) discover
[0.293s] DEBUG:colcon.colcon_installed_package_information.package_discovery:Found 2 installed packages in /home/jmw/ROS2/AVATAR/Dynamixel/install
[0.294s] DEBUG:colcon.colcon_installed_package_information.package_discovery:Found 295 installed packages in /opt/ros/humble
[0.296s] Level 1:colcon.colcon_core.package_discovery:discover_packages(prefix_path) using defaults
[0.334s] Level 5:colcon.colcon_core.verb:set package 'dynamixel_sdk' build argument 'cmake_args' from command line to 'None'
[0.334s] Level 5:colcon.colcon_core.verb:set package 'dynamixel_sdk' build argument 'cmake_target' from command line to 'None'
[0.334s] Level 5:colcon.colcon_core.verb:set package 'dynamixel_sdk' build argument 'cmake_target_skip_unavailable' from command line to 'False'
[0.334s] Level 5:colcon.colcon_core.verb:set package 'dynamixel_sdk' build argument 'cmake_clean_cache' from command line to 'False'
[0.334s] Level 5:colcon.colcon_core.verb:set package 'dynamixel_sdk' build argument 'cmake_clean_first' from command line to 'False'
[0.334s] Level 5:colcon.colcon_core.verb:set package 'dynamixel_sdk' build argument 'cmake_force_configure' from command line to 'False'
[0.334s] Level 5:colcon.colcon_core.verb:set package 'dynamixel_sdk' build argument 'ament_cmake_args' from command line to 'None'
[0.334s] Level 5:colcon.colcon_core.verb:set package 'dynamixel_sdk' build argument 'catkin_cmake_args' from command line to 'None'
[0.334s] Level 5:colcon.colcon_core.verb:set package 'dynamixel_sdk' build argument 'catkin_skip_building_tests' from command line to 'False'
[0.334s] DEBUG:colcon.colcon_core.verb:Building package 'dynamixel_sdk' with the following arguments: {'ament_cmake_args': None, 'build_base': '/home/jmw/ROS2/AVATAR/Dynamixel/build/dynamixel_sdk', 'catkin_cmake_args': None, 'catkin_skip_building_tests': False, 'cmake_args': None, 'cmake_clean_cache': False, 'cmake_clean_first': False, 'cmake_force_configure': False, 'cmake_target': None, 'cmake_target_skip_unavailable': False, 'install_base': '/home/jmw/ROS2/AVATAR/Dynamixel/install/dynamixel_sdk', 'merge_install': False, 'path': '/home/jmw/ROS2/AVATAR/Dynamixel/dynamixel_sdk', 'symlink_install': True, 'test_result_base': None}
[0.335s] Level 5:colcon.colcon_core.verb:set package 'dynamixel_control' build argument 'cmake_args' from command line to 'None'
[0.335s] Level 5:colcon.colcon_core.verb:set package 'dynamixel_control' build argument 'cmake_target' from command line to 'None'
[0.335s] Level 5:colcon.colcon_core.verb:set package 'dynamixel_control' build argument 'cmake_target_skip_unavailable' from command line to 'False'
[0.335s] Level 5:colcon.colcon_core.verb:set package 'dynamixel_control' build argument 'cmake_clean_cache' from command line to 'False'
[0.335s] Level 5:colcon.colcon_core.verb:set package 'dynamixel_control' build argument 'cmake_clean_first' from command line to 'False'
[0.335s] Level 5:colcon.colcon_core.verb:set package 'dynamixel_control' build argument 'cmake_force_configure' from command line to 'False'
[0.335s] Level 5:colcon.colcon_core.verb:set package 'dynamixel_control' build argument 'ament_cmake_args' from command line to 'None'
[0.335s] Level 5:colcon.colcon_core.verb:set package 'dynamixel_control' build argument 'catkin_cmake_args' from command line to 'None'
[0.335s] Level 5:colcon.colcon_core.verb:set package 'dynamixel_control' build argument 'catkin_skip_building_tests' from command line to 'False'
[0.335s] DEBUG:colcon.colcon_core.verb:Building package 'dynamixel_control' with the following arguments: {'ament_cmake_args': None, 'build_base': '/home/jmw/ROS2/AVATAR/Dynamixel/build/dynamixel_control', 'catkin_cmake_args': None, 'catkin_skip_building_tests': False, 'cmake_args': None, 'cmake_clean_cache': False, 'cmake_clean_first': False, 'cmake_force_configure': False, 'cmake_target': None, 'cmake_target_skip_unavailable': False, 'install_base': '/home/jmw/ROS2/AVATAR/Dynamixel/install/dynamixel_control', 'merge_install': False, 'path': '/home/jmw/ROS2/AVATAR/Dynamixel/dynamixel_control', 'symlink_install': True, 'test_result_base': None}
[0.335s] INFO:colcon.colcon_core.executor:Executing jobs using 'parallel' executor
[0.336s] DEBUG:colcon.colcon_parallel_executor.executor.parallel:run_until_complete
[0.336s] INFO:colcon.colcon_ros.task.ament_cmake.build:Building ROS package in '/home/jmw/ROS2/AVATAR/Dynamixel/dynamixel_sdk' with build type 'ament_cmake'
[0.336s] INFO:colcon.colcon_cmake.task.cmake.build:Building CMake package in '/home/jmw/ROS2/AVATAR/Dynamixel/dynamixel_sdk'
[0.338s] INFO:colcon.colcon_core.plugin_system:Skipping extension 'colcon_core.shell.bat': Not used on non-Windows systems
[0.338s] INFO:colcon.colcon_core.shell:Skip shell extension 'powershell' for command environment: Not usable outside of PowerShell
[0.338s] DEBUG:colcon.colcon_core.shell:Skip shell extension 'dsv' for command environment
[0.346s] DEBUG:colcon.colcon_core.event_handler.log_command:Invoking command in '/home/jmw/ROS2/AVATAR/Dynamixel/build/dynamixel_sdk': CMAKE_PREFIX_PATH=${CMAKE_PREFIX_PATH}:/opt/ros/humble /usr/bin/cmake --build /home/jmw/ROS2/AVATAR/Dynamixel/build/dynamixel_sdk -- -j12 -l12
[0.393s] DEBUG:colcon.colcon_core.event_handler.log_command:Invoked command in '/home/jmw/ROS2/AVATAR/Dynamixel/build/dynamixel_sdk' returned '0': CMAKE_PREFIX_PATH=${CMAKE_PREFIX_PATH}:/opt/ros/humble /usr/bin/cmake --build /home/jmw/ROS2/AVATAR/Dynamixel/build/dynamixel_sdk -- -j12 -l12
[0.401s] DEBUG:colcon.colcon_core.event_handler.log_command:Invoking command in '/home/jmw/ROS2/AVATAR/Dynamixel/build/dynamixel_sdk': CMAKE_PREFIX_PATH=${CMAKE_PREFIX_PATH}:/opt/ros/humble /usr/bin/cmake --install /home/jmw/ROS2/AVATAR/Dynamixel/build/dynamixel_sdk
[0.419s] Level 1:colcon.colcon_core.environment:create_environment_scripts_only(dynamixel_sdk)
[0.419s] DEBUG:colcon.colcon_core.event_handler.log_command:Invoked command in '/home/jmw/ROS2/AVATAR/Dynamixel/build/dynamixel_sdk' returned '0': CMAKE_PREFIX_PATH=${CMAKE_PREFIX_PATH}:/opt/ros/humble /usr/bin/cmake --install /home/jmw/ROS2/AVATAR/Dynamixel/build/dynamixel_sdk
[0.421s] Level 1:colcon.colcon_core.environment:checking '/home/jmw/ROS2/AVATAR/Dynamixel/install/dynamixel_sdk' for CMake module files
[0.422s] Level 1:colcon.colcon_core.environment:checking '/home/jmw/ROS2/AVATAR/Dynamixel/install/dynamixel_sdk' for CMake config files
[0.422s] Level 1:colcon.colcon_core.shell:create_environment_hook('dynamixel_sdk', 'cmake_prefix_path')
[0.422s] INFO:colcon.colcon_core.shell:Creating environment hook '/home/jmw/ROS2/AVATAR/Dynamixel/install/dynamixel_sdk/share/dynamixel_sdk/hook/cmake_prefix_path.ps1'
[0.423s] INFO:colcon.colcon_core.shell:Creating environment descriptor '/home/jmw/ROS2/AVATAR/Dynamixel/install/dynamixel_sdk/share/dynamixel_sdk/hook/cmake_prefix_path.dsv'
[0.423s] INFO:colcon.colcon_core.shell:Creating environment hook '/home/jmw/ROS2/AVATAR/Dynamixel/install/dynamixel_sdk/share/dynamixel_sdk/hook/cmake_prefix_path.sh'
[0.424s] Level 1:colcon.colcon_core.environment:checking '/home/jmw/ROS2/AVATAR/Dynamixel/install/dynamixel_sdk/lib'
[0.424s] Level 1:colcon.colcon_core.shell:create_environment_hook('dynamixel_sdk', 'ld_library_path_lib')
[0.424s] INFO:colcon.colcon_core.shell:Creating environment hook '/home/jmw/ROS2/AVATAR/Dynamixel/install/dynamixel_sdk/share/dynamixel_sdk/hook/ld_library_path_lib.ps1'
[0.425s] INFO:colcon.colcon_core.shell:Creating environment descriptor '/home/jmw/ROS2/AVATAR/Dynamixel/install/dynamixel_sdk/share/dynamixel_sdk/hook/ld_library_path_lib.dsv'
[0.425s] INFO:colcon.colcon_core.shell:Creating environment hook '/home/jmw/ROS2/AVATAR/Dynamixel/install/dynamixel_sdk/share/dynamixel_sdk/hook/ld_library_path_lib.sh'
[0.425s] Level 1:colcon.colcon_core.environment:checking '/home/jmw/ROS2/AVATAR/Dynamixel/install/dynamixel_sdk/bin'
[0.425s] Level 1:colcon.colcon_core.environment:checking '/home/jmw/ROS2/AVATAR/Dynamixel/install/dynamixel_sdk/lib/pkgconfig/dynamixel_sdk.pc'
[0.426s] Level 1:colcon.colcon_core.environment:checking '/home/jmw/ROS2/AVATAR/Dynamixel/install/dynamixel_sdk/lib/python3.10/site-packages'
[0.426s] Level 1:colcon.colcon_core.environment:checking '/home/jmw/ROS2/AVATAR/Dynamixel/install/dynamixel_sdk/bin'
[0.426s] INFO:colcon.colcon_core.shell:Creating package script '/home/jmw/ROS2/AVATAR/Dynamixel/install/dynamixel_sdk/share/dynamixel_sdk/package.ps1'
[0.427s] INFO:colcon.colcon_core.shell:Creating package descriptor '/home/jmw/ROS2/AVATAR/Dynamixel/install/dynamixel_sdk/share/dynamixel_sdk/package.dsv'
[0.427s] INFO:colcon.colcon_core.shell:Creating package script '/home/jmw/ROS2/AVATAR/Dynamixel/install/dynamixel_sdk/share/dynamixel_sdk/package.sh'
[0.428s] INFO:colcon.colcon_core.shell:Creating package script '/home/jmw/ROS2/AVATAR/Dynamixel/install/dynamixel_sdk/share/dynamixel_sdk/package.bash'
[0.429s] INFO:colcon.colcon_core.shell:Creating package script '/home/jmw/ROS2/AVATAR/Dynamixel/install/dynamixel_sdk/share/dynamixel_sdk/package.zsh'
[0.429s] Level 1:colcon.colcon_core.environment:create_file_with_runtime_dependencies(/home/jmw/ROS2/AVATAR/Dynamixel/install/dynamixel_sdk/share/colcon-core/packages/dynamixel_sdk)
[0.430s] Level 1:colcon.colcon_core.environment:create_environment_scripts_only(dynamixel_sdk)
[0.430s] Level 1:colcon.colcon_core.environment:checking '/home/jmw/ROS2/AVATAR/Dynamixel/install/dynamixel_sdk' for CMake module files
[0.430s] Level 1:colcon.colcon_core.environment:checking '/home/jmw/ROS2/AVATAR/Dynamixel/install/dynamixel_sdk' for CMake config files
[0.431s] Level 1:colcon.colcon_core.shell:create_environment_hook('dynamixel_sdk', 'cmake_prefix_path')
[0.431s] INFO:colcon.colcon_core.shell:Creating environment hook '/home/jmw/ROS2/AVATAR/Dynamixel/install/dynamixel_sdk/share/dynamixel_sdk/hook/cmake_prefix_path.ps1'
[0.431s] INFO:colcon.colcon_core.shell:Creating environment descriptor '/home/jmw/ROS2/AVATAR/Dynamixel/install/dynamixel_sdk/share/dynamixel_sdk/hook/cmake_prefix_path.dsv'
[0.431s] INFO:colcon.colcon_core.shell:Creating environment hook '/home/jmw/ROS2/AVATAR/Dynamixel/install/dynamixel_sdk/share/dynamixel_sdk/hook/cmake_prefix_path.sh'
[0.432s] Level 1:colcon.colcon_core.environment:checking '/home/jmw/ROS2/AVATAR/Dynamixel/install/dynamixel_sdk/lib'
[0.432s] Level 1:colcon.colcon_core.shell:create_environment_hook('dynamixel_sdk', 'ld_library_path_lib')
[0.432s] INFO:colcon.colcon_core.shell:Creating environment hook '/home/jmw/ROS2/AVATAR/Dynamixel/install/dynamixel_sdk/share/dynamixel_sdk/hook/ld_library_path_lib.ps1'
[0.433s] INFO:colcon.colcon_core.shell:Creating environment descriptor '/home/jmw/ROS2/AVATAR/Dynamixel/install/dynamixel_sdk/share/dynamixel_sdk/hook/ld_library_path_lib.dsv'
[0.433s] INFO:colcon.colcon_core.shell:Creating environment hook '/home/jmw/ROS2/AVATAR/Dynamixel/install/dynamixel_sdk/share/dynamixel_sdk/hook/ld_library_path_lib.sh'
[0.433s] Level 1:colcon.colcon_core.environment:checking '/home/jmw/ROS2/AVATAR/Dynamixel/install/dynamixel_sdk/bin'
[0.433s] Level 1:colcon.colcon_core.environment:checking '/home/jmw/ROS2/AVATAR/Dynamixel/install/dynamixel_sdk/lib/pkgconfig/dynamixel_sdk.pc'
[0.434s] Level 1:colcon.colcon_core.environment:checking '/home/jmw/ROS2/AVATAR/Dynamixel/install/dynamixel_sdk/lib/python3.10/site-packages'
[0.434s] Level 1:colcon.colcon_core.environment:checking '/home/jmw/ROS2/AVATAR/Dynamixel/install/dynamixel_sdk/bin'
[0.434s] INFO:colcon.colcon_core.shell:Creating package script '/home/jmw/ROS2/AVATAR/Dynamixel/install/dynamixel_sdk/share/dynamixel_sdk/package.ps1'
[0.435s] INFO:colcon.colcon_core.shell:Creating package descriptor '/home/jmw/ROS2/AVATAR/Dynamixel/install/dynamixel_sdk/share/dynamixel_sdk/package.dsv'
[0.435s] INFO:colcon.colcon_core.shell:Creating package script '/home/jmw/ROS2/AVATAR/Dynamixel/install/dynamixel_sdk/share/dynamixel_sdk/package.sh'
[0.435s] INFO:colcon.colcon_core.shell:Creating package script '/home/jmw/ROS2/AVATAR/Dynamixel/install/dynamixel_sdk/share/dynamixel_sdk/package.bash'
[0.436s] INFO:colcon.colcon_core.shell:Creating package script '/home/jmw/ROS2/AVATAR/Dynamixel/install/dynamixel_sdk/share/dynamixel_sdk/package.zsh'
[0.436s] Level 1:colcon.colcon_core.environment:create_file_with_runtime_dependencies(/home/jmw/ROS2/AVATAR/Dynamixel/install/dynamixel_sdk/share/colcon-core/packages/dynamixel_sdk)
[0.437s] INFO:colcon.colcon_ros.task.ament_cmake.build:Building ROS package in '/home/jmw/ROS2/AVATAR/Dynamixel/dynamixel_control' with build type 'ament_cmake'
[0.437s] INFO:colcon.colcon_cmake.task.cmake.build:Building CMake package in '/home/jmw/ROS2/AVATAR/Dynamixel/dynamixel_control'
[0.437s] INFO:colcon.colcon_core.shell:Skip shell extension 'powershell' for command environment: Not usable outside of PowerShell
[0.437s] DEBUG:colcon.colcon_core.shell:Skip shell extension 'dsv' for command environment
[0.445s] DEBUG:colcon.colcon_core.event_handler.log_command:Invoking command in '/home/jmw/ROS2/AVATAR/Dynamixel/build/dynamixel_control': CMAKE_PREFIX_PATH=/home/jmw/ROS2/AVATAR/Dynamixel/install/dynamixel_sdk:/home/jmw/ROS2/AVATAR/Dynamixel/install/dynamixel_control:/opt/ros/humble /usr/bin/cmake --build /home/jmw/ROS2/AVATAR/Dynamixel/build/dynamixel_control -- -j12 -l12
[9.959s] DEBUG:colcon.colcon_core.event_handler.log_command:Invoked command in '/home/jmw/ROS2/AVATAR/Dynamixel/build/dynamixel_control' returned '0': CMAKE_PREFIX_PATH=/home/jmw/ROS2/AVATAR/Dynamixel/install/dynamixel_sdk:/home/jmw/ROS2/AVATAR/Dynamixel/install/dynamixel_control:/opt/ros/humble /usr/bin/cmake --build /home/jmw/ROS2/AVATAR/Dynamixel/build/dynamixel_control -- -j12 -l12
[9.961s] DEBUG:colcon.colcon_core.event_handler.log_command:Invoking command in '/home/jmw/ROS2/AVATAR/Dynamixel/build/dynamixel_control': CMAKE_PREFIX_PATH=/home/jmw/ROS2/AVATAR/Dynamixel/install/dynamixel_sdk:/home/jmw/ROS2/AVATAR/Dynamixel/install/dynamixel_control:/opt/ros/humble /usr/bin/cmake --install /home/jmw/ROS2/AVATAR/Dynamixel/build/dynamixel_control
[9.983s] Level 1:colcon.colcon_core.environment:create_environment_scripts_only(dynamixel_control)
[9.983s] Level 1:colcon.colcon_core.environment:checking '/home/jmw/ROS2/AVATAR/Dynamixel/install/dynamixel_control' for CMake module files
[9.984s] DEBUG:colcon.colcon_core.event_handler.log_command:Invoked command in '/home/jmw/ROS2/AVATAR/Dynamixel/build/dynamixel_control' returned '0': CMAKE_PREFIX_PATH=/home/jmw/ROS2/AVATAR/Dynamixel/install/dynamixel_sdk:/home/jmw/ROS2/AVATAR/Dynamixel/install/dynamixel_control:/opt/ros/humble /usr/bin/cmake --install /home/jmw/ROS2/AVATAR/Dynamixel/build/dynamixel_control
[9.984s] Level 1:colcon.colcon_core.environment:checking '/home/jmw/ROS2/AVATAR/Dynamixel/install/dynamixel_control' for CMake config files
[9.984s] Level 1:colcon.colcon_core.shell:create_environment_hook('dynamixel_control', 'cmake_prefix_path')
[9.984s] INFO:colcon.colcon_core.shell:Creating environment hook '/home/jmw/ROS2/AVATAR/Dynamixel/install/dynamixel_control/share/dynamixel_control/hook/cmake_prefix_path.ps1'
[9.985s] INFO:colcon.colcon_core.shell:Creating environment descriptor '/home/jmw/ROS2/AVATAR/Dynamixel/install/dynamixel_control/share/dynamixel_control/hook/cmake_prefix_path.dsv'
[9.985s] INFO:colcon.colcon_core.shell:Creating environment hook '/home/jmw/ROS2/AVATAR/Dynamixel/install/dynamixel_control/share/dynamixel_control/hook/cmake_prefix_path.sh'
[9.986s] Level 1:colcon.colcon_core.environment:checking '/home/jmw/ROS2/AVATAR/Dynamixel/install/dynamixel_control/lib'
[9.986s] Level 1:colcon.colcon_core.environment:checking '/home/jmw/ROS2/AVATAR/Dynamixel/install/dynamixel_control/bin'
[9.986s] Level 1:colcon.colcon_core.environment:checking '/home/jmw/ROS2/AVATAR/Dynamixel/install/dynamixel_control/lib/pkgconfig/dynamixel_control.pc'
[9.986s] Level 1:colcon.colcon_core.environment:checking '/home/jmw/ROS2/AVATAR/Dynamixel/install/dynamixel_control/lib/python3.10/site-packages'
[9.986s] Level 1:colcon.colcon_core.environment:checking '/home/jmw/ROS2/AVATAR/Dynamixel/install/dynamixel_control/bin'
[9.986s] INFO:colcon.colcon_core.shell:Creating package script '/home/jmw/ROS2/AVATAR/Dynamixel/install/dynamixel_control/share/dynamixel_control/package.ps1'
[9.987s] INFO:colcon.colcon_core.shell:Creating package descriptor '/home/jmw/ROS2/AVATAR/Dynamixel/install/dynamixel_control/share/dynamixel_control/package.dsv'
[9.987s] INFO:colcon.colcon_core.shell:Creating package script '/home/jmw/ROS2/AVATAR/Dynamixel/install/dynamixel_control/share/dynamixel_control/package.sh'
[9.988s] INFO:colcon.colcon_core.shell:Creating package script '/home/jmw/ROS2/AVATAR/Dynamixel/install/dynamixel_control/share/dynamixel_control/package.bash'
[9.988s] INFO:colcon.colcon_core.shell:Creating package script '/home/jmw/ROS2/AVATAR/Dynamixel/install/dynamixel_control/share/dynamixel_control/package.zsh'
[9.989s] Level 1:colcon.colcon_core.environment:create_file_with_runtime_dependencies(/home/jmw/ROS2/AVATAR/Dynamixel/install/dynamixel_control/share/colcon-core/packages/dynamixel_control)
[9.989s] Level 1:colcon.colcon_core.environment:create_environment_scripts_only(dynamixel_control)
[9.989s] Level 1:colcon.colcon_core.environment:checking '/home/jmw/ROS2/AVATAR/Dynamixel/install/dynamixel_control' for CMake module files
[9.990s] Level 1:colcon.colcon_core.environment:checking '/home/jmw/ROS2/AVATAR/Dynamixel/install/dynamixel_control' for CMake config files
[9.990s] Level 1:colcon.colcon_core.shell:create_environment_hook('dynamixel_control', 'cmake_prefix_path')
[9.990s] INFO:colcon.colcon_core.shell:Creating environment hook '/home/jmw/ROS2/AVATAR/Dynamixel/install/dynamixel_control/share/dynamixel_control/hook/cmake_prefix_path.ps1'
[9.991s] INFO:colcon.colcon_core.shell:Creating environment descriptor '/home/jmw/ROS2/AVATAR/Dynamixel/install/dynamixel_control/share/dynamixel_control/hook/cmake_prefix_path.dsv'
[9.991s] INFO:colcon.colcon_core.shell:Creating environment hook '/home/jmw/ROS2/AVATAR/Dynamixel/install/dynamixel_control/share/dynamixel_control/hook/cmake_prefix_path.sh'
[9.991s] Level 1:colcon.colcon_core.environment:checking '/home/jmw/ROS2/AVATAR/Dynamixel/install/dynamixel_control/lib'
[9.991s] Level 1:colcon.colcon_core.environment:checking '/home/jmw/ROS2/AVATAR/Dynamixel/install/dynamixel_control/bin'
[9.991s] Level 1:colcon.colcon_core.environment:checking '/home/jmw/ROS2/AVATAR/Dynamixel/install/dynamixel_control/lib/pkgconfig/dynamixel_control.pc'
[9.992s] Level 1:colcon.colcon_core.environment:checking '/home/jmw/ROS2/AVATAR/Dynamixel/install/dynamixel_control/lib/python3.10/site-packages'
[9.992s] Level 1:colcon.colcon_core.environment:checking '/home/jmw/ROS2/AVATAR/Dynamixel/install/dynamixel_control/bin'
[9.992s] INFO:colcon.colcon_core.shell:Creating package script '/home/jmw/ROS2/AVATAR/Dynamixel/install/dynamixel_control/share/dynamixel_control/package.ps1'
[9.993s] INFO:colcon.colcon_core.shell:Creating package descriptor '/home/jmw/ROS2/AVATAR/Dynamixel/install/dynamixel_control/share/dynamixel_control/package.dsv'
[9.993s] INFO:colcon.colcon_core.shell:Creating package script '/home/jmw/ROS2/AVATAR/Dynamixel/install/dynamixel_control/share/dynamixel_control/package.sh'
[9.993s] INFO:colcon.colcon_core.shell:Creating package script '/home/jmw/ROS2/AVATAR/Dynamixel/install/dynamixel_control/share/dynamixel_control/package.bash'
[9.994s] INFO:colcon.colcon_core.shell:Creating package script '/home/jmw/ROS2/AVATAR/Dynamixel/install/dynamixel_control/share/dynamixel_control/package.zsh'
[9.994s] Level 1:colcon.colcon_core.environment:create_file_with_runtime_dependencies(/home/jmw/ROS2/AVATAR/Dynamixel/install/dynamixel_control/share/colcon-core/packages/dynamixel_control)
[9.994s] DEBUG:colcon.colcon_parallel_executor.executor.parallel:closing loop
[9.994s] DEBUG:colcon.colcon_parallel_executor.executor.parallel:loop closed
[9.995s] DEBUG:colcon.colcon_parallel_executor.executor.parallel:run_until_complete finished with '0'
[9.995s] DEBUG:colcon.colcon_core.event_reactor:joining thread
[10.001s] INFO:colcon.colcon_core.plugin_system:Skipping extension 'colcon_notification.desktop_notification.terminal_notifier': Not used on non-Darwin systems
[10.001s] INFO:colcon.colcon_core.plugin_system:Skipping extension 'colcon_notification.desktop_notification.win32': Not used on non-Windows systems
[10.001s] INFO:colcon.colcon_notification.desktop_notification:Sending desktop notification using 'notify2'
[10.011s] DEBUG:colcon.colcon_core.event_reactor:joined thread
[10.012s] INFO:colcon.colcon_core.shell:Creating prefix script '/home/jmw/ROS2/AVATAR/Dynamixel/install/local_setup.ps1'
[10.013s] INFO:colcon.colcon_core.shell:Creating prefix util module '/home/jmw/ROS2/AVATAR/Dynamixel/install/_local_setup_util_ps1.py'
[10.015s] INFO:colcon.colcon_core.shell:Creating prefix chain script '/home/jmw/ROS2/AVATAR/Dynamixel/install/setup.ps1'
[10.016s] INFO:colcon.colcon_core.shell:Creating prefix script '/home/jmw/ROS2/AVATAR/Dynamixel/install/local_setup.sh'
[10.017s] INFO:colcon.colcon_core.shell:Creating prefix util module '/home/jmw/ROS2/AVATAR/Dynamixel/install/_local_setup_util_sh.py'
[10.017s] INFO:colcon.colcon_core.shell:Creating prefix chain script '/home/jmw/ROS2/AVATAR/Dynamixel/install/setup.sh'
[10.018s] INFO:colcon.colcon_core.shell:Creating prefix script '/home/jmw/ROS2/AVATAR/Dynamixel/install/local_setup.bash'
[10.019s] INFO:colcon.colcon_core.shell:Creating prefix chain script '/home/jmw/ROS2/AVATAR/Dynamixel/install/setup.bash'
[10.020s] INFO:colcon.colcon_core.shell:Creating prefix script '/home/jmw/ROS2/AVATAR/Dynamixel/install/local_setup.zsh'
[10.020s] INFO:colcon.colcon_core.shell:Creating prefix chain script '/home/jmw/ROS2/AVATAR/Dynamixel/install/setup.zsh'
