[0.006s] Invoking command in '/home/minwoong/OneDrive/JMW/dynamixel_8DOF/build/dynamixel_control': CMAKE_PREFIX_PATH=/opt/ros/humble /usr/bin/cmake --build /home/minwoong/OneDrive/JMW/dynamixel_8DOF/build/dynamixel_control -- -j24 -l24
[0.024s] -- Found ament_cmake: 1.3.11 (/opt/ros/humble/share/ament_cmake/cmake)
[0.096s] -- Found dynamixel_sdk: 3.8.3 (/opt/ros/humble/share/dynamixel_sdk/cmake)
[0.096s] -- Found rclcpp: 16.0.12 (/opt/ros/humble/share/rclcpp/cmake)
[0.112s] -- Found rosidl_generator_c: 3.1.6 (/opt/ros/humble/share/rosidl_generator_c/cmake)
[0.113s] -- Found rosidl_adapter: 3.1.6 (/opt/ros/humble/share/rosidl_adapter/cmake)
[0.116s] -- Found rosidl_generator_cpp: 3.1.6 (/opt/ros/humble/share/rosidl_generator_cpp/cmake)
[0.121s] -- Using all available rosidl_typesupport_c: rosidl_typesupport_fastrtps_c;rosidl_typesupport_introspection_c
[0.127s] -- Using all available rosidl_typesupport_cpp: rosidl_typesupport_fastrtps_cpp;rosidl_typesupport_introspection_cpp
[0.144s] -- Found rmw_implementation_cmake: 6.1.2 (/opt/ros/humble/share/rmw_implementation_cmake/cmake)
[0.144s] -- Found rmw_fastrtps_cpp: 6.2.7 (/opt/ros/humble/share/rmw_fastrtps_cpp/cmake)
[0.208s] -- Using RMW implementation 'rmw_fastrtps_cpp' as default
[0.233s] -- Found sensor_msgs: 4.8.0 (/opt/ros/humble/share/sensor_msgs/cmake)
[0.248s] -- Found std_srvs: 4.8.0 (/opt/ros/humble/share/std_srvs/cmake)
[0.252s] -- Found urdf: 2.6.1 (/opt/ros/humble/share/urdf/cmake)
[0.264s] -- Found rviz_visual_tools: 4.1.4 (/opt/ros/humble/share/rviz_visual_tools/cmake)
[0.305s] -- Setting assimp_DIR to: '/opt/ros/humble/share/rviz_assimp_vendor/cmake/../../../opt/rviz_assimp_vendor/lib/cmake/assimp-4.1'
[0.307s] -- Setting OGRE_DIR to: '/opt/ros/humble/share/rviz_ogre_vendor/cmake/../../../opt/rviz_ogre_vendor/lib/OGRE/cmake'
[0.308s] -- Found OGRE
[0.308s] --   static     : OFF
[0.308s] --   components : HLMS;MeshLodGenerator;Overlay;Paging;Property;RTShaderSystem;Terrain;Volume
[0.308s] --   plugins    : Plugin_BSPSceneManager;Plugin_OctreeSceneManager;Plugin_PCZSceneManager;Plugin_ParticleFX;RenderSystem_GL;RenderSystem_GL3Plus;Codec_STBI
[0.308s] --   media      : /opt/ros/humble/opt/rviz_ogre_vendor/share/OGRE/Media
[0.308s] -- OGRE_LIBRARIES: OgreHLMS;OgreMeshLodGenerator;OgreOverlay;OgrePaging;OgreProperty;OgreRTShaderSystem;OgreTerrain;OgreVolume;OgreMain
[0.308s] -- OGRE_LIBRARY_DIRS: /opt/ros/humble/opt/rviz_ogre_vendor/lib
[0.308s] -- OGRE_PLUGINS: Plugin_BSPSceneManager;Plugin_OctreeSceneManager;Plugin_PCZSceneManager;Plugin_ParticleFX;RenderSystem_GL;RenderSystem_GL3Plus;Codec_STBI
[0.308s] -- OGRE_PLUGIN_DIR: /opt/ros/humble/opt/rviz_ogre_vendor/lib/OGRE
[0.308s] -- rviz_ogre_vendor::OgreOverlay for IMPORTED_LOCATION_RELEASE: /opt/ros/humble/opt/rviz_ogre_vendor/lib/libOgreOverlay.so
[0.308s] -- rviz_ogre_vendor::OgreOverlay for IMPORTED_LOCATION_DEBUG: /opt/ros/humble/opt/rviz_ogre_vendor/lib/libOgreOverlay.so
[0.308s] -- rviz_ogre_vendor::OgreMain for IMPORTED_LOCATION_RELEASE: /opt/ros/humble/opt/rviz_ogre_vendor/lib/libOgreMain.so
[0.308s] -- rviz_ogre_vendor::OgreMain for IMPORTED_LOCATION_DEBUG: /opt/ros/humble/opt/rviz_ogre_vendor/lib/libOgreMain.so
[0.309s] -- Could not find freeimage library
[0.350s] -- library: /usr/lib/x86_64-linux-gnu/libcurl.so
[0.356s] -- Ensuring Eigen3 include directory is part of orocos-kdl CMake target
[0.433s] -- Found tf2_eigen: 0.25.12 (/opt/ros/humble/share/tf2_eigen/cmake)
[0.440s] -- Found ament_lint_auto: 0.12.12 (/opt/ros/humble/share/ament_lint_auto/cmake)
[0.475s] -- Added test 'copyright' to check source files copyright and LICENSE
[0.484s] -- Added test 'cppcheck' to perform static code analysis on C / C++ code
[0.485s] -- Configured cppcheck include dirs: /home/minwoong/OneDrive/JMW/dynamixel_8DOF/Dynamixel/dynamixel_control/include
[0.485s] -- Configured cppcheck exclude dirs and/or files: 
[0.493s] -- Added test 'cpplint' to check C / C++ code against the Google style
[0.493s] -- Configured cpplint exclude dirs and/or files: 
[0.494s] -- Added test 'flake8' to check Python code syntax and style conventions
[0.497s] -- Added test 'lint_cmake' to check CMake code style
[0.498s] -- Added test 'pep257' to check Python code against some of the docstring style conventions in PEP 257
[0.506s] -- Added test 'uncrustify' to check C / C++ code style
[0.506s] -- Configured uncrustify additional arguments: 
[0.507s] -- Added test 'xmllint' to check XML markup files
[0.507s] -- Configuring done
[0.532s] -- Generating done
[0.540s] -- Build files have been written to: /home/minwoong/OneDrive/JMW/dynamixel_8DOF/build/dynamixel_control
[0.561s] Consolidate compiler generated dependencies of target joint_state_publisher
[0.561s] Consolidate compiler generated dependencies of target poppy_csv_joint_state_publisher
[0.561s] Consolidate compiler generated dependencies of target poppy_read_write_node
[0.561s] Consolidate compiler generated dependencies of target rviz_visualization_node
[0.561s] Consolidate compiler generated dependencies of target read_write_node
[0.561s] Consolidate compiler generated dependencies of target h1_csv_joint_state_publisher
[0.561s] Consolidate compiler generated dependencies of target csv_joint_state_publisher
[0.562s] Consolidate compiler generated dependencies of target torque_read_degree_write
[0.562s] Consolidate compiler generated dependencies of target torque_compensation_node
[0.569s] [ 11%] Built target joint_state_publisher
[0.569s] [ 22%] Built target csv_joint_state_publisher
[0.570s] [ 61%] Building CXX object CMakeFiles/poppy_csv_joint_state_publisher.dir/src/poppy_csv_joint_state_publisher.cpp.o
[0.570s] [ 61%] Built target h1_csv_joint_state_publisher
[0.570s] [ 61%] Built target poppy_read_write_node
[0.570s] [ 61%] Built target read_write_node
[0.570s] [ 83%] Built target torque_read_degree_write
[0.570s] [ 83%] Built target rviz_visualization_node
[0.570s] [ 94%] Built target torque_compensation_node
[2.769s] [100%] Linking CXX executable poppy_csv_joint_state_publisher
[2.868s] [100%] Built target poppy_csv_joint_state_publisher
[2.874s] Invoked command in '/home/minwoong/OneDrive/JMW/dynamixel_8DOF/build/dynamixel_control' returned '0': CMAKE_PREFIX_PATH=/opt/ros/humble /usr/bin/cmake --build /home/minwoong/OneDrive/JMW/dynamixel_8DOF/build/dynamixel_control -- -j24 -l24
[2.881s] Invoking command in '/home/minwoong/OneDrive/JMW/dynamixel_8DOF/build/dynamixel_control': CMAKE_PREFIX_PATH=/opt/ros/humble /usr/bin/cmake --install /home/minwoong/OneDrive/JMW/dynamixel_8DOF/build/dynamixel_control
[2.884s] -- Install configuration: ""
[2.884s] -- Up-to-date: /home/minwoong/OneDrive/JMW/dynamixel_8DOF/install/dynamixel_control/lib/dynamixel_control/read_write_node
[2.885s] -- Up-to-date: /home/minwoong/OneDrive/JMW/dynamixel_8DOF/install/dynamixel_control/lib/dynamixel_control/poppy_read_write_node
[2.885s] -- Up-to-date: /home/minwoong/OneDrive/JMW/dynamixel_8DOF/install/dynamixel_control/lib/dynamixel_control/joint_state_publisher
[2.885s] -- Up-to-date: /home/minwoong/OneDrive/JMW/dynamixel_8DOF/install/dynamixel_control/lib/dynamixel_control/csv_joint_state_publisher
[2.885s] -- Up-to-date: /home/minwoong/OneDrive/JMW/dynamixel_8DOF/install/dynamixel_control/lib/dynamixel_control/h1_csv_joint_state_publisher
[2.885s] -- Installing: /home/minwoong/OneDrive/JMW/dynamixel_8DOF/install/dynamixel_control/lib/dynamixel_control/poppy_csv_joint_state_publisher
[2.886s] -- Set runtime path of "/home/minwoong/OneDrive/JMW/dynamixel_8DOF/install/dynamixel_control/lib/dynamixel_control/poppy_csv_joint_state_publisher" to ""
[2.886s] -- Up-to-date: /home/minwoong/OneDrive/JMW/dynamixel_8DOF/install/dynamixel_control/lib/dynamixel_control/rviz_visualization_node
[2.886s] -- Up-to-date: /home/minwoong/OneDrive/JMW/dynamixel_8DOF/install/dynamixel_control/lib/dynamixel_control/torque_compensation_node
[2.887s] -- Up-to-date: /home/minwoong/OneDrive/JMW/dynamixel_8DOF/install/dynamixel_control/lib/dynamixel_control/torque_read_degree_write
[2.887s] -- Installing: /home/minwoong/OneDrive/JMW/dynamixel_8DOF/install/dynamixel_control/lib/dynamixel_control/poppy_slider_gui.py
[2.887s] -- Up-to-date: /home/minwoong/OneDrive/JMW/dynamixel_8DOF/install/dynamixel_control/share/dynamixel_control//launch
[2.887s] -- Up-to-date: /home/minwoong/OneDrive/JMW/dynamixel_8DOF/install/dynamixel_control/share/dynamixel_control//launch/poppy_robot_visualization.launch.py
[2.887s] -- Up-to-date: /home/minwoong/OneDrive/JMW/dynamixel_8DOF/install/dynamixel_control/share/dynamixel_control//launch/__pycache__
[2.887s] -- Up-to-date: /home/minwoong/OneDrive/JMW/dynamixel_8DOF/install/dynamixel_control/share/dynamixel_control//launch/__pycache__/robot_visualization.launch.cpython-310.pyc
[2.887s] -- Up-to-date: /home/minwoong/OneDrive/JMW/dynamixel_8DOF/install/dynamixel_control/share/dynamixel_control//launch/h1_robot_visualization.launch.py
[2.887s] -- Up-to-date: /home/minwoong/OneDrive/JMW/dynamixel_8DOF/install/dynamixel_control/share/dynamixel_control//launch/robot_visualization.launch.xml
[2.887s] -- Up-to-date: /home/minwoong/OneDrive/JMW/dynamixel_8DOF/install/dynamixel_control/share/dynamixel_control//launch/robot_visualization.launch.py
[2.887s] -- Up-to-date: /home/minwoong/OneDrive/JMW/dynamixel_8DOF/install/dynamixel_control/share/dynamixel_control//data
[2.887s] -- Up-to-date: /home/minwoong/OneDrive/JMW/dynamixel_8DOF/install/dynamixel_control/share/dynamixel_control//data/csv
[2.887s] -- Up-to-date: /home/minwoong/OneDrive/JMW/dynamixel_8DOF/install/dynamixel_control/share/dynamixel_control//data/csv/.data
[2.887s] -- Up-to-date: /home/minwoong/OneDrive/JMW/dynamixel_8DOF/install/dynamixel_control/share/dynamixel_control//data/csv/.data/Desync.csv
[2.887s] -- Up-to-date: /home/minwoong/OneDrive/JMW/dynamixel_8DOF/install/dynamixel_control/share/dynamixel_control//data/csv/.data/0501_1957_submotions_animation_semina_21degree_Complete.mp4_motor_degree.csv
[2.887s] -- Up-to-date: /home/minwoong/OneDrive/JMW/dynamixel_8DOF/install/dynamixel_control/share/dynamixel_control//data/csv/.data/0501_1908_shoulder1_animation_semina_21degree.mp4_motor_degree.csv
[2.887s] -- Up-to-date: /home/minwoong/OneDrive/JMW/dynamixel_8DOF/install/dynamixel_control/share/dynamixel_control//data/csv/.data/H1_0511_2228_Anysong_2_animation_semina_preprocessing.mp4_motor_degree_H1.csv
[2.887s] -- Up-to-date: /home/minwoong/OneDrive/JMW/dynamixel_8DOF/install/dynamixel_control/share/dynamixel_control//data/csv/.data/0708_1123_WMCA_Dance_SPE_select_vector_Visualization_Scale=Arm.mp4_motor_degree.csv
[2.887s] -- Up-to-date: /home/minwoong/OneDrive/JMW/dynamixel_8DOF/install/dynamixel_control/share/dynamixel_control//data/csv/.data/06_shoulder1_Test.csv
[2.887s] -- Up-to-date: /home/minwoong/OneDrive/JMW/dynamixel_8DOF/install/dynamixel_control/share/dynamixel_control//data/csv/.data/H1_Anysong_2_euler_Rejusted_angle_H1.csv
[2.887s] -- Up-to-date: /home/minwoong/OneDrive/JMW/dynamixel_8DOF/install/dynamixel_control/share/dynamixel_control//data/csv/.data/0501_1957_shoulder1_animation_semina_21degree_Complete.mp4_motor_degree.csv
[2.887s] -- Up-to-date: /home/minwoong/OneDrive/JMW/dynamixel_8DOF/install/dynamixel_control/share/dynamixel_control//data/csv/.data/06_춤.csv
[2.887s] -- Up-to-date: /home/minwoong/OneDrive/JMW/dynamixel_8DOF/install/dynamixel_control/share/dynamixel_control//data/csv/.data/03_Default_두리번3.csv
[2.888s] -- Up-to-date: /home/minwoong/OneDrive/JMW/dynamixel_8DOF/install/dynamixel_control/share/dynamixel_control//data/csv/.data/0708_1131_WMCA_Dance_SPE_select_vector_Visualization_Scale=Arm.mp4_motor_degree.csv
[2.888s] -- Up-to-date: /home/minwoong/OneDrive/JMW/dynamixel_8DOF/install/dynamixel_control/share/dynamixel_control//data/csv/.data/H1_0512_1620_Semina_Robot_joint_animation_semina_preprocessing.mp4_euler_Collar+Shoulder_angle_H1_XZY.csv
[2.888s] -- Up-to-date: /home/minwoong/OneDrive/JMW/dynamixel_8DOF/install/dynamixel_control/share/dynamixel_control//data/csv/.data/H1_0511_2237_Semina_Robot_joint_animation_semina_preprocessing.mp4_euler_angle_H1.csv
[2.888s] -- Up-to-date: /home/minwoong/OneDrive/JMW/dynamixel_8DOF/install/dynamixel_control/share/dynamixel_control//data/csv/.data/H1_0512_1554_gymnast_2_animation_semina_preprocessing.mp4_euler_Collar+Shoulder_XZY_angle_SMPL_Morphing.csv
[2.889s] -- Up-to-date: /home/minwoong/OneDrive/JMW/dynamixel_8DOF/install/dynamixel_control/share/dynamixel_control//data/csv/.data/05_인사.csv
[2.889s] -- Up-to-date: /home/minwoong/OneDrive/JMW/dynamixel_8DOF/install/dynamixel_control/share/dynamixel_control//data/csv/.data/0502_1415_Semina_Robot_joint_animation_semina_21degree_Complete.mp4_motor_degree.csv
[2.889s] -- Up-to-date: /home/minwoong/OneDrive/JMW/dynamixel_8DOF/install/dynamixel_control/share/dynamixel_control//data/csv/.data/09_WMCA_BothArm.csv
[2.889s] -- Up-to-date: /home/minwoong/OneDrive/JMW/dynamixel_8DOF/install/dynamixel_control/share/dynamixel_control//data/csv/.data/0501_2006_Anysong_1_animation_semina_21degree_Complete.mp4_motor_degree.csv
[2.889s] -- Up-to-date: /home/minwoong/OneDrive/JMW/dynamixel_8DOF/install/dynamixel_control/share/dynamixel_control//data/csv/.data/H1_0512_1507_Anysong_2_animation_semina_preprocessing.mp4_euler_Collar+Shoulder_XYX_angle_H1.csv
[2.889s] -- Up-to-date: /home/minwoong/OneDrive/JMW/dynamixel_8DOF/install/dynamixel_control/share/dynamixel_control//data/csv/.data/H1_0511_2223_Anysong_1_animation_semina_preprocessing.mp4_motor_degree_H1.csv
[2.889s] -- Up-to-date: /home/minwoong/OneDrive/JMW/dynamixel_8DOF/install/dynamixel_control/share/dynamixel_control//data/csv/.data/0715_1630_gymnast_2_HalfMethod_shoulder_estimation_version_Fixed_wrist_shpere_radius_Arm.mp4_motor_degree.csv
[2.889s] -- Up-to-date: /home/minwoong/OneDrive/JMW/dynamixel_8DOF/install/dynamixel_control/share/dynamixel_control//data/csv/.data/0708_1131_WMCA_Dance_SPE_select_vector_Visualization_Scale=Collar.mp4_motor_degree.csv
[2.890s] -- Up-to-date: /home/minwoong/OneDrive/JMW/dynamixel_8DOF/install/dynamixel_control/share/dynamixel_control//data/csv/.data/0501_2001_WMCA_Dance_animation_semina_21degree_Complete.mp4_motor_degree.csv
[2.890s] -- Up-to-date: /home/minwoong/OneDrive/JMW/dynamixel_8DOF/install/dynamixel_control/share/dynamixel_control//data/csv/.data/0502_1401_Semina_collar_animation_semina_21degree_Complete.mp4_motor_degree.csv
[2.890s] -- Up-to-date: /home/minwoong/OneDrive/JMW/dynamixel_8DOF/install/dynamixel_control/share/dynamixel_control//data/csv/.data/sincostra.csv
[2.890s] -- Up-to-date: /home/minwoong/OneDrive/JMW/dynamixel_8DOF/install/dynamixel_control/share/dynamixel_control//data/csv/.data/0502_1419_gymnast_2_animation_semina_21degree_Complete.mp4_motor_degree.csv
[2.890s] -- Up-to-date: /home/minwoong/OneDrive/JMW/dynamixel_8DOF/install/dynamixel_control/share/dynamixel_control//data/csv/.data/0501_1911_Anysong_1_animation_semina_21degree.mp4_motor_degree.csv
[2.890s] -- Up-to-date: /home/minwoong/OneDrive/JMW/dynamixel_8DOF/install/dynamixel_control/share/dynamixel_control//data/csv/.data/H1_0511_2233_gymnast_2_animation_semina_preprocessing.mp4_motor_degree_H1.csv
[2.890s] -- Up-to-date: /home/minwoong/OneDrive/JMW/dynamixel_8DOF/install/dynamixel_control/share/dynamixel_control//data/csv/.data/0502_1413_Semina_neck_animation_semina_21degree_Complete.mp4_motor_degree.csv
[2.890s] -- Up-to-date: /home/minwoong/OneDrive/JMW/dynamixel_8DOF/install/dynamixel_control/share/dynamixel_control//data/csv/.data/06_WMCA_Test.csv
[2.890s] -- Up-to-date: /home/minwoong/OneDrive/JMW/dynamixel_8DOF/install/dynamixel_control/share/dynamixel_control//data/csv/.data/07_WMCA_Test2.csv
[2.890s] -- Up-to-date: /home/minwoong/OneDrive/JMW/dynamixel_8DOF/install/dynamixel_control/share/dynamixel_control//data/csv/.data/torquecheck2.csv
[2.890s] -- Up-to-date: /home/minwoong/OneDrive/JMW/dynamixel_8DOF/install/dynamixel_control/share/dynamixel_control//data/csv/.data/01_Default_두리번.csv
[2.890s] -- Up-to-date: /home/minwoong/OneDrive/JMW/dynamixel_8DOF/install/dynamixel_control/share/dynamixel_control//data/csv/.data/02_Default_두리번두번.csv
[2.890s] -- Up-to-date: /home/minwoong/OneDrive/JMW/dynamixel_8DOF/install/dynamixel_control/share/dynamixel_control//data/csv/.data/0502_1403_Semina_shoulder_animation_semina_21degree_Complete.mp4_motor_degree.csv
[2.890s] -- Up-to-date: /home/minwoong/OneDrive/JMW/dynamixel_8DOF/install/dynamixel_control/share/dynamixel_control//data/csv/.data/H1_0511_2228_Anysong_2_animation_semina_preprocessing.mp4_euler_angle_H1.csv
[2.890s] -- Up-to-date: /home/minwoong/OneDrive/JMW/dynamixel_8DOF/install/dynamixel_control/share/dynamixel_control//data/csv/.data/0715_1537_Semina_shoulder_HalfMethod_shoulder_estimation_version_Fixed_wrist_shpere_radius.mp4_motor_degree.csv
[2.890s] -- Up-to-date: /home/minwoong/OneDrive/JMW/dynamixel_8DOF/install/dynamixel_control/share/dynamixel_control//data/csv/.data/0502_1409_Semina_elbow_animation_semina_21degree_Complete.mp4_motor_degree.csv
[2.890s] -- Up-to-date: /home/minwoong/OneDrive/JMW/dynamixel_8DOF/install/dynamixel_control/share/dynamixel_control//data/csv/.data/H1_0511_2237_Semina_Robot_joint_animation_semina_preprocessing.mp4_motor_degree_H1.csv
[2.890s] -- Up-to-date: /home/minwoong/OneDrive/JMW/dynamixel_8DOF/install/dynamixel_control/share/dynamixel_control//data/csv/.data/H1_Anysong_1_euler_Rejusted_angle_H1.csv
[2.890s] -- Up-to-date: /home/minwoong/OneDrive/JMW/dynamixel_8DOF/install/dynamixel_control/share/dynamixel_control//data/csv/.data/H1_0512_1507_gymnast_2_animation_semina_preprocessing.mp4_euler_Collar+Shoulder_XYX_angle_H1.csv
[2.890s] -- Up-to-date: /home/minwoong/OneDrive/JMW/dynamixel_8DOF/install/dynamixel_control/share/dynamixel_control//data/csv/.data/0501_1956_elbow_animation_semina_21degree_Complete.mp4_motor_degree.csv
[2.890s] -- Up-to-date: /home/minwoong/OneDrive/JMW/dynamixel_8DOF/install/dynamixel_control/share/dynamixel_control//data/csv/.data/0502_1411_Semina_wrist_animation_semina_21degree_Complete.mp4_motor_degree.csv
[2.890s] -- Up-to-date: /home/minwoong/OneDrive/JMW/dynamixel_8DOF/install/dynamixel_control/share/dynamixel_control//data/csv/.data/0708_1251_WMCA_Dance_SPE_select_vector_motor_Scale=Arm.mp4_motor_degree.csv
[2.891s] -- Up-to-date: /home/minwoong/OneDrive/JMW/dynamixel_8DOF/install/dynamixel_control/share/dynamixel_control//data/csv/.data/H1_0512_1554_Semina_Robot_joint_animation_semina_preprocessing.mp4_euler_Collar+Shoulder_XZY_angle_SMPL_Morphing.csv
[2.891s] -- Up-to-date: /home/minwoong/OneDrive/JMW/dynamixel_8DOF/install/dynamixel_control/share/dynamixel_control//data/csv/.data/0501_1912_Anysong_2_animation_semina_21degree.mp4_motor_degree.csv
[2.891s] -- Up-to-date: /home/minwoong/OneDrive/JMW/dynamixel_8DOF/install/dynamixel_control/share/dynamixel_control//data/csv/.data/0708_1238_WMCA_Dance_SPE_select_vector_motor_Scale=Arm.mp4_motor_degree.csv
[2.891s] -- Up-to-date: /home/minwoong/OneDrive/JMW/dynamixel_8DOF/install/dynamixel_control/share/dynamixel_control//data/csv/.data/H1_0512_1507_Anysong_1_animation_semina_preprocessing.mp4_euler_Collar+Shoulder_XYX_angle_H1.csv
[2.891s] -- Up-to-date: /home/minwoong/OneDrive/JMW/dynamixel_8DOF/install/dynamixel_control/share/dynamixel_control//data/csv/.data/04_호객행위.csv
[2.891s] -- Up-to-date: /home/minwoong/OneDrive/JMW/dynamixel_8DOF/install/dynamixel_control/share/dynamixel_control//data/csv/.data/08_WMCA_Test3.csv
[2.891s] -- Up-to-date: /home/minwoong/OneDrive/JMW/dynamixel_8DOF/install/dynamixel_control/share/dynamixel_control//data/csv/.data/H1_0512_1507_Semina_Robot_joint_animation_semina_preprocessing.mp4_euler_Collar+Shoulder_XYX_angle_H1.csv
[2.891s] -- Up-to-date: /home/minwoong/OneDrive/JMW/dynamixel_8DOF/install/dynamixel_control/share/dynamixel_control//data/csv/.data/0715_1641_WMCA_Dance_HalfMethod_shoulder_estimation_version_Fixed_wrist_shpere_radius_Arm.mp4_motor_degree.csv
[2.891s] -- Up-to-date: /home/minwoong/OneDrive/JMW/dynamixel_8DOF/install/dynamixel_control/share/dynamixel_control//data/csv/.data/0502_1423_final_closing_animation_semina_21degree_Complete.mp4_motor_degree.csv
[2.891s] -- Up-to-date: /home/minwoong/OneDrive/JMW/dynamixel_8DOF/install/dynamixel_control/share/dynamixel_control//data/csv/.data/H1_0511_2233_gymnast_2_animation_semina_preprocessing.mp4_euler_angle_H1.csv
[2.891s] -- Up-to-date: /home/minwoong/OneDrive/JMW/dynamixel_8DOF/install/dynamixel_control/share/dynamixel_control//data/csv/.data/H1_Semina_Robot_joint_euler_Rejusted_angle_H1.csv
[2.891s] -- Up-to-date: /home/minwoong/OneDrive/JMW/dynamixel_8DOF/install/dynamixel_control/share/dynamixel_control//data/csv/.data/0501_1940_WMCA_Dance_animation_semina_21degree_Neck.mp4_motor_degree.csv
[2.891s] -- Up-to-date: /home/minwoong/OneDrive/JMW/dynamixel_8DOF/install/dynamixel_control/share/dynamixel_control//data/csv/.data/torquecheck.csv
[2.891s] -- Up-to-date: /home/minwoong/OneDrive/JMW/dynamixel_8DOF/install/dynamixel_control/share/dynamixel_control//data/csv/.data/H1_gymnast_2_euler_Rejusted_angle_H1.csv
[2.891s] -- Up-to-date: /home/minwoong/OneDrive/JMW/dynamixel_8DOF/install/dynamixel_control/share/dynamixel_control//data/csv/.data/0708_1327_WMCA_Dance_SPE_wrist_Scale=Arm.mp4_motor_degree.csv
[2.891s] -- Up-to-date: /home/minwoong/OneDrive/JMW/dynamixel_8DOF/install/dynamixel_control/share/dynamixel_control//data/csv/.data/07_anysong_2_Test.csv
[2.891s] -- Up-to-date: /home/minwoong/OneDrive/JMW/dynamixel_8DOF/install/dynamixel_control/share/dynamixel_control//data/csv/.data/H1_0511_2223_Anysong_1_animation_semina_preprocessing.mp4_euler_angle_H1.csv
[2.891s] -- Up-to-date: /home/minwoong/OneDrive/JMW/dynamixel_8DOF/install/dynamixel_control/share/dynamixel_control//data/csv/.data/0501_2011_Anysong_2_animation_semina_21degree_Complete.mp4_motor_degree.csv
[2.891s] -- Up-to-date: /home/minwoong/OneDrive/JMW/dynamixel_8DOF/install/dynamixel_control/share/dynamixel_control//data/csv/.data/02_Default_두리번두번.xlsx
[2.891s] -- Up-to-date: /home/minwoong/OneDrive/JMW/dynamixel_8DOF/install/dynamixel_control/share/dynamixel_control//data/csv/.data/02_Default_두리번2.csv
[2.891s] -- Up-to-date: /home/minwoong/OneDrive/JMW/dynamixel_8DOF/install/dynamixel_control/share/dynamixel_control//data/csv/h1
[2.891s] -- Up-to-date: /home/minwoong/OneDrive/JMW/dynamixel_8DOF/install/dynamixel_control/share/dynamixel_control//data/csv/00_Sync.csv
[2.891s] -- Up-to-date: /home/minwoong/OneDrive/JMW/dynamixel_8DOF/install/dynamixel_control/share/dynamixel_control//data/csv/poppy
[2.891s] -- Up-to-date: /home/minwoong/OneDrive/JMW/dynamixel_8DOF/install/dynamixel_control/share/dynamixel_control//data/csv/poppy/.data
[2.891s] -- Up-to-date: /home/minwoong/OneDrive/JMW/dynamixel_8DOF/install/dynamixel_control/share/dynamixel_control//data/csv/poppy/.data/Elbow_Test_NoInitial_LM_visualizaton.csv
[2.891s] -- Up-to-date: /home/minwoong/OneDrive/JMW/dynamixel_8DOF/install/dynamixel_control/share/dynamixel_control//data/csv/poppy/.data/2_smoothed_angles.csv
[2.891s] -- Up-to-date: /home/minwoong/OneDrive/JMW/dynamixel_8DOF/install/dynamixel_control/share/dynamixel_control//data/csv/poppy/.data/Zero.csv
[2.891s] -- Up-to-date: /home/minwoong/OneDrive/JMW/dynamixel_8DOF/install/dynamixel_control/share/dynamixel_control//data/csv/poppy/.data/Zero.ods
[2.891s] -- Up-to-date: /home/minwoong/OneDrive/JMW/dynamixel_8DOF/install/dynamixel_control/share/dynamixel_control//data/csv/poppy/.data/1104_2230_WMCA_Dance_poppy_humanoid_motor_degree.csv
[2.892s] -- Up-to-date: /home/minwoong/OneDrive/JMW/dynamixel_8DOF/install/dynamixel_control/share/dynamixel_control//data/csv/poppy/.data/2DoF_Semina_elbow_poppy_humanoid.csv
[2.892s] -- Up-to-date: /home/minwoong/OneDrive/JMW/dynamixel_8DOF/install/dynamixel_control/share/dynamixel_control//data/csv/poppy/.data/1104_2230_Semina_shoulder_poppy_humanoid_motor_degree.csv
[2.892s] -- Up-to-date: /home/minwoong/OneDrive/JMW/dynamixel_8DOF/install/dynamixel_control/share/dynamixel_control//data/csv/poppy/.data/251118_1513_gymnast_2_poppy_humanoid_Robot_point_GN_LM_rviz.csv
[2.892s] -- Up-to-date: /home/minwoong/OneDrive/JMW/dynamixel_8DOF/install/dynamixel_control/share/dynamixel_control//data/csv/poppy/.data/251119_2030_GEO
[2.892s] -- Up-to-date: /home/minwoong/OneDrive/JMW/dynamixel_8DOF/install/dynamixel_control/share/dynamixel_control//data/csv/poppy/.data/251119_2030_GEO/1119_2030_gymnast_2_poppy_humanoid_arm_margin_0.95_motor_degree.csv
[2.892s] -- Up-to-date: /home/minwoong/OneDrive/JMW/dynamixel_8DOF/install/dynamixel_control/share/dynamixel_control//data/csv/poppy/.data/251119_2030_GEO/1119_2030_Semina_Robot_joint_poppy_humanoid_arm_margin_0.95_motor_degree.csv
[2.892s] -- Up-to-date: /home/minwoong/OneDrive/JMW/dynamixel_8DOF/install/dynamixel_control/share/dynamixel_control//data/csv/poppy/.data/251119_2030_GEO/1119_2030_WMCA_Dance_poppy_humanoid_arm_margin_0.95_motor_degree.csv
[2.892s] -- Up-to-date: /home/minwoong/OneDrive/JMW/dynamixel_8DOF/install/dynamixel_control/share/dynamixel_control//data/csv/poppy/.data/251119_2030_GEO/1119_2030_Semina_collar_poppy_humanoid_arm_margin_0.95_motor_degree.csv
[2.892s] -- Up-to-date: /home/minwoong/OneDrive/JMW/dynamixel_8DOF/install/dynamixel_control/share/dynamixel_control//data/csv/poppy/.data/251119_2030_GEO/1119_2030_Semina_elbow_poppy_humanoid_arm_margin_0.95_motor_degree.csv
[2.892s] -- Up-to-date: /home/minwoong/OneDrive/JMW/dynamixel_8DOF/install/dynamixel_control/share/dynamixel_control//data/csv/poppy/.data/elbow_test_branch_problem_visualization.csv
[2.892s] -- Up-to-date: /home/minwoong/OneDrive/JMW/dynamixel_8DOF/install/dynamixel_control/share/dynamixel_control//data/csv/poppy/.data/251118_1513_Semina_elbow_poppy_humanoid_Human_point_GN_LM_rviz.csv
[2.892s] -- Up-to-date: /home/minwoong/OneDrive/JMW/dynamixel_8DOF/install/dynamixel_control/share/dynamixel_control//data/csv/poppy/.data/GN_LM_HumanPoint_flip_Problem
[2.892s] -- Up-to-date: /home/minwoong/OneDrive/JMW/dynamixel_8DOF/install/dynamixel_control/share/dynamixel_control//data/csv/poppy/.data/GN_LM_HumanPoint_flip_Problem/1119_2030_WMCA_Dance_Human_Point_GN_LM.csv
[2.892s] -- Up-to-date: /home/minwoong/OneDrive/JMW/dynamixel_8DOF/install/dynamixel_control/share/dynamixel_control//data/csv/poppy/.data/GN_LM_HumanPoint_flip_Problem/1119_2030_gymnast_2_Human_Point_GN_LM.csv
[2.892s] -- Up-to-date: /home/minwoong/OneDrive/JMW/dynamixel_8DOF/install/dynamixel_control/share/dynamixel_control//data/csv/poppy/.data/GN_LM_HumanPoint_flip_Problem/1119_2030_Semina_elbow_Human_Point_GN_LM.csv
[2.892s] -- Up-to-date: /home/minwoong/OneDrive/JMW/dynamixel_8DOF/install/dynamixel_control/share/dynamixel_control//data/csv/poppy/.data/GN_LM_HumanPoint_flip_Problem/1119_2030_Semina_collar_Human_Point_GN_LM.csv
[2.892s] -- Up-to-date: /home/minwoong/OneDrive/JMW/dynamixel_8DOF/install/dynamixel_control/share/dynamixel_control//data/csv/poppy/.data/GN_LM_HumanPoint_flip_Problem/1119_2030_Semina_Robot_joint_Human_Point_GN_LM.csv
[2.892s] -- Up-to-date: /home/minwoong/OneDrive/JMW/dynamixel_8DOF/install/dynamixel_control/share/dynamixel_control//data/csv/poppy/.data/1104_2230_Semina_collar_poppy_humanoid_motor_degree.csv
[2.892s] -- Up-to-date: /home/minwoong/OneDrive/JMW/dynamixel_8DOF/install/dynamixel_control/share/dynamixel_control//data/csv/poppy/.data/3_smoothed_angles_interpolated.csv
[2.892s] -- Up-to-date: /home/minwoong/OneDrive/JMW/dynamixel_8DOF/install/dynamixel_control/share/dynamixel_control//data/csv/poppy/.data/1104_2222_gymnast_2_poppy_humanoid_motor_degree.csv
[2.892s] -- Up-to-date: /home/minwoong/OneDrive/JMW/dynamixel_8DOF/install/dynamixel_control/share/dynamixel_control//data/csv/poppy/.data/1_1104_2230_Semina_elbow_poppy_humanoid_motor_degree.csv
[2.892s] -- Up-to-date: /home/minwoong/OneDrive/JMW/dynamixel_8DOF/install/dynamixel_control/share/dynamixel_control//data/csv/poppy/.data/Joint_Test_NoInitial_LM_visualizaton.csv
[2.892s] -- Up-to-date: /home/minwoong/OneDrive/JMW/dynamixel_8DOF/install/dynamixel_control/share/dynamixel_control//data/csv/poppy/1119
[2.892s] -- Up-to-date: /home/minwoong/OneDrive/JMW/dynamixel_8DOF/install/dynamixel_control/share/dynamixel_control//data/csv/poppy/1119/1119_2030_gymnast_2_poppy_robot_point.csv
[2.892s] -- Up-to-date: /home/minwoong/OneDrive/JMW/dynamixel_8DOF/install/dynamixel_control/share/dynamixel_control//data/csv/poppy/1119/1119_2030_Semina_Robot_joint_poppy_humanoid_arm_margin_0.95_motor_degree.csv
[2.892s] -- Up-to-date: /home/minwoong/OneDrive/JMW/dynamixel_8DOF/install/dynamixel_control/share/dynamixel_control//data/csv/poppy/1119/1119_2030_Semina_Robot_joint_poppy__robot_point.csv
[2.892s] -- Up-to-date: /home/minwoong/OneDrive/JMW/dynamixel_8DOF/install/dynamixel_control/share/dynamixel_control//data/csv/poppy/1119/1119_2030_Semina_elbow_poppy__robot_point.csv
[2.892s] -- Up-to-date: /home/minwoong/OneDrive/JMW/dynamixel_8DOF/install/dynamixel_control/share/dynamixel_control//data/csv/poppy/1119/1119_2030_Semina_collar_poppy__robot_point.csv
[2.892s] -- Up-to-date: /home/minwoong/OneDrive/JMW/dynamixel_8DOF/install/dynamixel_control/share/dynamixel_control//data/csv/poppy/0120_1021_gymnast_2_poppy_neck_test_edge_degree_0_motor_degree.csv
[2.892s] -- Up-to-date: /home/minwoong/OneDrive/JMW/dynamixel_8DOF/install/dynamixel_control/share/dynamixel_control//data/csv/poppy/0120_1125_gymnast_2_poppy_neck_test_edge_degree_0_motor_degree.csv
[2.892s] -- Up-to-date: /home/minwoong/OneDrive/JMW/dynamixel_8DOF/install/dynamixel_control/share/dynamixel_control//data/csv/poppy/0119_2135_gymnast_2_poppy_neck_test_main_motor_degree.csv
[2.892s] -- Up-to-date: /home/minwoong/OneDrive/JMW/dynamixel_8DOF/install/dynamixel_control/share/dynamixel_control//urdf
[2.892s] -- Up-to-date: /home/minwoong/OneDrive/JMW/dynamixel_8DOF/install/dynamixel_control/share/dynamixel_control//urdf/meshes
[2.892s] -- Up-to-date: /home/minwoong/OneDrive/JMW/dynamixel_8DOF/install/dynamixel_control/share/dynamixel_control//urdf/meshes/R_Wrist3.stl
[2.892s] -- Up-to-date: /home/minwoong/OneDrive/JMW/dynamixel_8DOF/install/dynamixel_control/share/dynamixel_control//urdf/meshes/L_Wrist3.stl
[2.892s] -- Up-to-date: /home/minwoong/OneDrive/JMW/dynamixel_8DOF/install/dynamixel_control/share/dynamixel_control//urdf/meshes/R_Upperarm.stl
[2.892s] -- Up-to-date: /home/minwoong/OneDrive/JMW/dynamixel_8DOF/install/dynamixel_control/share/dynamixel_control//urdf/meshes/R_Shoulder2.stl
[2.893s] -- Up-to-date: /home/minwoong/OneDrive/JMW/dynamixel_8DOF/install/dynamixel_control/share/dynamixel_control//urdf/meshes/Waist_Top.stl
[2.893s] -- Up-to-date: /home/minwoong/OneDrive/JMW/dynamixel_8DOF/install/dynamixel_control/share/dynamixel_control//urdf/meshes/L_Wrist2.stl
[2.893s] -- Up-to-date: /home/minwoong/OneDrive/JMW/dynamixel_8DOF/install/dynamixel_control/share/dynamixel_control//urdf/meshes/R_Wrist2.stl
[2.893s] -- Up-to-date: /home/minwoong/OneDrive/JMW/dynamixel_8DOF/install/dynamixel_control/share/dynamixel_control//urdf/meshes/Base.stl
[2.893s] -- Up-to-date: /home/minwoong/OneDrive/JMW/dynamixel_8DOF/install/dynamixel_control/share/dynamixel_control//urdf/meshes/L_Shoulder3.stl
[2.893s] -- Up-to-date: /home/minwoong/OneDrive/JMW/dynamixel_8DOF/install/dynamixel_control/share/dynamixel_control//urdf/meshes/L_Shoulder2.stl
[2.893s] -- Up-to-date: /home/minwoong/OneDrive/JMW/dynamixel_8DOF/install/dynamixel_control/share/dynamixel_control//urdf/meshes/L_Upperarm.stl
[2.893s] -- Up-to-date: /home/minwoong/OneDrive/JMW/dynamixel_8DOF/install/dynamixel_control/share/dynamixel_control//urdf/meshes/Head.stl
[2.893s] -- Up-to-date: /home/minwoong/OneDrive/JMW/dynamixel_8DOF/install/dynamixel_control/share/dynamixel_control//urdf/meshes/R_Shoulder1.stl
[2.893s] -- Up-to-date: /home/minwoong/OneDrive/JMW/dynamixel_8DOF/install/dynamixel_control/share/dynamixel_control//urdf/meshes/R_Forearm.stl
[2.893s] -- Up-to-date: /home/minwoong/OneDrive/JMW/dynamixel_8DOF/install/dynamixel_control/share/dynamixel_control//urdf/meshes/Waist_Bottom.stl
[2.893s] -- Up-to-date: /home/minwoong/OneDrive/JMW/dynamixel_8DOF/install/dynamixel_control/share/dynamixel_control//urdf/meshes/R_Shoulder3.stl
[2.893s] -- Up-to-date: /home/minwoong/OneDrive/JMW/dynamixel_8DOF/install/dynamixel_control/share/dynamixel_control//urdf/meshes/Neck1.stl
[2.893s] -- Up-to-date: /home/minwoong/OneDrive/JMW/dynamixel_8DOF/install/dynamixel_control/share/dynamixel_control//urdf/meshes/Neck2.stl
[2.893s] -- Up-to-date: /home/minwoong/OneDrive/JMW/dynamixel_8DOF/install/dynamixel_control/share/dynamixel_control//urdf/meshes/L_Wrist1.stl
[2.893s] -- Up-to-date: /home/minwoong/OneDrive/JMW/dynamixel_8DOF/install/dynamixel_control/share/dynamixel_control//urdf/meshes/R_Wrist1.stl
[2.893s] -- Up-to-date: /home/minwoong/OneDrive/JMW/dynamixel_8DOF/install/dynamixel_control/share/dynamixel_control//urdf/meshes/L_Shoulder1.stl
[2.893s] -- Up-to-date: /home/minwoong/OneDrive/JMW/dynamixel_8DOF/install/dynamixel_control/share/dynamixel_control//urdf/meshes/L_Forearm.stl
[2.893s] -- Up-to-date: /home/minwoong/OneDrive/JMW/dynamixel_8DOF/install/dynamixel_control/share/dynamixel_control//urdf/poppy_rviz_config.rviz
[2.893s] -- Up-to-date: /home/minwoong/OneDrive/JMW/dynamixel_8DOF/install/dynamixel_control/share/dynamixel_control//urdf/AVATAR_URDF_Test3.urdf
[2.893s] -- Up-to-date: /home/minwoong/OneDrive/JMW/dynamixel_8DOF/install/dynamixel_control/share/dynamixel_control//h1_2_description
[2.893s] -- Up-to-date: /home/minwoong/OneDrive/JMW/dynamixel_8DOF/install/dynamixel_control/share/dynamixel_control//h1_2_description/meshes
[2.893s] -- Up-to-date: /home/minwoong/OneDrive/JMW/dynamixel_8DOF/install/dynamixel_control/share/dynamixel_control//h1_2_description/meshes/left_ankle_A_link.STL
[2.893s] -- Up-to-date: /home/minwoong/OneDrive/JMW/dynamixel_8DOF/install/dynamixel_control/share/dynamixel_control//h1_2_description/meshes/link12_L.STL
[2.893s] -- Up-to-date: /home/minwoong/OneDrive/JMW/dynamixel_8DOF/install/dynamixel_control/share/dynamixel_control//h1_2_description/meshes/pelvis.STL
[2.893s] -- Up-to-date: /home/minwoong/OneDrive/JMW/dynamixel_8DOF/install/dynamixel_control/share/dynamixel_control//h1_2_description/meshes/L_index_proximal.STL
[2.893s] -- Up-to-date: /home/minwoong/OneDrive/JMW/dynamixel_8DOF/install/dynamixel_control/share/dynamixel_control//h1_2_description/meshes/L_middle_intermediate.STL
[2.893s] -- Up-to-date: /home/minwoong/OneDrive/JMW/dynamixel_8DOF/install/dynamixel_control/share/dynamixel_control//h1_2_description/meshes/right_shoulder_roll_link.STL
[2.893s] -- Up-to-date: /home/minwoong/OneDrive/JMW/dynamixel_8DOF/install/dynamixel_control/share/dynamixel_control//h1_2_description/meshes/link18_L.STL
[2.893s] -- Up-to-date: /home/minwoong/OneDrive/JMW/dynamixel_8DOF/install/dynamixel_control/share/dynamixel_control//h1_2_description/meshes/left_hip_roll_link.STL
[2.893s] -- Up-to-date: /home/minwoong/OneDrive/JMW/dynamixel_8DOF/install/dynamixel_control/share/dynamixel_control//h1_2_description/meshes/wrist_yaw_link.STL
[2.893s] -- Up-to-date: /home/minwoong/OneDrive/JMW/dynamixel_8DOF/install/dynamixel_control/share/dynamixel_control//h1_2_description/meshes/right_wrist_pitch_link.STL
[2.893s] -- Up-to-date: /home/minwoong/OneDrive/JMW/dynamixel_8DOF/install/dynamixel_control/share/dynamixel_control//h1_2_description/meshes/R_thumb_intermediate.STL
[2.893s] -- Up-to-date: /home/minwoong/OneDrive/JMW/dynamixel_8DOF/install/dynamixel_control/share/dynamixel_control//h1_2_description/meshes/R_index_intermediate.STL
[2.893s] -- Up-to-date: /home/minwoong/OneDrive/JMW/dynamixel_8DOF/install/dynamixel_control/share/dynamixel_control//h1_2_description/meshes/right_ankle_B_rod_link.STL
[2.893s] -- Up-to-date: /home/minwoong/OneDrive/JMW/dynamixel_8DOF/install/dynamixel_control/share/dynamixel_control//h1_2_description/meshes/link20_R.STL
[2.893s] -- Up-to-date: /home/minwoong/OneDrive/JMW/dynamixel_8DOF/install/dynamixel_control/share/dynamixel_control//h1_2_description/meshes/link16_R.STL
[2.893s] -- Up-to-date: /home/minwoong/OneDrive/JMW/dynamixel_8DOF/install/dynamixel_control/share/dynamixel_control//h1_2_description/meshes/R_index_proximal.STL
[2.893s] -- Up-to-date: /home/minwoong/OneDrive/JMW/dynamixel_8DOF/install/dynamixel_control/share/dynamixel_control//h1_2_description/meshes/R_ring_intermediate.STL
[2.893s] -- Up-to-date: /home/minwoong/OneDrive/JMW/dynamixel_8DOF/install/dynamixel_control/share/dynamixel_control//h1_2_description/meshes/right_ankle_A_link.STL
[2.893s] -- Up-to-date: /home/minwoong/OneDrive/JMW/dynamixel_8DOF/install/dynamixel_control/share/dynamixel_control//h1_2_description/meshes/L_thumb_proximal.STL
[2.893s] -- Up-to-date: /home/minwoong/OneDrive/JMW/dynamixel_8DOF/install/dynamixel_control/share/dynamixel_control//h1_2_description/meshes/L_middle_proximal.STL
[2.893s] -- Up-to-date: /home/minwoong/OneDrive/JMW/dynamixel_8DOF/install/dynamixel_control/share/dynamixel_control//h1_2_description/meshes/L_ring_intermediate.STL
[2.893s] -- Up-to-date: /home/minwoong/OneDrive/JMW/dynamixel_8DOF/install/dynamixel_control/share/dynamixel_control//h1_2_description/meshes/link11_L.STL
[2.894s] -- Up-to-date: /home/minwoong/OneDrive/JMW/dynamixel_8DOF/install/dynamixel_control/share/dynamixel_control//h1_2_description/meshes/link19_L.STL
[2.894s] -- Up-to-date: /home/minwoong/OneDrive/JMW/dynamixel_8DOF/install/dynamixel_control/share/dynamixel_control//h1_2_description/meshes/L_ring_proximal.STL
[2.894s] -- Up-to-date: /home/minwoong/OneDrive/JMW/dynamixel_8DOF/install/dynamixel_control/share/dynamixel_control//h1_2_description/meshes/link13_R.STL
[2.894s] -- Up-to-date: /home/minwoong/OneDrive/JMW/dynamixel_8DOF/install/dynamixel_control/share/dynamixel_control//h1_2_description/meshes/R_thumb_proximal.STL
[2.894s] -- Up-to-date: /home/minwoong/OneDrive/JMW/dynamixel_8DOF/install/dynamixel_control/share/dynamixel_control//h1_2_description/meshes/link21_R.STL
[2.894s] -- Up-to-date: /home/minwoong/OneDrive/JMW/dynamixel_8DOF/install/dynamixel_control/share/dynamixel_control//h1_2_description/meshes/R_pinky_intermediate.STL
[2.894s] -- Up-to-date: /home/minwoong/OneDrive/JMW/dynamixel_8DOF/install/dynamixel_control/share/dynamixel_control//h1_2_description/meshes/left_shoulder_roll_link.STL
[2.894s] -- Up-to-date: /home/minwoong/OneDrive/JMW/dynamixel_8DOF/install/dynamixel_control/share/dynamixel_control//h1_2_description/meshes/L_thumb_intermediate.STL
[2.894s] -- Up-to-date: /home/minwoong/OneDrive/JMW/dynamixel_8DOF/install/dynamixel_control/share/dynamixel_control//h1_2_description/meshes/left_hip_yaw_link.STL
[2.894s] -- Up-to-date: /home/minwoong/OneDrive/JMW/dynamixel_8DOF/install/dynamixel_control/share/dynamixel_control//h1_2_description/meshes/link13_L.STL
[2.894s] -- Up-to-date: /home/minwoong/OneDrive/JMW/dynamixel_8DOF/install/dynamixel_control/share/dynamixel_control//h1_2_description/meshes/right_shoulder_pitch_link.STL
[2.894s] -- Up-to-date: /home/minwoong/OneDrive/JMW/dynamixel_8DOF/install/dynamixel_control/share/dynamixel_control//h1_2_description/meshes/left_ankle_B_link.STL
[2.894s] -- Up-to-date: /home/minwoong/OneDrive/JMW/dynamixel_8DOF/install/dynamixel_control/share/dynamixel_control//h1_2_description/meshes/link11_R.STL
[2.894s] -- Up-to-date: /home/minwoong/OneDrive/JMW/dynamixel_8DOF/install/dynamixel_control/share/dynamixel_control//h1_2_description/meshes/left_ankle_pitch_link.STL
[2.894s] -- Up-to-date: /home/minwoong/OneDrive/JMW/dynamixel_8DOF/install/dynamixel_control/share/dynamixel_control//h1_2_description/meshes/left_hip_pitch_link.STL
[2.894s] -- Up-to-date: /home/minwoong/OneDrive/JMW/dynamixel_8DOF/install/dynamixel_control/share/dynamixel_control//h1_2_description/meshes/right_ankle_B_link.STL
[2.894s] -- Up-to-date: /home/minwoong/OneDrive/JMW/dynamixel_8DOF/install/dynamixel_control/share/dynamixel_control//h1_2_description/meshes/link19_R.STL
[2.894s] -- Up-to-date: /home/minwoong/OneDrive/JMW/dynamixel_8DOF/install/dynamixel_control/share/dynamixel_control//h1_2_description/meshes/L_thumb_distal.STL
[2.894s] -- Up-to-date: /home/minwoong/OneDrive/JMW/dynamixel_8DOF/install/dynamixel_control/share/dynamixel_control//h1_2_description/meshes/R_thumb_distal.STL
[2.894s] -- Up-to-date: /home/minwoong/OneDrive/JMW/dynamixel_8DOF/install/dynamixel_control/share/dynamixel_control//h1_2_description/meshes/left_ankle_A_rod_link.STL
[2.894s] -- Up-to-date: /home/minwoong/OneDrive/JMW/dynamixel_8DOF/install/dynamixel_control/share/dynamixel_control//h1_2_description/meshes/right_hip_roll_link.STL
[2.894s] -- Up-to-date: /home/minwoong/OneDrive/JMW/dynamixel_8DOF/install/dynamixel_control/share/dynamixel_control//h1_2_description/meshes/left_shoulder_pitch_link.STL
[2.894s] -- Up-to-date: /home/minwoong/OneDrive/JMW/dynamixel_8DOF/install/dynamixel_control/share/dynamixel_control//h1_2_description/meshes/link12_R.STL
[2.894s] -- Up-to-date: /home/minwoong/OneDrive/JMW/dynamixel_8DOF/install/dynamixel_control/share/dynamixel_control//h1_2_description/meshes/L_index_intermediate.STL
[2.894s] -- Up-to-date: /home/minwoong/OneDrive/JMW/dynamixel_8DOF/install/dynamixel_control/share/dynamixel_control//h1_2_description/meshes/left_ankle_roll_link.STL
[2.894s] -- Up-to-date: /home/minwoong/OneDrive/JMW/dynamixel_8DOF/install/dynamixel_control/share/dynamixel_control//h1_2_description/meshes/left_shoulder_yaw_link.STL
[2.894s] -- Up-to-date: /home/minwoong/OneDrive/JMW/dynamixel_8DOF/install/dynamixel_control/share/dynamixel_control//h1_2_description/meshes/link17_R.STL
[2.894s] -- Up-to-date: /home/minwoong/OneDrive/JMW/dynamixel_8DOF/install/dynamixel_control/share/dynamixel_control//h1_2_description/meshes/R_middle_intermediate.STL
[2.894s] -- Up-to-date: /home/minwoong/OneDrive/JMW/dynamixel_8DOF/install/dynamixel_control/share/dynamixel_control//h1_2_description/meshes/link22_L.STL
[2.894s] -- Up-to-date: /home/minwoong/OneDrive/JMW/dynamixel_8DOF/install/dynamixel_control/share/dynamixel_control//h1_2_description/meshes/R_pinky_proximal.STL
[2.894s] -- Up-to-date: /home/minwoong/OneDrive/JMW/dynamixel_8DOF/install/dynamixel_control/share/dynamixel_control//h1_2_description/meshes/link17_L.STL
[2.894s] -- Up-to-date: /home/minwoong/OneDrive/JMW/dynamixel_8DOF/install/dynamixel_control/share/dynamixel_control//h1_2_description/meshes/link15_R.STL
[2.894s] -- Up-to-date: /home/minwoong/OneDrive/JMW/dynamixel_8DOF/install/dynamixel_control/share/dynamixel_control//h1_2_description/meshes/link15_L.STL
[2.894s] -- Up-to-date: /home/minwoong/OneDrive/JMW/dynamixel_8DOF/install/dynamixel_control/share/dynamixel_control//h1_2_description/meshes/right_ankle_pitch_link.STL
[2.894s] -- Up-to-date: /home/minwoong/OneDrive/JMW/dynamixel_8DOF/install/dynamixel_control/share/dynamixel_control//h1_2_description/meshes/R_ring_proximal.STL
[2.895s] -- Up-to-date: /home/minwoong/OneDrive/JMW/dynamixel_8DOF/install/dynamixel_control/share/dynamixel_control//h1_2_description/meshes/right_hip_pitch_link.STL
[2.895s] -- Up-to-date: /home/minwoong/OneDrive/JMW/dynamixel_8DOF/install/dynamixel_control/share/dynamixel_control//h1_2_description/meshes/right_pitch_link.STL
[2.895s] -- Up-to-date: /home/minwoong/OneDrive/JMW/dynamixel_8DOF/install/dynamixel_control/share/dynamixel_control//h1_2_description/meshes/right_ankle_link.STL
[2.895s] -- Up-to-date: /home/minwoong/OneDrive/JMW/dynamixel_8DOF/install/dynamixel_control/share/dynamixel_control//h1_2_description/meshes/right_hip_yaw_link.STL
[2.895s] -- Up-to-date: /home/minwoong/OneDrive/JMW/dynamixel_8DOF/install/dynamixel_control/share/dynamixel_control//h1_2_description/meshes/L_pinky_intermediate.STL
[2.895s] -- Up-to-date: /home/minwoong/OneDrive/JMW/dynamixel_8DOF/install/dynamixel_control/share/dynamixel_control//h1_2_description/meshes/left_wrist_roll_link.STL
[2.895s] -- Up-to-date: /home/minwoong/OneDrive/JMW/dynamixel_8DOF/install/dynamixel_control/share/dynamixel_control//h1_2_description/meshes/link16_L.STL
[2.895s] -- Up-to-date: /home/minwoong/OneDrive/JMW/dynamixel_8DOF/install/dynamixel_control/share/dynamixel_control//h1_2_description/meshes/left_hand_link.STL
[2.895s] -- Up-to-date: /home/minwoong/OneDrive/JMW/dynamixel_8DOF/install/dynamixel_control/share/dynamixel_control//h1_2_description/meshes/right_elbow_link.STL
[2.895s] -- Up-to-date: /home/minwoong/OneDrive/JMW/dynamixel_8DOF/install/dynamixel_control/share/dynamixel_control//h1_2_description/meshes/R_hand_base_link.STL
[2.895s] -- Up-to-date: /home/minwoong/OneDrive/JMW/dynamixel_8DOF/install/dynamixel_control/share/dynamixel_control//h1_2_description/meshes/L_thumb_proximal_base.STL
[2.895s] -- Up-to-date: /home/minwoong/OneDrive/JMW/dynamixel_8DOF/install/dynamixel_control/share/dynamixel_control//h1_2_description/meshes/R_thumb_proximal_base.STL
[2.895s] -- Up-to-date: /home/minwoong/OneDrive/JMW/dynamixel_8DOF/install/dynamixel_control/share/dynamixel_control//h1_2_description/meshes/link22_R.STL
[2.895s] -- Up-to-date: /home/minwoong/OneDrive/JMW/dynamixel_8DOF/install/dynamixel_control/share/dynamixel_control//h1_2_description/meshes/link14_R.STL
[2.895s] -- Up-to-date: /home/minwoong/OneDrive/JMW/dynamixel_8DOF/install/dynamixel_control/share/dynamixel_control//h1_2_description/meshes/left_ankle_B_rod_link.STL
[2.895s] -- Up-to-date: /home/minwoong/OneDrive/JMW/dynamixel_8DOF/install/dynamixel_control/share/dynamixel_control//h1_2_description/meshes/R_middle_proximal.STL
[2.895s] -- Up-to-date: /home/minwoong/OneDrive/JMW/dynamixel_8DOF/install/dynamixel_control/share/dynamixel_control//h1_2_description/meshes/L_hand_base_link.STL
[2.895s] -- Up-to-date: /home/minwoong/OneDrive/JMW/dynamixel_8DOF/install/dynamixel_control/share/dynamixel_control//h1_2_description/meshes/right_wrist_roll_link.STL
[2.895s] -- Up-to-date: /home/minwoong/OneDrive/JMW/dynamixel_8DOF/install/dynamixel_control/share/dynamixel_control//h1_2_description/meshes/L_pinky_proximal.STL
[2.895s] -- Up-to-date: /home/minwoong/OneDrive/JMW/dynamixel_8DOF/install/dynamixel_control/share/dynamixel_control//h1_2_description/meshes/right_knee_link.STL
[2.895s] -- Up-to-date: /home/minwoong/OneDrive/JMW/dynamixel_8DOF/install/dynamixel_control/share/dynamixel_control//h1_2_description/meshes/link18_R.STL
[2.895s] -- Up-to-date: /home/minwoong/OneDrive/JMW/dynamixel_8DOF/install/dynamixel_control/share/dynamixel_control//h1_2_description/meshes/right_ankle_roll_link.STL
[2.895s] -- Up-to-date: /home/minwoong/OneDrive/JMW/dynamixel_8DOF/install/dynamixel_control/share/dynamixel_control//h1_2_description/meshes/left_knee_link.STL
[2.896s] -- Up-to-date: /home/minwoong/OneDrive/JMW/dynamixel_8DOF/install/dynamixel_control/share/dynamixel_control//h1_2_description/meshes/link21_L.STL
[2.896s] -- Up-to-date: /home/minwoong/OneDrive/JMW/dynamixel_8DOF/install/dynamixel_control/share/dynamixel_control//h1_2_description/meshes/logo_link.STL
[2.896s] -- Up-to-date: /home/minwoong/OneDrive/JMW/dynamixel_8DOF/install/dynamixel_control/share/dynamixel_control//h1_2_description/meshes/link20_L.STL
[2.896s] -- Up-to-date: /home/minwoong/OneDrive/JMW/dynamixel_8DOF/install/dynamixel_control/share/dynamixel_control//h1_2_description/meshes/torso_link.STL
[2.896s] -- Up-to-date: /home/minwoong/OneDrive/JMW/dynamixel_8DOF/install/dynamixel_control/share/dynamixel_control//h1_2_description/meshes/right_shoulder_yaw_link.STL
[2.896s] -- Up-to-date: /home/minwoong/OneDrive/JMW/dynamixel_8DOF/install/dynamixel_control/share/dynamixel_control//h1_2_description/meshes/left_elbow_link.STL
[2.896s] -- Up-to-date: /home/minwoong/OneDrive/JMW/dynamixel_8DOF/install/dynamixel_control/share/dynamixel_control//h1_2_description/meshes/link14_L.STL
[2.896s] -- Up-to-date: /home/minwoong/OneDrive/JMW/dynamixel_8DOF/install/dynamixel_control/share/dynamixel_control//h1_2_description/meshes/right_hand_link.STL
[2.896s] -- Up-to-date: /home/minwoong/OneDrive/JMW/dynamixel_8DOF/install/dynamixel_control/share/dynamixel_control//h1_2_description/meshes/left_wrist_pitch_link.STL
[2.896s] -- Up-to-date: /home/minwoong/OneDrive/JMW/dynamixel_8DOF/install/dynamixel_control/share/dynamixel_control//h1_2_description/meshes/right_ankle_A_rod_link.STL
[2.896s] -- Up-to-date: /home/minwoong/OneDrive/JMW/dynamixel_8DOF/install/dynamixel_control/share/dynamixel_control//h1_2_description/h1_2.xml
[2.896s] -- Up-to-date: /home/minwoong/OneDrive/JMW/dynamixel_8DOF/install/dynamixel_control/share/dynamixel_control//h1_2_description/h1_2.urdf
[2.896s] -- Up-to-date: /home/minwoong/OneDrive/JMW/dynamixel_8DOF/install/dynamixel_control/share/dynamixel_control//h1_2_description/README.md
[2.896s] -- Up-to-date: /home/minwoong/OneDrive/JMW/dynamixel_8DOF/install/dynamixel_control/share/dynamixel_control//h1_2_description/h1_2.png
[2.896s] -- Up-to-date: /home/minwoong/OneDrive/JMW/dynamixel_8DOF/install/dynamixel_control/share/dynamixel_control//h1_2_description/h1_2_handless.xml
[2.896s] -- Up-to-date: /home/minwoong/OneDrive/JMW/dynamixel_8DOF/install/dynamixel_control/share/dynamixel_control//h1_2_description/h1_2_handless.urdf
[2.896s] -- Up-to-date: /home/minwoong/OneDrive/JMW/dynamixel_8DOF/install/dynamixel_control/share/dynamixel_control//poppy_description
[2.896s] -- Up-to-date: /home/minwoong/OneDrive/JMW/dynamixel_8DOF/install/dynamixel_control/share/dynamixel_control//poppy_description/meshes
[2.896s] -- Up-to-date: /home/minwoong/OneDrive/JMW/dynamixel_8DOF/install/dynamixel_control/share/dynamixel_control//poppy_description/meshes/l_forearm_visual.STL
[2.896s] -- Up-to-date: /home/minwoong/OneDrive/JMW/dynamixel_8DOF/install/dynamixel_control/share/dynamixel_control//poppy_description/meshes/l_shoulder_visual.STL
[2.896s] -- Up-to-date: /home/minwoong/OneDrive/JMW/dynamixel_8DOF/install/dynamixel_control/share/dynamixel_control//poppy_description/meshes/l_shoulder_motor_visual.STL
[2.896s] -- Up-to-date: /home/minwoong/OneDrive/JMW/dynamixel_8DOF/install/dynamixel_control/share/dynamixel_control//poppy_description/meshes/head_visual.STL
[2.896s] -- Up-to-date: /home/minwoong/OneDrive/JMW/dynamixel_8DOF/install/dynamixel_control/share/dynamixel_control//poppy_description/meshes/bust_motors_visual.STL
[2.896s] -- Up-to-date: /home/minwoong/OneDrive/JMW/dynamixel_8DOF/install/dynamixel_control/share/dynamixel_control//poppy_description/meshes/abdomen_visual.STL
[2.896s] -- Up-to-date: /home/minwoong/OneDrive/JMW/dynamixel_8DOF/install/dynamixel_control/share/dynamixel_control//poppy_description/meshes/chest_visual.STL
[2.896s] -- Up-to-date: /home/minwoong/OneDrive/JMW/dynamixel_8DOF/install/dynamixel_control/share/dynamixel_control//poppy_description/meshes/r_forearm_visual.STL
[2.896s] -- Up-to-date: /home/minwoong/OneDrive/JMW/dynamixel_8DOF/install/dynamixel_control/share/dynamixel_control//poppy_description/meshes/.nostl
[2.896s] -- Up-to-date: /home/minwoong/OneDrive/JMW/dynamixel_8DOF/install/dynamixel_control/share/dynamixel_control//poppy_description/meshes/.nostl/l_shoulder_respondable.STL
[2.896s] -- Up-to-date: /home/minwoong/OneDrive/JMW/dynamixel_8DOF/install/dynamixel_control/share/dynamixel_control//poppy_description/meshes/.nostl/r_thigh_visual.STL
[2.896s] -- Up-to-date: /home/minwoong/OneDrive/JMW/dynamixel_8DOF/install/dynamixel_control/share/dynamixel_control//poppy_description/meshes/.nostl/r_forearm_respondable.STL
[2.896s] -- Up-to-date: /home/minwoong/OneDrive/JMW/dynamixel_8DOF/install/dynamixel_control/share/dynamixel_control//poppy_description/meshes/.nostl/head_respondable.STL
[2.896s] -- Up-to-date: /home/minwoong/OneDrive/JMW/dynamixel_8DOF/install/dynamixel_control/share/dynamixel_control//poppy_description/meshes/.nostl/r_upper_arm_respondable.STL
[2.896s] -- Up-to-date: /home/minwoong/OneDrive/JMW/dynamixel_8DOF/install/dynamixel_control/share/dynamixel_control//poppy_description/meshes/.nostl/bust_motors_respondable.STL
[2.896s] -- Up-to-date: /home/minwoong/OneDrive/JMW/dynamixel_8DOF/install/dynamixel_control/share/dynamixel_control//poppy_description/meshes/.nostl/l_hip_visual.STL
[2.896s] -- Up-to-date: /home/minwoong/OneDrive/JMW/dynamixel_8DOF/install/dynamixel_control/share/dynamixel_control//poppy_description/meshes/.nostl/r_hip_motor_respondable.STL
[2.896s] -- Up-to-date: /home/minwoong/OneDrive/JMW/dynamixel_8DOF/install/dynamixel_control/share/dynamixel_control//poppy_description/meshes/.nostl/r_foot_visual.STL
[2.896s] -- Up-to-date: /home/minwoong/OneDrive/JMW/dynamixel_8DOF/install/dynamixel_control/share/dynamixel_control//poppy_description/meshes/.nostl/spine_respondable.STL
[2.896s] -- Up-to-date: /home/minwoong/OneDrive/JMW/dynamixel_8DOF/install/dynamixel_control/share/dynamixel_control//poppy_description/meshes/.nostl/l_hip_respondable.STL
[2.896s] -- Up-to-date: /home/minwoong/OneDrive/JMW/dynamixel_8DOF/install/dynamixel_control/share/dynamixel_control//poppy_description/meshes/.nostl/chest_respondable.STL
[2.897s] -- Up-to-date: /home/minwoong/OneDrive/JMW/dynamixel_8DOF/install/dynamixel_control/share/dynamixel_control//poppy_description/meshes/.nostl/l_foot_respondable.STL
[2.897s] -- Up-to-date: /home/minwoong/OneDrive/JMW/dynamixel_8DOF/install/dynamixel_control/share/dynamixel_control//poppy_description/meshes/.nostl/l_shin_visual.STL
[2.897s] -- Up-to-date: /home/minwoong/OneDrive/JMW/dynamixel_8DOF/install/dynamixel_control/share/dynamixel_control//poppy_description/meshes/.nostl/l_forearm_respondable.STL
[2.897s] -- Up-to-date: /home/minwoong/OneDrive/JMW/dynamixel_8DOF/install/dynamixel_control/share/dynamixel_control//poppy_description/meshes/.nostl/r_shoulder_respondable.STL
[2.897s] -- Up-to-date: /home/minwoong/OneDrive/JMW/dynamixel_8DOF/install/dynamixel_control/share/dynamixel_control//poppy_description/meshes/.nostl/r_foot_respondable.STL
[2.897s] -- Up-to-date: /home/minwoong/OneDrive/JMW/dynamixel_8DOF/install/dynamixel_control/share/dynamixel_control//poppy_description/meshes/.nostl/l_thigh_visual.STL
[2.897s] -- Up-to-date: /home/minwoong/OneDrive/JMW/dynamixel_8DOF/install/dynamixel_control/share/dynamixel_control//poppy_description/meshes/.nostl/abs_motors_visual.STL
[2.897s] -- Up-to-date: /home/minwoong/OneDrive/JMW/dynamixel_8DOF/install/dynamixel_control/share/dynamixel_control//poppy_description/meshes/.nostl/l_shoulder_motor_respondable.STL
[2.897s] -- Up-to-date: /home/minwoong/OneDrive/JMW/dynamixel_8DOF/install/dynamixel_control/share/dynamixel_control//poppy_description/meshes/.nostl/l_hip_motor_visual.STL
[2.897s] -- Up-to-date: /home/minwoong/OneDrive/JMW/dynamixel_8DOF/install/dynamixel_control/share/dynamixel_control//poppy_description/meshes/.nostl/l_upper_arm_respondable.STL
[2.897s] -- Up-to-date: /home/minwoong/OneDrive/JMW/dynamixel_8DOF/install/dynamixel_control/share/dynamixel_control//poppy_description/meshes/.nostl/r_shin_visual.STL
[2.897s] -- Up-to-date: /home/minwoong/OneDrive/JMW/dynamixel_8DOF/install/dynamixel_control/share/dynamixel_control//poppy_description/meshes/.nostl/r_thigh_respondable.STL
[2.897s] -- Up-to-date: /home/minwoong/OneDrive/JMW/dynamixel_8DOF/install/dynamixel_control/share/dynamixel_control//poppy_description/meshes/.nostl/l_thigh_respondable.STL
[2.897s] -- Up-to-date: /home/minwoong/OneDrive/JMW/dynamixel_8DOF/install/dynamixel_control/share/dynamixel_control//poppy_description/meshes/.nostl/l_shin_respondable.STL
[2.897s] -- Up-to-date: /home/minwoong/OneDrive/JMW/dynamixel_8DOF/install/dynamixel_control/share/dynamixel_control//poppy_description/meshes/.nostl/r_shoulder_motor_respondable.STL
[2.897s] -- Up-to-date: /home/minwoong/OneDrive/JMW/dynamixel_8DOF/install/dynamixel_control/share/dynamixel_control//poppy_description/meshes/.nostl/l_hip_motor_respondable.STL
[2.897s] -- Up-to-date: /home/minwoong/OneDrive/JMW/dynamixel_8DOF/install/dynamixel_control/share/dynamixel_control//poppy_description/meshes/.nostl/pelvis_visual.STL
[2.897s] -- Up-to-date: /home/minwoong/OneDrive/JMW/dynamixel_8DOF/install/dynamixel_control/share/dynamixel_control//poppy_description/meshes/.nostl/abdomen_respondable.STL
[2.897s] -- Up-to-date: /home/minwoong/OneDrive/JMW/dynamixel_8DOF/install/dynamixel_control/share/dynamixel_control//poppy_description/meshes/.nostl/r_hip_motor_visual.STL
[2.897s] -- Up-to-date: /home/minwoong/OneDrive/JMW/dynamixel_8DOF/install/dynamixel_control/share/dynamixel_control//poppy_description/meshes/.nostl/neck_respondable.STL
[2.897s] -- Up-to-date: /home/minwoong/OneDrive/JMW/dynamixel_8DOF/install/dynamixel_control/share/dynamixel_control//poppy_description/meshes/.nostl/r_shin_respondable.STL
[2.897s] -- Up-to-date: /home/minwoong/OneDrive/JMW/dynamixel_8DOF/install/dynamixel_control/share/dynamixel_control//poppy_description/meshes/.nostl/l_foot_visual.STL
[2.897s] -- Up-to-date: /home/minwoong/OneDrive/JMW/dynamixel_8DOF/install/dynamixel_control/share/dynamixel_control//poppy_description/meshes/.nostl/pelvis_respondable.STL
[2.897s] -- Up-to-date: /home/minwoong/OneDrive/JMW/dynamixel_8DOF/install/dynamixel_control/share/dynamixel_control//poppy_description/meshes/.nostl/r_hip_respondable.STL
[2.897s] -- Up-to-date: /home/minwoong/OneDrive/JMW/dynamixel_8DOF/install/dynamixel_control/share/dynamixel_control//poppy_description/meshes/.nostl/abs_motors_respondable.STL
[2.897s] -- Up-to-date: /home/minwoong/OneDrive/JMW/dynamixel_8DOF/install/dynamixel_control/share/dynamixel_control//poppy_description/meshes/.nostl/r_hip_visual.STL
[2.897s] -- Up-to-date: /home/minwoong/OneDrive/JMW/dynamixel_8DOF/install/dynamixel_control/share/dynamixel_control//poppy_description/meshes/l_upper_arm_visual.STL
[2.897s] -- Up-to-date: /home/minwoong/OneDrive/JMW/dynamixel_8DOF/install/dynamixel_control/share/dynamixel_control//poppy_description/meshes/r_upper_arm_visual.STL
[2.897s] -- Up-to-date: /home/minwoong/OneDrive/JMW/dynamixel_8DOF/install/dynamixel_control/share/dynamixel_control//poppy_description/meshes/spine_visual.STL
[2.897s] -- Up-to-date: /home/minwoong/OneDrive/JMW/dynamixel_8DOF/install/dynamixel_control/share/dynamixel_control//poppy_description/meshes/r_shoulder_visual.STL
[2.897s] -- Up-to-date: /home/minwoong/OneDrive/JMW/dynamixel_8DOF/install/dynamixel_control/share/dynamixel_control//poppy_description/meshes/r_shoulder_motor_visual.STL
[2.897s] -- Up-to-date: /home/minwoong/OneDrive/JMW/dynamixel_8DOF/install/dynamixel_control/share/dynamixel_control//poppy_description/meshes/neck_visual.STL
[2.897s] -- Up-to-date: /home/minwoong/OneDrive/JMW/dynamixel_8DOF/install/dynamixel_control/share/dynamixel_control//poppy_description/manifest.xml
[2.897s] -- Up-to-date: /home/minwoong/OneDrive/JMW/dynamixel_8DOF/install/dynamixel_control/share/dynamixel_control//poppy_description/launch
[2.897s] -- Up-to-date: /home/minwoong/OneDrive/JMW/dynamixel_8DOF/install/dynamixel_control/share/dynamixel_control//poppy_description/launch/gazebo.launch
[2.897s] -- Up-to-date: /home/minwoong/OneDrive/JMW/dynamixel_8DOF/install/dynamixel_control/share/dynamixel_control//poppy_description/launch/display.launch
[2.897s] -- Up-to-date: /home/minwoong/OneDrive/JMW/dynamixel_8DOF/install/dynamixel_control/share/dynamixel_control//poppy_description/update_URDF.py
[2.897s] -- Up-to-date: /home/minwoong/OneDrive/JMW/dynamixel_8DOF/install/dynamixel_control/share/dynamixel_control//poppy_description/robots
[2.897s] -- Up-to-date: /home/minwoong/OneDrive/JMW/dynamixel_8DOF/install/dynamixel_control/share/dynamixel_control//poppy_description/robots/Poppy_Humanoid.URDF
[2.897s] -- Up-to-date: /home/minwoong/OneDrive/JMW/dynamixel_8DOF/install/dynamixel_control/share/ament_index/resource_index/package_run_dependencies/dynamixel_control
[2.897s] -- Up-to-date: /home/minwoong/OneDrive/JMW/dynamixel_8DOF/install/dynamixel_control/share/ament_index/resource_index/parent_prefix_path/dynamixel_control
[2.897s] -- Up-to-date: /home/minwoong/OneDrive/JMW/dynamixel_8DOF/install/dynamixel_control/share/dynamixel_control/environment/ament_prefix_path.sh
[2.897s] -- Installing: /home/minwoong/OneDrive/JMW/dynamixel_8DOF/install/dynamixel_control/share/dynamixel_control/environment/ament_prefix_path.dsv
[2.898s] -- Up-to-date: /home/minwoong/OneDrive/JMW/dynamixel_8DOF/install/dynamixel_control/share/dynamixel_control/environment/path.sh
[2.898s] -- Installing: /home/minwoong/OneDrive/JMW/dynamixel_8DOF/install/dynamixel_control/share/dynamixel_control/environment/path.dsv
[2.898s] -- Up-to-date: /home/minwoong/OneDrive/JMW/dynamixel_8DOF/install/dynamixel_control/share/dynamixel_control/local_setup.bash
[2.898s] -- Up-to-date: /home/minwoong/OneDrive/JMW/dynamixel_8DOF/install/dynamixel_control/share/dynamixel_control/local_setup.sh
[2.898s] -- Up-to-date: /home/minwoong/OneDrive/JMW/dynamixel_8DOF/install/dynamixel_control/share/dynamixel_control/local_setup.zsh
[2.898s] -- Installing: /home/minwoong/OneDrive/JMW/dynamixel_8DOF/install/dynamixel_control/share/dynamixel_control/local_setup.dsv
[2.898s] -- Installing: /home/minwoong/OneDrive/JMW/dynamixel_8DOF/install/dynamixel_control/share/dynamixel_control/package.dsv
[2.898s] -- Up-to-date: /home/minwoong/OneDrive/JMW/dynamixel_8DOF/install/dynamixel_control/share/ament_index/resource_index/packages/dynamixel_control
[2.898s] -- Up-to-date: /home/minwoong/OneDrive/JMW/dynamixel_8DOF/install/dynamixel_control/share/dynamixel_control/cmake/dynamixel_controlConfig.cmake
[2.898s] -- Up-to-date: /home/minwoong/OneDrive/JMW/dynamixel_8DOF/install/dynamixel_control/share/dynamixel_control/cmake/dynamixel_controlConfig-version.cmake
[2.898s] -- Up-to-date: /home/minwoong/OneDrive/JMW/dynamixel_8DOF/install/dynamixel_control/share/dynamixel_control/package.xml
[2.898s] Invoked command in '/home/minwoong/OneDrive/JMW/dynamixel_8DOF/build/dynamixel_control' returned '0': CMAKE_PREFIX_PATH=/opt/ros/humble /usr/bin/cmake --install /home/minwoong/OneDrive/JMW/dynamixel_8DOF/build/dynamixel_control
