[0.006s] Invoking command in '/home/jmw/ROS2/AVATAR/Dynamixel/build/dynamixel_control': CMAKE_PREFIX_PATH=${CMAKE_PREFIX_PATH}:/opt/ros/humble /usr/bin/cmake /home/jmw/ROS2/AVATAR/Dynamixel/dynamixel_control -DAMENT_CMAKE_SYMLINK_INSTALL=1 -DCMAKE_INSTALL_PREFIX=/home/jmw/ROS2/AVATAR/Dynamixel/install/dynamixel_control
[0.014s] -- Found ament_cmake: 1.3.11 (/opt/ros/humble/share/ament_cmake/cmake)
[0.094s] -- Override CMake install command with custom implementation using symlinks instead of copying resources
[0.099s] -- Found dynamixel_sdk: 3.7.60 (/home/jmw/ROS2/AVATAR/Dynamixel/install/dynamixel_sdk/share/dynamixel_sdk/cmake)
[0.100s] -- Found rclcpp: 16.0.11 (/opt/ros/humble/share/rclcpp/cmake)
[0.120s] -- Found rosidl_generator_c: 3.1.6 (/opt/ros/humble/share/rosidl_generator_c/cmake)
[0.122s] -- Found rosidl_adapter: 3.1.6 (/opt/ros/humble/share/rosidl_adapter/cmake)
[0.126s] -- Found rosidl_generator_cpp: 3.1.6 (/opt/ros/humble/share/rosidl_generator_cpp/cmake)
[0.133s] -- Using all available rosidl_typesupport_c: rosidl_typesupport_fastrtps_c;rosidl_typesupport_introspection_c
[0.142s] -- Using all available rosidl_typesupport_cpp: rosidl_typesupport_fastrtps_cpp;rosidl_typesupport_introspection_cpp
[0.166s] -- Found rmw_implementation_cmake: 6.1.2 (/opt/ros/humble/share/rmw_implementation_cmake/cmake)
[0.167s] -- Found rmw_fastrtps_cpp: 6.2.7 (/opt/ros/humble/share/rmw_fastrtps_cpp/cmake)
[0.233s] -- Using RMW implementation 'rmw_fastrtps_cpp' as default
[0.272s] -- Found sensor_msgs: 4.2.4 (/opt/ros/humble/share/sensor_msgs/cmake)
[0.294s] -- Found std_srvs: 4.2.4 (/opt/ros/humble/share/std_srvs/cmake)
[0.302s] -- Found urdf: 2.6.1 (/opt/ros/humble/share/urdf/cmake)
[0.322s] -- Configuring incomplete, errors occurred!
[0.322s] See also "/home/jmw/ROS2/AVATAR/Dynamixel/build/dynamixel_control/CMakeFiles/CMakeOutput.log".
[0.325s] [31mCMake Error at CMakeLists.txt:22 (find_package):
[0.326s]   By not providing "Findrviz_visual_tools.cmake" in CMAKE_MODULE_PATH this
[0.326s]   project has asked CMake to find a package configuration file provided by
[0.326s]   "rviz_visual_tools", but CMake did not find one.
[0.326s] 
[0.326s]   Could not find a package configuration file provided by "rviz_visual_tools"
[0.326s]   with any of the following names:
[0.326s] 
[0.326s]     rviz_visual_toolsConfig.cmake
[0.326s]     rviz_visual_tools-config.cmake
[0.326s] 
[0.326s]   Add the installation prefix of "rviz_visual_tools" to CMAKE_PREFIX_PATH or
[0.326s]   set "rviz_visual_tools_DIR" to a directory containing one of the above
[0.326s]   files.  If "rviz_visual_tools" provides a separate development package or
[0.327s]   SDK, be sure it has been installed.
[0.327s] 
[0.327s] [0m
[0.331s] Invoked command in '/home/jmw/ROS2/AVATAR/Dynamixel/build/dynamixel_control' returned '1': CMAKE_PREFIX_PATH=${CMAKE_PREFIX_PATH}:/opt/ros/humble /usr/bin/cmake /home/jmw/ROS2/AVATAR/Dynamixel/dynamixel_control -DAMENT_CMAKE_SYMLINK_INSTALL=1 -DCMAKE_INSTALL_PREFIX=/home/jmw/ROS2/AVATAR/Dynamixel/install/dynamixel_control
