[0.006s] Invoking command in '/home/jmw/ROS2/AVATAR/Dynamixel/build/dynamixel_control': CMAKE_PREFIX_PATH=/home/jmw/ROS2/AVATAR/Dynamixel/install/dynamixel_sdk:/home/jmw/ROS2/AVATAR/Dynamixel/install/dynamixel_control:/opt/ros/humble /usr/bin/cmake --build /home/jmw/ROS2/AVATAR/Dynamixel/build/dynamixel_control -- -j12 -l12
[0.038s] [35m[1mConsolidate compiler generated dependencies of target torque_check[0m
[0.038s] [35m[1mConsolidate compiler generated dependencies of target read_write_node[0m
[0.039s] [35m[1mConsolidate compiler generated dependencies of target csv_joint_state_publisher[0m
[0.040s] [35m[1mConsolidate compiler generated dependencies of target joint_state_publisher[0m
[0.040s] [35m[1mConsolidate compiler generated dependencies of target rviz_visualization_node[0m
[0.041s] [35m[1mConsolidate compiler generated dependencies of target torque_compensation_node[0m
[0.041s] [35m[1mConsolidate compiler generated dependencies of target torque_read_degree_write[0m
[0.058s] [ 14%] Built target torque_check
[0.058s] [ 28%] Built target joint_state_publisher
[0.058s] [ 50%] Built target csv_joint_state_publisher
[0.059s] [ 57%] Built target read_write_node
[0.059s] [ 71%] Built target rviz_visualization_node
[0.062s] [ 85%] Built target torque_compensation_node
[0.063s] [ 92%] [32mBuilding CXX object CMakeFiles/torque_read_degree_write.dir/src/torque_read_degree_write.cpp.o[0m
[6.717s] [100%] [32m[1mLinking CXX executable torque_read_degree_write[0m
[7.011s] [100%] Built target torque_read_degree_write
[7.024s] Invoked command in '/home/jmw/ROS2/AVATAR/Dynamixel/build/dynamixel_control' returned '0': CMAKE_PREFIX_PATH=/home/jmw/ROS2/AVATAR/Dynamixel/install/dynamixel_sdk:/home/jmw/ROS2/AVATAR/Dynamixel/install/dynamixel_control:/opt/ros/humble /usr/bin/cmake --build /home/jmw/ROS2/AVATAR/Dynamixel/build/dynamixel_control -- -j12 -l12
[7.026s] Invoking command in '/home/jmw/ROS2/AVATAR/Dynamixel/build/dynamixel_control': CMAKE_PREFIX_PATH=/home/jmw/ROS2/AVATAR/Dynamixel/install/dynamixel_sdk:/home/jmw/ROS2/AVATAR/Dynamixel/install/dynamixel_control:/opt/ros/humble /usr/bin/cmake --install /home/jmw/ROS2/AVATAR/Dynamixel/build/dynamixel_control
[7.035s] -- Install configuration: ""
[7.035s] -- Execute custom install script
[7.036s] -- Up-to-date symlink: /home/jmw/ROS2/AVATAR/Dynamixel/install/dynamixel_control/lib/dynamixel_control/read_write_node
[7.036s] -- Up-to-date symlink: /home/jmw/ROS2/AVATAR/Dynamixel/install/dynamixel_control/lib/dynamixel_control/joint_state_publisher
[7.036s] -- Up-to-date symlink: /home/jmw/ROS2/AVATAR/Dynamixel/install/dynamixel_control/lib/dynamixel_control/csv_joint_state_publisher
[7.036s] -- Up-to-date symlink: /home/jmw/ROS2/AVATAR/Dynamixel/install/dynamixel_control/lib/dynamixel_control/torque_check
[7.037s] -- Up-to-date symlink: /home/jmw/ROS2/AVATAR/Dynamixel/install/dynamixel_control/lib/dynamixel_control/rviz_visualization_node
[7.037s] -- Up-to-date symlink: /home/jmw/ROS2/AVATAR/Dynamixel/install/dynamixel_control/lib/dynamixel_control/torque_compensation_node
[7.037s] -- Up-to-date symlink: /home/jmw/ROS2/AVATAR/Dynamixel/install/dynamixel_control/lib/dynamixel_control/torque_read_degree_write
[7.038s] -- Up-to-date symlink: /home/jmw/ROS2/AVATAR/Dynamixel/install/dynamixel_control/share/dynamixel_control//launch/__pycache__/robot_visualization.launch.cpython-310.pyc
[7.038s] -- Up-to-date symlink: /home/jmw/ROS2/AVATAR/Dynamixel/install/dynamixel_control/share/dynamixel_control//launch/robot_visualization.launch.py
[7.038s] -- Up-to-date symlink: /home/jmw/ROS2/AVATAR/Dynamixel/install/dynamixel_control/share/dynamixel_control//launch/robot_visualization.launch.xml
[7.039s] -- Up-to-date symlink: /home/jmw/ROS2/AVATAR/Dynamixel/install/dynamixel_control/share/dynamixel_control//data/csv/01_Default_두리번.csv
[7.039s] -- Up-to-date symlink: /home/jmw/ROS2/AVATAR/Dynamixel/install/dynamixel_control/share/dynamixel_control//data/csv/02_Default_두리번2.csv
[7.039s] -- Up-to-date symlink: /home/jmw/ROS2/AVATAR/Dynamixel/install/dynamixel_control/share/dynamixel_control//data/csv/03_Default_두리번3.csv
[7.039s] -- Up-to-date symlink: /home/jmw/ROS2/AVATAR/Dynamixel/install/dynamixel_control/share/dynamixel_control//data/csv/04_호객행위.csv
[7.039s] -- Up-to-date symlink: /home/jmw/ROS2/AVATAR/Dynamixel/install/dynamixel_control/share/dynamixel_control//data/csv/05_인사.csv
[7.039s] -- Up-to-date symlink: /home/jmw/ROS2/AVATAR/Dynamixel/install/dynamixel_control/share/dynamixel_control//data/csv/06_춤.csv
[7.039s] -- Up-to-date symlink: /home/jmw/ROS2/AVATAR/Dynamixel/install/dynamixel_control/share/dynamixel_control//data/csv/sincostra.csv
[7.040s] -- Up-to-date symlink: /home/jmw/ROS2/AVATAR/Dynamixel/install/dynamixel_control/share/dynamixel_control//data/csv/torquecheck.csv
[7.040s] -- Up-to-date symlink: /home/jmw/ROS2/AVATAR/Dynamixel/install/dynamixel_control/share/dynamixel_control//data/csv/torquecheck.xlsx
[7.040s] -- Up-to-date symlink: /home/jmw/ROS2/AVATAR/Dynamixel/install/dynamixel_control/share/dynamixel_control//data/csv/torquecheck2.csv
[7.041s] -- Up-to-date symlink: /home/jmw/ROS2/AVATAR/Dynamixel/install/dynamixel_control/share/dynamixel_control//urdf/AVATAR_URDF_Test3.urdf
[7.042s] -- Up-to-date symlink: /home/jmw/ROS2/AVATAR/Dynamixel/install/dynamixel_control/share/dynamixel_control//urdf/meshes/Base.stl
[7.042s] -- Up-to-date symlink: /home/jmw/ROS2/AVATAR/Dynamixel/install/dynamixel_control/share/dynamixel_control//urdf/meshes/Head.stl
[7.042s] -- Up-to-date symlink: /home/jmw/ROS2/AVATAR/Dynamixel/install/dynamixel_control/share/dynamixel_control//urdf/meshes/L_Forearm.stl
[7.042s] -- Up-to-date symlink: /home/jmw/ROS2/AVATAR/Dynamixel/install/dynamixel_control/share/dynamixel_control//urdf/meshes/L_Shoulder1.stl
[7.045s] -- Up-to-date symlink: /home/jmw/ROS2/AVATAR/Dynamixel/install/dynamixel_control/share/dynamixel_control//urdf/meshes/L_Shoulder2.stl
[7.045s] -- Up-to-date symlink: /home/jmw/ROS2/AVATAR/Dynamixel/install/dynamixel_control/share/dynamixel_control//urdf/meshes/L_Shoulder3.stl
[7.046s] -- Up-to-date symlink: /home/jmw/ROS2/AVATAR/Dynamixel/install/dynamixel_control/share/dynamixel_control//urdf/meshes/L_Upperarm.stl
[7.046s] -- Up-to-date symlink: /home/jmw/ROS2/AVATAR/Dynamixel/install/dynamixel_control/share/dynamixel_control//urdf/meshes/L_Wrist1.stl
[7.046s] -- Up-to-date symlink: /home/jmw/ROS2/AVATAR/Dynamixel/install/dynamixel_control/share/dynamixel_control//urdf/meshes/L_Wrist2.stl
[7.046s] -- Up-to-date symlink: /home/jmw/ROS2/AVATAR/Dynamixel/install/dynamixel_control/share/dynamixel_control//urdf/meshes/L_Wrist3.stl
[7.046s] -- Up-to-date symlink: /home/jmw/ROS2/AVATAR/Dynamixel/install/dynamixel_control/share/dynamixel_control//urdf/meshes/Neck1.stl
[7.046s] -- Up-to-date symlink: /home/jmw/ROS2/AVATAR/Dynamixel/install/dynamixel_control/share/dynamixel_control//urdf/meshes/Neck2.stl
[7.046s] -- Up-to-date symlink: /home/jmw/ROS2/AVATAR/Dynamixel/install/dynamixel_control/share/dynamixel_control//urdf/meshes/R_Forearm.stl
[7.046s] -- Up-to-date symlink: /home/jmw/ROS2/AVATAR/Dynamixel/install/dynamixel_control/share/dynamixel_control//urdf/meshes/R_Shoulder1.stl
[7.046s] -- Up-to-date symlink: /home/jmw/ROS2/AVATAR/Dynamixel/install/dynamixel_control/share/dynamixel_control//urdf/meshes/R_Shoulder2.stl
[7.046s] -- Up-to-date symlink: /home/jmw/ROS2/AVATAR/Dynamixel/install/dynamixel_control/share/dynamixel_control//urdf/meshes/R_Shoulder3.stl
[7.047s] -- Up-to-date symlink: /home/jmw/ROS2/AVATAR/Dynamixel/install/dynamixel_control/share/dynamixel_control//urdf/meshes/R_Upperarm.stl
[7.047s] -- Up-to-date symlink: /home/jmw/ROS2/AVATAR/Dynamixel/install/dynamixel_control/share/dynamixel_control//urdf/meshes/R_Wrist1.stl
[7.047s] -- Up-to-date symlink: /home/jmw/ROS2/AVATAR/Dynamixel/install/dynamixel_control/share/dynamixel_control//urdf/meshes/R_Wrist2.stl
[7.047s] -- Up-to-date symlink: /home/jmw/ROS2/AVATAR/Dynamixel/install/dynamixel_control/share/dynamixel_control//urdf/meshes/R_Wrist3.stl
[7.047s] -- Up-to-date symlink: /home/jmw/ROS2/AVATAR/Dynamixel/install/dynamixel_control/share/dynamixel_control//urdf/meshes/Waist_Bottom.stl
[7.048s] -- Up-to-date symlink: /home/jmw/ROS2/AVATAR/Dynamixel/install/dynamixel_control/share/dynamixel_control//urdf/meshes/Waist_Top.stl
[7.048s] -- Up-to-date symlink: /home/jmw/ROS2/AVATAR/Dynamixel/install/dynamixel_control/share/ament_index/resource_index/package_run_dependencies/dynamixel_control
[7.048s] -- Up-to-date symlink: /home/jmw/ROS2/AVATAR/Dynamixel/install/dynamixel_control/share/ament_index/resource_index/parent_prefix_path/dynamixel_control
[7.048s] -- Up-to-date symlink: /home/jmw/ROS2/AVATAR/Dynamixel/install/dynamixel_control/share/dynamixel_control/environment/ament_prefix_path.sh
[7.048s] -- Up-to-date symlink: /home/jmw/ROS2/AVATAR/Dynamixel/install/dynamixel_control/share/dynamixel_control/environment/ament_prefix_path.dsv
[7.048s] -- Up-to-date symlink: /home/jmw/ROS2/AVATAR/Dynamixel/install/dynamixel_control/share/dynamixel_control/environment/path.sh
[7.048s] -- Up-to-date symlink: /home/jmw/ROS2/AVATAR/Dynamixel/install/dynamixel_control/share/dynamixel_control/environment/path.dsv
[7.048s] -- Up-to-date symlink: /home/jmw/ROS2/AVATAR/Dynamixel/install/dynamixel_control/share/dynamixel_control/local_setup.bash
[7.048s] -- Up-to-date symlink: /home/jmw/ROS2/AVATAR/Dynamixel/install/dynamixel_control/share/dynamixel_control/local_setup.sh
[7.048s] -- Up-to-date symlink: /home/jmw/ROS2/AVATAR/Dynamixel/install/dynamixel_control/share/dynamixel_control/local_setup.zsh
[7.048s] -- Up-to-date symlink: /home/jmw/ROS2/AVATAR/Dynamixel/install/dynamixel_control/share/dynamixel_control/local_setup.dsv
[7.048s] -- Symlinking: /home/jmw/ROS2/AVATAR/Dynamixel/install/dynamixel_control/share/dynamixel_control/package.dsv
[7.056s] -- Up-to-date symlink: /home/jmw/ROS2/AVATAR/Dynamixel/install/dynamixel_control/share/ament_index/resource_index/packages/dynamixel_control
[7.056s] -- Up-to-date symlink: /home/jmw/ROS2/AVATAR/Dynamixel/install/dynamixel_control/share/dynamixel_control/cmake/dynamixel_controlConfig.cmake
[7.056s] -- Up-to-date symlink: /home/jmw/ROS2/AVATAR/Dynamixel/install/dynamixel_control/share/dynamixel_control/cmake/dynamixel_controlConfig-version.cmake
[7.056s] -- Up-to-date symlink: /home/jmw/ROS2/AVATAR/Dynamixel/install/dynamixel_control/share/dynamixel_control/package.xml
[7.058s] Invoked command in '/home/jmw/ROS2/AVATAR/Dynamixel/build/dynamixel_control' returned '0': CMAKE_PREFIX_PATH=/home/jmw/ROS2/AVATAR/Dynamixel/install/dynamixel_sdk:/home/jmw/ROS2/AVATAR/Dynamixel/install/dynamixel_control:/opt/ros/humble /usr/bin/cmake --install /home/jmw/ROS2/AVATAR/Dynamixel/build/dynamixel_control
