[0.007s] Invoking command in '/home/minwoong/OneDrive/JMW/dynamixel_8DOF/build/dynamixel_control': CMAKE_PREFIX_PATH=/opt/ros/humble /usr/bin/cmake /home/minwoong/OneDrive/JMW/dynamixel_8DOF/Dynamixel/dynamixel_control -DCMAKE_INSTALL_PREFIX=/home/minwoong/OneDrive/JMW/dynamixel_8DOF/install/dynamixel_control
[0.084s] -- The C compiler identification is GNU 11.4.0
[0.132s] -- The CXX compiler identification is GNU 11.4.0
[0.139s] -- Detecting C compiler ABI info
[0.190s] -- Detecting C compiler ABI info - done
[0.194s] -- Check for working C compiler: /usr/bin/cc - skipped
[0.194s] -- Detecting C compile features
[0.194s] -- Detecting C compile features - done
[0.197s] -- Detecting CXX compiler ABI info
[0.249s] -- Detecting CXX compiler ABI info - done
[0.253s] -- Check for working CXX compiler: /usr/bin/c++ - skipped
[0.253s] -- Detecting CXX compile features
[0.253s] -- Detecting CXX compile features - done
[0.257s] -- Found ament_cmake: 1.3.11 (/opt/ros/humble/share/ament_cmake/cmake)
[0.346s] -- Found Python3: /usr/bin/python3 (found version "3.10.12") found components: Interpreter 
[0.410s] -- Found dynamixel_sdk: 3.8.3 (/opt/ros/humble/share/dynamixel_sdk/cmake)
[0.414s] -- Found rclcpp: 16.0.12 (/opt/ros/humble/share/rclcpp/cmake)
[0.450s] -- Found rosidl_generator_c: 3.1.6 (/opt/ros/humble/share/rosidl_generator_c/cmake)
[0.454s] -- Found rosidl_adapter: 3.1.6 (/opt/ros/humble/share/rosidl_adapter/cmake)
[0.461s] -- Found rosidl_generator_cpp: 3.1.6 (/opt/ros/humble/share/rosidl_generator_cpp/cmake)
[0.471s] -- Using all available rosidl_typesupport_c: rosidl_typesupport_fastrtps_c;rosidl_typesupport_introspection_c
[0.484s] -- Using all available rosidl_typesupport_cpp: rosidl_typesupport_fastrtps_cpp;rosidl_typesupport_introspection_cpp
[0.518s] -- Found rmw_implementation_cmake: 6.1.2 (/opt/ros/humble/share/rmw_implementation_cmake/cmake)
[0.520s] -- Found rmw_fastrtps_cpp: 6.2.7 (/opt/ros/humble/share/rmw_fastrtps_cpp/cmake)
[0.592s] -- Found OpenSSL: /usr/lib/x86_64-linux-gnu/libcrypto.so (found version "3.0.2")  
[0.610s] -- Found FastRTPS: /opt/ros/humble/include  
[0.636s] -- Using RMW implementation 'rmw_fastrtps_cpp' as default
[0.643s] -- Looking for pthread.h
[0.687s] -- Looking for pthread.h - found
[0.687s] -- Performing Test CMAKE_HAVE_LIBC_PTHREAD
[0.734s] -- Performing Test CMAKE_HAVE_LIBC_PTHREAD - Success
[0.734s] -- Found Threads: TRUE  
[0.771s] -- Found sensor_msgs: 4.8.0 (/opt/ros/humble/share/sensor_msgs/cmake)
[0.793s] -- Found std_srvs: 4.8.0 (/opt/ros/humble/share/std_srvs/cmake)
[0.801s] -- Found urdf: 2.6.1 (/opt/ros/humble/share/urdf/cmake)
[0.826s] -- Found rviz_visual_tools: 4.1.4 (/opt/ros/humble/share/rviz_visual_tools/cmake)
[0.901s] -- Setting assimp_DIR to: '/opt/ros/humble/share/rviz_assimp_vendor/cmake/../../../opt/rviz_assimp_vendor/lib/cmake/assimp-4.1'
[0.905s] -- Setting OGRE_DIR to: '/opt/ros/humble/share/rviz_ogre_vendor/cmake/../../../opt/rviz_ogre_vendor/lib/OGRE/cmake'
[0.907s] -- Found OGRE
[0.907s] --   static     : OFF
[0.907s] --   components : HLMS;MeshLodGenerator;Overlay;Paging;Property;RTShaderSystem;Terrain;Volume
[0.907s] --   plugins    : Plugin_BSPSceneManager;Plugin_OctreeSceneManager;Plugin_PCZSceneManager;Plugin_ParticleFX;RenderSystem_GL;RenderSystem_GL3Plus;Codec_STBI
[0.907s] --   media      : /opt/ros/humble/opt/rviz_ogre_vendor/share/OGRE/Media
[0.907s] -- OGRE_LIBRARIES: OgreHLMS;OgreMeshLodGenerator;OgreOverlay;OgrePaging;OgreProperty;OgreRTShaderSystem;OgreTerrain;OgreVolume;OgreMain
[0.907s] -- OGRE_LIBRARY_DIRS: /opt/ros/humble/opt/rviz_ogre_vendor/lib
[0.907s] -- OGRE_PLUGINS: Plugin_BSPSceneManager;Plugin_OctreeSceneManager;Plugin_PCZSceneManager;Plugin_ParticleFX;RenderSystem_GL;RenderSystem_GL3Plus;Codec_STBI
[0.907s] -- OGRE_PLUGIN_DIR: /opt/ros/humble/opt/rviz_ogre_vendor/lib/OGRE
[0.907s] -- rviz_ogre_vendor::OgreOverlay for IMPORTED_LOCATION_RELEASE: /opt/ros/humble/opt/rviz_ogre_vendor/lib/libOgreOverlay.so
[0.907s] -- rviz_ogre_vendor::OgreOverlay for IMPORTED_LOCATION_DEBUG: /opt/ros/humble/opt/rviz_ogre_vendor/lib/libOgreOverlay.so
[0.907s] -- rviz_ogre_vendor::OgreMain for IMPORTED_LOCATION_RELEASE: /opt/ros/humble/opt/rviz_ogre_vendor/lib/libOgreMain.so
[0.907s] -- rviz_ogre_vendor::OgreMain for IMPORTED_LOCATION_DEBUG: /opt/ros/humble/opt/rviz_ogre_vendor/lib/libOgreMain.so
[0.907s] -- Could not find freeimage library
[0.918s] -- Found ZLIB: /usr/lib/x86_64-linux-gnu/libz.so (found version "1.2.11") 
[0.920s] -- Found OpenGL: /usr/lib/x86_64-linux-gnu/libOpenGL.so   
[0.981s] -- Found X11: /usr/include   
[0.982s] -- Looking for XOpenDisplay in /usr/lib/x86_64-linux-gnu/libX11.so;/usr/lib/x86_64-linux-gnu/libXext.so
[1.027s] -- Looking for XOpenDisplay in /usr/lib/x86_64-linux-gnu/libX11.so;/usr/lib/x86_64-linux-gnu/libXext.so - found
[1.027s] -- Looking for gethostbyname
[1.069s] -- Looking for gethostbyname - found
[1.069s] -- Looking for connect
[1.110s] -- Looking for connect - found
[1.111s] -- Looking for remove
[1.152s] -- Looking for remove - found
[1.152s] -- Looking for shmat
[1.193s] -- Looking for shmat - found
[1.193s] -- Looking for IceConnectionNumber in ICE
[1.235s] -- Looking for IceConnectionNumber in ICE - found
[1.296s] -- library: /usr/lib/x86_64-linux-gnu/libcurl.so
[1.307s] -- Found Eigen3: TRUE (found version "3.4.0") 
[1.307s] -- Ensuring Eigen3 include directory is part of orocos-kdl CMake target
[1.417s] -- Found tf2_eigen: 0.25.12 (/opt/ros/humble/share/tf2_eigen/cmake)
[1.423s] -- Found ament_lint_auto: 0.12.12 (/opt/ros/humble/share/ament_lint_auto/cmake)
[1.470s] -- Added test 'copyright' to check source files copyright and LICENSE
[1.478s] -- Added test 'cppcheck' to perform static code analysis on C / C++ code
[1.479s] -- Configured cppcheck include dirs: /home/minwoong/OneDrive/JMW/dynamixel_8DOF/Dynamixel/dynamixel_control/include
[1.479s] -- Configured cppcheck exclude dirs and/or files: 
[1.487s] -- Added test 'cpplint' to check C / C++ code against the Google style
[1.487s] -- Configured cpplint exclude dirs and/or files: 
[1.488s] -- Added test 'flake8' to check Python code syntax and style conventions
[1.490s] -- Added test 'lint_cmake' to check CMake code style
[1.492s] -- Added test 'pep257' to check Python code against some of the docstring style conventions in PEP 257
[1.499s] -- Added test 'uncrustify' to check C / C++ code style
[1.499s] -- Configured uncrustify additional arguments: 
[1.500s] -- Added test 'xmllint' to check XML markup files
[1.501s] -- Configuring done
[1.535s] -- Generating done
[1.544s] -- Build files have been written to: /home/minwoong/OneDrive/JMW/dynamixel_8DOF/build/dynamixel_control
[1.552s] Invoked command in '/home/minwoong/OneDrive/JMW/dynamixel_8DOF/build/dynamixel_control' returned '0': CMAKE_PREFIX_PATH=/opt/ros/humble /usr/bin/cmake /home/minwoong/OneDrive/JMW/dynamixel_8DOF/Dynamixel/dynamixel_control -DCMAKE_INSTALL_PREFIX=/home/minwoong/OneDrive/JMW/dynamixel_8DOF/install/dynamixel_control
[1.553s] Invoking command in '/home/minwoong/OneDrive/JMW/dynamixel_8DOF/build/dynamixel_control': CMAKE_PREFIX_PATH=/opt/ros/humble /usr/bin/cmake --build /home/minwoong/OneDrive/JMW/dynamixel_8DOF/build/dynamixel_control -- -j24 -l24
[1.586s] [  5%] Building CXX object CMakeFiles/poppy_read_write_node.dir/src/poppy_read_write_node.cpp.o
[1.587s] [ 11%] Building CXX object CMakeFiles/h1_csv_joint_state_publisher.dir/src/h1_csv_joint_state_publisher.cpp.o
[1.587s] [ 22%] Building CXX object CMakeFiles/joint_state_publisher.dir/src/joint_state_publisher.cpp.o
[1.588s] [ 22%] Building CXX object CMakeFiles/read_write_node.dir/src/read_write_node.cpp.o
[1.588s] [ 27%] Building CXX object CMakeFiles/poppy_csv_joint_state_publisher.dir/src/poppy_csv_joint_state_publisher.cpp.o
[1.588s] [ 33%] Building CXX object CMakeFiles/csv_joint_state_publisher.dir/src/csv_joint_state_publisher.cpp.o
[1.588s] [ 38%] Building CXX object CMakeFiles/torque_compensation_node.dir/src/torque_compensation_node.cpp.o
[1.588s] [ 50%] Building CXX object CMakeFiles/rviz_visualization_node.dir/src/rviz_visualization_node.cpp.o
[1.588s] [ 50%] Building CXX object CMakeFiles/torque_read_degree_write.dir/src/torque_read_degree_write.cpp.o
[4.047s] [ 55%] Linking CXX executable joint_state_publisher
[4.135s] [ 61%] Linking CXX executable h1_csv_joint_state_publisher
[4.148s] [ 66%] Linking CXX executable csv_joint_state_publisher
[4.170s] [ 72%] Linking CXX executable poppy_csv_joint_state_publisher
[4.186s] [ 72%] Built target joint_state_publisher
[4.237s] [ 72%] Built target h1_csv_joint_state_publisher
[4.247s] [ 72%] Built target csv_joint_state_publisher
[4.270s] [ 72%] Built target poppy_csv_joint_state_publisher
[6.220s] [ 77%] Linking CXX executable rviz_visualization_node
[6.369s] [ 83%] Linking CXX executable poppy_read_write_node
[6.374s] [ 88%] Linking CXX executable torque_read_degree_write
[6.576s] [ 88%] Built target rviz_visualization_node
[6.577s] [ 88%] Built target poppy_read_write_node
[6.586s] [ 88%] Built target torque_read_degree_write
[7.445s] [ 94%] Linking CXX executable read_write_node
[7.695s] [ 94%] Built target read_write_node
[8.002s] [100%] Linking CXX executable torque_compensation_node
[8.249s] [100%] Built target torque_compensation_node
[8.256s] Invoked command in '/home/minwoong/OneDrive/JMW/dynamixel_8DOF/build/dynamixel_control' returned '0': CMAKE_PREFIX_PATH=/opt/ros/humble /usr/bin/cmake --build /home/minwoong/OneDrive/JMW/dynamixel_8DOF/build/dynamixel_control -- -j24 -l24
[8.263s] Invoking command in '/home/minwoong/OneDrive/JMW/dynamixel_8DOF/build/dynamixel_control': CMAKE_PREFIX_PATH=/opt/ros/humble /usr/bin/cmake --install /home/minwoong/OneDrive/JMW/dynamixel_8DOF/build/dynamixel_control
[8.267s] -- Install configuration: ""
[8.267s] -- Installing: /home/minwoong/OneDrive/JMW/dynamixel_8DOF/install/dynamixel_control/lib/dynamixel_control/read_write_node
[8.271s] -- Set runtime path of "/home/minwoong/OneDrive/JMW/dynamixel_8DOF/install/dynamixel_control/lib/dynamixel_control/read_write_node" to ""
[8.271s] -- Installing: /home/minwoong/OneDrive/JMW/dynamixel_8DOF/install/dynamixel_control/lib/dynamixel_control/poppy_read_write_node
[8.273s] -- Set runtime path of "/home/minwoong/OneDrive/JMW/dynamixel_8DOF/install/dynamixel_control/lib/dynamixel_control/poppy_read_write_node" to ""
[8.273s] -- Installing: /home/minwoong/OneDrive/JMW/dynamixel_8DOF/install/dynamixel_control/lib/dynamixel_control/joint_state_publisher
[8.274s] -- Set runtime path of "/home/minwoong/OneDrive/JMW/dynamixel_8DOF/install/dynamixel_control/lib/dynamixel_control/joint_state_publisher" to ""
[8.274s] -- Installing: /home/minwoong/OneDrive/JMW/dynamixel_8DOF/install/dynamixel_control/lib/dynamixel_control/csv_joint_state_publisher
[8.275s] -- Set runtime path of "/home/minwoong/OneDrive/JMW/dynamixel_8DOF/install/dynamixel_control/lib/dynamixel_control/csv_joint_state_publisher" to ""
[8.275s] -- Installing: /home/minwoong/OneDrive/JMW/dynamixel_8DOF/install/dynamixel_control/lib/dynamixel_control/h1_csv_joint_state_publisher
[8.275s] -- Set runtime path of "/home/minwoong/OneDrive/JMW/dynamixel_8DOF/install/dynamixel_control/lib/dynamixel_control/h1_csv_joint_state_publisher" to ""
[8.275s] -- Installing: /home/minwoong/OneDrive/JMW/dynamixel_8DOF/install/dynamixel_control/lib/dynamixel_control/poppy_csv_joint_state_publisher
[8.276s] -- Set runtime path of "/home/minwoong/OneDrive/JMW/dynamixel_8DOF/install/dynamixel_control/lib/dynamixel_control/poppy_csv_joint_state_publisher" to ""
[8.276s] -- Installing: /home/minwoong/OneDrive/JMW/dynamixel_8DOF/install/dynamixel_control/lib/dynamixel_control/rviz_visualization_node
[8.278s] -- Set runtime path of "/home/minwoong/OneDrive/JMW/dynamixel_8DOF/install/dynamixel_control/lib/dynamixel_control/rviz_visualization_node" to ""
[8.278s] -- Installing: /home/minwoong/OneDrive/JMW/dynamixel_8DOF/install/dynamixel_control/lib/dynamixel_control/torque_compensation_node
[8.282s] -- Set runtime path of "/home/minwoong/OneDrive/JMW/dynamixel_8DOF/install/dynamixel_control/lib/dynamixel_control/torque_compensation_node" to ""
[8.282s] -- Installing: /home/minwoong/OneDrive/JMW/dynamixel_8DOF/install/dynamixel_control/lib/dynamixel_control/torque_read_degree_write
[8.284s] -- Set runtime path of "/home/minwoong/OneDrive/JMW/dynamixel_8DOF/install/dynamixel_control/lib/dynamixel_control/torque_read_degree_write" to ""
[8.284s] -- Installing: /home/minwoong/OneDrive/JMW/dynamixel_8DOF/install/dynamixel_control/share/dynamixel_control//launch
[8.284s] -- Installing: /home/minwoong/OneDrive/JMW/dynamixel_8DOF/install/dynamixel_control/share/dynamixel_control//launch/poppy_robot_visualization.launch.py
[8.284s] -- Installing: /home/minwoong/OneDrive/JMW/dynamixel_8DOF/install/dynamixel_control/share/dynamixel_control//launch/__pycache__
[8.284s] -- Installing: /home/minwoong/OneDrive/JMW/dynamixel_8DOF/install/dynamixel_control/share/dynamixel_control//launch/__pycache__/robot_visualization.launch.cpython-310.pyc
[8.285s] -- Installing: /home/minwoong/OneDrive/JMW/dynamixel_8DOF/install/dynamixel_control/share/dynamixel_control//launch/h1_robot_visualization.launch.py
[8.285s] -- Installing: /home/minwoong/OneDrive/JMW/dynamixel_8DOF/install/dynamixel_control/share/dynamixel_control//launch/robot_visualization.launch.xml
[8.285s] -- Installing: /home/minwoong/OneDrive/JMW/dynamixel_8DOF/install/dynamixel_control/share/dynamixel_control//launch/robot_visualization.launch.py
[8.285s] -- Installing: /home/minwoong/OneDrive/JMW/dynamixel_8DOF/install/dynamixel_control/share/dynamixel_control//data
[8.285s] -- Installing: /home/minwoong/OneDrive/JMW/dynamixel_8DOF/install/dynamixel_control/share/dynamixel_control//data/csv
[8.285s] -- Installing: /home/minwoong/OneDrive/JMW/dynamixel_8DOF/install/dynamixel_control/share/dynamixel_control//data/csv/.data
[8.285s] -- Installing: /home/minwoong/OneDrive/JMW/dynamixel_8DOF/install/dynamixel_control/share/dynamixel_control//data/csv/.data/Desync.csv
[8.285s] -- Installing: /home/minwoong/OneDrive/JMW/dynamixel_8DOF/install/dynamixel_control/share/dynamixel_control//data/csv/.data/0501_1957_submotions_animation_semina_21degree_Complete.mp4_motor_degree.csv
[8.285s] -- Installing: /home/minwoong/OneDrive/JMW/dynamixel_8DOF/install/dynamixel_control/share/dynamixel_control//data/csv/.data/0501_1908_shoulder1_animation_semina_21degree.mp4_motor_degree.csv
[8.286s] -- Installing: /home/minwoong/OneDrive/JMW/dynamixel_8DOF/install/dynamixel_control/share/dynamixel_control//data/csv/.data/H1_0511_2228_Anysong_2_animation_semina_preprocessing.mp4_motor_degree_H1.csv
[8.286s] -- Installing: /home/minwoong/OneDrive/JMW/dynamixel_8DOF/install/dynamixel_control/share/dynamixel_control//data/csv/.data/0708_1123_WMCA_Dance_SPE_select_vector_Visualization_Scale=Arm.mp4_motor_degree.csv
[8.286s] -- Installing: /home/minwoong/OneDrive/JMW/dynamixel_8DOF/install/dynamixel_control/share/dynamixel_control//data/csv/.data/06_shoulder1_Test.csv
[8.287s] -- Installing: /home/minwoong/OneDrive/JMW/dynamixel_8DOF/install/dynamixel_control/share/dynamixel_control//data/csv/.data/H1_Anysong_2_euler_Rejusted_angle_H1.csv
[8.287s] -- Installing: /home/minwoong/OneDrive/JMW/dynamixel_8DOF/install/dynamixel_control/share/dynamixel_control//data/csv/.data/0501_1957_shoulder1_animation_semina_21degree_Complete.mp4_motor_degree.csv
[8.287s] -- Installing: /home/minwoong/OneDrive/JMW/dynamixel_8DOF/install/dynamixel_control/share/dynamixel_control//data/csv/.data/06_춤.csv
[8.287s] -- Installing: /home/minwoong/OneDrive/JMW/dynamixel_8DOF/install/dynamixel_control/share/dynamixel_control//data/csv/.data/03_Default_두리번3.csv
[8.288s] -- Installing: /home/minwoong/OneDrive/JMW/dynamixel_8DOF/install/dynamixel_control/share/dynamixel_control//data/csv/.data/0708_1131_WMCA_Dance_SPE_select_vector_Visualization_Scale=Arm.mp4_motor_degree.csv
[8.288s] -- Installing: /home/minwoong/OneDrive/JMW/dynamixel_8DOF/install/dynamixel_control/share/dynamixel_control//data/csv/.data/H1_0512_1620_Semina_Robot_joint_animation_semina_preprocessing.mp4_euler_Collar+Shoulder_angle_H1_XZY.csv
[8.288s] -- Installing: /home/minwoong/OneDrive/JMW/dynamixel_8DOF/install/dynamixel_control/share/dynamixel_control//data/csv/.data/H1_0511_2237_Semina_Robot_joint_animation_semina_preprocessing.mp4_euler_angle_H1.csv
[8.288s] -- Installing: /home/minwoong/OneDrive/JMW/dynamixel_8DOF/install/dynamixel_control/share/dynamixel_control//data/csv/.data/H1_0512_1554_gymnast_2_animation_semina_preprocessing.mp4_euler_Collar+Shoulder_XZY_angle_SMPL_Morphing.csv
[8.289s] -- Installing: /home/minwoong/OneDrive/JMW/dynamixel_8DOF/install/dynamixel_control/share/dynamixel_control//data/csv/.data/05_인사.csv
[8.289s] -- Installing: /home/minwoong/OneDrive/JMW/dynamixel_8DOF/install/dynamixel_control/share/dynamixel_control//data/csv/.data/0502_1415_Semina_Robot_joint_animation_semina_21degree_Complete.mp4_motor_degree.csv
[8.289s] -- Installing: /home/minwoong/OneDrive/JMW/dynamixel_8DOF/install/dynamixel_control/share/dynamixel_control//data/csv/.data/09_WMCA_BothArm.csv
[8.289s] -- Installing: /home/minwoong/OneDrive/JMW/dynamixel_8DOF/install/dynamixel_control/share/dynamixel_control//data/csv/.data/0501_2006_Anysong_1_animation_semina_21degree_Complete.mp4_motor_degree.csv
[8.290s] -- Installing: /home/minwoong/OneDrive/JMW/dynamixel_8DOF/install/dynamixel_control/share/dynamixel_control//data/csv/.data/H1_0512_1507_Anysong_2_animation_semina_preprocessing.mp4_euler_Collar+Shoulder_XYX_angle_H1.csv
[8.290s] -- Installing: /home/minwoong/OneDrive/JMW/dynamixel_8DOF/install/dynamixel_control/share/dynamixel_control//data/csv/.data/H1_0511_2223_Anysong_1_animation_semina_preprocessing.mp4_motor_degree_H1.csv
[8.290s] -- Installing: /home/minwoong/OneDrive/JMW/dynamixel_8DOF/install/dynamixel_control/share/dynamixel_control//data/csv/.data/0715_1630_gymnast_2_HalfMethod_shoulder_estimation_version_Fixed_wrist_shpere_radius_Arm.mp4_motor_degree.csv
[8.290s] -- Installing: /home/minwoong/OneDrive/JMW/dynamixel_8DOF/install/dynamixel_control/share/dynamixel_control//data/csv/.data/0708_1131_WMCA_Dance_SPE_select_vector_Visualization_Scale=Collar.mp4_motor_degree.csv
[8.291s] -- Installing: /home/minwoong/OneDrive/JMW/dynamixel_8DOF/install/dynamixel_control/share/dynamixel_control//data/csv/.data/0501_2001_WMCA_Dance_animation_semina_21degree_Complete.mp4_motor_degree.csv
[8.291s] -- Installing: /home/minwoong/OneDrive/JMW/dynamixel_8DOF/install/dynamixel_control/share/dynamixel_control//data/csv/.data/0502_1401_Semina_collar_animation_semina_21degree_Complete.mp4_motor_degree.csv
[8.291s] -- Installing: /home/minwoong/OneDrive/JMW/dynamixel_8DOF/install/dynamixel_control/share/dynamixel_control//data/csv/.data/sincostra.csv
[8.291s] -- Installing: /home/minwoong/OneDrive/JMW/dynamixel_8DOF/install/dynamixel_control/share/dynamixel_control//data/csv/.data/0502_1419_gymnast_2_animation_semina_21degree_Complete.mp4_motor_degree.csv
[8.291s] -- Installing: /home/minwoong/OneDrive/JMW/dynamixel_8DOF/install/dynamixel_control/share/dynamixel_control//data/csv/.data/0501_1911_Anysong_1_animation_semina_21degree.mp4_motor_degree.csv
[8.292s] -- Installing: /home/minwoong/OneDrive/JMW/dynamixel_8DOF/install/dynamixel_control/share/dynamixel_control//data/csv/.data/H1_0511_2233_gymnast_2_animation_semina_preprocessing.mp4_motor_degree_H1.csv
[8.292s] -- Installing: /home/minwoong/OneDrive/JMW/dynamixel_8DOF/install/dynamixel_control/share/dynamixel_control//data/csv/.data/0502_1413_Semina_neck_animation_semina_21degree_Complete.mp4_motor_degree.csv
[8.292s] -- Installing: /home/minwoong/OneDrive/JMW/dynamixel_8DOF/install/dynamixel_control/share/dynamixel_control//data/csv/.data/06_WMCA_Test.csv
[8.292s] -- Installing: /home/minwoong/OneDrive/JMW/dynamixel_8DOF/install/dynamixel_control/share/dynamixel_control//data/csv/.data/07_WMCA_Test2.csv
[8.293s] -- Installing: /home/minwoong/OneDrive/JMW/dynamixel_8DOF/install/dynamixel_control/share/dynamixel_control//data/csv/.data/torquecheck2.csv
[8.293s] -- Installing: /home/minwoong/OneDrive/JMW/dynamixel_8DOF/install/dynamixel_control/share/dynamixel_control//data/csv/.data/01_Default_두리번.csv
[8.293s] -- Installing: /home/minwoong/OneDrive/JMW/dynamixel_8DOF/install/dynamixel_control/share/dynamixel_control//data/csv/.data/02_Default_두리번두번.csv
[8.293s] -- Installing: /home/minwoong/OneDrive/JMW/dynamixel_8DOF/install/dynamixel_control/share/dynamixel_control//data/csv/.data/0502_1403_Semina_shoulder_animation_semina_21degree_Complete.mp4_motor_degree.csv
[8.293s] -- Installing: /home/minwoong/OneDrive/JMW/dynamixel_8DOF/install/dynamixel_control/share/dynamixel_control//data/csv/.data/H1_0511_2228_Anysong_2_animation_semina_preprocessing.mp4_euler_angle_H1.csv
[8.294s] -- Installing: /home/minwoong/OneDrive/JMW/dynamixel_8DOF/install/dynamixel_control/share/dynamixel_control//data/csv/.data/0715_1537_Semina_shoulder_HalfMethod_shoulder_estimation_version_Fixed_wrist_shpere_radius.mp4_motor_degree.csv
[8.294s] -- Installing: /home/minwoong/OneDrive/JMW/dynamixel_8DOF/install/dynamixel_control/share/dynamixel_control//data/csv/.data/0502_1409_Semina_elbow_animation_semina_21degree_Complete.mp4_motor_degree.csv
[8.294s] -- Installing: /home/minwoong/OneDrive/JMW/dynamixel_8DOF/install/dynamixel_control/share/dynamixel_control//data/csv/.data/H1_0511_2237_Semina_Robot_joint_animation_semina_preprocessing.mp4_motor_degree_H1.csv
[8.295s] -- Installing: /home/minwoong/OneDrive/JMW/dynamixel_8DOF/install/dynamixel_control/share/dynamixel_control//data/csv/.data/H1_Anysong_1_euler_Rejusted_angle_H1.csv
[8.295s] -- Installing: /home/minwoong/OneDrive/JMW/dynamixel_8DOF/install/dynamixel_control/share/dynamixel_control//data/csv/.data/H1_0512_1507_gymnast_2_animation_semina_preprocessing.mp4_euler_Collar+Shoulder_XYX_angle_H1.csv
[8.295s] -- Installing: /home/minwoong/OneDrive/JMW/dynamixel_8DOF/install/dynamixel_control/share/dynamixel_control//data/csv/.data/0501_1956_elbow_animation_semina_21degree_Complete.mp4_motor_degree.csv
[8.295s] -- Installing: /home/minwoong/OneDrive/JMW/dynamixel_8DOF/install/dynamixel_control/share/dynamixel_control//data/csv/.data/0502_1411_Semina_wrist_animation_semina_21degree_Complete.mp4_motor_degree.csv
[8.296s] -- Installing: /home/minwoong/OneDrive/JMW/dynamixel_8DOF/install/dynamixel_control/share/dynamixel_control//data/csv/.data/0708_1251_WMCA_Dance_SPE_select_vector_motor_Scale=Arm.mp4_motor_degree.csv
[8.296s] -- Installing: /home/minwoong/OneDrive/JMW/dynamixel_8DOF/install/dynamixel_control/share/dynamixel_control//data/csv/.data/H1_0512_1554_Semina_Robot_joint_animation_semina_preprocessing.mp4_euler_Collar+Shoulder_XZY_angle_SMPL_Morphing.csv
[8.296s] -- Installing: /home/minwoong/OneDrive/JMW/dynamixel_8DOF/install/dynamixel_control/share/dynamixel_control//data/csv/.data/0501_1912_Anysong_2_animation_semina_21degree.mp4_motor_degree.csv
[8.296s] -- Installing: /home/minwoong/OneDrive/JMW/dynamixel_8DOF/install/dynamixel_control/share/dynamixel_control//data/csv/.data/0708_1238_WMCA_Dance_SPE_select_vector_motor_Scale=Arm.mp4_motor_degree.csv
[8.297s] -- Installing: /home/minwoong/OneDrive/JMW/dynamixel_8DOF/install/dynamixel_control/share/dynamixel_control//data/csv/.data/H1_0512_1507_Anysong_1_animation_semina_preprocessing.mp4_euler_Collar+Shoulder_XYX_angle_H1.csv
[8.297s] -- Installing: /home/minwoong/OneDrive/JMW/dynamixel_8DOF/install/dynamixel_control/share/dynamixel_control//data/csv/.data/04_호객행위.csv
[8.297s] -- Installing: /home/minwoong/OneDrive/JMW/dynamixel_8DOF/install/dynamixel_control/share/dynamixel_control//data/csv/.data/08_WMCA_Test3.csv
[8.297s] -- Installing: /home/minwoong/OneDrive/JMW/dynamixel_8DOF/install/dynamixel_control/share/dynamixel_control//data/csv/.data/H1_0512_1507_Semina_Robot_joint_animation_semina_preprocessing.mp4_euler_Collar+Shoulder_XYX_angle_H1.csv
[8.297s] -- Installing: /home/minwoong/OneDrive/JMW/dynamixel_8DOF/install/dynamixel_control/share/dynamixel_control//data/csv/.data/0715_1641_WMCA_Dance_HalfMethod_shoulder_estimation_version_Fixed_wrist_shpere_radius_Arm.mp4_motor_degree.csv
[8.298s] -- Installing: /home/minwoong/OneDrive/JMW/dynamixel_8DOF/install/dynamixel_control/share/dynamixel_control//data/csv/.data/0502_1423_final_closing_animation_semina_21degree_Complete.mp4_motor_degree.csv
[8.298s] -- Installing: /home/minwoong/OneDrive/JMW/dynamixel_8DOF/install/dynamixel_control/share/dynamixel_control//data/csv/.data/H1_0511_2233_gymnast_2_animation_semina_preprocessing.mp4_euler_angle_H1.csv
[8.298s] -- Installing: /home/minwoong/OneDrive/JMW/dynamixel_8DOF/install/dynamixel_control/share/dynamixel_control//data/csv/.data/H1_Semina_Robot_joint_euler_Rejusted_angle_H1.csv
[8.298s] -- Installing: /home/minwoong/OneDrive/JMW/dynamixel_8DOF/install/dynamixel_control/share/dynamixel_control//data/csv/.data/0501_1940_WMCA_Dance_animation_semina_21degree_Neck.mp4_motor_degree.csv
[8.299s] -- Installing: /home/minwoong/OneDrive/JMW/dynamixel_8DOF/install/dynamixel_control/share/dynamixel_control//data/csv/.data/torquecheck.csv
[8.299s] -- Installing: /home/minwoong/OneDrive/JMW/dynamixel_8DOF/install/dynamixel_control/share/dynamixel_control//data/csv/.data/H1_gymnast_2_euler_Rejusted_angle_H1.csv
[8.299s] -- Installing: /home/minwoong/OneDrive/JMW/dynamixel_8DOF/install/dynamixel_control/share/dynamixel_control//data/csv/.data/0708_1327_WMCA_Dance_SPE_wrist_Scale=Arm.mp4_motor_degree.csv
[8.299s] -- Installing: /home/minwoong/OneDrive/JMW/dynamixel_8DOF/install/dynamixel_control/share/dynamixel_control//data/csv/.data/07_anysong_2_Test.csv
[8.300s] -- Installing: /home/minwoong/OneDrive/JMW/dynamixel_8DOF/install/dynamixel_control/share/dynamixel_control//data/csv/.data/H1_0511_2223_Anysong_1_animation_semina_preprocessing.mp4_euler_angle_H1.csv
[8.300s] -- Installing: /home/minwoong/OneDrive/JMW/dynamixel_8DOF/install/dynamixel_control/share/dynamixel_control//data/csv/.data/0501_2011_Anysong_2_animation_semina_21degree_Complete.mp4_motor_degree.csv
[8.300s] -- Installing: /home/minwoong/OneDrive/JMW/dynamixel_8DOF/install/dynamixel_control/share/dynamixel_control//data/csv/.data/02_Default_두리번두번.xlsx
[8.300s] -- Installing: /home/minwoong/OneDrive/JMW/dynamixel_8DOF/install/dynamixel_control/share/dynamixel_control//data/csv/.data/02_Default_두리번2.csv
[8.300s] -- Installing: /home/minwoong/OneDrive/JMW/dynamixel_8DOF/install/dynamixel_control/share/dynamixel_control//data/csv/h1
[8.301s] -- Installing: /home/minwoong/OneDrive/JMW/dynamixel_8DOF/install/dynamixel_control/share/dynamixel_control//data/csv/00_Sync.csv
[8.301s] -- Installing: /home/minwoong/OneDrive/JMW/dynamixel_8DOF/install/dynamixel_control/share/dynamixel_control//data/csv/poppy
[8.301s] -- Installing: /home/minwoong/OneDrive/JMW/dynamixel_8DOF/install/dynamixel_control/share/dynamixel_control//data/csv/poppy/.data
[8.301s] -- Installing: /home/minwoong/OneDrive/JMW/dynamixel_8DOF/install/dynamixel_control/share/dynamixel_control//data/csv/poppy/.data/Elbow_Test_NoInitial_LM_visualizaton.csv
[8.301s] -- Installing: /home/minwoong/OneDrive/JMW/dynamixel_8DOF/install/dynamixel_control/share/dynamixel_control//data/csv/poppy/.data/2_smoothed_angles.csv
[8.301s] -- Installing: /home/minwoong/OneDrive/JMW/dynamixel_8DOF/install/dynamixel_control/share/dynamixel_control//data/csv/poppy/.data/Zero.csv
[8.301s] -- Installing: /home/minwoong/OneDrive/JMW/dynamixel_8DOF/install/dynamixel_control/share/dynamixel_control//data/csv/poppy/.data/Zero.ods
[8.301s] -- Installing: /home/minwoong/OneDrive/JMW/dynamixel_8DOF/install/dynamixel_control/share/dynamixel_control//data/csv/poppy/.data/1104_2230_WMCA_Dance_poppy_humanoid_motor_degree.csv
[8.301s] -- Installing: /home/minwoong/OneDrive/JMW/dynamixel_8DOF/install/dynamixel_control/share/dynamixel_control//data/csv/poppy/.data/2DoF_Semina_elbow_poppy_humanoid.csv
[8.301s] -- Installing: /home/minwoong/OneDrive/JMW/dynamixel_8DOF/install/dynamixel_control/share/dynamixel_control//data/csv/poppy/.data/1104_2230_Semina_shoulder_poppy_humanoid_motor_degree.csv
[8.302s] -- Installing: /home/minwoong/OneDrive/JMW/dynamixel_8DOF/install/dynamixel_control/share/dynamixel_control//data/csv/poppy/.data/251118_1513_gymnast_2_poppy_humanoid_Robot_point_GN_LM_rviz.csv
[8.302s] -- Installing: /home/minwoong/OneDrive/JMW/dynamixel_8DOF/install/dynamixel_control/share/dynamixel_control//data/csv/poppy/.data/251119_2030_GEO
[8.302s] -- Installing: /home/minwoong/OneDrive/JMW/dynamixel_8DOF/install/dynamixel_control/share/dynamixel_control//data/csv/poppy/.data/251119_2030_GEO/1119_2030_gymnast_2_poppy_humanoid_arm_margin_0.95_motor_degree.csv
[8.302s] -- Installing: /home/minwoong/OneDrive/JMW/dynamixel_8DOF/install/dynamixel_control/share/dynamixel_control//data/csv/poppy/.data/251119_2030_GEO/1119_2030_Semina_Robot_joint_poppy_humanoid_arm_margin_0.95_motor_degree.csv
[8.302s] -- Installing: /home/minwoong/OneDrive/JMW/dynamixel_8DOF/install/dynamixel_control/share/dynamixel_control//data/csv/poppy/.data/251119_2030_GEO/1119_2030_WMCA_Dance_poppy_humanoid_arm_margin_0.95_motor_degree.csv
[8.302s] -- Installing: /home/minwoong/OneDrive/JMW/dynamixel_8DOF/install/dynamixel_control/share/dynamixel_control//data/csv/poppy/.data/251119_2030_GEO/1119_2030_Semina_collar_poppy_humanoid_arm_margin_0.95_motor_degree.csv
[8.302s] -- Installing: /home/minwoong/OneDrive/JMW/dynamixel_8DOF/install/dynamixel_control/share/dynamixel_control//data/csv/poppy/.data/251119_2030_GEO/1119_2030_Semina_elbow_poppy_humanoid_arm_margin_0.95_motor_degree.csv
[8.303s] -- Installing: /home/minwoong/OneDrive/JMW/dynamixel_8DOF/install/dynamixel_control/share/dynamixel_control//data/csv/poppy/.data/elbow_test_branch_problem_visualization.csv
[8.303s] -- Installing: /home/minwoong/OneDrive/JMW/dynamixel_8DOF/install/dynamixel_control/share/dynamixel_control//data/csv/poppy/.data/251118_1513_Semina_elbow_poppy_humanoid_Human_point_GN_LM_rviz.csv
[8.303s] -- Installing: /home/minwoong/OneDrive/JMW/dynamixel_8DOF/install/dynamixel_control/share/dynamixel_control//data/csv/poppy/.data/GN_LM_HumanPoint_flip_Problem
[8.303s] -- Installing: /home/minwoong/OneDrive/JMW/dynamixel_8DOF/install/dynamixel_control/share/dynamixel_control//data/csv/poppy/.data/GN_LM_HumanPoint_flip_Problem/1119_2030_WMCA_Dance_Human_Point_GN_LM.csv
[8.303s] -- Installing: /home/minwoong/OneDrive/JMW/dynamixel_8DOF/install/dynamixel_control/share/dynamixel_control//data/csv/poppy/.data/GN_LM_HumanPoint_flip_Problem/1119_2030_gymnast_2_Human_Point_GN_LM.csv
[8.303s] -- Installing: /home/minwoong/OneDrive/JMW/dynamixel_8DOF/install/dynamixel_control/share/dynamixel_control//data/csv/poppy/.data/GN_LM_HumanPoint_flip_Problem/1119_2030_Semina_elbow_Human_Point_GN_LM.csv
[8.303s] -- Installing: /home/minwoong/OneDrive/JMW/dynamixel_8DOF/install/dynamixel_control/share/dynamixel_control//data/csv/poppy/.data/GN_LM_HumanPoint_flip_Problem/1119_2030_Semina_collar_Human_Point_GN_LM.csv
[8.304s] -- Installing: /home/minwoong/OneDrive/JMW/dynamixel_8DOF/install/dynamixel_control/share/dynamixel_control//data/csv/poppy/.data/GN_LM_HumanPoint_flip_Problem/1119_2030_Semina_Robot_joint_Human_Point_GN_LM.csv
[8.304s] -- Installing: /home/minwoong/OneDrive/JMW/dynamixel_8DOF/install/dynamixel_control/share/dynamixel_control//data/csv/poppy/.data/1104_2230_Semina_collar_poppy_humanoid_motor_degree.csv
[8.304s] -- Installing: /home/minwoong/OneDrive/JMW/dynamixel_8DOF/install/dynamixel_control/share/dynamixel_control//data/csv/poppy/.data/3_smoothed_angles_interpolated.csv
[8.304s] -- Installing: /home/minwoong/OneDrive/JMW/dynamixel_8DOF/install/dynamixel_control/share/dynamixel_control//data/csv/poppy/.data/1104_2222_gymnast_2_poppy_humanoid_motor_degree.csv
[8.304s] -- Installing: /home/minwoong/OneDrive/JMW/dynamixel_8DOF/install/dynamixel_control/share/dynamixel_control//data/csv/poppy/.data/1_1104_2230_Semina_elbow_poppy_humanoid_motor_degree.csv
[8.304s] -- Installing: /home/minwoong/OneDrive/JMW/dynamixel_8DOF/install/dynamixel_control/share/dynamixel_control//data/csv/poppy/.data/Joint_Test_NoInitial_LM_visualizaton.csv
[8.305s] -- Installing: /home/minwoong/OneDrive/JMW/dynamixel_8DOF/install/dynamixel_control/share/dynamixel_control//data/csv/poppy/1119
[8.305s] -- Installing: /home/minwoong/OneDrive/JMW/dynamixel_8DOF/install/dynamixel_control/share/dynamixel_control//data/csv/poppy/1119/1119_2030_gymnast_2_poppy_robot_point.csv
[8.305s] -- Installing: /home/minwoong/OneDrive/JMW/dynamixel_8DOF/install/dynamixel_control/share/dynamixel_control//data/csv/poppy/1119/1119_2030_Semina_Robot_joint_poppy_humanoid_arm_margin_0.95_motor_degree.csv
[8.305s] -- Installing: /home/minwoong/OneDrive/JMW/dynamixel_8DOF/install/dynamixel_control/share/dynamixel_control//data/csv/poppy/1119/1119_2030_Semina_Robot_joint_poppy__robot_point.csv
[8.305s] -- Installing: /home/minwoong/OneDrive/JMW/dynamixel_8DOF/install/dynamixel_control/share/dynamixel_control//data/csv/poppy/1119/1119_2030_Semina_elbow_poppy__robot_point.csv
[8.305s] -- Installing: /home/minwoong/OneDrive/JMW/dynamixel_8DOF/install/dynamixel_control/share/dynamixel_control//data/csv/poppy/1119/1119_2030_Semina_collar_poppy__robot_point.csv
[8.305s] -- Installing: /home/minwoong/OneDrive/JMW/dynamixel_8DOF/install/dynamixel_control/share/dynamixel_control//data/csv/poppy/0120_1021_gymnast_2_poppy_neck_test_edge_degree_0_motor_degree.csv
[8.306s] -- Installing: /home/minwoong/OneDrive/JMW/dynamixel_8DOF/install/dynamixel_control/share/dynamixel_control//data/csv/poppy/0120_1125_gymnast_2_poppy_neck_test_edge_degree_0_motor_degree.csv
[8.306s] -- Installing: /home/minwoong/OneDrive/JMW/dynamixel_8DOF/install/dynamixel_control/share/dynamixel_control//data/csv/poppy/0119_2135_gymnast_2_poppy_neck_test_main_motor_degree.csv
[8.306s] -- Installing: /home/minwoong/OneDrive/JMW/dynamixel_8DOF/install/dynamixel_control/share/dynamixel_control//urdf
[8.306s] -- Installing: /home/minwoong/OneDrive/JMW/dynamixel_8DOF/install/dynamixel_control/share/dynamixel_control//urdf/meshes
[8.306s] -- Installing: /home/minwoong/OneDrive/JMW/dynamixel_8DOF/install/dynamixel_control/share/dynamixel_control//urdf/meshes/R_Wrist3.stl
[8.311s] -- Installing: /home/minwoong/OneDrive/JMW/dynamixel_8DOF/install/dynamixel_control/share/dynamixel_control//urdf/meshes/L_Wrist3.stl
[8.315s] -- Installing: /home/minwoong/OneDrive/JMW/dynamixel_8DOF/install/dynamixel_control/share/dynamixel_control//urdf/meshes/R_Upperarm.stl
[8.316s] -- Installing: /home/minwoong/OneDrive/JMW/dynamixel_8DOF/install/dynamixel_control/share/dynamixel_control//urdf/meshes/R_Shoulder2.stl
[8.317s] -- Installing: /home/minwoong/OneDrive/JMW/dynamixel_8DOF/install/dynamixel_control/share/dynamixel_control//urdf/meshes/Waist_Top.stl
[8.325s] -- Installing: /home/minwoong/OneDrive/JMW/dynamixel_8DOF/install/dynamixel_control/share/dynamixel_control//urdf/meshes/L_Wrist2.stl
[8.326s] -- Installing: /home/minwoong/OneDrive/JMW/dynamixel_8DOF/install/dynamixel_control/share/dynamixel_control//urdf/meshes/R_Wrist2.stl
[8.327s] -- Installing: /home/minwoong/OneDrive/JMW/dynamixel_8DOF/install/dynamixel_control/share/dynamixel_control//urdf/meshes/Base.stl
[8.330s] -- Installing: /home/minwoong/OneDrive/JMW/dynamixel_8DOF/install/dynamixel_control/share/dynamixel_control//urdf/meshes/L_Shoulder3.stl
[8.331s] -- Installing: /home/minwoong/OneDrive/JMW/dynamixel_8DOF/install/dynamixel_control/share/dynamixel_control//urdf/meshes/L_Shoulder2.stl
[8.331s] -- Installing: /home/minwoong/OneDrive/JMW/dynamixel_8DOF/install/dynamixel_control/share/dynamixel_control//urdf/meshes/L_Upperarm.stl
[8.332s] -- Installing: /home/minwoong/OneDrive/JMW/dynamixel_8DOF/install/dynamixel_control/share/dynamixel_control//urdf/meshes/Head.stl
[8.332s] -- Installing: /home/minwoong/OneDrive/JMW/dynamixel_8DOF/install/dynamixel_control/share/dynamixel_control//urdf/meshes/R_Shoulder1.stl
[8.333s] -- Installing: /home/minwoong/OneDrive/JMW/dynamixel_8DOF/install/dynamixel_control/share/dynamixel_control//urdf/meshes/R_Forearm.stl
[8.334s] -- Installing: /home/minwoong/OneDrive/JMW/dynamixel_8DOF/install/dynamixel_control/share/dynamixel_control//urdf/meshes/Waist_Bottom.stl
[8.335s] -- Installing: /home/minwoong/OneDrive/JMW/dynamixel_8DOF/install/dynamixel_control/share/dynamixel_control//urdf/meshes/R_Shoulder3.stl
[8.336s] -- Installing: /home/minwoong/OneDrive/JMW/dynamixel_8DOF/install/dynamixel_control/share/dynamixel_control//urdf/meshes/Neck1.stl
[8.337s] -- Installing: /home/minwoong/OneDrive/JMW/dynamixel_8DOF/install/dynamixel_control/share/dynamixel_control//urdf/meshes/Neck2.stl
[8.338s] -- Installing: /home/minwoong/OneDrive/JMW/dynamixel_8DOF/install/dynamixel_control/share/dynamixel_control//urdf/meshes/L_Wrist1.stl
[8.338s] -- Installing: /home/minwoong/OneDrive/JMW/dynamixel_8DOF/install/dynamixel_control/share/dynamixel_control//urdf/meshes/R_Wrist1.stl
[8.339s] -- Installing: /home/minwoong/OneDrive/JMW/dynamixel_8DOF/install/dynamixel_control/share/dynamixel_control//urdf/meshes/L_Shoulder1.stl
[8.340s] -- Installing: /home/minwoong/OneDrive/JMW/dynamixel_8DOF/install/dynamixel_control/share/dynamixel_control//urdf/meshes/L_Forearm.stl
[8.341s] -- Installing: /home/minwoong/OneDrive/JMW/dynamixel_8DOF/install/dynamixel_control/share/dynamixel_control//urdf/poppy_rviz_config.rviz
[8.341s] -- Installing: /home/minwoong/OneDrive/JMW/dynamixel_8DOF/install/dynamixel_control/share/dynamixel_control//urdf/AVATAR_URDF_Test3.urdf
[8.341s] -- Installing: /home/minwoong/OneDrive/JMW/dynamixel_8DOF/install/dynamixel_control/share/dynamixel_control//h1_2_description
[8.341s] -- Installing: /home/minwoong/OneDrive/JMW/dynamixel_8DOF/install/dynamixel_control/share/dynamixel_control//h1_2_description/meshes
[8.341s] -- Installing: /home/minwoong/OneDrive/JMW/dynamixel_8DOF/install/dynamixel_control/share/dynamixel_control//h1_2_description/meshes/left_ankle_A_link.STL
[8.341s] -- Installing: /home/minwoong/OneDrive/JMW/dynamixel_8DOF/install/dynamixel_control/share/dynamixel_control//h1_2_description/meshes/link12_L.STL
[8.342s] -- Installing: /home/minwoong/OneDrive/JMW/dynamixel_8DOF/install/dynamixel_control/share/dynamixel_control//h1_2_description/meshes/pelvis.STL
[8.342s] -- Installing: /home/minwoong/OneDrive/JMW/dynamixel_8DOF/install/dynamixel_control/share/dynamixel_control//h1_2_description/meshes/L_index_proximal.STL
[8.343s] -- Installing: /home/minwoong/OneDrive/JMW/dynamixel_8DOF/install/dynamixel_control/share/dynamixel_control//h1_2_description/meshes/L_middle_intermediate.STL
[8.343s] -- Installing: /home/minwoong/OneDrive/JMW/dynamixel_8DOF/install/dynamixel_control/share/dynamixel_control//h1_2_description/meshes/right_shoulder_roll_link.STL
[8.345s] -- Installing: /home/minwoong/OneDrive/JMW/dynamixel_8DOF/install/dynamixel_control/share/dynamixel_control//h1_2_description/meshes/link18_L.STL
[8.345s] -- Installing: /home/minwoong/OneDrive/JMW/dynamixel_8DOF/install/dynamixel_control/share/dynamixel_control//h1_2_description/meshes/left_hip_roll_link.STL
[8.345s] -- Installing: /home/minwoong/OneDrive/JMW/dynamixel_8DOF/install/dynamixel_control/share/dynamixel_control//h1_2_description/meshes/wrist_yaw_link.STL
[8.345s] -- Installing: /home/minwoong/OneDrive/JMW/dynamixel_8DOF/install/dynamixel_control/share/dynamixel_control//h1_2_description/meshes/right_wrist_pitch_link.STL
[8.346s] -- Installing: /home/minwoong/OneDrive/JMW/dynamixel_8DOF/install/dynamixel_control/share/dynamixel_control//h1_2_description/meshes/R_thumb_intermediate.STL
[8.346s] -- Installing: /home/minwoong/OneDrive/JMW/dynamixel_8DOF/install/dynamixel_control/share/dynamixel_control//h1_2_description/meshes/R_index_intermediate.STL
[8.346s] -- Installing: /home/minwoong/OneDrive/JMW/dynamixel_8DOF/install/dynamixel_control/share/dynamixel_control//h1_2_description/meshes/right_ankle_B_rod_link.STL
[8.347s] -- Installing: /home/minwoong/OneDrive/JMW/dynamixel_8DOF/install/dynamixel_control/share/dynamixel_control//h1_2_description/meshes/link20_R.STL
[8.347s] -- Installing: /home/minwoong/OneDrive/JMW/dynamixel_8DOF/install/dynamixel_control/share/dynamixel_control//h1_2_description/meshes/link16_R.STL
[8.347s] -- Installing: /home/minwoong/OneDrive/JMW/dynamixel_8DOF/install/dynamixel_control/share/dynamixel_control//h1_2_description/meshes/R_index_proximal.STL
[8.347s] -- Installing: /home/minwoong/OneDrive/JMW/dynamixel_8DOF/install/dynamixel_control/share/dynamixel_control//h1_2_description/meshes/R_ring_intermediate.STL
[8.348s] -- Installing: /home/minwoong/OneDrive/JMW/dynamixel_8DOF/install/dynamixel_control/share/dynamixel_control//h1_2_description/meshes/right_ankle_A_link.STL
[8.348s] -- Installing: /home/minwoong/OneDrive/JMW/dynamixel_8DOF/install/dynamixel_control/share/dynamixel_control//h1_2_description/meshes/L_thumb_proximal.STL
[8.349s] -- Installing: /home/minwoong/OneDrive/JMW/dynamixel_8DOF/install/dynamixel_control/share/dynamixel_control//h1_2_description/meshes/L_middle_proximal.STL
[8.349s] -- Installing: /home/minwoong/OneDrive/JMW/dynamixel_8DOF/install/dynamixel_control/share/dynamixel_control//h1_2_description/meshes/L_ring_intermediate.STL
[8.349s] -- Installing: /home/minwoong/OneDrive/JMW/dynamixel_8DOF/install/dynamixel_control/share/dynamixel_control//h1_2_description/meshes/link11_L.STL
[8.349s] -- Installing: /home/minwoong/OneDrive/JMW/dynamixel_8DOF/install/dynamixel_control/share/dynamixel_control//h1_2_description/meshes/link19_L.STL
[8.350s] -- Installing: /home/minwoong/OneDrive/JMW/dynamixel_8DOF/install/dynamixel_control/share/dynamixel_control//h1_2_description/meshes/L_ring_proximal.STL
[8.350s] -- Installing: /home/minwoong/OneDrive/JMW/dynamixel_8DOF/install/dynamixel_control/share/dynamixel_control//h1_2_description/meshes/link13_R.STL
[8.350s] -- Installing: /home/minwoong/OneDrive/JMW/dynamixel_8DOF/install/dynamixel_control/share/dynamixel_control//h1_2_description/meshes/R_thumb_proximal.STL
[8.351s] -- Installing: /home/minwoong/OneDrive/JMW/dynamixel_8DOF/install/dynamixel_control/share/dynamixel_control//h1_2_description/meshes/link21_R.STL
[8.351s] -- Installing: /home/minwoong/OneDrive/JMW/dynamixel_8DOF/install/dynamixel_control/share/dynamixel_control//h1_2_description/meshes/R_pinky_intermediate.STL
[8.352s] -- Installing: /home/minwoong/OneDrive/JMW/dynamixel_8DOF/install/dynamixel_control/share/dynamixel_control//h1_2_description/meshes/left_shoulder_roll_link.STL
[8.353s] -- Installing: /home/minwoong/OneDrive/JMW/dynamixel_8DOF/install/dynamixel_control/share/dynamixel_control//h1_2_description/meshes/L_thumb_intermediate.STL
[8.354s] -- Installing: /home/minwoong/OneDrive/JMW/dynamixel_8DOF/install/dynamixel_control/share/dynamixel_control//h1_2_description/meshes/left_hip_yaw_link.STL
[8.354s] -- Installing: /home/minwoong/OneDrive/JMW/dynamixel_8DOF/install/dynamixel_control/share/dynamixel_control//h1_2_description/meshes/link13_L.STL
[8.355s] -- Installing: /home/minwoong/OneDrive/JMW/dynamixel_8DOF/install/dynamixel_control/share/dynamixel_control//h1_2_description/meshes/right_shoulder_pitch_link.STL
[8.356s] -- Installing: /home/minwoong/OneDrive/JMW/dynamixel_8DOF/install/dynamixel_control/share/dynamixel_control//h1_2_description/meshes/left_ankle_B_link.STL
[8.356s] -- Installing: /home/minwoong/OneDrive/JMW/dynamixel_8DOF/install/dynamixel_control/share/dynamixel_control//h1_2_description/meshes/link11_R.STL
[8.356s] -- Installing: /home/minwoong/OneDrive/JMW/dynamixel_8DOF/install/dynamixel_control/share/dynamixel_control//h1_2_description/meshes/left_ankle_pitch_link.STL
[8.356s] -- Installing: /home/minwoong/OneDrive/JMW/dynamixel_8DOF/install/dynamixel_control/share/dynamixel_control//h1_2_description/meshes/left_hip_pitch_link.STL
[8.357s] -- Installing: /home/minwoong/OneDrive/JMW/dynamixel_8DOF/install/dynamixel_control/share/dynamixel_control//h1_2_description/meshes/right_ankle_B_link.STL
[8.357s] -- Installing: /home/minwoong/OneDrive/JMW/dynamixel_8DOF/install/dynamixel_control/share/dynamixel_control//h1_2_description/meshes/link19_R.STL
[8.358s] -- Installing: /home/minwoong/OneDrive/JMW/dynamixel_8DOF/install/dynamixel_control/share/dynamixel_control//h1_2_description/meshes/L_thumb_distal.STL
[8.358s] -- Installing: /home/minwoong/OneDrive/JMW/dynamixel_8DOF/install/dynamixel_control/share/dynamixel_control//h1_2_description/meshes/R_thumb_distal.STL
[8.358s] -- Installing: /home/minwoong/OneDrive/JMW/dynamixel_8DOF/install/dynamixel_control/share/dynamixel_control//h1_2_description/meshes/left_ankle_A_rod_link.STL
[8.358s] -- Installing: /home/minwoong/OneDrive/JMW/dynamixel_8DOF/install/dynamixel_control/share/dynamixel_control//h1_2_description/meshes/right_hip_roll_link.STL
[8.359s] -- Installing: /home/minwoong/OneDrive/JMW/dynamixel_8DOF/install/dynamixel_control/share/dynamixel_control//h1_2_description/meshes/left_shoulder_pitch_link.STL
[8.360s] -- Installing: /home/minwoong/OneDrive/JMW/dynamixel_8DOF/install/dynamixel_control/share/dynamixel_control//h1_2_description/meshes/link12_R.STL
[8.361s] -- Installing: /home/minwoong/OneDrive/JMW/dynamixel_8DOF/install/dynamixel_control/share/dynamixel_control//h1_2_description/meshes/L_index_intermediate.STL
[8.361s] -- Installing: /home/minwoong/OneDrive/JMW/dynamixel_8DOF/install/dynamixel_control/share/dynamixel_control//h1_2_description/meshes/left_ankle_roll_link.STL
[8.361s] -- Installing: /home/minwoong/OneDrive/JMW/dynamixel_8DOF/install/dynamixel_control/share/dynamixel_control//h1_2_description/meshes/left_shoulder_yaw_link.STL
[8.363s] -- Installing: /home/minwoong/OneDrive/JMW/dynamixel_8DOF/install/dynamixel_control/share/dynamixel_control//h1_2_description/meshes/link17_R.STL
[8.363s] -- Installing: /home/minwoong/OneDrive/JMW/dynamixel_8DOF/install/dynamixel_control/share/dynamixel_control//h1_2_description/meshes/R_middle_intermediate.STL
[8.363s] -- Installing: /home/minwoong/OneDrive/JMW/dynamixel_8DOF/install/dynamixel_control/share/dynamixel_control//h1_2_description/meshes/link22_L.STL
[8.364s] -- Installing: /home/minwoong/OneDrive/JMW/dynamixel_8DOF/install/dynamixel_control/share/dynamixel_control//h1_2_description/meshes/R_pinky_proximal.STL
[8.364s] -- Installing: /home/minwoong/OneDrive/JMW/dynamixel_8DOF/install/dynamixel_control/share/dynamixel_control//h1_2_description/meshes/link17_L.STL
[8.364s] -- Installing: /home/minwoong/OneDrive/JMW/dynamixel_8DOF/install/dynamixel_control/share/dynamixel_control//h1_2_description/meshes/link15_R.STL
[8.365s] -- Installing: /home/minwoong/OneDrive/JMW/dynamixel_8DOF/install/dynamixel_control/share/dynamixel_control//h1_2_description/meshes/link15_L.STL
[8.365s] -- Installing: /home/minwoong/OneDrive/JMW/dynamixel_8DOF/install/dynamixel_control/share/dynamixel_control//h1_2_description/meshes/right_ankle_pitch_link.STL
[8.365s] -- Installing: /home/minwoong/OneDrive/JMW/dynamixel_8DOF/install/dynamixel_control/share/dynamixel_control//h1_2_description/meshes/R_ring_proximal.STL
[8.365s] -- Installing: /home/minwoong/OneDrive/JMW/dynamixel_8DOF/install/dynamixel_control/share/dynamixel_control//h1_2_description/meshes/right_hip_pitch_link.STL
[8.366s] -- Installing: /home/minwoong/OneDrive/JMW/dynamixel_8DOF/install/dynamixel_control/share/dynamixel_control//h1_2_description/meshes/right_pitch_link.STL
[8.367s] -- Installing: /home/minwoong/OneDrive/JMW/dynamixel_8DOF/install/dynamixel_control/share/dynamixel_control//h1_2_description/meshes/right_ankle_link.STL
[8.367s] -- Installing: /home/minwoong/OneDrive/JMW/dynamixel_8DOF/install/dynamixel_control/share/dynamixel_control//h1_2_description/meshes/right_hip_yaw_link.STL
[8.368s] -- Installing: /home/minwoong/OneDrive/JMW/dynamixel_8DOF/install/dynamixel_control/share/dynamixel_control//h1_2_description/meshes/L_pinky_intermediate.STL
[8.368s] -- Installing: /home/minwoong/OneDrive/JMW/dynamixel_8DOF/install/dynamixel_control/share/dynamixel_control//h1_2_description/meshes/left_wrist_roll_link.STL
[8.369s] -- Installing: /home/minwoong/OneDrive/JMW/dynamixel_8DOF/install/dynamixel_control/share/dynamixel_control//h1_2_description/meshes/link16_L.STL
[8.369s] -- Installing: /home/minwoong/OneDrive/JMW/dynamixel_8DOF/install/dynamixel_control/share/dynamixel_control//h1_2_description/meshes/left_hand_link.STL
[8.369s] -- Installing: /home/minwoong/OneDrive/JMW/dynamixel_8DOF/install/dynamixel_control/share/dynamixel_control//h1_2_description/meshes/right_elbow_link.STL
[8.370s] -- Installing: /home/minwoong/OneDrive/JMW/dynamixel_8DOF/install/dynamixel_control/share/dynamixel_control//h1_2_description/meshes/R_hand_base_link.STL
[8.371s] -- Installing: /home/minwoong/OneDrive/JMW/dynamixel_8DOF/install/dynamixel_control/share/dynamixel_control//h1_2_description/meshes/L_thumb_proximal_base.STL
[8.371s] -- Installing: /home/minwoong/OneDrive/JMW/dynamixel_8DOF/install/dynamixel_control/share/dynamixel_control//h1_2_description/meshes/R_thumb_proximal_base.STL
[8.371s] -- Installing: /home/minwoong/OneDrive/JMW/dynamixel_8DOF/install/dynamixel_control/share/dynamixel_control//h1_2_description/meshes/link22_R.STL
[8.372s] -- Installing: /home/minwoong/OneDrive/JMW/dynamixel_8DOF/install/dynamixel_control/share/dynamixel_control//h1_2_description/meshes/link14_R.STL
[8.372s] -- Installing: /home/minwoong/OneDrive/JMW/dynamixel_8DOF/install/dynamixel_control/share/dynamixel_control//h1_2_description/meshes/left_ankle_B_rod_link.STL
[8.372s] -- Installing: /home/minwoong/OneDrive/JMW/dynamixel_8DOF/install/dynamixel_control/share/dynamixel_control//h1_2_description/meshes/R_middle_proximal.STL
[8.372s] -- Installing: /home/minwoong/OneDrive/JMW/dynamixel_8DOF/install/dynamixel_control/share/dynamixel_control//h1_2_description/meshes/L_hand_base_link.STL
[8.373s] -- Installing: /home/minwoong/OneDrive/JMW/dynamixel_8DOF/install/dynamixel_control/share/dynamixel_control//h1_2_description/meshes/right_wrist_roll_link.STL
[8.374s] -- Installing: /home/minwoong/OneDrive/JMW/dynamixel_8DOF/install/dynamixel_control/share/dynamixel_control//h1_2_description/meshes/L_pinky_proximal.STL
[8.375s] -- Installing: /home/minwoong/OneDrive/JMW/dynamixel_8DOF/install/dynamixel_control/share/dynamixel_control//h1_2_description/meshes/right_knee_link.STL
[8.375s] -- Installing: /home/minwoong/OneDrive/JMW/dynamixel_8DOF/install/dynamixel_control/share/dynamixel_control//h1_2_description/meshes/link18_R.STL
[8.375s] -- Installing: /home/minwoong/OneDrive/JMW/dynamixel_8DOF/install/dynamixel_control/share/dynamixel_control//h1_2_description/meshes/right_ankle_roll_link.STL
[8.375s] -- Installing: /home/minwoong/OneDrive/JMW/dynamixel_8DOF/install/dynamixel_control/share/dynamixel_control//h1_2_description/meshes/left_knee_link.STL
[8.375s] -- Installing: /home/minwoong/OneDrive/JMW/dynamixel_8DOF/install/dynamixel_control/share/dynamixel_control//h1_2_description/meshes/link21_L.STL
[8.376s] -- Installing: /home/minwoong/OneDrive/JMW/dynamixel_8DOF/install/dynamixel_control/share/dynamixel_control//h1_2_description/meshes/logo_link.STL
[8.376s] -- Installing: /home/minwoong/OneDrive/JMW/dynamixel_8DOF/install/dynamixel_control/share/dynamixel_control//h1_2_description/meshes/link20_L.STL
[8.376s] -- Installing: /home/minwoong/OneDrive/JMW/dynamixel_8DOF/install/dynamixel_control/share/dynamixel_control//h1_2_description/meshes/torso_link.STL
[8.378s] -- Installing: /home/minwoong/OneDrive/JMW/dynamixel_8DOF/install/dynamixel_control/share/dynamixel_control//h1_2_description/meshes/right_shoulder_yaw_link.STL
[8.380s] -- Installing: /home/minwoong/OneDrive/JMW/dynamixel_8DOF/install/dynamixel_control/share/dynamixel_control//h1_2_description/meshes/left_elbow_link.STL
[8.381s] -- Installing: /home/minwoong/OneDrive/JMW/dynamixel_8DOF/install/dynamixel_control/share/dynamixel_control//h1_2_description/meshes/link14_L.STL
[8.381s] -- Installing: /home/minwoong/OneDrive/JMW/dynamixel_8DOF/install/dynamixel_control/share/dynamixel_control//h1_2_description/meshes/right_hand_link.STL
[8.381s] -- Installing: /home/minwoong/OneDrive/JMW/dynamixel_8DOF/install/dynamixel_control/share/dynamixel_control//h1_2_description/meshes/left_wrist_pitch_link.STL
[8.382s] -- Installing: /home/minwoong/OneDrive/JMW/dynamixel_8DOF/install/dynamixel_control/share/dynamixel_control//h1_2_description/meshes/right_ankle_A_rod_link.STL
[8.382s] -- Installing: /home/minwoong/OneDrive/JMW/dynamixel_8DOF/install/dynamixel_control/share/dynamixel_control//h1_2_description/h1_2.xml
[8.382s] -- Installing: /home/minwoong/OneDrive/JMW/dynamixel_8DOF/install/dynamixel_control/share/dynamixel_control//h1_2_description/h1_2.urdf
[8.382s] -- Installing: /home/minwoong/OneDrive/JMW/dynamixel_8DOF/install/dynamixel_control/share/dynamixel_control//h1_2_description/README.md
[8.382s] -- Installing: /home/minwoong/OneDrive/JMW/dynamixel_8DOF/install/dynamixel_control/share/dynamixel_control//h1_2_description/h1_2.png
[8.383s] -- Installing: /home/minwoong/OneDrive/JMW/dynamixel_8DOF/install/dynamixel_control/share/dynamixel_control//h1_2_description/h1_2_handless.xml
[8.383s] -- Installing: /home/minwoong/OneDrive/JMW/dynamixel_8DOF/install/dynamixel_control/share/dynamixel_control//h1_2_description/h1_2_handless.urdf
[8.383s] -- Installing: /home/minwoong/OneDrive/JMW/dynamixel_8DOF/install/dynamixel_control/share/dynamixel_control//poppy_description
[8.383s] -- Installing: /home/minwoong/OneDrive/JMW/dynamixel_8DOF/install/dynamixel_control/share/dynamixel_control//poppy_description/meshes
[8.383s] -- Installing: /home/minwoong/OneDrive/JMW/dynamixel_8DOF/install/dynamixel_control/share/dynamixel_control//poppy_description/meshes/l_forearm_visual.STL
[8.383s] -- Installing: /home/minwoong/OneDrive/JMW/dynamixel_8DOF/install/dynamixel_control/share/dynamixel_control//poppy_description/meshes/l_shoulder_visual.STL
[8.384s] -- Installing: /home/minwoong/OneDrive/JMW/dynamixel_8DOF/install/dynamixel_control/share/dynamixel_control//poppy_description/meshes/l_shoulder_motor_visual.STL
[8.384s] -- Installing: /home/minwoong/OneDrive/JMW/dynamixel_8DOF/install/dynamixel_control/share/dynamixel_control//poppy_description/meshes/head_visual.STL
[8.384s] -- Installing: /home/minwoong/OneDrive/JMW/dynamixel_8DOF/install/dynamixel_control/share/dynamixel_control//poppy_description/meshes/bust_motors_visual.STL
[8.384s] -- Installing: /home/minwoong/OneDrive/JMW/dynamixel_8DOF/install/dynamixel_control/share/dynamixel_control//poppy_description/meshes/abdomen_visual.STL
[8.384s] -- Installing: /home/minwoong/OneDrive/JMW/dynamixel_8DOF/install/dynamixel_control/share/dynamixel_control//poppy_description/meshes/chest_visual.STL
[8.385s] -- Installing: /home/minwoong/OneDrive/JMW/dynamixel_8DOF/install/dynamixel_control/share/dynamixel_control//poppy_description/meshes/r_forearm_visual.STL
[8.385s] -- Installing: /home/minwoong/OneDrive/JMW/dynamixel_8DOF/install/dynamixel_control/share/dynamixel_control//poppy_description/meshes/.nostl
[8.385s] -- Installing: /home/minwoong/OneDrive/JMW/dynamixel_8DOF/install/dynamixel_control/share/dynamixel_control//poppy_description/meshes/.nostl/l_shoulder_respondable.STL
[8.385s] -- Installing: /home/minwoong/OneDrive/JMW/dynamixel_8DOF/install/dynamixel_control/share/dynamixel_control//poppy_description/meshes/.nostl/r_thigh_visual.STL
[8.386s] -- Installing: /home/minwoong/OneDrive/JMW/dynamixel_8DOF/install/dynamixel_control/share/dynamixel_control//poppy_description/meshes/.nostl/r_forearm_respondable.STL
[8.386s] -- Installing: /home/minwoong/OneDrive/JMW/dynamixel_8DOF/install/dynamixel_control/share/dynamixel_control//poppy_description/meshes/.nostl/head_respondable.STL
[8.386s] -- Installing: /home/minwoong/OneDrive/JMW/dynamixel_8DOF/install/dynamixel_control/share/dynamixel_control//poppy_description/meshes/.nostl/r_upper_arm_respondable.STL
[8.386s] -- Installing: /home/minwoong/OneDrive/JMW/dynamixel_8DOF/install/dynamixel_control/share/dynamixel_control//poppy_description/meshes/.nostl/bust_motors_respondable.STL
[8.386s] -- Installing: /home/minwoong/OneDrive/JMW/dynamixel_8DOF/install/dynamixel_control/share/dynamixel_control//poppy_description/meshes/.nostl/l_hip_visual.STL
[8.386s] -- Installing: /home/minwoong/OneDrive/JMW/dynamixel_8DOF/install/dynamixel_control/share/dynamixel_control//poppy_description/meshes/.nostl/r_hip_motor_respondable.STL
[8.386s] -- Installing: /home/minwoong/OneDrive/JMW/dynamixel_8DOF/install/dynamixel_control/share/dynamixel_control//poppy_description/meshes/.nostl/r_foot_visual.STL
[8.387s] -- Installing: /home/minwoong/OneDrive/JMW/dynamixel_8DOF/install/dynamixel_control/share/dynamixel_control//poppy_description/meshes/.nostl/spine_respondable.STL
[8.387s] -- Installing: /home/minwoong/OneDrive/JMW/dynamixel_8DOF/install/dynamixel_control/share/dynamixel_control//poppy_description/meshes/.nostl/l_hip_respondable.STL
[8.387s] -- Installing: /home/minwoong/OneDrive/JMW/dynamixel_8DOF/install/dynamixel_control/share/dynamixel_control//poppy_description/meshes/.nostl/chest_respondable.STL
[8.387s] -- Installing: /home/minwoong/OneDrive/JMW/dynamixel_8DOF/install/dynamixel_control/share/dynamixel_control//poppy_description/meshes/.nostl/l_foot_respondable.STL
[8.387s] -- Installing: /home/minwoong/OneDrive/JMW/dynamixel_8DOF/install/dynamixel_control/share/dynamixel_control//poppy_description/meshes/.nostl/l_shin_visual.STL
[8.387s] -- Installing: /home/minwoong/OneDrive/JMW/dynamixel_8DOF/install/dynamixel_control/share/dynamixel_control//poppy_description/meshes/.nostl/l_forearm_respondable.STL
[8.387s] -- Installing: /home/minwoong/OneDrive/JMW/dynamixel_8DOF/install/dynamixel_control/share/dynamixel_control//poppy_description/meshes/.nostl/r_shoulder_respondable.STL
[8.387s] -- Installing: /home/minwoong/OneDrive/JMW/dynamixel_8DOF/install/dynamixel_control/share/dynamixel_control//poppy_description/meshes/.nostl/r_foot_respondable.STL
[8.387s] -- Installing: /home/minwoong/OneDrive/JMW/dynamixel_8DOF/install/dynamixel_control/share/dynamixel_control//poppy_description/meshes/.nostl/l_thigh_visual.STL
[8.388s] -- Installing: /home/minwoong/OneDrive/JMW/dynamixel_8DOF/install/dynamixel_control/share/dynamixel_control//poppy_description/meshes/.nostl/abs_motors_visual.STL
[8.388s] -- Installing: /home/minwoong/OneDrive/JMW/dynamixel_8DOF/install/dynamixel_control/share/dynamixel_control//poppy_description/meshes/.nostl/l_shoulder_motor_respondable.STL
[8.388s] -- Installing: /home/minwoong/OneDrive/JMW/dynamixel_8DOF/install/dynamixel_control/share/dynamixel_control//poppy_description/meshes/.nostl/l_hip_motor_visual.STL
[8.388s] -- Installing: /home/minwoong/OneDrive/JMW/dynamixel_8DOF/install/dynamixel_control/share/dynamixel_control//poppy_description/meshes/.nostl/l_upper_arm_respondable.STL
[8.388s] -- Installing: /home/minwoong/OneDrive/JMW/dynamixel_8DOF/install/dynamixel_control/share/dynamixel_control//poppy_description/meshes/.nostl/r_shin_visual.STL
[8.388s] -- Installing: /home/minwoong/OneDrive/JMW/dynamixel_8DOF/install/dynamixel_control/share/dynamixel_control//poppy_description/meshes/.nostl/r_thigh_respondable.STL
[8.388s] -- Installing: /home/minwoong/OneDrive/JMW/dynamixel_8DOF/install/dynamixel_control/share/dynamixel_control//poppy_description/meshes/.nostl/l_thigh_respondable.STL
[8.389s] -- Installing: /home/minwoong/OneDrive/JMW/dynamixel_8DOF/install/dynamixel_control/share/dynamixel_control//poppy_description/meshes/.nostl/l_shin_respondable.STL
[8.389s] -- Installing: /home/minwoong/OneDrive/JMW/dynamixel_8DOF/install/dynamixel_control/share/dynamixel_control//poppy_description/meshes/.nostl/r_shoulder_motor_respondable.STL
[8.389s] -- Installing: /home/minwoong/OneDrive/JMW/dynamixel_8DOF/install/dynamixel_control/share/dynamixel_control//poppy_description/meshes/.nostl/l_hip_motor_respondable.STL
[8.389s] -- Installing: /home/minwoong/OneDrive/JMW/dynamixel_8DOF/install/dynamixel_control/share/dynamixel_control//poppy_description/meshes/.nostl/pelvis_visual.STL
[8.389s] -- Installing: /home/minwoong/OneDrive/JMW/dynamixel_8DOF/install/dynamixel_control/share/dynamixel_control//poppy_description/meshes/.nostl/abdomen_respondable.STL
[8.389s] -- Installing: /home/minwoong/OneDrive/JMW/dynamixel_8DOF/install/dynamixel_control/share/dynamixel_control//poppy_description/meshes/.nostl/r_hip_motor_visual.STL
[8.389s] -- Installing: /home/minwoong/OneDrive/JMW/dynamixel_8DOF/install/dynamixel_control/share/dynamixel_control//poppy_description/meshes/.nostl/neck_respondable.STL
[8.390s] -- Installing: /home/minwoong/OneDrive/JMW/dynamixel_8DOF/install/dynamixel_control/share/dynamixel_control//poppy_description/meshes/.nostl/r_shin_respondable.STL
[8.390s] -- Installing: /home/minwoong/OneDrive/JMW/dynamixel_8DOF/install/dynamixel_control/share/dynamixel_control//poppy_description/meshes/.nostl/l_foot_visual.STL
[8.390s] -- Installing: /home/minwoong/OneDrive/JMW/dynamixel_8DOF/install/dynamixel_control/share/dynamixel_control//poppy_description/meshes/.nostl/pelvis_respondable.STL
[8.390s] -- Installing: /home/minwoong/OneDrive/JMW/dynamixel_8DOF/install/dynamixel_control/share/dynamixel_control//poppy_description/meshes/.nostl/r_hip_respondable.STL
[8.390s] -- Installing: /home/minwoong/OneDrive/JMW/dynamixel_8DOF/install/dynamixel_control/share/dynamixel_control//poppy_description/meshes/.nostl/abs_motors_respondable.STL
[8.390s] -- Installing: /home/minwoong/OneDrive/JMW/dynamixel_8DOF/install/dynamixel_control/share/dynamixel_control//poppy_description/meshes/.nostl/r_hip_visual.STL
[8.390s] -- Installing: /home/minwoong/OneDrive/JMW/dynamixel_8DOF/install/dynamixel_control/share/dynamixel_control//poppy_description/meshes/l_upper_arm_visual.STL
[8.391s] -- Installing: /home/minwoong/OneDrive/JMW/dynamixel_8DOF/install/dynamixel_control/share/dynamixel_control//poppy_description/meshes/r_upper_arm_visual.STL
[8.391s] -- Installing: /home/minwoong/OneDrive/JMW/dynamixel_8DOF/install/dynamixel_control/share/dynamixel_control//poppy_description/meshes/spine_visual.STL
[8.391s] -- Installing: /home/minwoong/OneDrive/JMW/dynamixel_8DOF/install/dynamixel_control/share/dynamixel_control//poppy_description/meshes/r_shoulder_visual.STL
[8.391s] -- Installing: /home/minwoong/OneDrive/JMW/dynamixel_8DOF/install/dynamixel_control/share/dynamixel_control//poppy_description/meshes/r_shoulder_motor_visual.STL
[8.391s] -- Installing: /home/minwoong/OneDrive/JMW/dynamixel_8DOF/install/dynamixel_control/share/dynamixel_control//poppy_description/meshes/neck_visual.STL
[8.392s] -- Installing: /home/minwoong/OneDrive/JMW/dynamixel_8DOF/install/dynamixel_control/share/dynamixel_control//poppy_description/manifest.xml
[8.392s] -- Installing: /home/minwoong/OneDrive/JMW/dynamixel_8DOF/install/dynamixel_control/share/dynamixel_control//poppy_description/launch
[8.392s] -- Installing: /home/minwoong/OneDrive/JMW/dynamixel_8DOF/install/dynamixel_control/share/dynamixel_control//poppy_description/launch/gazebo.launch
[8.392s] -- Installing: /home/minwoong/OneDrive/JMW/dynamixel_8DOF/install/dynamixel_control/share/dynamixel_control//poppy_description/launch/display.launch
[8.392s] -- Installing: /home/minwoong/OneDrive/JMW/dynamixel_8DOF/install/dynamixel_control/share/dynamixel_control//poppy_description/update_URDF.py
[8.392s] -- Installing: /home/minwoong/OneDrive/JMW/dynamixel_8DOF/install/dynamixel_control/share/dynamixel_control//poppy_description/robots
[8.392s] -- Installing: /home/minwoong/OneDrive/JMW/dynamixel_8DOF/install/dynamixel_control/share/dynamixel_control//poppy_description/robots/Poppy_Humanoid.URDF
[8.392s] -- Installing: /home/minwoong/OneDrive/JMW/dynamixel_8DOF/install/dynamixel_control/share/ament_index/resource_index/package_run_dependencies/dynamixel_control
[8.392s] -- Installing: /home/minwoong/OneDrive/JMW/dynamixel_8DOF/install/dynamixel_control/share/ament_index/resource_index/parent_prefix_path/dynamixel_control
[8.393s] -- Installing: /home/minwoong/OneDrive/JMW/dynamixel_8DOF/install/dynamixel_control/share/dynamixel_control/environment/ament_prefix_path.sh
[8.393s] -- Installing: /home/minwoong/OneDrive/JMW/dynamixel_8DOF/install/dynamixel_control/share/dynamixel_control/environment/ament_prefix_path.dsv
[8.393s] -- Installing: /home/minwoong/OneDrive/JMW/dynamixel_8DOF/install/dynamixel_control/share/dynamixel_control/environment/path.sh
[8.393s] -- Installing: /home/minwoong/OneDrive/JMW/dynamixel_8DOF/install/dynamixel_control/share/dynamixel_control/environment/path.dsv
[8.393s] -- Installing: /home/minwoong/OneDrive/JMW/dynamixel_8DOF/install/dynamixel_control/share/dynamixel_control/local_setup.bash
[8.393s] -- Installing: /home/minwoong/OneDrive/JMW/dynamixel_8DOF/install/dynamixel_control/share/dynamixel_control/local_setup.sh
[8.393s] -- Installing: /home/minwoong/OneDrive/JMW/dynamixel_8DOF/install/dynamixel_control/share/dynamixel_control/local_setup.zsh
[8.393s] -- Installing: /home/minwoong/OneDrive/JMW/dynamixel_8DOF/install/dynamixel_control/share/dynamixel_control/local_setup.dsv
[8.394s] -- Installing: /home/minwoong/OneDrive/JMW/dynamixel_8DOF/install/dynamixel_control/share/dynamixel_control/package.dsv
[8.394s] -- Installing: /home/minwoong/OneDrive/JMW/dynamixel_8DOF/install/dynamixel_control/share/ament_index/resource_index/packages/dynamixel_control
[8.394s] -- Installing: /home/minwoong/OneDrive/JMW/dynamixel_8DOF/install/dynamixel_control/share/dynamixel_control/cmake/dynamixel_controlConfig.cmake
[8.394s] -- Installing: /home/minwoong/OneDrive/JMW/dynamixel_8DOF/install/dynamixel_control/share/dynamixel_control/cmake/dynamixel_controlConfig-version.cmake
[8.394s] -- Installing: /home/minwoong/OneDrive/JMW/dynamixel_8DOF/install/dynamixel_control/share/dynamixel_control/package.xml
[8.396s] Invoked command in '/home/minwoong/OneDrive/JMW/dynamixel_8DOF/build/dynamixel_control' returned '0': CMAKE_PREFIX_PATH=/opt/ros/humble /usr/bin/cmake --install /home/minwoong/OneDrive/JMW/dynamixel_8DOF/build/dynamixel_control
