[0.007s] Invoking command in '/home/jmw/ROS2/AVATAR/Dynamixel/dynamixel_control/build/dynamixel_control': CMAKE_PREFIX_PATH=/opt/ros/humble /usr/bin/cmake /home/jmw/ROS2/AVATAR/Dynamixel/dynamixel_control -DAMENT_CMAKE_SYMLINK_INSTALL=1 -DCMAKE_INSTALL_PREFIX=/home/jmw/ROS2/AVATAR/Dynamixel/dynamixel_control/install/dynamixel_control
[0.187s] -- The C compiler identification is GNU 11.4.0
[0.277s] -- The CXX compiler identification is GNU 11.4.0
[0.287s] -- Detecting C compiler ABI info
[0.407s] -- Detecting C compiler ABI info - done
[0.417s] -- Check for working C compiler: /usr/bin/cc - skipped
[0.418s] -- Detecting C compile features
[0.418s] -- Detecting C compile features - done
[0.422s] -- Detecting CXX compiler ABI info
[0.477s] -- Detecting CXX compiler ABI info - done
[0.483s] -- Check for working CXX compiler: /usr/bin/c++ - skipped
[0.483s] -- Detecting CXX compile features
[0.484s] -- Detecting CXX compile features - done
[0.485s] -- Found ament_cmake: 1.3.11 (/opt/ros/humble/share/ament_cmake/cmake)
[0.596s] -- Found Python3: /usr/bin/python3 (found version "3.10.12") found components: Interpreter 
[0.661s] -- Override CMake install command with custom implementation using symlinks instead of copying resources
[0.700s] [31mCMake Error at CMakeLists.txt:14 (find_package):
[0.700s]   By not providing "Finddynamixel_sdk.cmake" in CMAKE_MODULE_PATH this
[0.700s]   project has asked CMake to find a package configuration file provided by
[0.700s]   "dynamixel_sdk", but CMake did not find one.
[0.700s] 
[0.700s]   Could not find a package configuration file provided by "dynamixel_sdk"
[0.700s]   with any of the following names:
[0.700s] 
[0.700s]     dynamixel_sdkConfig.cmake
[0.701s]     dynamixel_sdk-config.cmake
[0.701s] 
[0.701s]   Add the installation prefix of "dynamixel_sdk" to CMAKE_PREFIX_PATH or set
[0.701s]   "dynamixel_sdk_DIR" to a directory containing one of the above files.  If
[0.701s]   "dynamixel_sdk" provides a separate development package or SDK, be sure it
[0.701s]   has been installed.
[0.701s] 
[0.701s] [0m
[0.701s] -- Configuring incomplete, errors occurred!
[0.701s] See also "/home/jmw/ROS2/AVATAR/Dynamixel/dynamixel_control/build/dynamixel_control/CMakeFiles/CMakeOutput.log".
[0.703s] Invoked command in '/home/jmw/ROS2/AVATAR/Dynamixel/dynamixel_control/build/dynamixel_control' returned '1': CMAKE_PREFIX_PATH=/opt/ros/humble /usr/bin/cmake /home/jmw/ROS2/AVATAR/Dynamixel/dynamixel_control -DAMENT_CMAKE_SYMLINK_INSTALL=1 -DCMAKE_INSTALL_PREFIX=/home/jmw/ROS2/AVATAR/Dynamixel/dynamixel_control/install/dynamixel_control
