[0.007s] Invoking command in '/home/minwoong/OneDrive/JMW/dynamixel_8DOF/Dynamixel/build/dynamixel_control': AMENT_PREFIX_PATH=/home/minwoong/OneDrive/JMW/dynamixel_8DOF/Dynamixel/install/dynamixel_sdk:${AMENT_PREFIX_PATH} CMAKE_PREFIX_PATH=/home/minwoong/OneDrive/JMW/dynamixel_8DOF/Dynamixel/install/dynamixel_sdk:/opt/ros/humble LD_LIBRARY_PATH=/home/minwoong/OneDrive/JMW/dynamixel_8DOF/Dynamixel/install/dynamixel_sdk/lib:${LD_LIBRARY_PATH} /usr/bin/cmake --build /home/minwoong/OneDrive/JMW/dynamixel_8DOF/Dynamixel/build/dynamixel_control -- -j24 -l24
[0.041s] Consolidate compiler generated dependencies of target poppy_read_write_node
[0.046s] [ 11%] Built target h1_csv_joint_state_publisher
[0.047s] [ 22%] Built target torque_compensation_node
[0.047s] [ 33%] Built target rviz_visualization_node
[0.047s] [ 55%] Built target read_write_node
[0.047s] [ 55%] Built target csv_joint_state_publisher
[0.048s] [ 66%] Built target poppy_csv_joint_state_publisher
[0.049s] [ 77%] Built target joint_state_publisher
[0.049s] [ 88%] Built target torque_read_degree_write
[0.050s] [ 94%] Building CXX object CMakeFiles/poppy_read_write_node.dir/src/poppy_read_write_node.cpp.o
[1.327s] /home/minwoong/OneDrive/JMW/dynamixel_8DOF/Dynamixel/dynamixel_control/src/poppy_read_write_node.cpp: In member function ‘void PoppyController::timerCallback()’:
[1.327s] /home/minwoong/OneDrive/JMW/dynamixel_8DOF/Dynamixel/dynamixel_control/src/poppy_read_write_node.cpp:343:86: error: ‘start_time’ was not declared in this scope; did you mean ‘strptime’?
[1.327s]   343 |     auto duration = std::chrono::duration_cast<std::chrono::microseconds>(end_time - start_time).count();
[1.327s]       |                                                                                      ^~~~~~~~~~
[1.327s]       |                                                                                      strptime
[2.716s] gmake[2]: *** [CMakeFiles/poppy_read_write_node.dir/build.make:76: CMakeFiles/poppy_read_write_node.dir/src/poppy_read_write_node.cpp.o] Error 1
[2.716s] gmake[1]: *** [CMakeFiles/Makefile2:179: CMakeFiles/poppy_read_write_node.dir/all] Error 2
[2.716s] gmake: *** [Makefile:146: all] Error 2
[2.718s] Invoked command in '/home/minwoong/OneDrive/JMW/dynamixel_8DOF/Dynamixel/build/dynamixel_control' returned '2': AMENT_PREFIX_PATH=/home/minwoong/OneDrive/JMW/dynamixel_8DOF/Dynamixel/install/dynamixel_sdk:${AMENT_PREFIX_PATH} CMAKE_PREFIX_PATH=/home/minwoong/OneDrive/JMW/dynamixel_8DOF/Dynamixel/install/dynamixel_sdk:/opt/ros/humble LD_LIBRARY_PATH=/home/minwoong/OneDrive/JMW/dynamixel_8DOF/Dynamixel/install/dynamixel_sdk/lib:${LD_LIBRARY_PATH} /usr/bin/cmake --build /home/minwoong/OneDrive/JMW/dynamixel_8DOF/Dynamixel/build/dynamixel_control -- -j24 -l24
