[0.006s] Invoking command in '/home/minwoong/OneDrive/JMW/dynamixel_8DOF/Dynamixel/build/dynamixel_control': CMAKE_PREFIX_PATH=/home/minwoong/OneDrive/JMW/dynamixel_8DOF/Dynamixel/install/dynamixel_sdk:/home/minwoong/OneDrive/JMW/dynamixel_8DOF/Dynamixel/install/dynamixel_control:/opt/ros/humble /usr/bin/cmake --build /home/minwoong/OneDrive/JMW/dynamixel_8DOF/Dynamixel/build/dynamixel_control -- -j24 -l24
[0.036s] [35m[1mConsolidate compiler generated dependencies of target torque_read_degree_write[0m
[0.045s] [ 71%] Built target torque_compensation_node
[0.045s] [ 71%] Built target joint_state_publisher
[0.045s] [ 71%] Built target rviz_visualization_node
[0.045s] [ 71%] Built target csv_joint_state_publisher
[0.045s] [ 71%] Built target torque_check
[0.045s] [ 85%] Built target read_write_node
[0.049s] [ 92%] [32mBuilding CXX object CMakeFiles/torque_read_degree_write.dir/src/torque_read_degree_write.cpp.o[0m
[1.235s] [01m[K/home/minwoong/OneDrive/JMW/dynamixel_8DOF/Dynamixel/dynamixel_control/src/torque_read_degree_write.cpp:303:2:[m[K [01;31m[Kerror: [m[Kexpected ‘[01m[K}[m[K’ at end of input
[1.235s]   303 | }
[1.235s]       |  [01;31m[K^[m[K
[1.236s] [01m[K/home/minwoong/OneDrive/JMW/dynamixel_8DOF/Dynamixel/dynamixel_control/src/torque_read_degree_write.cpp:47:51:[m[K [01;36m[Knote: [m[Kto match this ‘[01m[K{[m[K’
[1.236s]    47 | class TorqueReadDegreeWrite : public rclcpp::Node [01;36m[K{[m[K
[1.236s]       |                                                   [01;36m[K^[m[K
[1.237s] [01m[K/home/minwoong/OneDrive/JMW/dynamixel_8DOF/Dynamixel/dynamixel_control/src/torque_read_degree_write.cpp:[m[K In constructor ‘[01m[KTorqueReadDegreeWrite::TorqueReadDegreeWrite()[m[K’:
[1.237s] [01m[K/home/minwoong/OneDrive/JMW/dynamixel_8DOF/Dynamixel/dynamixel_control/src/torque_read_degree_write.cpp:79:62:[m[K [01;31m[Kerror: [m[K‘[01m[KtopicCallback[m[K’ is not a member of ‘[01m[KTorqueReadDegreeWrite[m[K’
[1.237s]    79 |       "/joint_states", 10, std::bind(&TorqueReadDegreeWrite::[01;31m[KtopicCallback[m[K, this, std::placeholders::_1));
[1.237s]       |                                                              [01;31m[K^~~~~~~~~~~~~[m[K
[1.247s] [01m[K/home/minwoong/OneDrive/JMW/dynamixel_8DOF/Dynamixel/dynamixel_control/src/torque_read_degree_write.cpp:[m[K In member function ‘[01m[Kvoid TorqueReadDegreeWrite::timerCallback()[m[K’:
[1.247s] [01m[K/home/minwoong/OneDrive/JMW/dynamixel_8DOF/Dynamixel/dynamixel_control/src/torque_read_degree_write.cpp:169:37:[m[K [01;31m[Kerror: [m[K‘[01m[KPos2Rad[m[K’ was not declared in this scope
[1.247s]   169 |                  << ": " << Rad2Deg([01;31m[KPos2Rad[m[K(dxl_id, dxl_present_position[dxl_id - DXL_MIN_ID]))
[1.247s]       |                                     [01;31m[K^~~~~~~[m[K
[1.250s] [01m[K/home/minwoong/OneDrive/JMW/dynamixel_8DOF/Dynamixel/dynamixel_control/src/torque_read_degree_write.cpp:169:29:[m[K [01;31m[Kerror: [m[K‘[01m[KRad2Deg[m[K’ was not declared in this scope
[1.250s]   169 |                  << ": " << [01;31m[KRad2Deg[m[K(Pos2Rad(dxl_id, dxl_present_position[dxl_id - DXL_MIN_ID]))
[1.250s]       |                             [01;31m[K^~~~~~~[m[K
[1.253s] [01m[K/home/minwoong/OneDrive/JMW/dynamixel_8DOF/Dynamixel/dynamixel_control/src/torque_read_degree_write.cpp:188:31:[m[K [01;31m[Kerror: [m[K‘[01m[KPos2Rad[m[K’ was not declared in this scope
[1.253s]   188 |         data_file_ << Rad2Deg([01;31m[KPos2Rad[m[K(dxl_id, param_goal_position[dxl_id - DXL_MIN_ID])) << ",";
[1.253s]       |                               [01;31m[K^~~~~~~[m[K
[1.256s] [01m[K/home/minwoong/OneDrive/JMW/dynamixel_8DOF/Dynamixel/dynamixel_control/src/torque_read_degree_write.cpp:188:23:[m[K [01;31m[Kerror: [m[K‘[01m[KRad2Deg[m[K’ was not declared in this scope
[1.256s]   188 |         data_file_ << [01;31m[KRad2Deg[m[K(Pos2Rad(dxl_id, param_goal_position[dxl_id - DXL_MIN_ID])) << ",";
[1.256s]       |                       [01;31m[K^~~~~~~[m[K
[1.258s] [01m[K/home/minwoong/OneDrive/JMW/dynamixel_8DOF/Dynamixel/dynamixel_control/src/torque_read_degree_write.cpp:192:31:[m[K [01;31m[Kerror: [m[K‘[01m[KPos2Rad[m[K’ was not declared in this scope
[1.258s]   192 |         data_file_ << Rad2Deg([01;31m[KPos2Rad[m[K(dxl_id, dxl_present_position[dxl_id - DXL_MIN_ID])) << ",";
[1.258s]       |                               [01;31m[K^~~~~~~[m[K
[1.261s] [01m[K/home/minwoong/OneDrive/JMW/dynamixel_8DOF/Dynamixel/dynamixel_control/src/torque_read_degree_write.cpp:192:23:[m[K [01;31m[Kerror: [m[K‘[01m[KRad2Deg[m[K’ was not declared in this scope
[1.261s]   192 |         data_file_ << [01;31m[KRad2Deg[m[K(Pos2Rad(dxl_id, dxl_present_position[dxl_id - DXL_MIN_ID])) << ",";
[1.261s]       |                       [01;31m[K^~~~~~~[m[K
[1.262s] [01m[K/home/minwoong/OneDrive/JMW/dynamixel_8DOF/Dynamixel/dynamixel_control/src/torque_read_degree_write.cpp:210:73:[m[K [01;31m[Kerror: [m[Ka function-definition is not allowed here before ‘[01m[K{[m[K’ token
[1.262s]   210 |   void topicCallback(const sensor_msgs::msg::JointState::SharedPtr msg) [01;31m[K{[m[K
[1.262s]       |                                                                         [01;31m[K^[m[K
[1.262s] [01m[K/home/minwoong/OneDrive/JMW/dynamixel_8DOF/Dynamixel/dynamixel_control/src/torque_read_degree_write.cpp:249:51:[m[K [01;31m[Kerror: [m[Ka function-definition is not allowed here before ‘[01m[K{[m[K’ token
[1.262s]   249 |   int Clipping(uint8_t dxl_id, int goal_position) [01;31m[K{[m[K
[1.262s]       |                                                   [01;31m[K^[m[K
[1.262s] [01m[K/home/minwoong/OneDrive/JMW/dynamixel_8DOF/Dynamixel/dynamixel_control/src/torque_read_degree_write.cpp:266:47:[m[K [01;31m[Kerror: [m[Ka function-definition is not allowed here before ‘[01m[K{[m[K’ token
[1.262s]   266 |   float Pos2Rad(uint8_t dxl_id, int position) [01;31m[K{[m[K
[1.262s]       |                                               [01;31m[K^[m[K
[1.262s] [01m[K/home/minwoong/OneDrive/JMW/dynamixel_8DOF/Dynamixel/dynamixel_control/src/torque_read_degree_write.cpp:279:45:[m[K [01;31m[Kerror: [m[Ka function-definition is not allowed here before ‘[01m[K{[m[K’ token
[1.262s]   279 |   int Rad2Pos(uint8_t dxl_id, float degree) [01;31m[K{[m[K
[1.262s]       |                                             [01;31m[K^[m[K
[1.262s] [01m[K/home/minwoong/OneDrive/JMW/dynamixel_8DOF/Dynamixel/dynamixel_control/src/torque_read_degree_write.cpp:291:31:[m[K [01;31m[Kerror: [m[Ka function-definition is not allowed here before ‘[01m[K{[m[K’ token
[1.262s]   291 |   float Rad2Deg(float degree) [01;31m[K{[m[K
[1.262s]       |                               [01;31m[K^[m[K
[1.263s] [01m[K/home/minwoong/OneDrive/JMW/dynamixel_8DOF/Dynamixel/dynamixel_control/src/torque_read_degree_write.cpp:[m[K At global scope:
[1.263s] [01m[K/home/minwoong/OneDrive/JMW/dynamixel_8DOF/Dynamixel/dynamixel_control/src/torque_read_degree_write.cpp:303:2:[m[K [01;31m[Kerror: [m[Kexpected unqualified-id at end of input
[1.263s]   303 | }
[1.263s]       |  [01;31m[K^[m[K
[1.506s] gmake[2]: *** [CMakeFiles/torque_read_degree_write.dir/build.make:76: CMakeFiles/torque_read_degree_write.dir/src/torque_read_degree_write.cpp.o] Error 1
[1.506s] gmake[1]: *** [CMakeFiles/Makefile2:305: CMakeFiles/torque_read_degree_write.dir/all] Error 2
[1.507s] gmake: *** [Makefile:146: all] Error 2
[1.509s] Invoked command in '/home/minwoong/OneDrive/JMW/dynamixel_8DOF/Dynamixel/build/dynamixel_control' returned '2': CMAKE_PREFIX_PATH=/home/minwoong/OneDrive/JMW/dynamixel_8DOF/Dynamixel/install/dynamixel_sdk:/home/minwoong/OneDrive/JMW/dynamixel_8DOF/Dynamixel/install/dynamixel_control:/opt/ros/humble /usr/bin/cmake --build /home/minwoong/OneDrive/JMW/dynamixel_8DOF/Dynamixel/build/dynamixel_control -- -j24 -l24
