[0.006s] Invoking command in '/home/minwoong/OneDrive/JMW/dynamixel_8DOF/Dynamixel/build/dynamixel_control': CMAKE_PREFIX_PATH=/home/minwoong/OneDrive/JMW/dynamixel_8DOF/Dynamixel/install/dynamixel_sdk:/home/minwoong/OneDrive/JMW/dynamixel_8DOF/Dynamixel/install/dynamixel_control:/opt/ros/humble /usr/bin/cmake --build /home/minwoong/OneDrive/JMW/dynamixel_8DOF/Dynamixel/build/dynamixel_control -- -j24 -l24
[0.022s] -- Found ament_cmake: 1.3.11 (/opt/ros/humble/share/ament_cmake/cmake)
[0.087s] -- Override CMake install command with custom implementation using symlinks instead of copying resources
[0.091s] -- Found dynamixel_sdk: 3.7.60 (/home/minwoong/OneDrive/JMW/dynamixel_8DOF/Dynamixel/install/dynamixel_sdk/share/dynamixel_sdk/cmake)
[0.091s] -- Found rclcpp: 16.0.12 (/opt/ros/humble/share/rclcpp/cmake)
[0.105s] -- Found rosidl_generator_c: 3.1.6 (/opt/ros/humble/share/rosidl_generator_c/cmake)
[0.106s] -- Found rosidl_adapter: 3.1.6 (/opt/ros/humble/share/rosidl_adapter/cmake)
[0.109s] -- Found rosidl_generator_cpp: 3.1.6 (/opt/ros/humble/share/rosidl_generator_cpp/cmake)
[0.114s] -- Using all available rosidl_typesupport_c: rosidl_typesupport_fastrtps_c;rosidl_typesupport_introspection_c
[0.119s] -- Using all available rosidl_typesupport_cpp: rosidl_typesupport_fastrtps_cpp;rosidl_typesupport_introspection_cpp
[0.134s] -- Found rmw_implementation_cmake: 6.1.2 (/opt/ros/humble/share/rmw_implementation_cmake/cmake)
[0.134s] -- Found rmw_fastrtps_cpp: 6.2.7 (/opt/ros/humble/share/rmw_fastrtps_cpp/cmake)
[0.195s] -- Using RMW implementation 'rmw_fastrtps_cpp' as default
[0.219s] -- Found sensor_msgs: 4.8.0 (/opt/ros/humble/share/sensor_msgs/cmake)
[0.232s] -- Found std_srvs: 4.8.0 (/opt/ros/humble/share/std_srvs/cmake)
[0.236s] -- Found urdf: 2.6.1 (/opt/ros/humble/share/urdf/cmake)
[0.247s] -- Found rviz_visual_tools: 4.1.4 (/opt/ros/humble/share/rviz_visual_tools/cmake)
[0.284s] -- Setting assimp_DIR to: '/opt/ros/humble/share/rviz_assimp_vendor/cmake/../../../opt/rviz_assimp_vendor/lib/cmake/assimp-4.1'
[0.286s] -- Setting OGRE_DIR to: '/opt/ros/humble/share/rviz_ogre_vendor/cmake/../../../opt/rviz_ogre_vendor/lib/OGRE/cmake'
[0.286s] -- Found OGRE
[0.286s] --   static     : OFF
[0.286s] --   components : HLMS;MeshLodGenerator;Overlay;Paging;Property;RTShaderSystem;Terrain;Volume
[0.286s] --   plugins    : Plugin_BSPSceneManager;Plugin_OctreeSceneManager;Plugin_PCZSceneManager;Plugin_ParticleFX;RenderSystem_GL;RenderSystem_GL3Plus;Codec_STBI
[0.287s] --   media      : /opt/ros/humble/opt/rviz_ogre_vendor/share/OGRE/Media
[0.287s] -- OGRE_LIBRARIES: OgreHLMS;OgreMeshLodGenerator;OgreOverlay;OgrePaging;OgreProperty;OgreRTShaderSystem;OgreTerrain;OgreVolume;OgreMain
[0.287s] -- OGRE_LIBRARY_DIRS: /opt/ros/humble/opt/rviz_ogre_vendor/lib
[0.287s] -- OGRE_PLUGINS: Plugin_BSPSceneManager;Plugin_OctreeSceneManager;Plugin_PCZSceneManager;Plugin_ParticleFX;RenderSystem_GL;RenderSystem_GL3Plus;Codec_STBI
[0.287s] -- OGRE_PLUGIN_DIR: /opt/ros/humble/opt/rviz_ogre_vendor/lib/OGRE
[0.287s] -- rviz_ogre_vendor::OgreOverlay for IMPORTED_LOCATION_RELEASE: /opt/ros/humble/opt/rviz_ogre_vendor/lib/libOgreOverlay.so
[0.287s] -- rviz_ogre_vendor::OgreOverlay for IMPORTED_LOCATION_DEBUG: /opt/ros/humble/opt/rviz_ogre_vendor/lib/libOgreOverlay.so
[0.287s] -- rviz_ogre_vendor::OgreMain for IMPORTED_LOCATION_RELEASE: /opt/ros/humble/opt/rviz_ogre_vendor/lib/libOgreMain.so
[0.287s] -- rviz_ogre_vendor::OgreMain for IMPORTED_LOCATION_DEBUG: /opt/ros/humble/opt/rviz_ogre_vendor/lib/libOgreMain.so
[0.287s] -- Could not find freeimage library
[0.326s] -- library: /usr/lib/x86_64-linux-gnu/libcurl.so
[0.332s] -- Ensuring Eigen3 include directory is part of orocos-kdl CMake target
[0.408s] -- Found tf2_eigen: 0.25.12 (/opt/ros/humble/share/tf2_eigen/cmake)
[0.414s] -- Found ament_lint_auto: 0.12.12 (/opt/ros/humble/share/ament_lint_auto/cmake)
[0.448s] -- Added test 'copyright' to check source files copyright and LICENSE
[0.453s] -- Added test 'cppcheck' to perform static code analysis on C / C++ code
[0.454s] -- Configured cppcheck include dirs: /home/minwoong/OneDrive/JMW/dynamixel_8DOF/Dynamixel/dynamixel_control/include
[0.454s] -- Configured cppcheck exclude dirs and/or files: 
[0.458s] -- Added test 'cpplint' to check C / C++ code against the Google style
[0.458s] -- Configured cpplint exclude dirs and/or files: 
[0.459s] -- Added test 'flake8' to check Python code syntax and style conventions
[0.460s] -- Added test 'lint_cmake' to check CMake code style
[0.461s] -- Added test 'pep257' to check Python code against some of the docstring style conventions in PEP 257
[0.465s] -- Added test 'uncrustify' to check C / C++ code style
[0.465s] -- Configured uncrustify additional arguments: 
[0.466s] -- Added test 'xmllint' to check XML markup files
[0.466s] -- Configuring done
[0.489s] -- Generating done
[0.497s] -- Build files have been written to: /home/minwoong/OneDrive/JMW/dynamixel_8DOF/Dynamixel/build/dynamixel_control
[0.516s] [35m[1mConsolidate compiler generated dependencies of target read_write_node[0m
[0.516s] [35m[1mConsolidate compiler generated dependencies of target rviz_visualization_node[0m
[0.516s] [35m[1mConsolidate compiler generated dependencies of target csv_joint_state_publisher[0m
[0.517s] [35m[1mConsolidate compiler generated dependencies of target torque_read_degree_write[0m
[0.517s] [35m[1mConsolidate compiler generated dependencies of target joint_state_publisher[0m
[0.517s] [35m[1mConsolidate compiler generated dependencies of target torque_compensation_node[0m
[0.517s] [35m[1mConsolidate compiler generated dependencies of target h1_csv_joint_state_publisher[0m
[0.529s] [ 42%] Built target rviz_visualization_node
[0.529s] [ 42%] Built target read_write_node
[0.529s] [ 42%] Built target csv_joint_state_publisher
[0.529s] [ 57%] Built target torque_read_degree_write
[0.530s] [100%] Built target h1_csv_joint_state_publisher
[0.530s] [100%] Built target joint_state_publisher
[0.530s] [100%] Built target torque_compensation_node
[0.537s] Invoked command in '/home/minwoong/OneDrive/JMW/dynamixel_8DOF/Dynamixel/build/dynamixel_control' returned '0': CMAKE_PREFIX_PATH=/home/minwoong/OneDrive/JMW/dynamixel_8DOF/Dynamixel/install/dynamixel_sdk:/home/minwoong/OneDrive/JMW/dynamixel_8DOF/Dynamixel/install/dynamixel_control:/opt/ros/humble /usr/bin/cmake --build /home/minwoong/OneDrive/JMW/dynamixel_8DOF/Dynamixel/build/dynamixel_control -- -j24 -l24
[0.538s] Invoking command in '/home/minwoong/OneDrive/JMW/dynamixel_8DOF/Dynamixel/build/dynamixel_control': CMAKE_PREFIX_PATH=/home/minwoong/OneDrive/JMW/dynamixel_8DOF/Dynamixel/install/dynamixel_sdk:/home/minwoong/OneDrive/JMW/dynamixel_8DOF/Dynamixel/install/dynamixel_control:/opt/ros/humble /usr/bin/cmake --install /home/minwoong/OneDrive/JMW/dynamixel_8DOF/Dynamixel/build/dynamixel_control
[0.543s] -- Install configuration: ""
[0.543s] -- Execute custom install script
[0.543s] -- Up-to-date symlink: /home/minwoong/OneDrive/JMW/dynamixel_8DOF/Dynamixel/install/dynamixel_control/lib/dynamixel_control/read_write_node
[0.543s] -- Up-to-date symlink: /home/minwoong/OneDrive/JMW/dynamixel_8DOF/Dynamixel/install/dynamixel_control/lib/dynamixel_control/joint_state_publisher
[0.543s] -- Up-to-date symlink: /home/minwoong/OneDrive/JMW/dynamixel_8DOF/Dynamixel/install/dynamixel_control/lib/dynamixel_control/csv_joint_state_publisher
[0.543s] -- Up-to-date symlink: /home/minwoong/OneDrive/JMW/dynamixel_8DOF/Dynamixel/install/dynamixel_control/lib/dynamixel_control/h1_csv_joint_state_publisher
[0.543s] -- Up-to-date symlink: /home/minwoong/OneDrive/JMW/dynamixel_8DOF/Dynamixel/install/dynamixel_control/lib/dynamixel_control/rviz_visualization_node
[0.543s] -- Up-to-date symlink: /home/minwoong/OneDrive/JMW/dynamixel_8DOF/Dynamixel/install/dynamixel_control/lib/dynamixel_control/torque_compensation_node
[0.544s] -- Up-to-date symlink: /home/minwoong/OneDrive/JMW/dynamixel_8DOF/Dynamixel/install/dynamixel_control/lib/dynamixel_control/torque_read_degree_write
[0.544s] -- Symlinking: /home/minwoong/OneDrive/JMW/dynamixel_8DOF/Dynamixel/install/dynamixel_control/share/dynamixel_control//launch/__pycache__/robot_visualization.launch.cpython-310.pyc
[0.549s] -- Symlinking: /home/minwoong/OneDrive/JMW/dynamixel_8DOF/Dynamixel/install/dynamixel_control/share/dynamixel_control//launch/h1_robot_visualization.launch.py
[0.555s] -- Up-to-date symlink: /home/minwoong/OneDrive/JMW/dynamixel_8DOF/Dynamixel/install/dynamixel_control/share/dynamixel_control//launch/robot_visualization.launch.py
[0.555s] -- Up-to-date symlink: /home/minwoong/OneDrive/JMW/dynamixel_8DOF/Dynamixel/install/dynamixel_control/share/dynamixel_control//launch/robot_visualization.launch.xml
[0.555s] -- Up-to-date symlink: /home/minwoong/OneDrive/JMW/dynamixel_8DOF/Dynamixel/install/dynamixel_control/share/dynamixel_control//data/csv/.data/02_Default_두리번2.csv
[0.555s] -- Up-to-date symlink: /home/minwoong/OneDrive/JMW/dynamixel_8DOF/Dynamixel/install/dynamixel_control/share/dynamixel_control//data/csv/.data/02_Default_두리번두번.xlsx
[0.555s] -- Up-to-date symlink: /home/minwoong/OneDrive/JMW/dynamixel_8DOF/Dynamixel/install/dynamixel_control/share/dynamixel_control//data/csv/.data/03_Default_두리번3.csv
[0.555s] -- Up-to-date symlink: /home/minwoong/OneDrive/JMW/dynamixel_8DOF/Dynamixel/install/dynamixel_control/share/dynamixel_control//data/csv/.data/0501_1908_shoulder1_animation_semina_21degree.mp4_motor_degree.csv
[0.555s] -- Up-to-date symlink: /home/minwoong/OneDrive/JMW/dynamixel_8DOF/Dynamixel/install/dynamixel_control/share/dynamixel_control//data/csv/.data/0501_1911_Anysong_1_animation_semina_21degree.mp4_motor_degree.csv
[0.556s] -- Up-to-date symlink: /home/minwoong/OneDrive/JMW/dynamixel_8DOF/Dynamixel/install/dynamixel_control/share/dynamixel_control//data/csv/.data/0501_1912_Anysong_2_animation_semina_21degree.mp4_motor_degree.csv
[0.556s] -- Up-to-date symlink: /home/minwoong/OneDrive/JMW/dynamixel_8DOF/Dynamixel/install/dynamixel_control/share/dynamixel_control//data/csv/.data/0501_1940_WMCA_Dance_animation_semina_21degree_Neck.mp4_motor_degree.csv
[0.556s] -- Up-to-date symlink: /home/minwoong/OneDrive/JMW/dynamixel_8DOF/Dynamixel/install/dynamixel_control/share/dynamixel_control//data/csv/.data/06_shoulder1_Test.csv
[0.556s] -- Up-to-date symlink: /home/minwoong/OneDrive/JMW/dynamixel_8DOF/Dynamixel/install/dynamixel_control/share/dynamixel_control//data/csv/.data/06_춤.csv
[0.556s] -- Up-to-date symlink: /home/minwoong/OneDrive/JMW/dynamixel_8DOF/Dynamixel/install/dynamixel_control/share/dynamixel_control//data/csv/.data/07_anysong_2_Test.csv
[0.556s] -- Up-to-date symlink: /home/minwoong/OneDrive/JMW/dynamixel_8DOF/Dynamixel/install/dynamixel_control/share/dynamixel_control//data/csv/.data/09_WMCA_BothArm.csv
[0.556s] -- Up-to-date symlink: /home/minwoong/OneDrive/JMW/dynamixel_8DOF/Dynamixel/install/dynamixel_control/share/dynamixel_control//data/csv/.data/sincostra.csv
[0.556s] -- Up-to-date symlink: /home/minwoong/OneDrive/JMW/dynamixel_8DOF/Dynamixel/install/dynamixel_control/share/dynamixel_control//data/csv/.data/torquecheck.csv
[0.556s] -- Up-to-date symlink: /home/minwoong/OneDrive/JMW/dynamixel_8DOF/Dynamixel/install/dynamixel_control/share/dynamixel_control//data/csv/.data/torquecheck2.csv
[0.556s] -- Up-to-date symlink: /home/minwoong/OneDrive/JMW/dynamixel_8DOF/Dynamixel/install/dynamixel_control/share/dynamixel_control//data/csv/00_Sync.csv
[0.556s] -- Up-to-date symlink: /home/minwoong/OneDrive/JMW/dynamixel_8DOF/Dynamixel/install/dynamixel_control/share/dynamixel_control//data/csv/01_Default_두리번.csv
[0.556s] -- Up-to-date symlink: /home/minwoong/OneDrive/JMW/dynamixel_8DOF/Dynamixel/install/dynamixel_control/share/dynamixel_control//data/csv/02_Default_두리번두번.csv
[0.556s] -- Up-to-date symlink: /home/minwoong/OneDrive/JMW/dynamixel_8DOF/Dynamixel/install/dynamixel_control/share/dynamixel_control//data/csv/04_호객행위.csv
[0.556s] -- Up-to-date symlink: /home/minwoong/OneDrive/JMW/dynamixel_8DOF/Dynamixel/install/dynamixel_control/share/dynamixel_control//data/csv/0501_1956_elbow_animation_semina_21degree_Complete.mp4_motor_degree.csv
[0.556s] -- Up-to-date symlink: /home/minwoong/OneDrive/JMW/dynamixel_8DOF/Dynamixel/install/dynamixel_control/share/dynamixel_control//data/csv/0501_1957_shoulder1_animation_semina_21degree_Complete.mp4_motor_degree.csv
[0.557s] -- Up-to-date symlink: /home/minwoong/OneDrive/JMW/dynamixel_8DOF/Dynamixel/install/dynamixel_control/share/dynamixel_control//data/csv/0501_1957_submotions_animation_semina_21degree_Complete.mp4_motor_degree.csv
[0.557s] -- Up-to-date symlink: /home/minwoong/OneDrive/JMW/dynamixel_8DOF/Dynamixel/install/dynamixel_control/share/dynamixel_control//data/csv/0501_2001_WMCA_Dance_animation_semina_21degree_Complete.mp4_motor_degree.csv
[0.557s] -- Up-to-date symlink: /home/minwoong/OneDrive/JMW/dynamixel_8DOF/Dynamixel/install/dynamixel_control/share/dynamixel_control//data/csv/0501_2006_Anysong_1_animation_semina_21degree_Complete.mp4_motor_degree.csv
[0.557s] -- Up-to-date symlink: /home/minwoong/OneDrive/JMW/dynamixel_8DOF/Dynamixel/install/dynamixel_control/share/dynamixel_control//data/csv/0501_2011_Anysong_2_animation_semina_21degree_Complete.mp4_motor_degree.csv
[0.557s] -- Up-to-date symlink: /home/minwoong/OneDrive/JMW/dynamixel_8DOF/Dynamixel/install/dynamixel_control/share/dynamixel_control//data/csv/0502_1401_Semina_collar_animation_semina_21degree_Complete.mp4_motor_degree.csv
[0.557s] -- Up-to-date symlink: /home/minwoong/OneDrive/JMW/dynamixel_8DOF/Dynamixel/install/dynamixel_control/share/dynamixel_control//data/csv/0502_1403_Semina_shoulder_animation_semina_21degree_Complete.mp4_motor_degree.csv
[0.557s] -- Up-to-date symlink: /home/minwoong/OneDrive/JMW/dynamixel_8DOF/Dynamixel/install/dynamixel_control/share/dynamixel_control//data/csv/0502_1409_Semina_elbow_animation_semina_21degree_Complete.mp4_motor_degree.csv
[0.557s] -- Up-to-date symlink: /home/minwoong/OneDrive/JMW/dynamixel_8DOF/Dynamixel/install/dynamixel_control/share/dynamixel_control//data/csv/0502_1411_Semina_wrist_animation_semina_21degree_Complete.mp4_motor_degree.csv
[0.557s] -- Up-to-date symlink: /home/minwoong/OneDrive/JMW/dynamixel_8DOF/Dynamixel/install/dynamixel_control/share/dynamixel_control//data/csv/0502_1413_Semina_neck_animation_semina_21degree_Complete.mp4_motor_degree.csv
[0.557s] -- Up-to-date symlink: /home/minwoong/OneDrive/JMW/dynamixel_8DOF/Dynamixel/install/dynamixel_control/share/dynamixel_control//data/csv/0502_1415_Semina_Robot_joint_animation_semina_21degree_Complete.mp4_motor_degree.csv
[0.557s] -- Up-to-date symlink: /home/minwoong/OneDrive/JMW/dynamixel_8DOF/Dynamixel/install/dynamixel_control/share/dynamixel_control//data/csv/0502_1419_gymnast_2_animation_semina_21degree_Complete.mp4_motor_degree.csv
[0.557s] -- Up-to-date symlink: /home/minwoong/OneDrive/JMW/dynamixel_8DOF/Dynamixel/install/dynamixel_control/share/dynamixel_control//data/csv/0502_1423_final_closing_animation_semina_21degree_Complete.mp4_motor_degree.csv
[0.557s] -- Up-to-date symlink: /home/minwoong/OneDrive/JMW/dynamixel_8DOF/Dynamixel/install/dynamixel_control/share/dynamixel_control//data/csv/05_인사.csv
[0.557s] -- Up-to-date symlink: /home/minwoong/OneDrive/JMW/dynamixel_8DOF/Dynamixel/install/dynamixel_control/share/dynamixel_control//data/csv/06_WMCA_Test.csv
[0.557s] -- Up-to-date symlink: /home/minwoong/OneDrive/JMW/dynamixel_8DOF/Dynamixel/install/dynamixel_control/share/dynamixel_control//data/csv/07_WMCA_Test2.csv
[0.557s] -- Up-to-date symlink: /home/minwoong/OneDrive/JMW/dynamixel_8DOF/Dynamixel/install/dynamixel_control/share/dynamixel_control//data/csv/08_WMCA_Test3.csv
[0.558s] -- Up-to-date symlink: /home/minwoong/OneDrive/JMW/dynamixel_8DOF/Dynamixel/install/dynamixel_control/share/dynamixel_control//data/csv/09_WMCA_BothArm.csv
[0.558s] -- Up-to-date symlink: /home/minwoong/OneDrive/JMW/dynamixel_8DOF/Dynamixel/install/dynamixel_control/share/dynamixel_control//data/csv/Desync.csv
[0.558s] -- Up-to-date symlink: /home/minwoong/OneDrive/JMW/dynamixel_8DOF/Dynamixel/install/dynamixel_control/share/dynamixel_control//urdf/AVATAR_URDF_Test3.urdf
[0.558s] -- Up-to-date symlink: /home/minwoong/OneDrive/JMW/dynamixel_8DOF/Dynamixel/install/dynamixel_control/share/dynamixel_control//urdf/meshes/Base.stl
[0.558s] -- Up-to-date symlink: /home/minwoong/OneDrive/JMW/dynamixel_8DOF/Dynamixel/install/dynamixel_control/share/dynamixel_control//urdf/meshes/Head.stl
[0.558s] -- Up-to-date symlink: /home/minwoong/OneDrive/JMW/dynamixel_8DOF/Dynamixel/install/dynamixel_control/share/dynamixel_control//urdf/meshes/L_Forearm.stl
[0.558s] -- Up-to-date symlink: /home/minwoong/OneDrive/JMW/dynamixel_8DOF/Dynamixel/install/dynamixel_control/share/dynamixel_control//urdf/meshes/L_Shoulder1.stl
[0.558s] -- Up-to-date symlink: /home/minwoong/OneDrive/JMW/dynamixel_8DOF/Dynamixel/install/dynamixel_control/share/dynamixel_control//urdf/meshes/L_Shoulder2.stl
[0.558s] -- Up-to-date symlink: /home/minwoong/OneDrive/JMW/dynamixel_8DOF/Dynamixel/install/dynamixel_control/share/dynamixel_control//urdf/meshes/L_Shoulder3.stl
[0.558s] -- Up-to-date symlink: /home/minwoong/OneDrive/JMW/dynamixel_8DOF/Dynamixel/install/dynamixel_control/share/dynamixel_control//urdf/meshes/L_Upperarm.stl
[0.558s] -- Up-to-date symlink: /home/minwoong/OneDrive/JMW/dynamixel_8DOF/Dynamixel/install/dynamixel_control/share/dynamixel_control//urdf/meshes/L_Wrist1.stl
[0.558s] -- Up-to-date symlink: /home/minwoong/OneDrive/JMW/dynamixel_8DOF/Dynamixel/install/dynamixel_control/share/dynamixel_control//urdf/meshes/L_Wrist2.stl
[0.559s] -- Up-to-date symlink: /home/minwoong/OneDrive/JMW/dynamixel_8DOF/Dynamixel/install/dynamixel_control/share/dynamixel_control//urdf/meshes/L_Wrist3.stl
[0.559s] -- Up-to-date symlink: /home/minwoong/OneDrive/JMW/dynamixel_8DOF/Dynamixel/install/dynamixel_control/share/dynamixel_control//urdf/meshes/Neck1.stl
[0.559s] -- Up-to-date symlink: /home/minwoong/OneDrive/JMW/dynamixel_8DOF/Dynamixel/install/dynamixel_control/share/dynamixel_control//urdf/meshes/Neck2.stl
[0.559s] -- Up-to-date symlink: /home/minwoong/OneDrive/JMW/dynamixel_8DOF/Dynamixel/install/dynamixel_control/share/dynamixel_control//urdf/meshes/R_Forearm.stl
[0.559s] -- Up-to-date symlink: /home/minwoong/OneDrive/JMW/dynamixel_8DOF/Dynamixel/install/dynamixel_control/share/dynamixel_control//urdf/meshes/R_Shoulder1.stl
[0.559s] -- Up-to-date symlink: /home/minwoong/OneDrive/JMW/dynamixel_8DOF/Dynamixel/install/dynamixel_control/share/dynamixel_control//urdf/meshes/R_Shoulder2.stl
[0.559s] -- Up-to-date symlink: /home/minwoong/OneDrive/JMW/dynamixel_8DOF/Dynamixel/install/dynamixel_control/share/dynamixel_control//urdf/meshes/R_Shoulder3.stl
[0.559s] -- Up-to-date symlink: /home/minwoong/OneDrive/JMW/dynamixel_8DOF/Dynamixel/install/dynamixel_control/share/dynamixel_control//urdf/meshes/R_Upperarm.stl
[0.559s] -- Up-to-date symlink: /home/minwoong/OneDrive/JMW/dynamixel_8DOF/Dynamixel/install/dynamixel_control/share/dynamixel_control//urdf/meshes/R_Wrist1.stl
[0.559s] -- Up-to-date symlink: /home/minwoong/OneDrive/JMW/dynamixel_8DOF/Dynamixel/install/dynamixel_control/share/dynamixel_control//urdf/meshes/R_Wrist2.stl
[0.559s] -- Up-to-date symlink: /home/minwoong/OneDrive/JMW/dynamixel_8DOF/Dynamixel/install/dynamixel_control/share/dynamixel_control//urdf/meshes/R_Wrist3.stl
[0.559s] -- Up-to-date symlink: /home/minwoong/OneDrive/JMW/dynamixel_8DOF/Dynamixel/install/dynamixel_control/share/dynamixel_control//urdf/meshes/Waist_Bottom.stl
[0.559s] -- Up-to-date symlink: /home/minwoong/OneDrive/JMW/dynamixel_8DOF/Dynamixel/install/dynamixel_control/share/dynamixel_control//urdf/meshes/Waist_Top.stl
[0.560s] -- Symlinking: /home/minwoong/OneDrive/JMW/dynamixel_8DOF/Dynamixel/install/dynamixel_control/share/dynamixel_control//h1_2_description/README.md
[0.565s] -- Symlinking: /home/minwoong/OneDrive/JMW/dynamixel_8DOF/Dynamixel/install/dynamixel_control/share/dynamixel_control//h1_2_description/h1_2.png
[0.571s] -- Symlinking: /home/minwoong/OneDrive/JMW/dynamixel_8DOF/Dynamixel/install/dynamixel_control/share/dynamixel_control//h1_2_description/h1_2.urdf
[0.576s] -- Symlinking: /home/minwoong/OneDrive/JMW/dynamixel_8DOF/Dynamixel/install/dynamixel_control/share/dynamixel_control//h1_2_description/h1_2.xml
[0.581s] -- Symlinking: /home/minwoong/OneDrive/JMW/dynamixel_8DOF/Dynamixel/install/dynamixel_control/share/dynamixel_control//h1_2_description/h1_2_handless.urdf
[0.586s] -- Symlinking: /home/minwoong/OneDrive/JMW/dynamixel_8DOF/Dynamixel/install/dynamixel_control/share/dynamixel_control//h1_2_description/h1_2_handless.xml
[0.591s] -- Symlinking: /home/minwoong/OneDrive/JMW/dynamixel_8DOF/Dynamixel/install/dynamixel_control/share/dynamixel_control//h1_2_description/meshes/L_hand_base_link.STL
[0.596s] -- Symlinking: /home/minwoong/OneDrive/JMW/dynamixel_8DOF/Dynamixel/install/dynamixel_control/share/dynamixel_control//h1_2_description/meshes/L_index_intermediate.STL
[0.601s] -- Symlinking: /home/minwoong/OneDrive/JMW/dynamixel_8DOF/Dynamixel/install/dynamixel_control/share/dynamixel_control//h1_2_description/meshes/L_index_proximal.STL
[0.606s] -- Symlinking: /home/minwoong/OneDrive/JMW/dynamixel_8DOF/Dynamixel/install/dynamixel_control/share/dynamixel_control//h1_2_description/meshes/L_middle_intermediate.STL
[0.611s] -- Symlinking: /home/minwoong/OneDrive/JMW/dynamixel_8DOF/Dynamixel/install/dynamixel_control/share/dynamixel_control//h1_2_description/meshes/L_middle_proximal.STL
[0.616s] -- Symlinking: /home/minwoong/OneDrive/JMW/dynamixel_8DOF/Dynamixel/install/dynamixel_control/share/dynamixel_control//h1_2_description/meshes/L_pinky_intermediate.STL
[0.621s] -- Symlinking: /home/minwoong/OneDrive/JMW/dynamixel_8DOF/Dynamixel/install/dynamixel_control/share/dynamixel_control//h1_2_description/meshes/L_pinky_proximal.STL
[0.627s] -- Symlinking: /home/minwoong/OneDrive/JMW/dynamixel_8DOF/Dynamixel/install/dynamixel_control/share/dynamixel_control//h1_2_description/meshes/L_ring_intermediate.STL
[0.632s] -- Symlinking: /home/minwoong/OneDrive/JMW/dynamixel_8DOF/Dynamixel/install/dynamixel_control/share/dynamixel_control//h1_2_description/meshes/L_ring_proximal.STL
[0.637s] -- Symlinking: /home/minwoong/OneDrive/JMW/dynamixel_8DOF/Dynamixel/install/dynamixel_control/share/dynamixel_control//h1_2_description/meshes/L_thumb_distal.STL
[0.642s] -- Symlinking: /home/minwoong/OneDrive/JMW/dynamixel_8DOF/Dynamixel/install/dynamixel_control/share/dynamixel_control//h1_2_description/meshes/L_thumb_intermediate.STL
[0.647s] -- Symlinking: /home/minwoong/OneDrive/JMW/dynamixel_8DOF/Dynamixel/install/dynamixel_control/share/dynamixel_control//h1_2_description/meshes/L_thumb_proximal.STL
[0.652s] -- Symlinking: /home/minwoong/OneDrive/JMW/dynamixel_8DOF/Dynamixel/install/dynamixel_control/share/dynamixel_control//h1_2_description/meshes/L_thumb_proximal_base.STL
[0.657s] -- Symlinking: /home/minwoong/OneDrive/JMW/dynamixel_8DOF/Dynamixel/install/dynamixel_control/share/dynamixel_control//h1_2_description/meshes/R_hand_base_link.STL
[0.663s] -- Symlinking: /home/minwoong/OneDrive/JMW/dynamixel_8DOF/Dynamixel/install/dynamixel_control/share/dynamixel_control//h1_2_description/meshes/R_index_intermediate.STL
[0.668s] -- Symlinking: /home/minwoong/OneDrive/JMW/dynamixel_8DOF/Dynamixel/install/dynamixel_control/share/dynamixel_control//h1_2_description/meshes/R_index_proximal.STL
[0.673s] -- Symlinking: /home/minwoong/OneDrive/JMW/dynamixel_8DOF/Dynamixel/install/dynamixel_control/share/dynamixel_control//h1_2_description/meshes/R_middle_intermediate.STL
[0.678s] -- Symlinking: /home/minwoong/OneDrive/JMW/dynamixel_8DOF/Dynamixel/install/dynamixel_control/share/dynamixel_control//h1_2_description/meshes/R_middle_proximal.STL
[0.683s] -- Symlinking: /home/minwoong/OneDrive/JMW/dynamixel_8DOF/Dynamixel/install/dynamixel_control/share/dynamixel_control//h1_2_description/meshes/R_pinky_intermediate.STL
[0.688s] -- Symlinking: /home/minwoong/OneDrive/JMW/dynamixel_8DOF/Dynamixel/install/dynamixel_control/share/dynamixel_control//h1_2_description/meshes/R_pinky_proximal.STL
[0.693s] -- Symlinking: /home/minwoong/OneDrive/JMW/dynamixel_8DOF/Dynamixel/install/dynamixel_control/share/dynamixel_control//h1_2_description/meshes/R_ring_intermediate.STL
[0.699s] -- Symlinking: /home/minwoong/OneDrive/JMW/dynamixel_8DOF/Dynamixel/install/dynamixel_control/share/dynamixel_control//h1_2_description/meshes/R_ring_proximal.STL
[0.704s] -- Symlinking: /home/minwoong/OneDrive/JMW/dynamixel_8DOF/Dynamixel/install/dynamixel_control/share/dynamixel_control//h1_2_description/meshes/R_thumb_distal.STL
[0.708s] -- Symlinking: /home/minwoong/OneDrive/JMW/dynamixel_8DOF/Dynamixel/install/dynamixel_control/share/dynamixel_control//h1_2_description/meshes/R_thumb_intermediate.STL
[0.713s] -- Symlinking: /home/minwoong/OneDrive/JMW/dynamixel_8DOF/Dynamixel/install/dynamixel_control/share/dynamixel_control//h1_2_description/meshes/R_thumb_proximal.STL
[0.718s] -- Symlinking: /home/minwoong/OneDrive/JMW/dynamixel_8DOF/Dynamixel/install/dynamixel_control/share/dynamixel_control//h1_2_description/meshes/R_thumb_proximal_base.STL
[0.723s] -- Symlinking: /home/minwoong/OneDrive/JMW/dynamixel_8DOF/Dynamixel/install/dynamixel_control/share/dynamixel_control//h1_2_description/meshes/left_ankle_A_link.STL
[0.729s] -- Symlinking: /home/minwoong/OneDrive/JMW/dynamixel_8DOF/Dynamixel/install/dynamixel_control/share/dynamixel_control//h1_2_description/meshes/left_ankle_A_rod_link.STL
[0.734s] -- Symlinking: /home/minwoong/OneDrive/JMW/dynamixel_8DOF/Dynamixel/install/dynamixel_control/share/dynamixel_control//h1_2_description/meshes/left_ankle_B_link.STL
[0.739s] -- Symlinking: /home/minwoong/OneDrive/JMW/dynamixel_8DOF/Dynamixel/install/dynamixel_control/share/dynamixel_control//h1_2_description/meshes/left_ankle_B_rod_link.STL
[0.744s] -- Symlinking: /home/minwoong/OneDrive/JMW/dynamixel_8DOF/Dynamixel/install/dynamixel_control/share/dynamixel_control//h1_2_description/meshes/left_ankle_pitch_link.STL
[0.748s] -- Symlinking: /home/minwoong/OneDrive/JMW/dynamixel_8DOF/Dynamixel/install/dynamixel_control/share/dynamixel_control//h1_2_description/meshes/left_ankle_roll_link.STL
[0.754s] -- Symlinking: /home/minwoong/OneDrive/JMW/dynamixel_8DOF/Dynamixel/install/dynamixel_control/share/dynamixel_control//h1_2_description/meshes/left_elbow_link.STL
[0.759s] -- Symlinking: /home/minwoong/OneDrive/JMW/dynamixel_8DOF/Dynamixel/install/dynamixel_control/share/dynamixel_control//h1_2_description/meshes/left_hand_link.STL
[0.765s] -- Symlinking: /home/minwoong/OneDrive/JMW/dynamixel_8DOF/Dynamixel/install/dynamixel_control/share/dynamixel_control//h1_2_description/meshes/left_hip_pitch_link.STL
[0.769s] -- Symlinking: /home/minwoong/OneDrive/JMW/dynamixel_8DOF/Dynamixel/install/dynamixel_control/share/dynamixel_control//h1_2_description/meshes/left_hip_roll_link.STL
[0.774s] -- Symlinking: /home/minwoong/OneDrive/JMW/dynamixel_8DOF/Dynamixel/install/dynamixel_control/share/dynamixel_control//h1_2_description/meshes/left_hip_yaw_link.STL
[0.779s] -- Symlinking: /home/minwoong/OneDrive/JMW/dynamixel_8DOF/Dynamixel/install/dynamixel_control/share/dynamixel_control//h1_2_description/meshes/left_knee_link.STL
[0.785s] -- Symlinking: /home/minwoong/OneDrive/JMW/dynamixel_8DOF/Dynamixel/install/dynamixel_control/share/dynamixel_control//h1_2_description/meshes/left_shoulder_pitch_link.STL
[0.790s] -- Symlinking: /home/minwoong/OneDrive/JMW/dynamixel_8DOF/Dynamixel/install/dynamixel_control/share/dynamixel_control//h1_2_description/meshes/left_shoulder_roll_link.STL
[0.795s] -- Symlinking: /home/minwoong/OneDrive/JMW/dynamixel_8DOF/Dynamixel/install/dynamixel_control/share/dynamixel_control//h1_2_description/meshes/left_shoulder_yaw_link.STL
[0.800s] -- Symlinking: /home/minwoong/OneDrive/JMW/dynamixel_8DOF/Dynamixel/install/dynamixel_control/share/dynamixel_control//h1_2_description/meshes/left_wrist_pitch_link.STL
[0.805s] -- Symlinking: /home/minwoong/OneDrive/JMW/dynamixel_8DOF/Dynamixel/install/dynamixel_control/share/dynamixel_control//h1_2_description/meshes/left_wrist_roll_link.STL
[0.810s] -- Symlinking: /home/minwoong/OneDrive/JMW/dynamixel_8DOF/Dynamixel/install/dynamixel_control/share/dynamixel_control//h1_2_description/meshes/link11_L.STL
[0.815s] -- Symlinking: /home/minwoong/OneDrive/JMW/dynamixel_8DOF/Dynamixel/install/dynamixel_control/share/dynamixel_control//h1_2_description/meshes/link11_R.STL
[0.820s] -- Symlinking: /home/minwoong/OneDrive/JMW/dynamixel_8DOF/Dynamixel/install/dynamixel_control/share/dynamixel_control//h1_2_description/meshes/link12_L.STL
[0.825s] -- Symlinking: /home/minwoong/OneDrive/JMW/dynamixel_8DOF/Dynamixel/install/dynamixel_control/share/dynamixel_control//h1_2_description/meshes/link12_R.STL
[0.830s] -- Symlinking: /home/minwoong/OneDrive/JMW/dynamixel_8DOF/Dynamixel/install/dynamixel_control/share/dynamixel_control//h1_2_description/meshes/link13_L.STL
[0.835s] -- Symlinking: /home/minwoong/OneDrive/JMW/dynamixel_8DOF/Dynamixel/install/dynamixel_control/share/dynamixel_control//h1_2_description/meshes/link13_R.STL
[0.840s] -- Symlinking: /home/minwoong/OneDrive/JMW/dynamixel_8DOF/Dynamixel/install/dynamixel_control/share/dynamixel_control//h1_2_description/meshes/link14_L.STL
[0.845s] -- Symlinking: /home/minwoong/OneDrive/JMW/dynamixel_8DOF/Dynamixel/install/dynamixel_control/share/dynamixel_control//h1_2_description/meshes/link14_R.STL
[0.850s] -- Symlinking: /home/minwoong/OneDrive/JMW/dynamixel_8DOF/Dynamixel/install/dynamixel_control/share/dynamixel_control//h1_2_description/meshes/link15_L.STL
[0.855s] -- Symlinking: /home/minwoong/OneDrive/JMW/dynamixel_8DOF/Dynamixel/install/dynamixel_control/share/dynamixel_control//h1_2_description/meshes/link15_R.STL
[0.860s] -- Symlinking: /home/minwoong/OneDrive/JMW/dynamixel_8DOF/Dynamixel/install/dynamixel_control/share/dynamixel_control//h1_2_description/meshes/link16_L.STL
[0.865s] -- Symlinking: /home/minwoong/OneDrive/JMW/dynamixel_8DOF/Dynamixel/install/dynamixel_control/share/dynamixel_control//h1_2_description/meshes/link16_R.STL
[0.869s] -- Symlinking: /home/minwoong/OneDrive/JMW/dynamixel_8DOF/Dynamixel/install/dynamixel_control/share/dynamixel_control//h1_2_description/meshes/link17_L.STL
[0.874s] -- Symlinking: /home/minwoong/OneDrive/JMW/dynamixel_8DOF/Dynamixel/install/dynamixel_control/share/dynamixel_control//h1_2_description/meshes/link17_R.STL
[0.880s] -- Symlinking: /home/minwoong/OneDrive/JMW/dynamixel_8DOF/Dynamixel/install/dynamixel_control/share/dynamixel_control//h1_2_description/meshes/link18_L.STL
[0.884s] -- Symlinking: /home/minwoong/OneDrive/JMW/dynamixel_8DOF/Dynamixel/install/dynamixel_control/share/dynamixel_control//h1_2_description/meshes/link18_R.STL
[0.890s] -- Symlinking: /home/minwoong/OneDrive/JMW/dynamixel_8DOF/Dynamixel/install/dynamixel_control/share/dynamixel_control//h1_2_description/meshes/link19_L.STL
[0.895s] -- Symlinking: /home/minwoong/OneDrive/JMW/dynamixel_8DOF/Dynamixel/install/dynamixel_control/share/dynamixel_control//h1_2_description/meshes/link19_R.STL
[0.900s] -- Symlinking: /home/minwoong/OneDrive/JMW/dynamixel_8DOF/Dynamixel/install/dynamixel_control/share/dynamixel_control//h1_2_description/meshes/link20_L.STL
[0.905s] -- Symlinking: /home/minwoong/OneDrive/JMW/dynamixel_8DOF/Dynamixel/install/dynamixel_control/share/dynamixel_control//h1_2_description/meshes/link20_R.STL
[0.910s] -- Symlinking: /home/minwoong/OneDrive/JMW/dynamixel_8DOF/Dynamixel/install/dynamixel_control/share/dynamixel_control//h1_2_description/meshes/link21_L.STL
[0.915s] -- Symlinking: /home/minwoong/OneDrive/JMW/dynamixel_8DOF/Dynamixel/install/dynamixel_control/share/dynamixel_control//h1_2_description/meshes/link21_R.STL
[0.920s] -- Symlinking: /home/minwoong/OneDrive/JMW/dynamixel_8DOF/Dynamixel/install/dynamixel_control/share/dynamixel_control//h1_2_description/meshes/link22_L.STL
[0.926s] -- Symlinking: /home/minwoong/OneDrive/JMW/dynamixel_8DOF/Dynamixel/install/dynamixel_control/share/dynamixel_control//h1_2_description/meshes/link22_R.STL
[0.931s] -- Symlinking: /home/minwoong/OneDrive/JMW/dynamixel_8DOF/Dynamixel/install/dynamixel_control/share/dynamixel_control//h1_2_description/meshes/logo_link.STL
[0.936s] -- Symlinking: /home/minwoong/OneDrive/JMW/dynamixel_8DOF/Dynamixel/install/dynamixel_control/share/dynamixel_control//h1_2_description/meshes/pelvis.STL
[0.941s] -- Symlinking: /home/minwoong/OneDrive/JMW/dynamixel_8DOF/Dynamixel/install/dynamixel_control/share/dynamixel_control//h1_2_description/meshes/right_ankle_A_link.STL
[0.946s] -- Symlinking: /home/minwoong/OneDrive/JMW/dynamixel_8DOF/Dynamixel/install/dynamixel_control/share/dynamixel_control//h1_2_description/meshes/right_ankle_A_rod_link.STL
[0.951s] -- Symlinking: /home/minwoong/OneDrive/JMW/dynamixel_8DOF/Dynamixel/install/dynamixel_control/share/dynamixel_control//h1_2_description/meshes/right_ankle_B_link.STL
[0.956s] -- Symlinking: /home/minwoong/OneDrive/JMW/dynamixel_8DOF/Dynamixel/install/dynamixel_control/share/dynamixel_control//h1_2_description/meshes/right_ankle_B_rod_link.STL
[0.961s] -- Symlinking: /home/minwoong/OneDrive/JMW/dynamixel_8DOF/Dynamixel/install/dynamixel_control/share/dynamixel_control//h1_2_description/meshes/right_ankle_link.STL
[0.966s] -- Symlinking: /home/minwoong/OneDrive/JMW/dynamixel_8DOF/Dynamixel/install/dynamixel_control/share/dynamixel_control//h1_2_description/meshes/right_ankle_pitch_link.STL
[0.971s] -- Symlinking: /home/minwoong/OneDrive/JMW/dynamixel_8DOF/Dynamixel/install/dynamixel_control/share/dynamixel_control//h1_2_description/meshes/right_ankle_roll_link.STL
[0.976s] -- Symlinking: /home/minwoong/OneDrive/JMW/dynamixel_8DOF/Dynamixel/install/dynamixel_control/share/dynamixel_control//h1_2_description/meshes/right_elbow_link.STL
[0.981s] -- Symlinking: /home/minwoong/OneDrive/JMW/dynamixel_8DOF/Dynamixel/install/dynamixel_control/share/dynamixel_control//h1_2_description/meshes/right_hand_link.STL
[0.986s] -- Symlinking: /home/minwoong/OneDrive/JMW/dynamixel_8DOF/Dynamixel/install/dynamixel_control/share/dynamixel_control//h1_2_description/meshes/right_hip_pitch_link.STL
[0.991s] -- Symlinking: /home/minwoong/OneDrive/JMW/dynamixel_8DOF/Dynamixel/install/dynamixel_control/share/dynamixel_control//h1_2_description/meshes/right_hip_roll_link.STL
[0.996s] -- Symlinking: /home/minwoong/OneDrive/JMW/dynamixel_8DOF/Dynamixel/install/dynamixel_control/share/dynamixel_control//h1_2_description/meshes/right_hip_yaw_link.STL
[1.001s] -- Symlinking: /home/minwoong/OneDrive/JMW/dynamixel_8DOF/Dynamixel/install/dynamixel_control/share/dynamixel_control//h1_2_description/meshes/right_knee_link.STL
[1.006s] -- Symlinking: /home/minwoong/OneDrive/JMW/dynamixel_8DOF/Dynamixel/install/dynamixel_control/share/dynamixel_control//h1_2_description/meshes/right_pitch_link.STL
[1.011s] -- Symlinking: /home/minwoong/OneDrive/JMW/dynamixel_8DOF/Dynamixel/install/dynamixel_control/share/dynamixel_control//h1_2_description/meshes/right_shoulder_pitch_link.STL
[1.015s] -- Symlinking: /home/minwoong/OneDrive/JMW/dynamixel_8DOF/Dynamixel/install/dynamixel_control/share/dynamixel_control//h1_2_description/meshes/right_shoulder_roll_link.STL
[1.021s] -- Symlinking: /home/minwoong/OneDrive/JMW/dynamixel_8DOF/Dynamixel/install/dynamixel_control/share/dynamixel_control//h1_2_description/meshes/right_shoulder_yaw_link.STL
[1.026s] -- Symlinking: /home/minwoong/OneDrive/JMW/dynamixel_8DOF/Dynamixel/install/dynamixel_control/share/dynamixel_control//h1_2_description/meshes/right_wrist_pitch_link.STL
[1.031s] -- Symlinking: /home/minwoong/OneDrive/JMW/dynamixel_8DOF/Dynamixel/install/dynamixel_control/share/dynamixel_control//h1_2_description/meshes/right_wrist_roll_link.STL
[1.036s] -- Symlinking: /home/minwoong/OneDrive/JMW/dynamixel_8DOF/Dynamixel/install/dynamixel_control/share/dynamixel_control//h1_2_description/meshes/torso_link.STL
[1.041s] -- Symlinking: /home/minwoong/OneDrive/JMW/dynamixel_8DOF/Dynamixel/install/dynamixel_control/share/dynamixel_control//h1_2_description/meshes/wrist_yaw_link.STL
[1.046s] -- Up-to-date symlink: /home/minwoong/OneDrive/JMW/dynamixel_8DOF/Dynamixel/install/dynamixel_control/share/ament_index/resource_index/package_run_dependencies/dynamixel_control
[1.046s] -- Up-to-date symlink: /home/minwoong/OneDrive/JMW/dynamixel_8DOF/Dynamixel/install/dynamixel_control/share/ament_index/resource_index/parent_prefix_path/dynamixel_control
[1.046s] -- Up-to-date symlink: /home/minwoong/OneDrive/JMW/dynamixel_8DOF/Dynamixel/install/dynamixel_control/share/dynamixel_control/environment/ament_prefix_path.sh
[1.046s] -- Up-to-date symlink: /home/minwoong/OneDrive/JMW/dynamixel_8DOF/Dynamixel/install/dynamixel_control/share/dynamixel_control/environment/ament_prefix_path.dsv
[1.046s] -- Up-to-date symlink: /home/minwoong/OneDrive/JMW/dynamixel_8DOF/Dynamixel/install/dynamixel_control/share/dynamixel_control/environment/path.sh
[1.046s] -- Up-to-date symlink: /home/minwoong/OneDrive/JMW/dynamixel_8DOF/Dynamixel/install/dynamixel_control/share/dynamixel_control/environment/path.dsv
[1.046s] -- Up-to-date symlink: /home/minwoong/OneDrive/JMW/dynamixel_8DOF/Dynamixel/install/dynamixel_control/share/dynamixel_control/local_setup.bash
[1.046s] -- Up-to-date symlink: /home/minwoong/OneDrive/JMW/dynamixel_8DOF/Dynamixel/install/dynamixel_control/share/dynamixel_control/local_setup.sh
[1.046s] -- Up-to-date symlink: /home/minwoong/OneDrive/JMW/dynamixel_8DOF/Dynamixel/install/dynamixel_control/share/dynamixel_control/local_setup.zsh
[1.046s] -- Up-to-date symlink: /home/minwoong/OneDrive/JMW/dynamixel_8DOF/Dynamixel/install/dynamixel_control/share/dynamixel_control/local_setup.dsv
[1.047s] -- Symlinking: /home/minwoong/OneDrive/JMW/dynamixel_8DOF/Dynamixel/install/dynamixel_control/share/dynamixel_control/package.dsv
[1.052s] -- Up-to-date symlink: /home/minwoong/OneDrive/JMW/dynamixel_8DOF/Dynamixel/install/dynamixel_control/share/ament_index/resource_index/packages/dynamixel_control
[1.052s] -- Up-to-date symlink: /home/minwoong/OneDrive/JMW/dynamixel_8DOF/Dynamixel/install/dynamixel_control/share/dynamixel_control/cmake/dynamixel_controlConfig.cmake
[1.052s] -- Up-to-date symlink: /home/minwoong/OneDrive/JMW/dynamixel_8DOF/Dynamixel/install/dynamixel_control/share/dynamixel_control/cmake/dynamixel_controlConfig-version.cmake
[1.052s] -- Up-to-date symlink: /home/minwoong/OneDrive/JMW/dynamixel_8DOF/Dynamixel/install/dynamixel_control/share/dynamixel_control/package.xml
[1.054s] Invoked command in '/home/minwoong/OneDrive/JMW/dynamixel_8DOF/Dynamixel/build/dynamixel_control' returned '0': CMAKE_PREFIX_PATH=/home/minwoong/OneDrive/JMW/dynamixel_8DOF/Dynamixel/install/dynamixel_sdk:/home/minwoong/OneDrive/JMW/dynamixel_8DOF/Dynamixel/install/dynamixel_control:/opt/ros/humble /usr/bin/cmake --install /home/minwoong/OneDrive/JMW/dynamixel_8DOF/Dynamixel/build/dynamixel_control
