[0.124s] DEBUG:colcon:Command line arguments: ['/usr/bin/colcon', 'build', '--symlink-install']
[0.124s] DEBUG:colcon:Parsed command line arguments: Namespace(log_base=None, log_level=None, verb_name='build', build_base='build', install_base='install', merge_install=False, symlink_install=True, test_result_base=None, continue_on_error=False, executor='parallel', parallel_workers=12, event_handlers=None, ignore_user_meta=False, metas=['./colcon.meta'], base_paths=['.'], packages_ignore=None, packages_ignore_regex=None, paths=None, packages_up_to=None, packages_up_to_regex=None, packages_above=None, packages_above_and_dependencies=None, packages_above_depth=None, packages_select_by_dep=None, packages_skip_by_dep=None, packages_skip_up_to=None, packages_select_build_failed=False, packages_skip_build_finished=False, packages_select_test_failures=False, packages_skip_test_passed=False, packages_select=None, packages_skip=None, packages_select_regex=None, packages_skip_regex=None, packages_start=None, packages_end=None, allow_overriding=[], cmake_args=None, cmake_target=None, cmake_target_skip_unavailable=False, cmake_clean_cache=False, cmake_clean_first=False, cmake_force_configure=False, ament_cmake_args=None, catkin_cmake_args=None, catkin_skip_building_tests=False, mixin_files=None, mixin=None, verb_parser=<colcon_mixin.mixin.mixin_argument.MixinArgumentDecorator object at 0x7e57bef02350>, verb_extension=<colcon_core.verb.build.BuildVerb object at 0x7e57bef01db0>, main=<bound method BuildVerb.main of <colcon_core.verb.build.BuildVerb object at 0x7e57bef01db0>>, mixin_verb=('build',))
[0.244s] Level 1:colcon.colcon_core.package_discovery:discover_packages(colcon_meta) check parameters
[0.244s] Level 1:colcon.colcon_core.package_discovery:discover_packages(recursive) check parameters
[0.244s] Level 1:colcon.colcon_core.package_discovery:discover_packages(ignore) check parameters
[0.244s] Level 1:colcon.colcon_core.package_discovery:discover_packages(path) check parameters
[0.244s] Level 1:colcon.colcon_core.package_discovery:discover_packages(colcon_meta) discover
[0.244s] Level 1:colcon.colcon_core.package_discovery:discover_packages(recursive) discover
[0.244s] INFO:colcon.colcon_core.package_discovery:Crawling recursively for packages in '/home/jmw/ROS2/AVATAR/Dynamixel'
[0.244s] Level 1:colcon.colcon_core.package_identification:_identify(.) by extensions ['ignore', 'ignore_ament_install']
[0.244s] Level 1:colcon.colcon_core.package_identification:_identify(.) by extension 'ignore'
[0.244s] Level 1:colcon.colcon_core.package_identification:_identify(.) by extension 'ignore_ament_install'
[0.245s] Level 1:colcon.colcon_core.package_identification:_identify(.) by extensions ['colcon_pkg']
[0.245s] Level 1:colcon.colcon_core.package_identification:_identify(.) by extension 'colcon_pkg'
[0.245s] Level 1:colcon.colcon_core.package_identification:_identify(.) by extensions ['colcon_meta']
[0.245s] Level 1:colcon.colcon_core.package_identification:_identify(.) by extension 'colcon_meta'
[0.245s] Level 1:colcon.colcon_core.package_identification:_identify(.) by extensions ['ros']
[0.245s] Level 1:colcon.colcon_core.package_identification:_identify(.) by extension 'ros'
[0.252s] Level 1:colcon.colcon_core.package_identification:_identify(.) by extensions ['cmake', 'python']
[0.253s] Level 1:colcon.colcon_core.package_identification:_identify(.) by extension 'cmake'
[0.253s] Level 1:colcon.colcon_core.package_identification:_identify(.) by extension 'python'
[0.253s] Level 1:colcon.colcon_core.package_identification:_identify(.) by extensions ['python_setup_py']
[0.253s] Level 1:colcon.colcon_core.package_identification:_identify(.) by extension 'python_setup_py'
[0.253s] Level 1:colcon.colcon_core.package_identification:_identify(build) by extensions ['ignore', 'ignore_ament_install']
[0.253s] Level 1:colcon.colcon_core.package_identification:_identify(build) by extension 'ignore'
[0.253s] Level 1:colcon.colcon_core.package_identification:_identify(build) ignored
[0.253s] Level 1:colcon.colcon_core.package_identification:_identify(dynamixel_control) by extensions ['ignore', 'ignore_ament_install']
[0.253s] Level 1:colcon.colcon_core.package_identification:_identify(dynamixel_control) by extension 'ignore'
[0.253s] Level 1:colcon.colcon_core.package_identification:_identify(dynamixel_control) by extension 'ignore_ament_install'
[0.253s] Level 1:colcon.colcon_core.package_identification:_identify(dynamixel_control) by extensions ['colcon_pkg']
[0.253s] Level 1:colcon.colcon_core.package_identification:_identify(dynamixel_control) by extension 'colcon_pkg'
[0.253s] Level 1:colcon.colcon_core.package_identification:_identify(dynamixel_control) by extensions ['colcon_meta']
[0.253s] Level 1:colcon.colcon_core.package_identification:_identify(dynamixel_control) by extension 'colcon_meta'
[0.253s] Level 1:colcon.colcon_core.package_identification:_identify(dynamixel_control) by extensions ['ros']
[0.253s] Level 1:colcon.colcon_core.package_identification:_identify(dynamixel_control) by extension 'ros'
[0.255s] DEBUG:colcon.colcon_core.package_identification:Package 'dynamixel_control' with type 'ros.ament_cmake' and name 'dynamixel_control'
[0.255s] Level 1:colcon.colcon_core.package_identification:_identify(dynamixel_sdk) by extensions ['ignore', 'ignore_ament_install']
[0.255s] Level 1:colcon.colcon_core.package_identification:_identify(dynamixel_sdk) by extension 'ignore'
[0.255s] Level 1:colcon.colcon_core.package_identification:_identify(dynamixel_sdk) by extension 'ignore_ament_install'
[0.255s] Level 1:colcon.colcon_core.package_identification:_identify(dynamixel_sdk) by extensions ['colcon_pkg']
[0.255s] Level 1:colcon.colcon_core.package_identification:_identify(dynamixel_sdk) by extension 'colcon_pkg'
[0.256s] Level 1:colcon.colcon_core.package_identification:_identify(dynamixel_sdk) by extensions ['colcon_meta']
[0.256s] Level 1:colcon.colcon_core.package_identification:_identify(dynamixel_sdk) by extension 'colcon_meta'
[0.256s] Level 1:colcon.colcon_core.package_identification:_identify(dynamixel_sdk) by extensions ['ros']
[0.256s] Level 1:colcon.colcon_core.package_identification:_identify(dynamixel_sdk) by extension 'ros'
[0.256s] DEBUG:colcon.colcon_core.package_identification:Package 'dynamixel_sdk' with type 'ros.ament_cmake' and name 'dynamixel_sdk'
[0.256s] Level 1:colcon.colcon_core.package_identification:_identify(install) by extensions ['ignore', 'ignore_ament_install']
[0.256s] Level 1:colcon.colcon_core.package_identification:_identify(install) by extension 'ignore'
[0.256s] Level 1:colcon.colcon_core.package_identification:_identify(install) ignored
[0.256s] Level 1:colcon.colcon_core.package_identification:_identify(log) by extensions ['ignore', 'ignore_ament_install']
[0.256s] Level 1:colcon.colcon_core.package_identification:_identify(log) by extension 'ignore'
[0.256s] Level 1:colcon.colcon_core.package_identification:_identify(log) ignored
[0.257s] Level 1:colcon.colcon_core.package_discovery:discover_packages(recursive) using defaults
[0.257s] Level 1:colcon.colcon_core.package_discovery:discover_packages(ignore) discover
[0.257s] Level 1:colcon.colcon_core.package_discovery:discover_packages(ignore) using defaults
[0.257s] Level 1:colcon.colcon_core.package_discovery:discover_packages(path) discover
[0.257s] Level 1:colcon.colcon_core.package_discovery:discover_packages(path) using defaults
[0.276s] Level 1:colcon.colcon_core.package_discovery:discover_packages(prefix_path) check parameters
[0.276s] Level 1:colcon.colcon_core.package_discovery:discover_packages(prefix_path) discover
[0.277s] DEBUG:colcon.colcon_installed_package_information.package_discovery:Found 2 installed packages in /home/jmw/ROS2/AVATAR/Dynamixel/install
[0.278s] DEBUG:colcon.colcon_installed_package_information.package_discovery:Found 294 installed packages in /opt/ros/humble
[0.279s] Level 1:colcon.colcon_core.package_discovery:discover_packages(prefix_path) using defaults
[0.307s] Level 5:colcon.colcon_core.verb:set package 'dynamixel_sdk' build argument 'cmake_args' from command line to 'None'
[0.307s] Level 5:colcon.colcon_core.verb:set package 'dynamixel_sdk' build argument 'cmake_target' from command line to 'None'
[0.307s] Level 5:colcon.colcon_core.verb:set package 'dynamixel_sdk' build argument 'cmake_target_skip_unavailable' from command line to 'False'
[0.307s] Level 5:colcon.colcon_core.verb:set package 'dynamixel_sdk' build argument 'cmake_clean_cache' from command line to 'False'
[0.307s] Level 5:colcon.colcon_core.verb:set package 'dynamixel_sdk' build argument 'cmake_clean_first' from command line to 'False'
[0.307s] Level 5:colcon.colcon_core.verb:set package 'dynamixel_sdk' build argument 'cmake_force_configure' from command line to 'False'
[0.307s] Level 5:colcon.colcon_core.verb:set package 'dynamixel_sdk' build argument 'ament_cmake_args' from command line to 'None'
[0.307s] Level 5:colcon.colcon_core.verb:set package 'dynamixel_sdk' build argument 'catkin_cmake_args' from command line to 'None'
[0.307s] Level 5:colcon.colcon_core.verb:set package 'dynamixel_sdk' build argument 'catkin_skip_building_tests' from command line to 'False'
[0.307s] DEBUG:colcon.colcon_core.verb:Building package 'dynamixel_sdk' with the following arguments: {'ament_cmake_args': None, 'build_base': '/home/jmw/ROS2/AVATAR/Dynamixel/build/dynamixel_sdk', 'catkin_cmake_args': None, 'catkin_skip_building_tests': False, 'cmake_args': None, 'cmake_clean_cache': False, 'cmake_clean_first': False, 'cmake_force_configure': False, 'cmake_target': None, 'cmake_target_skip_unavailable': False, 'install_base': '/home/jmw/ROS2/AVATAR/Dynamixel/install/dynamixel_sdk', 'merge_install': False, 'path': '/home/jmw/ROS2/AVATAR/Dynamixel/dynamixel_sdk', 'symlink_install': True, 'test_result_base': None}
[0.307s] Level 5:colcon.colcon_core.verb:set package 'dynamixel_control' build argument 'cmake_args' from command line to 'None'
[0.307s] Level 5:colcon.colcon_core.verb:set package 'dynamixel_control' build argument 'cmake_target' from command line to 'None'
[0.307s] Level 5:colcon.colcon_core.verb:set package 'dynamixel_control' build argument 'cmake_target_skip_unavailable' from command line to 'False'
[0.307s] Level 5:colcon.colcon_core.verb:set package 'dynamixel_control' build argument 'cmake_clean_cache' from command line to 'False'
[0.307s] Level 5:colcon.colcon_core.verb:set package 'dynamixel_control' build argument 'cmake_clean_first' from command line to 'False'
[0.307s] Level 5:colcon.colcon_core.verb:set package 'dynamixel_control' build argument 'cmake_force_configure' from command line to 'False'
[0.307s] Level 5:colcon.colcon_core.verb:set package 'dynamixel_control' build argument 'ament_cmake_args' from command line to 'None'
[0.308s] Level 5:colcon.colcon_core.verb:set package 'dynamixel_control' build argument 'catkin_cmake_args' from command line to 'None'
[0.308s] Level 5:colcon.colcon_core.verb:set package 'dynamixel_control' build argument 'catkin_skip_building_tests' from command line to 'False'
[0.308s] DEBUG:colcon.colcon_core.verb:Building package 'dynamixel_control' with the following arguments: {'ament_cmake_args': None, 'build_base': '/home/jmw/ROS2/AVATAR/Dynamixel/build/dynamixel_control', 'catkin_cmake_args': None, 'catkin_skip_building_tests': False, 'cmake_args': None, 'cmake_clean_cache': False, 'cmake_clean_first': False, 'cmake_force_configure': False, 'cmake_target': None, 'cmake_target_skip_unavailable': False, 'install_base': '/home/jmw/ROS2/AVATAR/Dynamixel/install/dynamixel_control', 'merge_install': False, 'path': '/home/jmw/ROS2/AVATAR/Dynamixel/dynamixel_control', 'symlink_install': True, 'test_result_base': None}
[0.308s] INFO:colcon.colcon_core.executor:Executing jobs using 'parallel' executor
[0.308s] DEBUG:colcon.colcon_parallel_executor.executor.parallel:run_until_complete
[0.309s] INFO:colcon.colcon_ros.task.ament_cmake.build:Building ROS package in '/home/jmw/ROS2/AVATAR/Dynamixel/dynamixel_sdk' with build type 'ament_cmake'
[0.309s] INFO:colcon.colcon_cmake.task.cmake.build:Building CMake package in '/home/jmw/ROS2/AVATAR/Dynamixel/dynamixel_sdk'
[0.310s] INFO:colcon.colcon_core.plugin_system:Skipping extension 'colcon_core.shell.bat': Not used on non-Windows systems
[0.310s] INFO:colcon.colcon_core.shell:Skip shell extension 'powershell' for command environment: Not usable outside of PowerShell
[0.310s] DEBUG:colcon.colcon_core.shell:Skip shell extension 'dsv' for command environment
[0.317s] DEBUG:colcon.colcon_core.event_handler.log_command:Invoking command in '/home/jmw/ROS2/AVATAR/Dynamixel/build/dynamixel_sdk': CMAKE_PREFIX_PATH=${CMAKE_PREFIX_PATH}:/opt/ros/humble /usr/bin/cmake --build /home/jmw/ROS2/AVATAR/Dynamixel/build/dynamixel_sdk -- -j12 -l12
[0.357s] DEBUG:colcon.colcon_core.event_handler.log_command:Invoked command in '/home/jmw/ROS2/AVATAR/Dynamixel/build/dynamixel_sdk' returned '0': CMAKE_PREFIX_PATH=${CMAKE_PREFIX_PATH}:/opt/ros/humble /usr/bin/cmake --build /home/jmw/ROS2/AVATAR/Dynamixel/build/dynamixel_sdk -- -j12 -l12
[0.363s] DEBUG:colcon.colcon_core.event_handler.log_command:Invoking command in '/home/jmw/ROS2/AVATAR/Dynamixel/build/dynamixel_sdk': CMAKE_PREFIX_PATH=${CMAKE_PREFIX_PATH}:/opt/ros/humble /usr/bin/cmake --install /home/jmw/ROS2/AVATAR/Dynamixel/build/dynamixel_sdk
[0.378s] Level 1:colcon.colcon_core.environment:create_environment_scripts_only(dynamixel_sdk)
[0.378s] DEBUG:colcon.colcon_core.event_handler.log_command:Invoked command in '/home/jmw/ROS2/AVATAR/Dynamixel/build/dynamixel_sdk' returned '0': CMAKE_PREFIX_PATH=${CMAKE_PREFIX_PATH}:/opt/ros/humble /usr/bin/cmake --install /home/jmw/ROS2/AVATAR/Dynamixel/build/dynamixel_sdk
[0.380s] Level 1:colcon.colcon_core.environment:checking '/home/jmw/ROS2/AVATAR/Dynamixel/install/dynamixel_sdk' for CMake module files
[0.380s] Level 1:colcon.colcon_core.environment:checking '/home/jmw/ROS2/AVATAR/Dynamixel/install/dynamixel_sdk' for CMake config files
[0.380s] Level 1:colcon.colcon_core.shell:create_environment_hook('dynamixel_sdk', 'cmake_prefix_path')
[0.380s] INFO:colcon.colcon_core.shell:Creating environment hook '/home/jmw/ROS2/AVATAR/Dynamixel/install/dynamixel_sdk/share/dynamixel_sdk/hook/cmake_prefix_path.ps1'
[0.381s] INFO:colcon.colcon_core.shell:Creating environment descriptor '/home/jmw/ROS2/AVATAR/Dynamixel/install/dynamixel_sdk/share/dynamixel_sdk/hook/cmake_prefix_path.dsv'
[0.381s] INFO:colcon.colcon_core.shell:Creating environment hook '/home/jmw/ROS2/AVATAR/Dynamixel/install/dynamixel_sdk/share/dynamixel_sdk/hook/cmake_prefix_path.sh'
[0.382s] Level 1:colcon.colcon_core.environment:checking '/home/jmw/ROS2/AVATAR/Dynamixel/install/dynamixel_sdk/lib'
[0.382s] Level 1:colcon.colcon_core.shell:create_environment_hook('dynamixel_sdk', 'ld_library_path_lib')
[0.382s] INFO:colcon.colcon_core.shell:Creating environment hook '/home/jmw/ROS2/AVATAR/Dynamixel/install/dynamixel_sdk/share/dynamixel_sdk/hook/ld_library_path_lib.ps1'
[0.383s] INFO:colcon.colcon_core.shell:Creating environment descriptor '/home/jmw/ROS2/AVATAR/Dynamixel/install/dynamixel_sdk/share/dynamixel_sdk/hook/ld_library_path_lib.dsv'
[0.383s] INFO:colcon.colcon_core.shell:Creating environment hook '/home/jmw/ROS2/AVATAR/Dynamixel/install/dynamixel_sdk/share/dynamixel_sdk/hook/ld_library_path_lib.sh'
[0.383s] Level 1:colcon.colcon_core.environment:checking '/home/jmw/ROS2/AVATAR/Dynamixel/install/dynamixel_sdk/bin'
[0.383s] Level 1:colcon.colcon_core.environment:checking '/home/jmw/ROS2/AVATAR/Dynamixel/install/dynamixel_sdk/lib/pkgconfig/dynamixel_sdk.pc'
[0.383s] Level 1:colcon.colcon_core.environment:checking '/home/jmw/ROS2/AVATAR/Dynamixel/install/dynamixel_sdk/lib/python3.10/site-packages'
[0.383s] Level 1:colcon.colcon_core.environment:checking '/home/jmw/ROS2/AVATAR/Dynamixel/install/dynamixel_sdk/bin'
[0.384s] INFO:colcon.colcon_core.shell:Creating package script '/home/jmw/ROS2/AVATAR/Dynamixel/install/dynamixel_sdk/share/dynamixel_sdk/package.ps1'
[0.384s] INFO:colcon.colcon_core.shell:Creating package descriptor '/home/jmw/ROS2/AVATAR/Dynamixel/install/dynamixel_sdk/share/dynamixel_sdk/package.dsv'
[0.385s] INFO:colcon.colcon_core.shell:Creating package script '/home/jmw/ROS2/AVATAR/Dynamixel/install/dynamixel_sdk/share/dynamixel_sdk/package.sh'
[0.385s] INFO:colcon.colcon_core.shell:Creating package script '/home/jmw/ROS2/AVATAR/Dynamixel/install/dynamixel_sdk/share/dynamixel_sdk/package.bash'
[0.386s] INFO:colcon.colcon_core.shell:Creating package script '/home/jmw/ROS2/AVATAR/Dynamixel/install/dynamixel_sdk/share/dynamixel_sdk/package.zsh'
[0.386s] Level 1:colcon.colcon_core.environment:create_file_with_runtime_dependencies(/home/jmw/ROS2/AVATAR/Dynamixel/install/dynamixel_sdk/share/colcon-core/packages/dynamixel_sdk)
[0.387s] Level 1:colcon.colcon_core.environment:create_environment_scripts_only(dynamixel_sdk)
[0.387s] Level 1:colcon.colcon_core.environment:checking '/home/jmw/ROS2/AVATAR/Dynamixel/install/dynamixel_sdk' for CMake module files
[0.387s] Level 1:colcon.colcon_core.environment:checking '/home/jmw/ROS2/AVATAR/Dynamixel/install/dynamixel_sdk' for CMake config files
[0.388s] Level 1:colcon.colcon_core.shell:create_environment_hook('dynamixel_sdk', 'cmake_prefix_path')
[0.388s] INFO:colcon.colcon_core.shell:Creating environment hook '/home/jmw/ROS2/AVATAR/Dynamixel/install/dynamixel_sdk/share/dynamixel_sdk/hook/cmake_prefix_path.ps1'
[0.388s] INFO:colcon.colcon_core.shell:Creating environment descriptor '/home/jmw/ROS2/AVATAR/Dynamixel/install/dynamixel_sdk/share/dynamixel_sdk/hook/cmake_prefix_path.dsv'
[0.388s] INFO:colcon.colcon_core.shell:Creating environment hook '/home/jmw/ROS2/AVATAR/Dynamixel/install/dynamixel_sdk/share/dynamixel_sdk/hook/cmake_prefix_path.sh'
[0.389s] Level 1:colcon.colcon_core.environment:checking '/home/jmw/ROS2/AVATAR/Dynamixel/install/dynamixel_sdk/lib'
[0.389s] Level 1:colcon.colcon_core.shell:create_environment_hook('dynamixel_sdk', 'ld_library_path_lib')
[0.389s] INFO:colcon.colcon_core.shell:Creating environment hook '/home/jmw/ROS2/AVATAR/Dynamixel/install/dynamixel_sdk/share/dynamixel_sdk/hook/ld_library_path_lib.ps1'
[0.389s] INFO:colcon.colcon_core.shell:Creating environment descriptor '/home/jmw/ROS2/AVATAR/Dynamixel/install/dynamixel_sdk/share/dynamixel_sdk/hook/ld_library_path_lib.dsv'
[0.390s] INFO:colcon.colcon_core.shell:Creating environment hook '/home/jmw/ROS2/AVATAR/Dynamixel/install/dynamixel_sdk/share/dynamixel_sdk/hook/ld_library_path_lib.sh'
[0.390s] Level 1:colcon.colcon_core.environment:checking '/home/jmw/ROS2/AVATAR/Dynamixel/install/dynamixel_sdk/bin'
[0.390s] Level 1:colcon.colcon_core.environment:checking '/home/jmw/ROS2/AVATAR/Dynamixel/install/dynamixel_sdk/lib/pkgconfig/dynamixel_sdk.pc'
[0.390s] Level 1:colcon.colcon_core.environment:checking '/home/jmw/ROS2/AVATAR/Dynamixel/install/dynamixel_sdk/lib/python3.10/site-packages'
[0.390s] Level 1:colcon.colcon_core.environment:checking '/home/jmw/ROS2/AVATAR/Dynamixel/install/dynamixel_sdk/bin'
[0.391s] INFO:colcon.colcon_core.shell:Creating package script '/home/jmw/ROS2/AVATAR/Dynamixel/install/dynamixel_sdk/share/dynamixel_sdk/package.ps1'
[0.391s] INFO:colcon.colcon_core.shell:Creating package descriptor '/home/jmw/ROS2/AVATAR/Dynamixel/install/dynamixel_sdk/share/dynamixel_sdk/package.dsv'
[0.391s] INFO:colcon.colcon_core.shell:Creating package script '/home/jmw/ROS2/AVATAR/Dynamixel/install/dynamixel_sdk/share/dynamixel_sdk/package.sh'
[0.392s] INFO:colcon.colcon_core.shell:Creating package script '/home/jmw/ROS2/AVATAR/Dynamixel/install/dynamixel_sdk/share/dynamixel_sdk/package.bash'
[0.392s] INFO:colcon.colcon_core.shell:Creating package script '/home/jmw/ROS2/AVATAR/Dynamixel/install/dynamixel_sdk/share/dynamixel_sdk/package.zsh'
[0.392s] Level 1:colcon.colcon_core.environment:create_file_with_runtime_dependencies(/home/jmw/ROS2/AVATAR/Dynamixel/install/dynamixel_sdk/share/colcon-core/packages/dynamixel_sdk)
[0.393s] INFO:colcon.colcon_ros.task.ament_cmake.build:Building ROS package in '/home/jmw/ROS2/AVATAR/Dynamixel/dynamixel_control' with build type 'ament_cmake'
[0.393s] INFO:colcon.colcon_cmake.task.cmake.build:Building CMake package in '/home/jmw/ROS2/AVATAR/Dynamixel/dynamixel_control'
[0.393s] INFO:colcon.colcon_core.shell:Skip shell extension 'powershell' for command environment: Not usable outside of PowerShell
[0.393s] DEBUG:colcon.colcon_core.shell:Skip shell extension 'dsv' for command environment
[0.399s] DEBUG:colcon.colcon_core.event_handler.log_command:Invoking command in '/home/jmw/ROS2/AVATAR/Dynamixel/build/dynamixel_control': CMAKE_PREFIX_PATH=${CMAKE_PREFIX_PATH}:/opt/ros/humble /usr/bin/cmake /home/jmw/ROS2/AVATAR/Dynamixel/dynamixel_control -DAMENT_CMAKE_SYMLINK_INSTALL=1 -DCMAKE_INSTALL_PREFIX=/home/jmw/ROS2/AVATAR/Dynamixel/install/dynamixel_control
[1.612s] DEBUG:colcon.colcon_core.event_handler.log_command:Invoked command in '/home/jmw/ROS2/AVATAR/Dynamixel/build/dynamixel_control' returned '0': CMAKE_PREFIX_PATH=${CMAKE_PREFIX_PATH}:/opt/ros/humble /usr/bin/cmake /home/jmw/ROS2/AVATAR/Dynamixel/dynamixel_control -DAMENT_CMAKE_SYMLINK_INSTALL=1 -DCMAKE_INSTALL_PREFIX=/home/jmw/ROS2/AVATAR/Dynamixel/install/dynamixel_control
[1.614s] DEBUG:colcon.colcon_core.event_handler.log_command:Invoking command in '/home/jmw/ROS2/AVATAR/Dynamixel/build/dynamixel_control': CMAKE_PREFIX_PATH=${CMAKE_PREFIX_PATH}:/opt/ros/humble /usr/bin/cmake --build /home/jmw/ROS2/AVATAR/Dynamixel/build/dynamixel_control -- -j12 -l12
[11.563s] DEBUG:colcon.colcon_core.event_handler.log_command:Invoked command in '/home/jmw/ROS2/AVATAR/Dynamixel/build/dynamixel_control' returned '0': CMAKE_PREFIX_PATH=${CMAKE_PREFIX_PATH}:/opt/ros/humble /usr/bin/cmake --build /home/jmw/ROS2/AVATAR/Dynamixel/build/dynamixel_control -- -j12 -l12
[11.564s] DEBUG:colcon.colcon_core.event_handler.log_command:Invoking command in '/home/jmw/ROS2/AVATAR/Dynamixel/build/dynamixel_control': CMAKE_PREFIX_PATH=${CMAKE_PREFIX_PATH}:/opt/ros/humble /usr/bin/cmake --install /home/jmw/ROS2/AVATAR/Dynamixel/build/dynamixel_control
[11.853s] Level 1:colcon.colcon_core.environment:create_environment_scripts_only(dynamixel_control)
[11.854s] Level 1:colcon.colcon_core.environment:checking '/home/jmw/ROS2/AVATAR/Dynamixel/install/dynamixel_control' for CMake module files
[11.854s] DEBUG:colcon.colcon_core.event_handler.log_command:Invoked command in '/home/jmw/ROS2/AVATAR/Dynamixel/build/dynamixel_control' returned '0': CMAKE_PREFIX_PATH=${CMAKE_PREFIX_PATH}:/opt/ros/humble /usr/bin/cmake --install /home/jmw/ROS2/AVATAR/Dynamixel/build/dynamixel_control
[11.854s] Level 1:colcon.colcon_core.environment:checking '/home/jmw/ROS2/AVATAR/Dynamixel/install/dynamixel_control' for CMake config files
[11.854s] Level 1:colcon.colcon_core.shell:create_environment_hook('dynamixel_control', 'cmake_prefix_path')
[11.855s] INFO:colcon.colcon_core.shell:Creating environment hook '/home/jmw/ROS2/AVATAR/Dynamixel/install/dynamixel_control/share/dynamixel_control/hook/cmake_prefix_path.ps1'
[11.855s] INFO:colcon.colcon_core.shell:Creating environment descriptor '/home/jmw/ROS2/AVATAR/Dynamixel/install/dynamixel_control/share/dynamixel_control/hook/cmake_prefix_path.dsv'
[11.855s] INFO:colcon.colcon_core.shell:Creating environment hook '/home/jmw/ROS2/AVATAR/Dynamixel/install/dynamixel_control/share/dynamixel_control/hook/cmake_prefix_path.sh'
[11.856s] Level 1:colcon.colcon_core.environment:checking '/home/jmw/ROS2/AVATAR/Dynamixel/install/dynamixel_control/lib'
[11.856s] Level 1:colcon.colcon_core.environment:checking '/home/jmw/ROS2/AVATAR/Dynamixel/install/dynamixel_control/bin'
[11.856s] Level 1:colcon.colcon_core.environment:checking '/home/jmw/ROS2/AVATAR/Dynamixel/install/dynamixel_control/lib/pkgconfig/dynamixel_control.pc'
[11.856s] Level 1:colcon.colcon_core.environment:checking '/home/jmw/ROS2/AVATAR/Dynamixel/install/dynamixel_control/lib/python3.10/site-packages'
[11.856s] Level 1:colcon.colcon_core.environment:checking '/home/jmw/ROS2/AVATAR/Dynamixel/install/dynamixel_control/bin'
[11.856s] INFO:colcon.colcon_core.shell:Creating package script '/home/jmw/ROS2/AVATAR/Dynamixel/install/dynamixel_control/share/dynamixel_control/package.ps1'
[11.857s] INFO:colcon.colcon_core.shell:Creating package descriptor '/home/jmw/ROS2/AVATAR/Dynamixel/install/dynamixel_control/share/dynamixel_control/package.dsv'
[11.857s] INFO:colcon.colcon_core.shell:Creating package script '/home/jmw/ROS2/AVATAR/Dynamixel/install/dynamixel_control/share/dynamixel_control/package.sh'
[11.857s] INFO:colcon.colcon_core.shell:Creating package script '/home/jmw/ROS2/AVATAR/Dynamixel/install/dynamixel_control/share/dynamixel_control/package.bash'
[11.858s] INFO:colcon.colcon_core.shell:Creating package script '/home/jmw/ROS2/AVATAR/Dynamixel/install/dynamixel_control/share/dynamixel_control/package.zsh'
[11.858s] Level 1:colcon.colcon_core.environment:create_file_with_runtime_dependencies(/home/jmw/ROS2/AVATAR/Dynamixel/install/dynamixel_control/share/colcon-core/packages/dynamixel_control)
[11.858s] Level 1:colcon.colcon_core.environment:create_environment_scripts_only(dynamixel_control)
[11.859s] Level 1:colcon.colcon_core.environment:checking '/home/jmw/ROS2/AVATAR/Dynamixel/install/dynamixel_control' for CMake module files
[11.859s] Level 1:colcon.colcon_core.environment:checking '/home/jmw/ROS2/AVATAR/Dynamixel/install/dynamixel_control' for CMake config files
[11.859s] Level 1:colcon.colcon_core.shell:create_environment_hook('dynamixel_control', 'cmake_prefix_path')
[11.859s] INFO:colcon.colcon_core.shell:Creating environment hook '/home/jmw/ROS2/AVATAR/Dynamixel/install/dynamixel_control/share/dynamixel_control/hook/cmake_prefix_path.ps1'
[11.860s] INFO:colcon.colcon_core.shell:Creating environment descriptor '/home/jmw/ROS2/AVATAR/Dynamixel/install/dynamixel_control/share/dynamixel_control/hook/cmake_prefix_path.dsv'
[11.860s] INFO:colcon.colcon_core.shell:Creating environment hook '/home/jmw/ROS2/AVATAR/Dynamixel/install/dynamixel_control/share/dynamixel_control/hook/cmake_prefix_path.sh'
[11.860s] Level 1:colcon.colcon_core.environment:checking '/home/jmw/ROS2/AVATAR/Dynamixel/install/dynamixel_control/lib'
[11.860s] Level 1:colcon.colcon_core.environment:checking '/home/jmw/ROS2/AVATAR/Dynamixel/install/dynamixel_control/bin'
[11.860s] Level 1:colcon.colcon_core.environment:checking '/home/jmw/ROS2/AVATAR/Dynamixel/install/dynamixel_control/lib/pkgconfig/dynamixel_control.pc'
[11.861s] Level 1:colcon.colcon_core.environment:checking '/home/jmw/ROS2/AVATAR/Dynamixel/install/dynamixel_control/lib/python3.10/site-packages'
[11.861s] Level 1:colcon.colcon_core.environment:checking '/home/jmw/ROS2/AVATAR/Dynamixel/install/dynamixel_control/bin'
[11.861s] INFO:colcon.colcon_core.shell:Creating package script '/home/jmw/ROS2/AVATAR/Dynamixel/install/dynamixel_control/share/dynamixel_control/package.ps1'
[11.861s] INFO:colcon.colcon_core.shell:Creating package descriptor '/home/jmw/ROS2/AVATAR/Dynamixel/install/dynamixel_control/share/dynamixel_control/package.dsv'
[11.862s] INFO:colcon.colcon_core.shell:Creating package script '/home/jmw/ROS2/AVATAR/Dynamixel/install/dynamixel_control/share/dynamixel_control/package.sh'
[11.862s] INFO:colcon.colcon_core.shell:Creating package script '/home/jmw/ROS2/AVATAR/Dynamixel/install/dynamixel_control/share/dynamixel_control/package.bash'
[11.863s] INFO:colcon.colcon_core.shell:Creating package script '/home/jmw/ROS2/AVATAR/Dynamixel/install/dynamixel_control/share/dynamixel_control/package.zsh'
[11.863s] Level 1:colcon.colcon_core.environment:create_file_with_runtime_dependencies(/home/jmw/ROS2/AVATAR/Dynamixel/install/dynamixel_control/share/colcon-core/packages/dynamixel_control)
[11.863s] DEBUG:colcon.colcon_parallel_executor.executor.parallel:closing loop
[11.863s] DEBUG:colcon.colcon_parallel_executor.executor.parallel:loop closed
[11.864s] DEBUG:colcon.colcon_parallel_executor.executor.parallel:run_until_complete finished with '0'
[11.864s] DEBUG:colcon.colcon_core.event_reactor:joining thread
[11.869s] INFO:colcon.colcon_core.plugin_system:Skipping extension 'colcon_notification.desktop_notification.terminal_notifier': Not used on non-Darwin systems
[11.869s] INFO:colcon.colcon_core.plugin_system:Skipping extension 'colcon_notification.desktop_notification.win32': Not used on non-Windows systems
[11.869s] INFO:colcon.colcon_notification.desktop_notification:Sending desktop notification using 'notify2'
[11.877s] DEBUG:colcon.colcon_core.event_reactor:joined thread
[11.877s] INFO:colcon.colcon_core.shell:Creating prefix script '/home/jmw/ROS2/AVATAR/Dynamixel/install/local_setup.ps1'
[11.878s] INFO:colcon.colcon_core.shell:Creating prefix util module '/home/jmw/ROS2/AVATAR/Dynamixel/install/_local_setup_util_ps1.py'
[11.879s] INFO:colcon.colcon_core.shell:Creating prefix chain script '/home/jmw/ROS2/AVATAR/Dynamixel/install/setup.ps1'
[11.880s] INFO:colcon.colcon_core.shell:Creating prefix script '/home/jmw/ROS2/AVATAR/Dynamixel/install/local_setup.sh'
[11.881s] INFO:colcon.colcon_core.shell:Creating prefix util module '/home/jmw/ROS2/AVATAR/Dynamixel/install/_local_setup_util_sh.py'
[11.881s] INFO:colcon.colcon_core.shell:Creating prefix chain script '/home/jmw/ROS2/AVATAR/Dynamixel/install/setup.sh'
[11.882s] INFO:colcon.colcon_core.shell:Creating prefix script '/home/jmw/ROS2/AVATAR/Dynamixel/install/local_setup.bash'
[11.882s] INFO:colcon.colcon_core.shell:Creating prefix chain script '/home/jmw/ROS2/AVATAR/Dynamixel/install/setup.bash'
[11.883s] INFO:colcon.colcon_core.shell:Creating prefix script '/home/jmw/ROS2/AVATAR/Dynamixel/install/local_setup.zsh'
[11.883s] INFO:colcon.colcon_core.shell:Creating prefix chain script '/home/jmw/ROS2/AVATAR/Dynamixel/install/setup.zsh'
