[0.080s] DEBUG:colcon:Command line arguments: ['/usr/bin/colcon', 'build', '--symlink-install']
[0.081s] DEBUG:colcon:Parsed command line arguments: Namespace(log_base=None, log_level=None, verb_name='build', build_base='build', install_base='install', merge_install=False, symlink_install=True, test_result_base=None, continue_on_error=False, executor='parallel', parallel_workers=12, event_handlers=None, ignore_user_meta=False, metas=['./colcon.meta'], base_paths=['.'], packages_ignore=None, packages_ignore_regex=None, paths=None, packages_up_to=None, packages_up_to_regex=None, packages_above=None, packages_above_and_dependencies=None, packages_above_depth=None, packages_select_by_dep=None, packages_skip_by_dep=None, packages_skip_up_to=None, packages_select_build_failed=False, packages_skip_build_finished=False, packages_select_test_failures=False, packages_skip_test_passed=False, packages_select=None, packages_skip=None, packages_select_regex=None, packages_skip_regex=None, packages_start=None, packages_end=None, allow_overriding=[], cmake_args=None, cmake_target=None, cmake_target_skip_unavailable=False, cmake_clean_cache=False, cmake_clean_first=False, cmake_force_configure=False, ament_cmake_args=None, catkin_cmake_args=None, catkin_skip_building_tests=False, mixin_files=None, mixin=None, verb_parser=<colcon_mixin.mixin.mixin_argument.MixinArgumentDecorator object at 0x71bee3c45f00>, verb_extension=<colcon_core.verb.build.BuildVerb object at 0x71bee3c45960>, main=<bound method BuildVerb.main of <colcon_core.verb.build.BuildVerb object at 0x71bee3c45960>>, mixin_verb=('build',))
[0.204s] Level 1:colcon.colcon_core.package_discovery:discover_packages(colcon_meta) check parameters
[0.204s] Level 1:colcon.colcon_core.package_discovery:discover_packages(recursive) check parameters
[0.204s] Level 1:colcon.colcon_core.package_discovery:discover_packages(ignore) check parameters
[0.204s] Level 1:colcon.colcon_core.package_discovery:discover_packages(path) check parameters
[0.204s] Level 1:colcon.colcon_core.package_discovery:discover_packages(colcon_meta) discover
[0.204s] Level 1:colcon.colcon_core.package_discovery:discover_packages(recursive) discover
[0.204s] INFO:colcon.colcon_core.package_discovery:Crawling recursively for packages in '/home/jmw/ROS2/AVATAR/Dynamixel'
[0.204s] Level 1:colcon.colcon_core.package_identification:_identify(.) by extensions ['ignore', 'ignore_ament_install']
[0.204s] Level 1:colcon.colcon_core.package_identification:_identify(.) by extension 'ignore'
[0.204s] Level 1:colcon.colcon_core.package_identification:_identify(.) by extension 'ignore_ament_install'
[0.204s] Level 1:colcon.colcon_core.package_identification:_identify(.) by extensions ['colcon_pkg']
[0.204s] Level 1:colcon.colcon_core.package_identification:_identify(.) by extension 'colcon_pkg'
[0.204s] Level 1:colcon.colcon_core.package_identification:_identify(.) by extensions ['colcon_meta']
[0.204s] Level 1:colcon.colcon_core.package_identification:_identify(.) by extension 'colcon_meta'
[0.204s] Level 1:colcon.colcon_core.package_identification:_identify(.) by extensions ['ros']
[0.204s] Level 1:colcon.colcon_core.package_identification:_identify(.) by extension 'ros'
[0.212s] Level 1:colcon.colcon_core.package_identification:_identify(.) by extensions ['cmake', 'python']
[0.213s] Level 1:colcon.colcon_core.package_identification:_identify(.) by extension 'cmake'
[0.213s] Level 1:colcon.colcon_core.package_identification:_identify(.) by extension 'python'
[0.213s] Level 1:colcon.colcon_core.package_identification:_identify(.) by extensions ['python_setup_py']
[0.213s] Level 1:colcon.colcon_core.package_identification:_identify(.) by extension 'python_setup_py'
[0.213s] Level 1:colcon.colcon_core.package_identification:_identify(build) by extensions ['ignore', 'ignore_ament_install']
[0.213s] Level 1:colcon.colcon_core.package_identification:_identify(build) by extension 'ignore'
[0.213s] Level 1:colcon.colcon_core.package_identification:_identify(build) ignored
[0.213s] Level 1:colcon.colcon_core.package_identification:_identify(dynamixel_control) by extensions ['ignore', 'ignore_ament_install']
[0.213s] Level 1:colcon.colcon_core.package_identification:_identify(dynamixel_control) by extension 'ignore'
[0.213s] Level 1:colcon.colcon_core.package_identification:_identify(dynamixel_control) by extension 'ignore_ament_install'
[0.213s] Level 1:colcon.colcon_core.package_identification:_identify(dynamixel_control) by extensions ['colcon_pkg']
[0.213s] Level 1:colcon.colcon_core.package_identification:_identify(dynamixel_control) by extension 'colcon_pkg'
[0.213s] Level 1:colcon.colcon_core.package_identification:_identify(dynamixel_control) by extensions ['colcon_meta']
[0.213s] Level 1:colcon.colcon_core.package_identification:_identify(dynamixel_control) by extension 'colcon_meta'
[0.213s] Level 1:colcon.colcon_core.package_identification:_identify(dynamixel_control) by extensions ['ros']
[0.213s] Level 1:colcon.colcon_core.package_identification:_identify(dynamixel_control) by extension 'ros'
[0.215s] DEBUG:colcon.colcon_core.package_identification:Package 'dynamixel_control' with type 'ros.ament_cmake' and name 'dynamixel_control'
[0.215s] Level 1:colcon.colcon_core.package_identification:_identify(dynamixel_sdk) by extensions ['ignore', 'ignore_ament_install']
[0.215s] Level 1:colcon.colcon_core.package_identification:_identify(dynamixel_sdk) by extension 'ignore'
[0.216s] Level 1:colcon.colcon_core.package_identification:_identify(dynamixel_sdk) by extension 'ignore_ament_install'
[0.216s] Level 1:colcon.colcon_core.package_identification:_identify(dynamixel_sdk) by extensions ['colcon_pkg']
[0.216s] Level 1:colcon.colcon_core.package_identification:_identify(dynamixel_sdk) by extension 'colcon_pkg'
[0.216s] Level 1:colcon.colcon_core.package_identification:_identify(dynamixel_sdk) by extensions ['colcon_meta']
[0.216s] Level 1:colcon.colcon_core.package_identification:_identify(dynamixel_sdk) by extension 'colcon_meta'
[0.216s] Level 1:colcon.colcon_core.package_identification:_identify(dynamixel_sdk) by extensions ['ros']
[0.216s] Level 1:colcon.colcon_core.package_identification:_identify(dynamixel_sdk) by extension 'ros'
[0.216s] DEBUG:colcon.colcon_core.package_identification:Package 'dynamixel_sdk' with type 'ros.ament_cmake' and name 'dynamixel_sdk'
[0.216s] Level 1:colcon.colcon_core.package_identification:_identify(install) by extensions ['ignore', 'ignore_ament_install']
[0.216s] Level 1:colcon.colcon_core.package_identification:_identify(install) by extension 'ignore'
[0.216s] Level 1:colcon.colcon_core.package_identification:_identify(install) ignored
[0.216s] Level 1:colcon.colcon_core.package_identification:_identify(log) by extensions ['ignore', 'ignore_ament_install']
[0.217s] Level 1:colcon.colcon_core.package_identification:_identify(log) by extension 'ignore'
[0.217s] Level 1:colcon.colcon_core.package_identification:_identify(log) ignored
[0.217s] Level 1:colcon.colcon_core.package_discovery:discover_packages(recursive) using defaults
[0.217s] Level 1:colcon.colcon_core.package_discovery:discover_packages(ignore) discover
[0.217s] Level 1:colcon.colcon_core.package_discovery:discover_packages(ignore) using defaults
[0.217s] Level 1:colcon.colcon_core.package_discovery:discover_packages(path) discover
[0.217s] Level 1:colcon.colcon_core.package_discovery:discover_packages(path) using defaults
[0.232s] Level 1:colcon.colcon_core.package_discovery:discover_packages(prefix_path) check parameters
[0.232s] Level 1:colcon.colcon_core.package_discovery:discover_packages(prefix_path) discover
[0.233s] DEBUG:colcon.colcon_installed_package_information.package_discovery:Found 270 installed packages in /opt/ros/humble
[0.240s] Level 1:colcon.colcon_core.package_discovery:discover_packages(prefix_path) using defaults
[0.267s] Level 5:colcon.colcon_core.verb:set package 'dynamixel_sdk' build argument 'cmake_args' from command line to 'None'
[0.267s] Level 5:colcon.colcon_core.verb:set package 'dynamixel_sdk' build argument 'cmake_target' from command line to 'None'
[0.267s] Level 5:colcon.colcon_core.verb:set package 'dynamixel_sdk' build argument 'cmake_target_skip_unavailable' from command line to 'False'
[0.267s] Level 5:colcon.colcon_core.verb:set package 'dynamixel_sdk' build argument 'cmake_clean_cache' from command line to 'False'
[0.267s] Level 5:colcon.colcon_core.verb:set package 'dynamixel_sdk' build argument 'cmake_clean_first' from command line to 'False'
[0.267s] Level 5:colcon.colcon_core.verb:set package 'dynamixel_sdk' build argument 'cmake_force_configure' from command line to 'False'
[0.267s] Level 5:colcon.colcon_core.verb:set package 'dynamixel_sdk' build argument 'ament_cmake_args' from command line to 'None'
[0.267s] Level 5:colcon.colcon_core.verb:set package 'dynamixel_sdk' build argument 'catkin_cmake_args' from command line to 'None'
[0.267s] Level 5:colcon.colcon_core.verb:set package 'dynamixel_sdk' build argument 'catkin_skip_building_tests' from command line to 'False'
[0.267s] DEBUG:colcon.colcon_core.verb:Building package 'dynamixel_sdk' with the following arguments: {'ament_cmake_args': None, 'build_base': '/home/jmw/ROS2/AVATAR/Dynamixel/build/dynamixel_sdk', 'catkin_cmake_args': None, 'catkin_skip_building_tests': False, 'cmake_args': None, 'cmake_clean_cache': False, 'cmake_clean_first': False, 'cmake_force_configure': False, 'cmake_target': None, 'cmake_target_skip_unavailable': False, 'install_base': '/home/jmw/ROS2/AVATAR/Dynamixel/install/dynamixel_sdk', 'merge_install': False, 'path': '/home/jmw/ROS2/AVATAR/Dynamixel/dynamixel_sdk', 'symlink_install': True, 'test_result_base': None}
[0.267s] Level 5:colcon.colcon_core.verb:set package 'dynamixel_control' build argument 'cmake_args' from command line to 'None'
[0.267s] Level 5:colcon.colcon_core.verb:set package 'dynamixel_control' build argument 'cmake_target' from command line to 'None'
[0.267s] Level 5:colcon.colcon_core.verb:set package 'dynamixel_control' build argument 'cmake_target_skip_unavailable' from command line to 'False'
[0.267s] Level 5:colcon.colcon_core.verb:set package 'dynamixel_control' build argument 'cmake_clean_cache' from command line to 'False'
[0.267s] Level 5:colcon.colcon_core.verb:set package 'dynamixel_control' build argument 'cmake_clean_first' from command line to 'False'
[0.267s] Level 5:colcon.colcon_core.verb:set package 'dynamixel_control' build argument 'cmake_force_configure' from command line to 'False'
[0.267s] Level 5:colcon.colcon_core.verb:set package 'dynamixel_control' build argument 'ament_cmake_args' from command line to 'None'
[0.267s] Level 5:colcon.colcon_core.verb:set package 'dynamixel_control' build argument 'catkin_cmake_args' from command line to 'None'
[0.267s] Level 5:colcon.colcon_core.verb:set package 'dynamixel_control' build argument 'catkin_skip_building_tests' from command line to 'False'
[0.267s] DEBUG:colcon.colcon_core.verb:Building package 'dynamixel_control' with the following arguments: {'ament_cmake_args': None, 'build_base': '/home/jmw/ROS2/AVATAR/Dynamixel/build/dynamixel_control', 'catkin_cmake_args': None, 'catkin_skip_building_tests': False, 'cmake_args': None, 'cmake_clean_cache': False, 'cmake_clean_first': False, 'cmake_force_configure': False, 'cmake_target': None, 'cmake_target_skip_unavailable': False, 'install_base': '/home/jmw/ROS2/AVATAR/Dynamixel/install/dynamixel_control', 'merge_install': False, 'path': '/home/jmw/ROS2/AVATAR/Dynamixel/dynamixel_control', 'symlink_install': True, 'test_result_base': None}
[0.267s] INFO:colcon.colcon_core.executor:Executing jobs using 'parallel' executor
[0.268s] DEBUG:colcon.colcon_parallel_executor.executor.parallel:run_until_complete
[0.268s] INFO:colcon.colcon_ros.task.ament_cmake.build:Building ROS package in '/home/jmw/ROS2/AVATAR/Dynamixel/dynamixel_sdk' with build type 'ament_cmake'
[0.268s] INFO:colcon.colcon_cmake.task.cmake.build:Building CMake package in '/home/jmw/ROS2/AVATAR/Dynamixel/dynamixel_sdk'
[0.270s] INFO:colcon.colcon_core.plugin_system:Skipping extension 'colcon_core.shell.bat': Not used on non-Windows systems
[0.270s] INFO:colcon.colcon_core.shell:Skip shell extension 'powershell' for command environment: Not usable outside of PowerShell
[0.270s] DEBUG:colcon.colcon_core.shell:Skip shell extension 'dsv' for command environment
[0.275s] DEBUG:colcon.colcon_core.event_handler.log_command:Invoking command in '/home/jmw/ROS2/AVATAR/Dynamixel/build/dynamixel_sdk': CMAKE_PREFIX_PATH=/opt/ros/humble /usr/bin/cmake /home/jmw/ROS2/AVATAR/Dynamixel/dynamixel_sdk -DAMENT_CMAKE_SYMLINK_INSTALL=1 -DCMAKE_INSTALL_PREFIX=/home/jmw/ROS2/AVATAR/Dynamixel/install/dynamixel_sdk
[0.682s] DEBUG:colcon.colcon_core.event_handler.log_command:Invoked command in '/home/jmw/ROS2/AVATAR/Dynamixel/build/dynamixel_sdk' returned '0': CMAKE_PREFIX_PATH=/opt/ros/humble /usr/bin/cmake /home/jmw/ROS2/AVATAR/Dynamixel/dynamixel_sdk -DAMENT_CMAKE_SYMLINK_INSTALL=1 -DCMAKE_INSTALL_PREFIX=/home/jmw/ROS2/AVATAR/Dynamixel/install/dynamixel_sdk
[0.683s] DEBUG:colcon.colcon_core.event_handler.log_command:Invoking command in '/home/jmw/ROS2/AVATAR/Dynamixel/build/dynamixel_sdk': CMAKE_PREFIX_PATH=/opt/ros/humble /usr/bin/cmake --build /home/jmw/ROS2/AVATAR/Dynamixel/build/dynamixel_sdk -- -j12 -l12
[1.161s] DEBUG:colcon.colcon_core.event_handler.log_command:Invoked command in '/home/jmw/ROS2/AVATAR/Dynamixel/build/dynamixel_sdk' returned '0': CMAKE_PREFIX_PATH=/opt/ros/humble /usr/bin/cmake --build /home/jmw/ROS2/AVATAR/Dynamixel/build/dynamixel_sdk -- -j12 -l12
[1.167s] DEBUG:colcon.colcon_core.event_handler.log_command:Invoking command in '/home/jmw/ROS2/AVATAR/Dynamixel/build/dynamixel_sdk': CMAKE_PREFIX_PATH=/opt/ros/humble /usr/bin/cmake --install /home/jmw/ROS2/AVATAR/Dynamixel/build/dynamixel_sdk
[1.339s] Level 1:colcon.colcon_core.environment:create_environment_scripts_only(dynamixel_sdk)
[1.340s] DEBUG:colcon.colcon_core.event_handler.log_command:Invoked command in '/home/jmw/ROS2/AVATAR/Dynamixel/build/dynamixel_sdk' returned '0': CMAKE_PREFIX_PATH=/opt/ros/humble /usr/bin/cmake --install /home/jmw/ROS2/AVATAR/Dynamixel/build/dynamixel_sdk
[1.341s] Level 1:colcon.colcon_core.environment:checking '/home/jmw/ROS2/AVATAR/Dynamixel/install/dynamixel_sdk' for CMake module files
[1.342s] Level 1:colcon.colcon_core.environment:checking '/home/jmw/ROS2/AVATAR/Dynamixel/install/dynamixel_sdk' for CMake config files
[1.342s] Level 1:colcon.colcon_core.shell:create_environment_hook('dynamixel_sdk', 'cmake_prefix_path')
[1.342s] INFO:colcon.colcon_core.shell:Creating environment hook '/home/jmw/ROS2/AVATAR/Dynamixel/install/dynamixel_sdk/share/dynamixel_sdk/hook/cmake_prefix_path.ps1'
[1.342s] INFO:colcon.colcon_core.shell:Creating environment descriptor '/home/jmw/ROS2/AVATAR/Dynamixel/install/dynamixel_sdk/share/dynamixel_sdk/hook/cmake_prefix_path.dsv'
[1.343s] INFO:colcon.colcon_core.shell:Creating environment hook '/home/jmw/ROS2/AVATAR/Dynamixel/install/dynamixel_sdk/share/dynamixel_sdk/hook/cmake_prefix_path.sh'
[1.343s] Level 1:colcon.colcon_core.environment:checking '/home/jmw/ROS2/AVATAR/Dynamixel/install/dynamixel_sdk/lib'
[1.344s] Level 1:colcon.colcon_core.shell:create_environment_hook('dynamixel_sdk', 'ld_library_path_lib')
[1.344s] INFO:colcon.colcon_core.shell:Creating environment hook '/home/jmw/ROS2/AVATAR/Dynamixel/install/dynamixel_sdk/share/dynamixel_sdk/hook/ld_library_path_lib.ps1'
[1.344s] INFO:colcon.colcon_core.shell:Creating environment descriptor '/home/jmw/ROS2/AVATAR/Dynamixel/install/dynamixel_sdk/share/dynamixel_sdk/hook/ld_library_path_lib.dsv'
[1.344s] INFO:colcon.colcon_core.shell:Creating environment hook '/home/jmw/ROS2/AVATAR/Dynamixel/install/dynamixel_sdk/share/dynamixel_sdk/hook/ld_library_path_lib.sh'
[1.345s] Level 1:colcon.colcon_core.environment:checking '/home/jmw/ROS2/AVATAR/Dynamixel/install/dynamixel_sdk/bin'
[1.345s] Level 1:colcon.colcon_core.environment:checking '/home/jmw/ROS2/AVATAR/Dynamixel/install/dynamixel_sdk/lib/pkgconfig/dynamixel_sdk.pc'
[1.345s] Level 1:colcon.colcon_core.environment:checking '/home/jmw/ROS2/AVATAR/Dynamixel/install/dynamixel_sdk/lib/python3.10/site-packages'
[1.345s] Level 1:colcon.colcon_core.environment:checking '/home/jmw/ROS2/AVATAR/Dynamixel/install/dynamixel_sdk/bin'
[1.345s] INFO:colcon.colcon_core.shell:Creating package script '/home/jmw/ROS2/AVATAR/Dynamixel/install/dynamixel_sdk/share/dynamixel_sdk/package.ps1'
[1.346s] INFO:colcon.colcon_core.shell:Creating package descriptor '/home/jmw/ROS2/AVATAR/Dynamixel/install/dynamixel_sdk/share/dynamixel_sdk/package.dsv'
[1.346s] INFO:colcon.colcon_core.shell:Creating package script '/home/jmw/ROS2/AVATAR/Dynamixel/install/dynamixel_sdk/share/dynamixel_sdk/package.sh'
[1.347s] INFO:colcon.colcon_core.shell:Creating package script '/home/jmw/ROS2/AVATAR/Dynamixel/install/dynamixel_sdk/share/dynamixel_sdk/package.bash'
[1.347s] INFO:colcon.colcon_core.shell:Creating package script '/home/jmw/ROS2/AVATAR/Dynamixel/install/dynamixel_sdk/share/dynamixel_sdk/package.zsh'
[1.348s] Level 1:colcon.colcon_core.environment:create_file_with_runtime_dependencies(/home/jmw/ROS2/AVATAR/Dynamixel/install/dynamixel_sdk/share/colcon-core/packages/dynamixel_sdk)
[1.348s] Level 1:colcon.colcon_core.environment:create_environment_scripts_only(dynamixel_sdk)
[1.348s] Level 1:colcon.colcon_core.environment:checking '/home/jmw/ROS2/AVATAR/Dynamixel/install/dynamixel_sdk' for CMake module files
[1.349s] Level 1:colcon.colcon_core.environment:checking '/home/jmw/ROS2/AVATAR/Dynamixel/install/dynamixel_sdk' for CMake config files
[1.349s] Level 1:colcon.colcon_core.shell:create_environment_hook('dynamixel_sdk', 'cmake_prefix_path')
[1.349s] INFO:colcon.colcon_core.shell:Creating environment hook '/home/jmw/ROS2/AVATAR/Dynamixel/install/dynamixel_sdk/share/dynamixel_sdk/hook/cmake_prefix_path.ps1'
[1.349s] INFO:colcon.colcon_core.shell:Creating environment descriptor '/home/jmw/ROS2/AVATAR/Dynamixel/install/dynamixel_sdk/share/dynamixel_sdk/hook/cmake_prefix_path.dsv'
[1.350s] INFO:colcon.colcon_core.shell:Creating environment hook '/home/jmw/ROS2/AVATAR/Dynamixel/install/dynamixel_sdk/share/dynamixel_sdk/hook/cmake_prefix_path.sh'
[1.350s] Level 1:colcon.colcon_core.environment:checking '/home/jmw/ROS2/AVATAR/Dynamixel/install/dynamixel_sdk/lib'
[1.350s] Level 1:colcon.colcon_core.shell:create_environment_hook('dynamixel_sdk', 'ld_library_path_lib')
[1.351s] INFO:colcon.colcon_core.shell:Creating environment hook '/home/jmw/ROS2/AVATAR/Dynamixel/install/dynamixel_sdk/share/dynamixel_sdk/hook/ld_library_path_lib.ps1'
[1.351s] INFO:colcon.colcon_core.shell:Creating environment descriptor '/home/jmw/ROS2/AVATAR/Dynamixel/install/dynamixel_sdk/share/dynamixel_sdk/hook/ld_library_path_lib.dsv'
[1.351s] INFO:colcon.colcon_core.shell:Creating environment hook '/home/jmw/ROS2/AVATAR/Dynamixel/install/dynamixel_sdk/share/dynamixel_sdk/hook/ld_library_path_lib.sh'
[1.351s] Level 1:colcon.colcon_core.environment:checking '/home/jmw/ROS2/AVATAR/Dynamixel/install/dynamixel_sdk/bin'
[1.351s] Level 1:colcon.colcon_core.environment:checking '/home/jmw/ROS2/AVATAR/Dynamixel/install/dynamixel_sdk/lib/pkgconfig/dynamixel_sdk.pc'
[1.352s] Level 1:colcon.colcon_core.environment:checking '/home/jmw/ROS2/AVATAR/Dynamixel/install/dynamixel_sdk/lib/python3.10/site-packages'
[1.352s] Level 1:colcon.colcon_core.environment:checking '/home/jmw/ROS2/AVATAR/Dynamixel/install/dynamixel_sdk/bin'
[1.352s] INFO:colcon.colcon_core.shell:Creating package script '/home/jmw/ROS2/AVATAR/Dynamixel/install/dynamixel_sdk/share/dynamixel_sdk/package.ps1'
[1.352s] INFO:colcon.colcon_core.shell:Creating package descriptor '/home/jmw/ROS2/AVATAR/Dynamixel/install/dynamixel_sdk/share/dynamixel_sdk/package.dsv'
[1.353s] INFO:colcon.colcon_core.shell:Creating package script '/home/jmw/ROS2/AVATAR/Dynamixel/install/dynamixel_sdk/share/dynamixel_sdk/package.sh'
[1.353s] INFO:colcon.colcon_core.shell:Creating package script '/home/jmw/ROS2/AVATAR/Dynamixel/install/dynamixel_sdk/share/dynamixel_sdk/package.bash'
[1.353s] INFO:colcon.colcon_core.shell:Creating package script '/home/jmw/ROS2/AVATAR/Dynamixel/install/dynamixel_sdk/share/dynamixel_sdk/package.zsh'
[1.354s] Level 1:colcon.colcon_core.environment:create_file_with_runtime_dependencies(/home/jmw/ROS2/AVATAR/Dynamixel/install/dynamixel_sdk/share/colcon-core/packages/dynamixel_sdk)
[1.354s] INFO:colcon.colcon_ros.task.ament_cmake.build:Building ROS package in '/home/jmw/ROS2/AVATAR/Dynamixel/dynamixel_control' with build type 'ament_cmake'
[1.354s] INFO:colcon.colcon_cmake.task.cmake.build:Building CMake package in '/home/jmw/ROS2/AVATAR/Dynamixel/dynamixel_control'
[1.354s] INFO:colcon.colcon_core.shell:Skip shell extension 'powershell' for command environment: Not usable outside of PowerShell
[1.354s] DEBUG:colcon.colcon_core.shell:Skip shell extension 'dsv' for command environment
[1.360s] DEBUG:colcon.colcon_core.event_handler.log_command:Invoking command in '/home/jmw/ROS2/AVATAR/Dynamixel/build/dynamixel_control': AMENT_PREFIX_PATH=/home/jmw/ROS2/AVATAR/Dynamixel/install/dynamixel_sdk:${AMENT_PREFIX_PATH} CMAKE_PREFIX_PATH=/home/jmw/ROS2/AVATAR/Dynamixel/install/dynamixel_sdk:/opt/ros/humble LD_LIBRARY_PATH=/home/jmw/ROS2/AVATAR/Dynamixel/install/dynamixel_sdk/lib:${LD_LIBRARY_PATH} /usr/bin/cmake /home/jmw/ROS2/AVATAR/Dynamixel/dynamixel_control -DAMENT_CMAKE_SYMLINK_INSTALL=1 -DCMAKE_INSTALL_PREFIX=/home/jmw/ROS2/AVATAR/Dynamixel/install/dynamixel_control
[2.160s] DEBUG:colcon.colcon_core.event_handler.log_command:Invoked command in '/home/jmw/ROS2/AVATAR/Dynamixel/build/dynamixel_control' returned '1': AMENT_PREFIX_PATH=/home/jmw/ROS2/AVATAR/Dynamixel/install/dynamixel_sdk:${AMENT_PREFIX_PATH} CMAKE_PREFIX_PATH=/home/jmw/ROS2/AVATAR/Dynamixel/install/dynamixel_sdk:/opt/ros/humble LD_LIBRARY_PATH=/home/jmw/ROS2/AVATAR/Dynamixel/install/dynamixel_sdk/lib:${LD_LIBRARY_PATH} /usr/bin/cmake /home/jmw/ROS2/AVATAR/Dynamixel/dynamixel_control -DAMENT_CMAKE_SYMLINK_INSTALL=1 -DCMAKE_INSTALL_PREFIX=/home/jmw/ROS2/AVATAR/Dynamixel/install/dynamixel_control
[2.167s] Level 1:colcon.colcon_core.environment:create_environment_scripts_only(dynamixel_control)
[2.168s] Level 1:colcon.colcon_core.environment:checking '/home/jmw/ROS2/AVATAR/Dynamixel/install/dynamixel_control' for CMake module files
[2.168s] Level 1:colcon.colcon_core.environment:checking '/home/jmw/ROS2/AVATAR/Dynamixel/install/dynamixel_control' for CMake config files
[2.168s] Level 1:colcon.colcon_core.environment:checking '/home/jmw/ROS2/AVATAR/Dynamixel/install/dynamixel_control/bin'
[2.168s] Level 1:colcon.colcon_core.environment:checking '/home/jmw/ROS2/AVATAR/Dynamixel/install/dynamixel_control/lib/pkgconfig/dynamixel_control.pc'
[2.168s] Level 1:colcon.colcon_core.environment:checking '/home/jmw/ROS2/AVATAR/Dynamixel/install/dynamixel_control/lib/python3.10/site-packages'
[2.168s] Level 1:colcon.colcon_core.environment:checking '/home/jmw/ROS2/AVATAR/Dynamixel/install/dynamixel_control/bin'
[2.168s] INFO:colcon.colcon_core.shell:Creating package script '/home/jmw/ROS2/AVATAR/Dynamixel/install/dynamixel_control/share/dynamixel_control/package.ps1'
[2.169s] INFO:colcon.colcon_core.shell:Creating package descriptor '/home/jmw/ROS2/AVATAR/Dynamixel/install/dynamixel_control/share/dynamixel_control/package.dsv'
[2.169s] INFO:colcon.colcon_core.shell:Creating package script '/home/jmw/ROS2/AVATAR/Dynamixel/install/dynamixel_control/share/dynamixel_control/package.sh'
[2.169s] INFO:colcon.colcon_core.shell:Creating package script '/home/jmw/ROS2/AVATAR/Dynamixel/install/dynamixel_control/share/dynamixel_control/package.bash'
[2.169s] INFO:colcon.colcon_core.shell:Creating package script '/home/jmw/ROS2/AVATAR/Dynamixel/install/dynamixel_control/share/dynamixel_control/package.zsh'
[2.170s] Level 1:colcon.colcon_core.environment:create_file_with_runtime_dependencies(/home/jmw/ROS2/AVATAR/Dynamixel/install/dynamixel_control/share/colcon-core/packages/dynamixel_control)
[2.180s] DEBUG:colcon.colcon_parallel_executor.executor.parallel:closing loop
[2.180s] DEBUG:colcon.colcon_parallel_executor.executor.parallel:loop closed
[2.180s] DEBUG:colcon.colcon_parallel_executor.executor.parallel:run_until_complete finished with '1'
[2.180s] DEBUG:colcon.colcon_core.event_reactor:joining thread
[2.184s] INFO:colcon.colcon_core.plugin_system:Skipping extension 'colcon_notification.desktop_notification.terminal_notifier': Not used on non-Darwin systems
[2.184s] INFO:colcon.colcon_core.plugin_system:Skipping extension 'colcon_notification.desktop_notification.win32': Not used on non-Windows systems
[2.184s] INFO:colcon.colcon_notification.desktop_notification:Sending desktop notification using 'notify2'
[2.196s] DEBUG:colcon.colcon_core.event_reactor:joined thread
[2.196s] INFO:colcon.colcon_core.shell:Creating prefix script '/home/jmw/ROS2/AVATAR/Dynamixel/install/local_setup.ps1'
[2.197s] INFO:colcon.colcon_core.shell:Creating prefix util module '/home/jmw/ROS2/AVATAR/Dynamixel/install/_local_setup_util_ps1.py'
[2.198s] INFO:colcon.colcon_core.shell:Creating prefix chain script '/home/jmw/ROS2/AVATAR/Dynamixel/install/setup.ps1'
[2.199s] INFO:colcon.colcon_core.shell:Creating prefix script '/home/jmw/ROS2/AVATAR/Dynamixel/install/local_setup.sh'
[2.199s] INFO:colcon.colcon_core.shell:Creating prefix util module '/home/jmw/ROS2/AVATAR/Dynamixel/install/_local_setup_util_sh.py'
[2.200s] INFO:colcon.colcon_core.shell:Creating prefix chain script '/home/jmw/ROS2/AVATAR/Dynamixel/install/setup.sh'
[2.200s] INFO:colcon.colcon_core.shell:Creating prefix script '/home/jmw/ROS2/AVATAR/Dynamixel/install/local_setup.bash'
[2.201s] INFO:colcon.colcon_core.shell:Creating prefix chain script '/home/jmw/ROS2/AVATAR/Dynamixel/install/setup.bash'
[2.201s] INFO:colcon.colcon_core.shell:Creating prefix script '/home/jmw/ROS2/AVATAR/Dynamixel/install/local_setup.zsh'
[2.202s] INFO:colcon.colcon_core.shell:Creating prefix chain script '/home/jmw/ROS2/AVATAR/Dynamixel/install/setup.zsh'
