[0.008s] Invoking command in '/home/minwoong/OneDrive/JMW/dynamixel_8DOF/Dynamixel/build/dynamixel_sdk': CMAKE_PREFIX_PATH=${CMAKE_PREFIX_PATH}:/opt/ros/humble /usr/bin/cmake --build /home/minwoong/OneDrive/JMW/dynamixel_8DOF/Dynamixel/build/dynamixel_sdk -- -j24 -l24
[0.054s] [ 10%] [32mBuilding CXX object CMakeFiles/dynamixel_sdk.dir/src/dynamixel_sdk/packet_handler.cpp.o[0m
[0.054s] [ 20%] [32mBuilding CXX object CMakeFiles/dynamixel_sdk.dir/src/dynamixel_sdk/protocol2_packet_handler.cpp.o[0m
[0.055s] [ 30%] [32mBuilding CXX object CMakeFiles/dynamixel_sdk.dir/src/dynamixel_sdk/protocol1_packet_handler.cpp.o[0m
[0.055s] [ 40%] [32mBuilding CXX object CMakeFiles/dynamixel_sdk.dir/src/dynamixel_sdk/group_sync_read.cpp.o[0m
[0.055s] [ 60%] [32mBuilding CXX object CMakeFiles/dynamixel_sdk.dir/src/dynamixel_sdk/group_sync_write.cpp.o[0m
[0.055s] [ 60%] [32mBuilding CXX object CMakeFiles/dynamixel_sdk.dir/src/dynamixel_sdk/group_bulk_read.cpp.o[0m
[0.055s] [ 70%] [32mBuilding CXX object CMakeFiles/dynamixel_sdk.dir/src/dynamixel_sdk/group_bulk_write.cpp.o[0m
[0.055s] [ 80%] [32mBuilding CXX object CMakeFiles/dynamixel_sdk.dir/src/dynamixel_sdk/port_handler.cpp.o[0m
[0.056s] [ 90%] [32mBuilding CXX object CMakeFiles/dynamixel_sdk.dir/src/dynamixel_sdk/port_handler_linux.cpp.o[0m
[0.290s] [100%] [32m[1mLinking CXX shared library libdynamixel_sdk.so[0m
[0.345s] [100%] Built target dynamixel_sdk
[0.354s] Invoked command in '/home/minwoong/OneDrive/JMW/dynamixel_8DOF/Dynamixel/build/dynamixel_sdk' returned '0': CMAKE_PREFIX_PATH=${CMAKE_PREFIX_PATH}:/opt/ros/humble /usr/bin/cmake --build /home/minwoong/OneDrive/JMW/dynamixel_8DOF/Dynamixel/build/dynamixel_sdk -- -j24 -l24
[0.360s] Invoking command in '/home/minwoong/OneDrive/JMW/dynamixel_8DOF/Dynamixel/build/dynamixel_sdk': CMAKE_PREFIX_PATH=${CMAKE_PREFIX_PATH}:/opt/ros/humble /usr/bin/cmake --install /home/minwoong/OneDrive/JMW/dynamixel_8DOF/Dynamixel/build/dynamixel_sdk
[0.366s] -- Install configuration: ""
[0.370s] -- Execute custom install script
[0.370s] -- Up-to-date symlink: /home/minwoong/OneDrive/JMW/dynamixel_8DOF/Dynamixel/install/dynamixel_sdk/include//dynamixel_sdk/dynamixel_sdk.h
[0.370s] -- Up-to-date symlink: /home/minwoong/OneDrive/JMW/dynamixel_8DOF/Dynamixel/install/dynamixel_sdk/include//dynamixel_sdk/group_bulk_read.h
[0.370s] -- Up-to-date symlink: /home/minwoong/OneDrive/JMW/dynamixel_8DOF/Dynamixel/install/dynamixel_sdk/include//dynamixel_sdk/group_bulk_write.h
[0.370s] -- Up-to-date symlink: /home/minwoong/OneDrive/JMW/dynamixel_8DOF/Dynamixel/install/dynamixel_sdk/include//dynamixel_sdk/group_sync_read.h
[0.371s] -- Up-to-date symlink: /home/minwoong/OneDrive/JMW/dynamixel_8DOF/Dynamixel/install/dynamixel_sdk/include//dynamixel_sdk/group_sync_write.h
[0.371s] -- Up-to-date symlink: /home/minwoong/OneDrive/JMW/dynamixel_8DOF/Dynamixel/install/dynamixel_sdk/include//dynamixel_sdk/packet_handler.h
[0.371s] -- Up-to-date symlink: /home/minwoong/OneDrive/JMW/dynamixel_8DOF/Dynamixel/install/dynamixel_sdk/include//dynamixel_sdk/port_handler.h
[0.371s] -- Up-to-date symlink: /home/minwoong/OneDrive/JMW/dynamixel_8DOF/Dynamixel/install/dynamixel_sdk/include//dynamixel_sdk/port_handler_arduino.h
[0.371s] -- Up-to-date symlink: /home/minwoong/OneDrive/JMW/dynamixel_8DOF/Dynamixel/install/dynamixel_sdk/include//dynamixel_sdk/port_handler_linux.h
[0.371s] -- Up-to-date symlink: /home/minwoong/OneDrive/JMW/dynamixel_8DOF/Dynamixel/install/dynamixel_sdk/include//dynamixel_sdk/port_handler_mac.h
[0.371s] -- Up-to-date symlink: /home/minwoong/OneDrive/JMW/dynamixel_8DOF/Dynamixel/install/dynamixel_sdk/include//dynamixel_sdk/port_handler_windows.h
[0.371s] -- Up-to-date symlink: /home/minwoong/OneDrive/JMW/dynamixel_8DOF/Dynamixel/install/dynamixel_sdk/include//dynamixel_sdk/protocol1_packet_handler.h
[0.371s] -- Up-to-date symlink: /home/minwoong/OneDrive/JMW/dynamixel_8DOF/Dynamixel/install/dynamixel_sdk/include//dynamixel_sdk/protocol2_packet_handler.h
[0.371s] -- Up-to-date symlink: /home/minwoong/OneDrive/JMW/dynamixel_8DOF/Dynamixel/install/dynamixel_sdk/lib/libdynamixel_sdk.so
[0.372s] -- Up-to-date symlink: /home/minwoong/OneDrive/JMW/dynamixel_8DOF/Dynamixel/install/dynamixel_sdk/share/dynamixel_sdk/environment/library_path.sh
[0.372s] -- Up-to-date symlink: /home/minwoong/OneDrive/JMW/dynamixel_8DOF/Dynamixel/install/dynamixel_sdk/share/dynamixel_sdk/environment/library_path.dsv
[0.372s] -- Up-to-date symlink: /home/minwoong/OneDrive/JMW/dynamixel_8DOF/Dynamixel/install/dynamixel_sdk/share/ament_index/resource_index/package_run_dependencies/dynamixel_sdk
[0.372s] -- Up-to-date symlink: /home/minwoong/OneDrive/JMW/dynamixel_8DOF/Dynamixel/install/dynamixel_sdk/share/ament_index/resource_index/parent_prefix_path/dynamixel_sdk
[0.372s] -- Up-to-date symlink: /home/minwoong/OneDrive/JMW/dynamixel_8DOF/Dynamixel/install/dynamixel_sdk/share/dynamixel_sdk/environment/ament_prefix_path.sh
[0.372s] -- Up-to-date symlink: /home/minwoong/OneDrive/JMW/dynamixel_8DOF/Dynamixel/install/dynamixel_sdk/share/dynamixel_sdk/environment/ament_prefix_path.dsv
[0.372s] -- Up-to-date symlink: /home/minwoong/OneDrive/JMW/dynamixel_8DOF/Dynamixel/install/dynamixel_sdk/share/dynamixel_sdk/environment/path.sh
[0.372s] -- Up-to-date symlink: /home/minwoong/OneDrive/JMW/dynamixel_8DOF/Dynamixel/install/dynamixel_sdk/share/dynamixel_sdk/environment/path.dsv
[0.372s] -- Up-to-date symlink: /home/minwoong/OneDrive/JMW/dynamixel_8DOF/Dynamixel/install/dynamixel_sdk/share/dynamixel_sdk/local_setup.bash
[0.372s] -- Up-to-date symlink: /home/minwoong/OneDrive/JMW/dynamixel_8DOF/Dynamixel/install/dynamixel_sdk/share/dynamixel_sdk/local_setup.sh
[0.373s] -- Up-to-date symlink: /home/minwoong/OneDrive/JMW/dynamixel_8DOF/Dynamixel/install/dynamixel_sdk/share/dynamixel_sdk/local_setup.zsh
[0.373s] -- Up-to-date symlink: /home/minwoong/OneDrive/JMW/dynamixel_8DOF/Dynamixel/install/dynamixel_sdk/share/dynamixel_sdk/local_setup.dsv
[0.373s] -- Symlinking: /home/minwoong/OneDrive/JMW/dynamixel_8DOF/Dynamixel/install/dynamixel_sdk/share/dynamixel_sdk/package.dsv
[0.379s] -- Up-to-date symlink: /home/minwoong/OneDrive/JMW/dynamixel_8DOF/Dynamixel/install/dynamixel_sdk/share/ament_index/resource_index/packages/dynamixel_sdk
[0.379s] -- Up-to-date symlink: /home/minwoong/OneDrive/JMW/dynamixel_8DOF/Dynamixel/install/dynamixel_sdk/share/dynamixel_sdk/cmake/ament_cmake_export_include_directories-extras.cmake
[0.379s] -- Up-to-date symlink: /home/minwoong/OneDrive/JMW/dynamixel_8DOF/Dynamixel/install/dynamixel_sdk/share/dynamixel_sdk/cmake/ament_cmake_export_libraries-extras.cmake
[0.379s] -- Up-to-date symlink: /home/minwoong/OneDrive/JMW/dynamixel_8DOF/Dynamixel/install/dynamixel_sdk/share/dynamixel_sdk/cmake/dynamixel_sdkConfig.cmake
[0.380s] -- Up-to-date symlink: /home/minwoong/OneDrive/JMW/dynamixel_8DOF/Dynamixel/install/dynamixel_sdk/share/dynamixel_sdk/cmake/dynamixel_sdkConfig-version.cmake
[0.380s] -- Up-to-date symlink: /home/minwoong/OneDrive/JMW/dynamixel_8DOF/Dynamixel/install/dynamixel_sdk/share/dynamixel_sdk/package.xml
[0.381s] Invoked command in '/home/minwoong/OneDrive/JMW/dynamixel_8DOF/Dynamixel/build/dynamixel_sdk' returned '0': CMAKE_PREFIX_PATH=${CMAKE_PREFIX_PATH}:/opt/ros/humble /usr/bin/cmake --install /home/minwoong/OneDrive/JMW/dynamixel_8DOF/Dynamixel/build/dynamixel_sdk
